In file included from [01m[K/home/lucasjko/sdfr_ws/src/ball_detection/src/image_processing.cpp:1[m[K:
[01m[K/home/lucasjko/sdfr_ws/src/ball_detection/src/../include/ball_detection/image_processing.hpp:13:29:[m[K [01;35m[Kwarning: [m[Kuse of ‘[01m[Kauto[m[K’ in parameter declaration only available with ‘[01m[K-std=c++20[m[K’ or ‘[01m[K-fconcepts[m[K’
   13 |         void getBinaryImage([01;35m[Kauto[m[K &img, int &width, int &height); // check pointer
      |                             [01;35m[K^~~~[m[K
[01m[K/home/lucasjko/sdfr_ws/src/ball_detection/src/image_processing.cpp:77:38:[m[K [01;35m[Kwarning: [m[Kuse of ‘[01m[Kauto[m[K’ in parameter declaration only available with ‘[01m[K-std=c++20[m[K’ or ‘[01m[K-fconcepts[m[K’
   77 | void ImageProcessing::getBinaryImage([01;35m[Kauto[m[K &img, int &width, int &height){
      |                                      [01;35m[K^~~~[m[K
[01m[K/home/lucasjko/sdfr_ws/src/ball_detection/src/image_processing.cpp:[m[K In member function ‘[01m[Kvoid ImageProcessing::getBinaryImage(auto:2&, int&, int&)[m[K’:
[01m[K/home/lucasjko/sdfr_ws/src/ball_detection/src/image_processing.cpp:82:24:[m[K [01;31m[Kerror: [m[Kno matching function for call to ‘[01m[KImageProcessing::isGreen(std::array<int, 3>&)[m[K’
   82 |             if ([01;31m[KisGreen(hsvPixel)[m[K){
      |                 [01;31m[K~~~~~~~^~~~~~~~~~[m[K
[01m[K/home/lucasjko/sdfr_ws/src/ball_detection/src/image_processing.cpp:68:6:[m[K [01;36m[Knote: [m[Kcandidate: ‘[01m[Kbool ImageProcessing::isGreen(std::array<int, 3>&, std::array<int, 3>&, std::array<int, 3>&)[m[K’
   68 | bool [01;36m[KImageProcessing[m[K::isGreen(std::array<int, 3> &pixel, std::array<int, 3> &greenMin, std::array<int, 3> &greenMax){
      |      [01;36m[K^~~~~~~~~~~~~~~[m[K
[01m[K/home/lucasjko/sdfr_ws/src/ball_detection/src/image_processing.cpp:68:6:[m[K [01;36m[Knote: [m[K  candidate expects 3 arguments, 1 provided
gmake[2]: *** [CMakeFiles/find_ball_exe.dir/build.make:90: CMakeFiles/find_ball_exe.dir/src/image_processing.cpp.o] Error 1
gmake[2]: *** Waiting for unfinished jobs....
In file included from [01m[K/home/lucasjko/sdfr_ws/src/ball_detection/src/find_ball.cpp:2[m[K:
[01m[K/home/lucasjko/sdfr_ws/src/ball_detection/include/ball_detection/image_processing.hpp:13:29:[m[K [01;35m[Kwarning: [m[Kuse of ‘[01m[Kauto[m[K’ in parameter declaration only available with ‘[01m[K-std=c++20[m[K’ or ‘[01m[K-fconcepts[m[K’
   13 |         void getBinaryImage([01;35m[Kauto[m[K &img, int &width, int &height); // check pointer
      |                             [01;35m[K^~~~[m[K
gmake[1]: *** [CMakeFiles/Makefile2:137: CMakeFiles/find_ball_exe.dir/all] Error 2
gmake: *** [Makefile:146: all] Error 2
