[0.110s] DEBUG:colcon:Command line arguments: ['/usr/bin/colcon', 'build']
[0.110s] DEBUG:colcon:Parsed command line arguments: Namespace(log_base=None, log_level=None, verb_name='build', build_base='build', install_base='install', merge_install=False, symlink_install=False, test_result_base=None, continue_on_error=False, executor='parallel', parallel_workers=8, event_handlers=None, ignore_user_meta=False, metas=['./colcon.meta'], base_paths=['.'], packages_ignore=None, packages_ignore_regex=None, paths=None, packages_up_to=None, packages_up_to_regex=None, packages_above=None, packages_above_and_dependencies=None, packages_above_depth=None, packages_select_by_dep=None, packages_skip_by_dep=None, packages_skip_up_to=None, packages_select_build_failed=False, packages_skip_build_finished=False, packages_select_test_failures=False, packages_skip_test_passed=False, packages_select=None, packages_skip=None, packages_select_regex=None, packages_skip_regex=None, packages_start=None, packages_end=None, allow_overriding=[], cmake_args=None, cmake_target=None, cmake_target_skip_unavailable=False, cmake_clean_cache=False, cmake_clean_first=False, cmake_force_configure=False, ament_cmake_args=None, catkin_cmake_args=None, catkin_skip_building_tests=False, verb_parser=<colcon_defaults.argument_parser.defaults.DefaultArgumentsDecorator object at 0x789143480610>, verb_extension=<colcon_core.verb.build.BuildVerb object at 0x789143480130>, main=<bound method BuildVerb.main of <colcon_core.verb.build.BuildVerb object at 0x789143480130>>)
[0.260s] Level 1:colcon.colcon_core.package_discovery:discover_packages(colcon_meta) check parameters
[0.260s] Level 1:colcon.colcon_core.package_discovery:discover_packages(recursive) check parameters
[0.260s] Level 1:colcon.colcon_core.package_discovery:discover_packages(ignore) check parameters
[0.260s] Level 1:colcon.colcon_core.package_discovery:discover_packages(path) check parameters
[0.260s] Level 1:colcon.colcon_core.package_discovery:discover_packages(colcon_meta) discover
[0.260s] Level 1:colcon.colcon_core.package_discovery:discover_packages(recursive) discover
[0.260s] INFO:colcon.colcon_core.package_discovery:Crawling recursively for packages in '/home/lucasjko/sdfr_ws'
[0.260s] Level 1:colcon.colcon_core.package_identification:_identify(.) by extensions ['ignore', 'ignore_ament_install']
[0.261s] Level 1:colcon.colcon_core.package_identification:_identify(.) by extension 'ignore'
[0.261s] Level 1:colcon.colcon_core.package_identification:_identify(.) by extension 'ignore_ament_install'
[0.261s] Level 1:colcon.colcon_core.package_identification:_identify(.) by extensions ['colcon_pkg']
[0.261s] Level 1:colcon.colcon_core.package_identification:_identify(.) by extension 'colcon_pkg'
[0.261s] Level 1:colcon.colcon_core.package_identification:_identify(.) by extensions ['colcon_meta']
[0.261s] Level 1:colcon.colcon_core.package_identification:_identify(.) by extension 'colcon_meta'
[0.261s] Level 1:colcon.colcon_core.package_identification:_identify(.) by extensions ['ros']
[0.261s] Level 1:colcon.colcon_core.package_identification:_identify(.) by extension 'ros'
[0.278s] Level 1:colcon.colcon_core.package_identification:_identify(.) by extensions ['cmake', 'python']
[0.278s] Level 1:colcon.colcon_core.package_identification:_identify(.) by extension 'cmake'
[0.278s] Level 1:colcon.colcon_core.package_identification:_identify(.) by extension 'python'
[0.279s] Level 1:colcon.colcon_core.package_identification:_identify(.) by extensions ['python_setup_py']
[0.279s] Level 1:colcon.colcon_core.package_identification:_identify(.) by extension 'python_setup_py'
[0.279s] Level 1:colcon.colcon_core.package_identification:_identify(build) by extensions ['ignore', 'ignore_ament_install']
[0.279s] Level 1:colcon.colcon_core.package_identification:_identify(build) by extension 'ignore'
[0.279s] Level 1:colcon.colcon_core.package_identification:_identify(build) ignored
[0.279s] Level 1:colcon.colcon_core.package_identification:_identify(install) by extensions ['ignore', 'ignore_ament_install']
[0.279s] Level 1:colcon.colcon_core.package_identification:_identify(install) by extension 'ignore'
[0.280s] Level 1:colcon.colcon_core.package_identification:_identify(install) ignored
[0.280s] Level 1:colcon.colcon_core.package_identification:_identify(log) by extensions ['ignore', 'ignore_ament_install']
[0.280s] Level 1:colcon.colcon_core.package_identification:_identify(log) by extension 'ignore'
[0.280s] Level 1:colcon.colcon_core.package_identification:_identify(log) ignored
[0.280s] Level 1:colcon.colcon_core.package_identification:_identify(src) by extensions ['ignore', 'ignore_ament_install']
[0.280s] Level 1:colcon.colcon_core.package_identification:_identify(src) by extension 'ignore'
[0.280s] Level 1:colcon.colcon_core.package_identification:_identify(src) by extension 'ignore_ament_install'
[0.280s] Level 1:colcon.colcon_core.package_identification:_identify(src) by extensions ['colcon_pkg']
[0.281s] Level 1:colcon.colcon_core.package_identification:_identify(src) by extension 'colcon_pkg'
[0.281s] Level 1:colcon.colcon_core.package_identification:_identify(src) by extensions ['colcon_meta']
[0.281s] Level 1:colcon.colcon_core.package_identification:_identify(src) by extension 'colcon_meta'
[0.281s] Level 1:colcon.colcon_core.package_identification:_identify(src) by extensions ['ros']
[0.281s] Level 1:colcon.colcon_core.package_identification:_identify(src) by extension 'ros'
[0.281s] Level 1:colcon.colcon_core.package_identification:_identify(src) by extensions ['cmake', 'python']
[0.281s] Level 1:colcon.colcon_core.package_identification:_identify(src) by extension 'cmake'
[0.281s] Level 1:colcon.colcon_core.package_identification:_identify(src) by extension 'python'
[0.281s] Level 1:colcon.colcon_core.package_identification:_identify(src) by extensions ['python_setup_py']
[0.281s] Level 1:colcon.colcon_core.package_identification:_identify(src) by extension 'python_setup_py'
[0.281s] Level 1:colcon.colcon_core.package_identification:_identify(src/ball_detection) by extensions ['ignore', 'ignore_ament_install']
[0.281s] Level 1:colcon.colcon_core.package_identification:_identify(src/ball_detection) by extension 'ignore'
[0.282s] Level 1:colcon.colcon_core.package_identification:_identify(src/ball_detection) by extension 'ignore_ament_install'
[0.282s] Level 1:colcon.colcon_core.package_identification:_identify(src/ball_detection) by extensions ['colcon_pkg']
[0.282s] Level 1:colcon.colcon_core.package_identification:_identify(src/ball_detection) by extension 'colcon_pkg'
[0.282s] Level 1:colcon.colcon_core.package_identification:_identify(src/ball_detection) by extensions ['colcon_meta']
[0.282s] Level 1:colcon.colcon_core.package_identification:_identify(src/ball_detection) by extension 'colcon_meta'
[0.282s] Level 1:colcon.colcon_core.package_identification:_identify(src/ball_detection) by extensions ['ros']
[0.282s] Level 1:colcon.colcon_core.package_identification:_identify(src/ball_detection) by extension 'ros'
[0.284s] DEBUG:colcon.colcon_core.package_identification:Package 'src/ball_detection' with type 'ros.ament_cmake' and name 'ball_detection'
[0.285s] Level 1:colcon.colcon_core.package_identification:_identify(src/image_functions_sdfr) by extensions ['ignore', 'ignore_ament_install']
[0.285s] Level 1:colcon.colcon_core.package_identification:_identify(src/image_functions_sdfr) by extension 'ignore'
[0.285s] Level 1:colcon.colcon_core.package_identification:_identify(src/image_functions_sdfr) by extension 'ignore_ament_install'
[0.285s] Level 1:colcon.colcon_core.package_identification:_identify(src/image_functions_sdfr) by extensions ['colcon_pkg']
[0.285s] Level 1:colcon.colcon_core.package_identification:_identify(src/image_functions_sdfr) by extension 'colcon_pkg'
[0.285s] Level 1:colcon.colcon_core.package_identification:_identify(src/image_functions_sdfr) by extensions ['colcon_meta']
[0.285s] Level 1:colcon.colcon_core.package_identification:_identify(src/image_functions_sdfr) by extension 'colcon_meta'
[0.285s] Level 1:colcon.colcon_core.package_identification:_identify(src/image_functions_sdfr) by extensions ['ros']
[0.285s] Level 1:colcon.colcon_core.package_identification:_identify(src/image_functions_sdfr) by extension 'ros'
[0.286s] DEBUG:colcon.colcon_core.package_identification:Package 'src/image_functions_sdfr' with type 'ros.ament_cmake' and name 'image_functions_sdfr'
[0.286s] Level 1:colcon.colcon_core.package_identification:_identify(src/motion_controller) by extensions ['ignore', 'ignore_ament_install']
[0.286s] Level 1:colcon.colcon_core.package_identification:_identify(src/motion_controller) by extension 'ignore'
[0.286s] Level 1:colcon.colcon_core.package_identification:_identify(src/motion_controller) by extension 'ignore_ament_install'
[0.286s] Level 1:colcon.colcon_core.package_identification:_identify(src/motion_controller) by extensions ['colcon_pkg']
[0.286s] Level 1:colcon.colcon_core.package_identification:_identify(src/motion_controller) by extension 'colcon_pkg'
[0.287s] Level 1:colcon.colcon_core.package_identification:_identify(src/motion_controller) by extensions ['colcon_meta']
[0.287s] Level 1:colcon.colcon_core.package_identification:_identify(src/motion_controller) by extension 'colcon_meta'
[0.287s] Level 1:colcon.colcon_core.package_identification:_identify(src/motion_controller) by extensions ['ros']
[0.287s] Level 1:colcon.colcon_core.package_identification:_identify(src/motion_controller) by extension 'ros'
[0.287s] DEBUG:colcon.colcon_core.package_identification:Package 'src/motion_controller' with type 'ros.ament_cmake' and name 'motion_controller'
[0.288s] Level 1:colcon.colcon_core.package_identification:_identify(src/relbot_simulator) by extensions ['ignore', 'ignore_ament_install']
[0.288s] Level 1:colcon.colcon_core.package_identification:_identify(src/relbot_simulator) by extension 'ignore'
[0.288s] Level 1:colcon.colcon_core.package_identification:_identify(src/relbot_simulator) by extension 'ignore_ament_install'
[0.288s] Level 1:colcon.colcon_core.package_identification:_identify(src/relbot_simulator) by extensions ['colcon_pkg']
[0.288s] Level 1:colcon.colcon_core.package_identification:_identify(src/relbot_simulator) by extension 'colcon_pkg'
[0.288s] Level 1:colcon.colcon_core.package_identification:_identify(src/relbot_simulator) by extensions ['colcon_meta']
[0.288s] Level 1:colcon.colcon_core.package_identification:_identify(src/relbot_simulator) by extension 'colcon_meta'
[0.288s] Level 1:colcon.colcon_core.package_identification:_identify(src/relbot_simulator) by extensions ['ros']
[0.288s] Level 1:colcon.colcon_core.package_identification:_identify(src/relbot_simulator) by extension 'ros'
[0.289s] DEBUG:colcon.colcon_core.package_identification:Package 'src/relbot_simulator' with type 'ros.ament_cmake' and name 'relbot_simulator'
[0.289s] Level 1:colcon.colcon_core.package_identification:_identify(src/robot_image_messages) by extensions ['ignore', 'ignore_ament_install']
[0.289s] Level 1:colcon.colcon_core.package_identification:_identify(src/robot_image_messages) by extension 'ignore'
[0.289s] Level 1:colcon.colcon_core.package_identification:_identify(src/robot_image_messages) by extension 'ignore_ament_install'
[0.289s] Level 1:colcon.colcon_core.package_identification:_identify(src/robot_image_messages) by extensions ['colcon_pkg']
[0.289s] Level 1:colcon.colcon_core.package_identification:_identify(src/robot_image_messages) by extension 'colcon_pkg'
[0.289s] Level 1:colcon.colcon_core.package_identification:_identify(src/robot_image_messages) by extensions ['colcon_meta']
[0.289s] Level 1:colcon.colcon_core.package_identification:_identify(src/robot_image_messages) by extension 'colcon_meta'
[0.290s] Level 1:colcon.colcon_core.package_identification:_identify(src/robot_image_messages) by extensions ['ros']
[0.290s] Level 1:colcon.colcon_core.package_identification:_identify(src/robot_image_messages) by extension 'ros'
[0.290s] DEBUG:colcon.colcon_core.package_identification:Package 'src/robot_image_messages' with type 'ros.ament_cmake' and name 'robot_image_messages'
[0.290s] Level 1:colcon.colcon_core.package_identification:_identify(src/ros2_introduction) by extensions ['ignore', 'ignore_ament_install']
[0.291s] Level 1:colcon.colcon_core.package_identification:_identify(src/ros2_introduction) by extension 'ignore'
[0.291s] Level 1:colcon.colcon_core.package_identification:_identify(src/ros2_introduction) by extension 'ignore_ament_install'
[0.291s] Level 1:colcon.colcon_core.package_identification:_identify(src/ros2_introduction) by extensions ['colcon_pkg']
[0.291s] Level 1:colcon.colcon_core.package_identification:_identify(src/ros2_introduction) by extension 'colcon_pkg'
[0.291s] Level 1:colcon.colcon_core.package_identification:_identify(src/ros2_introduction) by extensions ['colcon_meta']
[0.291s] Level 1:colcon.colcon_core.package_identification:_identify(src/ros2_introduction) by extension 'colcon_meta'
[0.291s] Level 1:colcon.colcon_core.package_identification:_identify(src/ros2_introduction) by extensions ['ros']
[0.291s] Level 1:colcon.colcon_core.package_identification:_identify(src/ros2_introduction) by extension 'ros'
[0.292s] DEBUG:colcon.colcon_core.package_identification:Package 'src/ros2_introduction' with type 'ros.ament_cmake' and name 'ros2_introduction'
[0.292s] Level 1:colcon.colcon_core.package_discovery:discover_packages(recursive) using defaults
[0.292s] Level 1:colcon.colcon_core.package_discovery:discover_packages(ignore) discover
[0.292s] Level 1:colcon.colcon_core.package_discovery:discover_packages(ignore) using defaults
[0.292s] Level 1:colcon.colcon_core.package_discovery:discover_packages(path) discover
[0.292s] Level 1:colcon.colcon_core.package_discovery:discover_packages(path) using defaults
[0.309s] Level 1:colcon.colcon_core.package_discovery:discover_packages(prefix_path) check parameters
[0.309s] Level 1:colcon.colcon_core.package_discovery:discover_packages(prefix_path) discover
[0.311s] DEBUG:colcon.colcon_installed_package_information.package_discovery:Found 6 installed packages in /home/lucasjko/sdfr_ws/install
[0.312s] DEBUG:colcon.colcon_installed_package_information.package_discovery:Found 288 installed packages in /opt/ros/humble
[0.314s] Level 1:colcon.colcon_core.package_discovery:discover_packages(prefix_path) using defaults
[0.349s] Level 5:colcon.colcon_core.verb:set package 'image_functions_sdfr' build argument 'cmake_args' from command line to 'None'
[0.349s] Level 5:colcon.colcon_core.verb:set package 'image_functions_sdfr' build argument 'cmake_target' from command line to 'None'
[0.349s] Level 5:colcon.colcon_core.verb:set package 'image_functions_sdfr' build argument 'cmake_target_skip_unavailable' from command line to 'False'
[0.349s] Level 5:colcon.colcon_core.verb:set package 'image_functions_sdfr' build argument 'cmake_clean_cache' from command line to 'False'
[0.349s] Level 5:colcon.colcon_core.verb:set package 'image_functions_sdfr' build argument 'cmake_clean_first' from command line to 'False'
[0.349s] Level 5:colcon.colcon_core.verb:set package 'image_functions_sdfr' build argument 'cmake_force_configure' from command line to 'False'
[0.349s] Level 5:colcon.colcon_core.verb:set package 'image_functions_sdfr' build argument 'ament_cmake_args' from command line to 'None'
[0.349s] Level 5:colcon.colcon_core.verb:set package 'image_functions_sdfr' build argument 'catkin_cmake_args' from command line to 'None'
[0.349s] Level 5:colcon.colcon_core.verb:set package 'image_functions_sdfr' build argument 'catkin_skip_building_tests' from command line to 'False'
[0.349s] DEBUG:colcon.colcon_core.verb:Building package 'image_functions_sdfr' with the following arguments: {'ament_cmake_args': None, 'build_base': '/home/lucasjko/sdfr_ws/build/image_functions_sdfr', 'catkin_cmake_args': None, 'catkin_skip_building_tests': False, 'cmake_args': None, 'cmake_clean_cache': False, 'cmake_clean_first': False, 'cmake_force_configure': False, 'cmake_target': None, 'cmake_target_skip_unavailable': False, 'install_base': '/home/lucasjko/sdfr_ws/install/image_functions_sdfr', 'merge_install': False, 'path': '/home/lucasjko/sdfr_ws/src/image_functions_sdfr', 'symlink_install': False, 'test_result_base': None}
[0.350s] Level 5:colcon.colcon_core.verb:set package 'relbot_simulator' build argument 'cmake_args' from command line to 'None'
[0.350s] Level 5:colcon.colcon_core.verb:set package 'relbot_simulator' build argument 'cmake_target' from command line to 'None'
[0.350s] Level 5:colcon.colcon_core.verb:set package 'relbot_simulator' build argument 'cmake_target_skip_unavailable' from command line to 'False'
[0.350s] Level 5:colcon.colcon_core.verb:set package 'relbot_simulator' build argument 'cmake_clean_cache' from command line to 'False'
[0.350s] Level 5:colcon.colcon_core.verb:set package 'relbot_simulator' build argument 'cmake_clean_first' from command line to 'False'
[0.350s] Level 5:colcon.colcon_core.verb:set package 'relbot_simulator' build argument 'cmake_force_configure' from command line to 'False'
[0.350s] Level 5:colcon.colcon_core.verb:set package 'relbot_simulator' build argument 'ament_cmake_args' from command line to 'None'
[0.350s] Level 5:colcon.colcon_core.verb:set package 'relbot_simulator' build argument 'catkin_cmake_args' from command line to 'None'
[0.350s] Level 5:colcon.colcon_core.verb:set package 'relbot_simulator' build argument 'catkin_skip_building_tests' from command line to 'False'
[0.350s] DEBUG:colcon.colcon_core.verb:Building package 'relbot_simulator' with the following arguments: {'ament_cmake_args': None, 'build_base': '/home/lucasjko/sdfr_ws/build/relbot_simulator', 'catkin_cmake_args': None, 'catkin_skip_building_tests': False, 'cmake_args': None, 'cmake_clean_cache': False, 'cmake_clean_first': False, 'cmake_force_configure': False, 'cmake_target': None, 'cmake_target_skip_unavailable': False, 'install_base': '/home/lucasjko/sdfr_ws/install/relbot_simulator', 'merge_install': False, 'path': '/home/lucasjko/sdfr_ws/src/relbot_simulator', 'symlink_install': False, 'test_result_base': None}
[0.351s] Level 5:colcon.colcon_core.verb:set package 'robot_image_messages' build argument 'cmake_args' from command line to 'None'
[0.351s] Level 5:colcon.colcon_core.verb:set package 'robot_image_messages' build argument 'cmake_target' from command line to 'None'
[0.351s] Level 5:colcon.colcon_core.verb:set package 'robot_image_messages' build argument 'cmake_target_skip_unavailable' from command line to 'False'
[0.351s] Level 5:colcon.colcon_core.verb:set package 'robot_image_messages' build argument 'cmake_clean_cache' from command line to 'False'
[0.351s] Level 5:colcon.colcon_core.verb:set package 'robot_image_messages' build argument 'cmake_clean_first' from command line to 'False'
[0.351s] Level 5:colcon.colcon_core.verb:set package 'robot_image_messages' build argument 'cmake_force_configure' from command line to 'False'
[0.351s] Level 5:colcon.colcon_core.verb:set package 'robot_image_messages' build argument 'ament_cmake_args' from command line to 'None'
[0.351s] Level 5:colcon.colcon_core.verb:set package 'robot_image_messages' build argument 'catkin_cmake_args' from command line to 'None'
[0.351s] Level 5:colcon.colcon_core.verb:set package 'robot_image_messages' build argument 'catkin_skip_building_tests' from command line to 'False'
[0.351s] DEBUG:colcon.colcon_core.verb:Building package 'robot_image_messages' with the following arguments: {'ament_cmake_args': None, 'build_base': '/home/lucasjko/sdfr_ws/build/robot_image_messages', 'catkin_cmake_args': None, 'catkin_skip_building_tests': False, 'cmake_args': None, 'cmake_clean_cache': False, 'cmake_clean_first': False, 'cmake_force_configure': False, 'cmake_target': None, 'cmake_target_skip_unavailable': False, 'install_base': '/home/lucasjko/sdfr_ws/install/robot_image_messages', 'merge_install': False, 'path': '/home/lucasjko/sdfr_ws/src/robot_image_messages', 'symlink_install': False, 'test_result_base': None}
[0.351s] Level 5:colcon.colcon_core.verb:set package 'ball_detection' build argument 'cmake_args' from command line to 'None'
[0.351s] Level 5:colcon.colcon_core.verb:set package 'ball_detection' build argument 'cmake_target' from command line to 'None'
[0.351s] Level 5:colcon.colcon_core.verb:set package 'ball_detection' build argument 'cmake_target_skip_unavailable' from command line to 'False'
[0.351s] Level 5:colcon.colcon_core.verb:set package 'ball_detection' build argument 'cmake_clean_cache' from command line to 'False'
[0.352s] Level 5:colcon.colcon_core.verb:set package 'ball_detection' build argument 'cmake_clean_first' from command line to 'False'
[0.352s] Level 5:colcon.colcon_core.verb:set package 'ball_detection' build argument 'cmake_force_configure' from command line to 'False'
[0.352s] Level 5:colcon.colcon_core.verb:set package 'ball_detection' build argument 'ament_cmake_args' from command line to 'None'
[0.352s] Level 5:colcon.colcon_core.verb:set package 'ball_detection' build argument 'catkin_cmake_args' from command line to 'None'
[0.352s] Level 5:colcon.colcon_core.verb:set package 'ball_detection' build argument 'catkin_skip_building_tests' from command line to 'False'
[0.352s] DEBUG:colcon.colcon_core.verb:Building package 'ball_detection' with the following arguments: {'ament_cmake_args': None, 'build_base': '/home/lucasjko/sdfr_ws/build/ball_detection', 'catkin_cmake_args': None, 'catkin_skip_building_tests': False, 'cmake_args': None, 'cmake_clean_cache': False, 'cmake_clean_first': False, 'cmake_force_configure': False, 'cmake_target': None, 'cmake_target_skip_unavailable': False, 'install_base': '/home/lucasjko/sdfr_ws/install/ball_detection', 'merge_install': False, 'path': '/home/lucasjko/sdfr_ws/src/ball_detection', 'symlink_install': False, 'test_result_base': None}
[0.352s] Level 5:colcon.colcon_core.verb:set package 'motion_controller' build argument 'cmake_args' from command line to 'None'
[0.352s] Level 5:colcon.colcon_core.verb:set package 'motion_controller' build argument 'cmake_target' from command line to 'None'
[0.352s] Level 5:colcon.colcon_core.verb:set package 'motion_controller' build argument 'cmake_target_skip_unavailable' from command line to 'False'
[0.352s] Level 5:colcon.colcon_core.verb:set package 'motion_controller' build argument 'cmake_clean_cache' from command line to 'False'
[0.352s] Level 5:colcon.colcon_core.verb:set package 'motion_controller' build argument 'cmake_clean_first' from command line to 'False'
[0.352s] Level 5:colcon.colcon_core.verb:set package 'motion_controller' build argument 'cmake_force_configure' from command line to 'False'
[0.352s] Level 5:colcon.colcon_core.verb:set package 'motion_controller' build argument 'ament_cmake_args' from command line to 'None'
[0.352s] Level 5:colcon.colcon_core.verb:set package 'motion_controller' build argument 'catkin_cmake_args' from command line to 'None'
[0.352s] Level 5:colcon.colcon_core.verb:set package 'motion_controller' build argument 'catkin_skip_building_tests' from command line to 'False'
[0.352s] DEBUG:colcon.colcon_core.verb:Building package 'motion_controller' with the following arguments: {'ament_cmake_args': None, 'build_base': '/home/lucasjko/sdfr_ws/build/motion_controller', 'catkin_cmake_args': None, 'catkin_skip_building_tests': False, 'cmake_args': None, 'cmake_clean_cache': False, 'cmake_clean_first': False, 'cmake_force_configure': False, 'cmake_target': None, 'cmake_target_skip_unavailable': False, 'install_base': '/home/lucasjko/sdfr_ws/install/motion_controller', 'merge_install': False, 'path': '/home/lucasjko/sdfr_ws/src/motion_controller', 'symlink_install': False, 'test_result_base': None}
[0.353s] Level 5:colcon.colcon_core.verb:set package 'ros2_introduction' build argument 'cmake_args' from command line to 'None'
[0.353s] Level 5:colcon.colcon_core.verb:set package 'ros2_introduction' build argument 'cmake_target' from command line to 'None'
[0.353s] Level 5:colcon.colcon_core.verb:set package 'ros2_introduction' build argument 'cmake_target_skip_unavailable' from command line to 'False'
[0.353s] Level 5:colcon.colcon_core.verb:set package 'ros2_introduction' build argument 'cmake_clean_cache' from command line to 'False'
[0.353s] Level 5:colcon.colcon_core.verb:set package 'ros2_introduction' build argument 'cmake_clean_first' from command line to 'False'
[0.353s] Level 5:colcon.colcon_core.verb:set package 'ros2_introduction' build argument 'cmake_force_configure' from command line to 'False'
[0.353s] Level 5:colcon.colcon_core.verb:set package 'ros2_introduction' build argument 'ament_cmake_args' from command line to 'None'
[0.353s] Level 5:colcon.colcon_core.verb:set package 'ros2_introduction' build argument 'catkin_cmake_args' from command line to 'None'
[0.353s] Level 5:colcon.colcon_core.verb:set package 'ros2_introduction' build argument 'catkin_skip_building_tests' from command line to 'False'
[0.353s] DEBUG:colcon.colcon_core.verb:Building package 'ros2_introduction' with the following arguments: {'ament_cmake_args': None, 'build_base': '/home/lucasjko/sdfr_ws/build/ros2_introduction', 'catkin_cmake_args': None, 'catkin_skip_building_tests': False, 'cmake_args': None, 'cmake_clean_cache': False, 'cmake_clean_first': False, 'cmake_force_configure': False, 'cmake_target': None, 'cmake_target_skip_unavailable': False, 'install_base': '/home/lucasjko/sdfr_ws/install/ros2_introduction', 'merge_install': False, 'path': '/home/lucasjko/sdfr_ws/src/ros2_introduction', 'symlink_install': False, 'test_result_base': None}
[0.353s] INFO:colcon.colcon_core.executor:Executing jobs using 'parallel' executor
[0.354s] DEBUG:colcon.colcon_parallel_executor.executor.parallel:run_until_complete
[0.354s] INFO:colcon.colcon_ros.task.ament_cmake.build:Building ROS package in '/home/lucasjko/sdfr_ws/src/image_functions_sdfr' with build type 'ament_cmake'
[0.354s] INFO:colcon.colcon_cmake.task.cmake.build:Building CMake package in '/home/lucasjko/sdfr_ws/src/image_functions_sdfr'
[0.357s] INFO:colcon.colcon_core.plugin_system:Skipping extension 'colcon_core.shell.bat': Not used on non-Windows systems
[0.357s] INFO:colcon.colcon_core.shell:Skip shell extension 'powershell' for command environment: Not usable outside of PowerShell
[0.357s] DEBUG:colcon.colcon_core.shell:Skip shell extension 'dsv' for command environment
[0.360s] INFO:colcon.colcon_ros.task.ament_cmake.build:Building ROS package in '/home/lucasjko/sdfr_ws/src/robot_image_messages' with build type 'ament_cmake'
[0.360s] INFO:colcon.colcon_cmake.task.cmake.build:Building CMake package in '/home/lucasjko/sdfr_ws/src/robot_image_messages'
[0.361s] INFO:colcon.colcon_core.shell:Skip shell extension 'powershell' for command environment: Not usable outside of PowerShell
[0.361s] DEBUG:colcon.colcon_core.shell:Skip shell extension 'dsv' for command environment
[0.364s] INFO:colcon.colcon_ros.task.ament_cmake.build:Building ROS package in '/home/lucasjko/sdfr_ws/src/relbot_simulator' with build type 'ament_cmake'
[0.364s] INFO:colcon.colcon_cmake.task.cmake.build:Building CMake package in '/home/lucasjko/sdfr_ws/src/relbot_simulator'
[0.364s] INFO:colcon.colcon_core.shell:Skip shell extension 'powershell' for command environment: Not usable outside of PowerShell
[0.364s] DEBUG:colcon.colcon_core.shell:Skip shell extension 'dsv' for command environment
[0.373s] DEBUG:colcon.colcon_core.event_handler.log_command:Invoking command in '/home/lucasjko/sdfr_ws/build/image_functions_sdfr': CMAKE_PREFIX_PATH=${CMAKE_PREFIX_PATH}:/opt/ros/humble /usr/bin/cmake --build /home/lucasjko/sdfr_ws/build/image_functions_sdfr -- -j8 -l8
[0.377s] DEBUG:colcon.colcon_core.event_handler.log_command:Invoking command in '/home/lucasjko/sdfr_ws/build/robot_image_messages': CMAKE_PREFIX_PATH=${CMAKE_PREFIX_PATH}:/opt/ros/humble /usr/bin/cmake --build /home/lucasjko/sdfr_ws/build/robot_image_messages -- -j8 -l8
[0.381s] DEBUG:colcon.colcon_core.event_handler.log_command:Invoking command in '/home/lucasjko/sdfr_ws/build/relbot_simulator': CMAKE_PREFIX_PATH=${CMAKE_PREFIX_PATH}:/opt/ros/humble /usr/bin/cmake --build /home/lucasjko/sdfr_ws/build/relbot_simulator -- -j8 -l8
[0.449s] DEBUG:colcon.colcon_core.event_handler.log_command:Invoked command in '/home/lucasjko/sdfr_ws/build/image_functions_sdfr' returned '0': CMAKE_PREFIX_PATH=${CMAKE_PREFIX_PATH}:/opt/ros/humble /usr/bin/cmake --build /home/lucasjko/sdfr_ws/build/image_functions_sdfr -- -j8 -l8
[0.473s] DEBUG:colcon.colcon_core.event_handler.log_command:Invoked command in '/home/lucasjko/sdfr_ws/build/relbot_simulator' returned '0': CMAKE_PREFIX_PATH=${CMAKE_PREFIX_PATH}:/opt/ros/humble /usr/bin/cmake --build /home/lucasjko/sdfr_ws/build/relbot_simulator -- -j8 -l8
[0.497s] DEBUG:colcon.colcon_core.event_handler.log_command:Invoking command in '/home/lucasjko/sdfr_ws/build/image_functions_sdfr': CMAKE_PREFIX_PATH=${CMAKE_PREFIX_PATH}:/opt/ros/humble /usr/bin/cmake --install /home/lucasjko/sdfr_ws/build/image_functions_sdfr
[0.502s] DEBUG:colcon.colcon_core.event_handler.log_command:Invoking command in '/home/lucasjko/sdfr_ws/build/relbot_simulator': CMAKE_PREFIX_PATH=${CMAKE_PREFIX_PATH}:/opt/ros/humble /usr/bin/cmake --install /home/lucasjko/sdfr_ws/build/relbot_simulator
[0.509s] Level 1:colcon.colcon_core.environment:create_environment_scripts_only(image_functions_sdfr)
[0.511s] DEBUG:colcon.colcon_core.event_handler.log_command:Invoked command in '/home/lucasjko/sdfr_ws/build/image_functions_sdfr' returned '0': CMAKE_PREFIX_PATH=${CMAKE_PREFIX_PATH}:/opt/ros/humble /usr/bin/cmake --install /home/lucasjko/sdfr_ws/build/image_functions_sdfr
[0.516s] Level 1:colcon.colcon_core.environment:checking '/home/lucasjko/sdfr_ws/install/image_functions_sdfr' for CMake module files
[0.517s] Level 1:colcon.colcon_core.environment:checking '/home/lucasjko/sdfr_ws/install/image_functions_sdfr' for CMake config files
[0.517s] Level 1:colcon.colcon_core.shell:create_environment_hook('image_functions_sdfr', 'cmake_prefix_path')
[0.518s] INFO:colcon.colcon_core.shell:Creating environment hook '/home/lucasjko/sdfr_ws/install/image_functions_sdfr/share/image_functions_sdfr/hook/cmake_prefix_path.ps1'
[0.519s] INFO:colcon.colcon_core.shell:Creating environment descriptor '/home/lucasjko/sdfr_ws/install/image_functions_sdfr/share/image_functions_sdfr/hook/cmake_prefix_path.dsv'
[0.519s] INFO:colcon.colcon_core.shell:Creating environment hook '/home/lucasjko/sdfr_ws/install/image_functions_sdfr/share/image_functions_sdfr/hook/cmake_prefix_path.sh'
[0.520s] Level 1:colcon.colcon_core.environment:checking '/home/lucasjko/sdfr_ws/install/image_functions_sdfr/lib'
[0.520s] Level 1:colcon.colcon_core.shell:create_environment_hook('image_functions_sdfr', 'ld_library_path_lib')
[0.520s] INFO:colcon.colcon_core.shell:Creating environment hook '/home/lucasjko/sdfr_ws/install/image_functions_sdfr/share/image_functions_sdfr/hook/ld_library_path_lib.ps1'
[0.520s] INFO:colcon.colcon_core.shell:Creating environment descriptor '/home/lucasjko/sdfr_ws/install/image_functions_sdfr/share/image_functions_sdfr/hook/ld_library_path_lib.dsv'
[0.521s] INFO:colcon.colcon_core.shell:Creating environment hook '/home/lucasjko/sdfr_ws/install/image_functions_sdfr/share/image_functions_sdfr/hook/ld_library_path_lib.sh'
[0.521s] Level 1:colcon.colcon_core.environment:checking '/home/lucasjko/sdfr_ws/install/image_functions_sdfr/bin'
[0.521s] Level 1:colcon.colcon_core.environment:checking '/home/lucasjko/sdfr_ws/install/image_functions_sdfr/lib/pkgconfig/image_functions_sdfr.pc'
[0.521s] Level 1:colcon.colcon_core.environment:checking '/home/lucasjko/sdfr_ws/install/image_functions_sdfr/lib/python3.10/site-packages'
[0.522s] Level 1:colcon.colcon_core.environment:checking '/home/lucasjko/sdfr_ws/install/image_functions_sdfr/bin'
[0.522s] INFO:colcon.colcon_core.shell:Creating package script '/home/lucasjko/sdfr_ws/install/image_functions_sdfr/share/image_functions_sdfr/package.ps1'
[0.523s] INFO:colcon.colcon_core.shell:Creating package descriptor '/home/lucasjko/sdfr_ws/install/image_functions_sdfr/share/image_functions_sdfr/package.dsv'
[0.524s] INFO:colcon.colcon_core.shell:Creating package script '/home/lucasjko/sdfr_ws/install/image_functions_sdfr/share/image_functions_sdfr/package.sh'
[0.524s] INFO:colcon.colcon_core.shell:Creating package script '/home/lucasjko/sdfr_ws/install/image_functions_sdfr/share/image_functions_sdfr/package.bash'
[0.525s] INFO:colcon.colcon_core.shell:Creating package script '/home/lucasjko/sdfr_ws/install/image_functions_sdfr/share/image_functions_sdfr/package.zsh'
[0.526s] Level 1:colcon.colcon_core.environment:create_file_with_runtime_dependencies(/home/lucasjko/sdfr_ws/install/image_functions_sdfr/share/colcon-core/packages/image_functions_sdfr)
[0.528s] Level 1:colcon.colcon_core.environment:create_environment_scripts_only(relbot_simulator)
[0.529s] Level 1:colcon.colcon_core.environment:checking '/home/lucasjko/sdfr_ws/install/relbot_simulator' for CMake module files
[0.530s] DEBUG:colcon.colcon_core.event_handler.log_command:Invoked command in '/home/lucasjko/sdfr_ws/build/relbot_simulator' returned '0': CMAKE_PREFIX_PATH=${CMAKE_PREFIX_PATH}:/opt/ros/humble /usr/bin/cmake --install /home/lucasjko/sdfr_ws/build/relbot_simulator
[0.530s] Level 1:colcon.colcon_core.environment:checking '/home/lucasjko/sdfr_ws/install/relbot_simulator' for CMake config files
[0.531s] Level 1:colcon.colcon_core.shell:create_environment_hook('relbot_simulator', 'cmake_prefix_path')
[0.531s] INFO:colcon.colcon_core.shell:Creating environment hook '/home/lucasjko/sdfr_ws/install/relbot_simulator/share/relbot_simulator/hook/cmake_prefix_path.ps1'
[0.532s] INFO:colcon.colcon_core.shell:Creating environment descriptor '/home/lucasjko/sdfr_ws/install/relbot_simulator/share/relbot_simulator/hook/cmake_prefix_path.dsv'
[0.532s] INFO:colcon.colcon_core.shell:Creating environment hook '/home/lucasjko/sdfr_ws/install/relbot_simulator/share/relbot_simulator/hook/cmake_prefix_path.sh'
[0.533s] Level 1:colcon.colcon_core.environment:checking '/home/lucasjko/sdfr_ws/install/relbot_simulator/lib'
[0.533s] Level 1:colcon.colcon_core.environment:checking '/home/lucasjko/sdfr_ws/install/relbot_simulator/bin'
[0.533s] Level 1:colcon.colcon_core.environment:checking '/home/lucasjko/sdfr_ws/install/relbot_simulator/lib/pkgconfig/relbot_simulator.pc'
[0.533s] Level 1:colcon.colcon_core.environment:checking '/home/lucasjko/sdfr_ws/install/relbot_simulator/lib/python3.10/site-packages'
[0.533s] Level 1:colcon.colcon_core.environment:checking '/home/lucasjko/sdfr_ws/install/relbot_simulator/bin'
[0.534s] INFO:colcon.colcon_core.shell:Creating package script '/home/lucasjko/sdfr_ws/install/relbot_simulator/share/relbot_simulator/package.ps1'
[0.534s] INFO:colcon.colcon_core.shell:Creating package descriptor '/home/lucasjko/sdfr_ws/install/relbot_simulator/share/relbot_simulator/package.dsv'
[0.535s] INFO:colcon.colcon_core.shell:Creating package script '/home/lucasjko/sdfr_ws/install/relbot_simulator/share/relbot_simulator/package.sh'
[0.535s] INFO:colcon.colcon_core.shell:Creating package script '/home/lucasjko/sdfr_ws/install/relbot_simulator/share/relbot_simulator/package.bash'
[0.536s] INFO:colcon.colcon_core.shell:Creating package script '/home/lucasjko/sdfr_ws/install/relbot_simulator/share/relbot_simulator/package.zsh'
[0.536s] Level 1:colcon.colcon_core.environment:create_file_with_runtime_dependencies(/home/lucasjko/sdfr_ws/install/relbot_simulator/share/colcon-core/packages/relbot_simulator)
[0.554s] Level 1:colcon.colcon_core.environment:create_environment_scripts_only(image_functions_sdfr)
[0.555s] Level 1:colcon.colcon_core.environment:checking '/home/lucasjko/sdfr_ws/install/image_functions_sdfr' for CMake module files
[0.556s] Level 1:colcon.colcon_core.environment:checking '/home/lucasjko/sdfr_ws/install/image_functions_sdfr' for CMake config files
[0.556s] Level 1:colcon.colcon_core.shell:create_environment_hook('image_functions_sdfr', 'cmake_prefix_path')
[0.557s] INFO:colcon.colcon_core.shell:Creating environment hook '/home/lucasjko/sdfr_ws/install/image_functions_sdfr/share/image_functions_sdfr/hook/cmake_prefix_path.ps1'
[0.557s] INFO:colcon.colcon_core.shell:Creating environment descriptor '/home/lucasjko/sdfr_ws/install/image_functions_sdfr/share/image_functions_sdfr/hook/cmake_prefix_path.dsv'
[0.558s] INFO:colcon.colcon_core.shell:Creating environment hook '/home/lucasjko/sdfr_ws/install/image_functions_sdfr/share/image_functions_sdfr/hook/cmake_prefix_path.sh'
[0.558s] Level 1:colcon.colcon_core.environment:checking '/home/lucasjko/sdfr_ws/install/image_functions_sdfr/lib'
[0.559s] Level 1:colcon.colcon_core.shell:create_environment_hook('image_functions_sdfr', 'ld_library_path_lib')
[0.559s] INFO:colcon.colcon_core.shell:Creating environment hook '/home/lucasjko/sdfr_ws/install/image_functions_sdfr/share/image_functions_sdfr/hook/ld_library_path_lib.ps1'
[0.559s] INFO:colcon.colcon_core.shell:Creating environment descriptor '/home/lucasjko/sdfr_ws/install/image_functions_sdfr/share/image_functions_sdfr/hook/ld_library_path_lib.dsv'
[0.560s] INFO:colcon.colcon_core.shell:Creating environment hook '/home/lucasjko/sdfr_ws/install/image_functions_sdfr/share/image_functions_sdfr/hook/ld_library_path_lib.sh'
[0.560s] Level 1:colcon.colcon_core.environment:checking '/home/lucasjko/sdfr_ws/install/image_functions_sdfr/bin'
[0.561s] Level 1:colcon.colcon_core.environment:checking '/home/lucasjko/sdfr_ws/install/image_functions_sdfr/lib/pkgconfig/image_functions_sdfr.pc'
[0.562s] Level 1:colcon.colcon_core.environment:checking '/home/lucasjko/sdfr_ws/install/image_functions_sdfr/lib/python3.10/site-packages'
[0.562s] Level 1:colcon.colcon_core.environment:checking '/home/lucasjko/sdfr_ws/install/image_functions_sdfr/bin'
[0.562s] INFO:colcon.colcon_core.shell:Creating package script '/home/lucasjko/sdfr_ws/install/image_functions_sdfr/share/image_functions_sdfr/package.ps1'
[0.563s] INFO:colcon.colcon_core.shell:Creating package descriptor '/home/lucasjko/sdfr_ws/install/image_functions_sdfr/share/image_functions_sdfr/package.dsv'
[0.564s] INFO:colcon.colcon_core.shell:Creating package script '/home/lucasjko/sdfr_ws/install/image_functions_sdfr/share/image_functions_sdfr/package.sh'
[0.564s] INFO:colcon.colcon_core.shell:Creating package script '/home/lucasjko/sdfr_ws/install/image_functions_sdfr/share/image_functions_sdfr/package.bash'
[0.565s] INFO:colcon.colcon_core.shell:Creating package script '/home/lucasjko/sdfr_ws/install/image_functions_sdfr/share/image_functions_sdfr/package.zsh'
[0.565s] Level 1:colcon.colcon_core.environment:create_file_with_runtime_dependencies(/home/lucasjko/sdfr_ws/install/image_functions_sdfr/share/colcon-core/packages/image_functions_sdfr)
[0.570s] Level 1:colcon.colcon_core.environment:create_environment_scripts_only(relbot_simulator)
[0.570s] Level 1:colcon.colcon_core.environment:checking '/home/lucasjko/sdfr_ws/install/relbot_simulator' for CMake module files
[0.571s] Level 1:colcon.colcon_core.environment:checking '/home/lucasjko/sdfr_ws/install/relbot_simulator' for CMake config files
[0.571s] Level 1:colcon.colcon_core.shell:create_environment_hook('relbot_simulator', 'cmake_prefix_path')
[0.572s] INFO:colcon.colcon_core.shell:Creating environment hook '/home/lucasjko/sdfr_ws/install/relbot_simulator/share/relbot_simulator/hook/cmake_prefix_path.ps1'
[0.572s] INFO:colcon.colcon_core.shell:Creating environment descriptor '/home/lucasjko/sdfr_ws/install/relbot_simulator/share/relbot_simulator/hook/cmake_prefix_path.dsv'
[0.572s] INFO:colcon.colcon_core.shell:Creating environment hook '/home/lucasjko/sdfr_ws/install/relbot_simulator/share/relbot_simulator/hook/cmake_prefix_path.sh'
[0.573s] Level 1:colcon.colcon_core.environment:checking '/home/lucasjko/sdfr_ws/install/relbot_simulator/lib'
[0.573s] Level 1:colcon.colcon_core.environment:checking '/home/lucasjko/sdfr_ws/install/relbot_simulator/bin'
[0.573s] Level 1:colcon.colcon_core.environment:checking '/home/lucasjko/sdfr_ws/install/relbot_simulator/lib/pkgconfig/relbot_simulator.pc'
[0.574s] Level 1:colcon.colcon_core.environment:checking '/home/lucasjko/sdfr_ws/install/relbot_simulator/lib/python3.10/site-packages'
[0.574s] Level 1:colcon.colcon_core.environment:checking '/home/lucasjko/sdfr_ws/install/relbot_simulator/bin'
[0.574s] INFO:colcon.colcon_core.shell:Creating package script '/home/lucasjko/sdfr_ws/install/relbot_simulator/share/relbot_simulator/package.ps1'
[0.575s] INFO:colcon.colcon_core.shell:Creating package descriptor '/home/lucasjko/sdfr_ws/install/relbot_simulator/share/relbot_simulator/package.dsv'
[0.576s] INFO:colcon.colcon_core.shell:Creating package script '/home/lucasjko/sdfr_ws/install/relbot_simulator/share/relbot_simulator/package.sh'
[0.577s] INFO:colcon.colcon_core.shell:Creating package script '/home/lucasjko/sdfr_ws/install/relbot_simulator/share/relbot_simulator/package.bash'
[0.577s] INFO:colcon.colcon_core.shell:Creating package script '/home/lucasjko/sdfr_ws/install/relbot_simulator/share/relbot_simulator/package.zsh'
[0.577s] Level 1:colcon.colcon_core.environment:create_file_with_runtime_dependencies(/home/lucasjko/sdfr_ws/install/relbot_simulator/share/colcon-core/packages/relbot_simulator)
[0.761s] DEBUG:colcon.colcon_core.event_handler.log_command:Invoked command in '/home/lucasjko/sdfr_ws/build/robot_image_messages' returned '0': CMAKE_PREFIX_PATH=${CMAKE_PREFIX_PATH}:/opt/ros/humble /usr/bin/cmake --build /home/lucasjko/sdfr_ws/build/robot_image_messages -- -j8 -l8
[0.835s] DEBUG:colcon.colcon_core.event_handler.log_command:Invoking command in '/home/lucasjko/sdfr_ws/build/robot_image_messages': CMAKE_PREFIX_PATH=${CMAKE_PREFIX_PATH}:/opt/ros/humble /usr/bin/cmake --install /home/lucasjko/sdfr_ws/build/robot_image_messages
[0.882s] Level 1:colcon.colcon_core.environment:create_environment_scripts_only(robot_image_messages)
[0.883s] Level 1:colcon.colcon_core.environment:checking '/home/lucasjko/sdfr_ws/install/robot_image_messages' for CMake module files
[0.884s] DEBUG:colcon.colcon_core.event_handler.log_command:Invoked command in '/home/lucasjko/sdfr_ws/build/robot_image_messages' returned '0': CMAKE_PREFIX_PATH=${CMAKE_PREFIX_PATH}:/opt/ros/humble /usr/bin/cmake --install /home/lucasjko/sdfr_ws/build/robot_image_messages
[0.884s] Level 1:colcon.colcon_core.environment:checking '/home/lucasjko/sdfr_ws/install/robot_image_messages' for CMake config files
[0.885s] Level 1:colcon.colcon_core.shell:create_environment_hook('robot_image_messages', 'cmake_prefix_path')
[0.885s] INFO:colcon.colcon_core.shell:Creating environment hook '/home/lucasjko/sdfr_ws/install/robot_image_messages/share/robot_image_messages/hook/cmake_prefix_path.ps1'
[0.886s] INFO:colcon.colcon_core.shell:Creating environment descriptor '/home/lucasjko/sdfr_ws/install/robot_image_messages/share/robot_image_messages/hook/cmake_prefix_path.dsv'
[0.886s] INFO:colcon.colcon_core.shell:Creating environment hook '/home/lucasjko/sdfr_ws/install/robot_image_messages/share/robot_image_messages/hook/cmake_prefix_path.sh'
[0.886s] Level 1:colcon.colcon_core.environment:checking '/home/lucasjko/sdfr_ws/install/robot_image_messages/lib'
[0.886s] Level 1:colcon.colcon_core.shell:create_environment_hook('robot_image_messages', 'ld_library_path_lib')
[0.887s] INFO:colcon.colcon_core.shell:Creating environment hook '/home/lucasjko/sdfr_ws/install/robot_image_messages/share/robot_image_messages/hook/ld_library_path_lib.ps1'
[0.887s] INFO:colcon.colcon_core.shell:Creating environment descriptor '/home/lucasjko/sdfr_ws/install/robot_image_messages/share/robot_image_messages/hook/ld_library_path_lib.dsv'
[0.887s] INFO:colcon.colcon_core.shell:Creating environment hook '/home/lucasjko/sdfr_ws/install/robot_image_messages/share/robot_image_messages/hook/ld_library_path_lib.sh'
[0.888s] Level 1:colcon.colcon_core.environment:checking '/home/lucasjko/sdfr_ws/install/robot_image_messages/bin'
[0.888s] Level 1:colcon.colcon_core.environment:checking '/home/lucasjko/sdfr_ws/install/robot_image_messages/lib/pkgconfig/robot_image_messages.pc'
[0.888s] Level 1:colcon.colcon_core.environment:checking '/home/lucasjko/sdfr_ws/install/robot_image_messages/lib/python3.10/site-packages'
[0.888s] Level 1:colcon.colcon_core.environment:checking '/home/lucasjko/sdfr_ws/install/robot_image_messages/bin'
[0.888s] INFO:colcon.colcon_core.shell:Creating package script '/home/lucasjko/sdfr_ws/install/robot_image_messages/share/robot_image_messages/package.ps1'
[0.889s] INFO:colcon.colcon_core.shell:Creating package descriptor '/home/lucasjko/sdfr_ws/install/robot_image_messages/share/robot_image_messages/package.dsv'
[0.889s] INFO:colcon.colcon_core.shell:Creating package script '/home/lucasjko/sdfr_ws/install/robot_image_messages/share/robot_image_messages/package.sh'
[0.890s] INFO:colcon.colcon_core.shell:Creating package script '/home/lucasjko/sdfr_ws/install/robot_image_messages/share/robot_image_messages/package.bash'
[0.890s] INFO:colcon.colcon_core.shell:Creating package script '/home/lucasjko/sdfr_ws/install/robot_image_messages/share/robot_image_messages/package.zsh'
[0.890s] Level 1:colcon.colcon_core.environment:create_file_with_runtime_dependencies(/home/lucasjko/sdfr_ws/install/robot_image_messages/share/colcon-core/packages/robot_image_messages)
[0.964s] Level 1:colcon.colcon_core.environment:create_environment_scripts_only(robot_image_messages)
[0.964s] Level 1:colcon.colcon_core.environment:checking '/home/lucasjko/sdfr_ws/install/robot_image_messages' for CMake module files
[0.964s] Level 1:colcon.colcon_core.environment:checking '/home/lucasjko/sdfr_ws/install/robot_image_messages' for CMake config files
[0.965s] Level 1:colcon.colcon_core.shell:create_environment_hook('robot_image_messages', 'cmake_prefix_path')
[0.965s] INFO:colcon.colcon_core.shell:Creating environment hook '/home/lucasjko/sdfr_ws/install/robot_image_messages/share/robot_image_messages/hook/cmake_prefix_path.ps1'
[0.965s] INFO:colcon.colcon_core.shell:Creating environment descriptor '/home/lucasjko/sdfr_ws/install/robot_image_messages/share/robot_image_messages/hook/cmake_prefix_path.dsv'
[0.966s] INFO:colcon.colcon_core.shell:Creating environment hook '/home/lucasjko/sdfr_ws/install/robot_image_messages/share/robot_image_messages/hook/cmake_prefix_path.sh'
[0.966s] Level 1:colcon.colcon_core.environment:checking '/home/lucasjko/sdfr_ws/install/robot_image_messages/lib'
[0.966s] Level 1:colcon.colcon_core.shell:create_environment_hook('robot_image_messages', 'ld_library_path_lib')
[0.966s] INFO:colcon.colcon_core.shell:Creating environment hook '/home/lucasjko/sdfr_ws/install/robot_image_messages/share/robot_image_messages/hook/ld_library_path_lib.ps1'
[0.967s] INFO:colcon.colcon_core.shell:Creating environment descriptor '/home/lucasjko/sdfr_ws/install/robot_image_messages/share/robot_image_messages/hook/ld_library_path_lib.dsv'
[0.967s] INFO:colcon.colcon_core.shell:Creating environment hook '/home/lucasjko/sdfr_ws/install/robot_image_messages/share/robot_image_messages/hook/ld_library_path_lib.sh'
[0.967s] Level 1:colcon.colcon_core.environment:checking '/home/lucasjko/sdfr_ws/install/robot_image_messages/bin'
[0.967s] Level 1:colcon.colcon_core.environment:checking '/home/lucasjko/sdfr_ws/install/robot_image_messages/lib/pkgconfig/robot_image_messages.pc'
[0.968s] Level 1:colcon.colcon_core.environment:checking '/home/lucasjko/sdfr_ws/install/robot_image_messages/lib/python3.10/site-packages'
[0.968s] Level 1:colcon.colcon_core.environment:checking '/home/lucasjko/sdfr_ws/install/robot_image_messages/bin'
[0.968s] INFO:colcon.colcon_core.shell:Creating package script '/home/lucasjko/sdfr_ws/install/robot_image_messages/share/robot_image_messages/package.ps1'
[0.968s] INFO:colcon.colcon_core.shell:Creating package descriptor '/home/lucasjko/sdfr_ws/install/robot_image_messages/share/robot_image_messages/package.dsv'
[0.969s] INFO:colcon.colcon_core.shell:Creating package script '/home/lucasjko/sdfr_ws/install/robot_image_messages/share/robot_image_messages/package.sh'
[0.969s] INFO:colcon.colcon_core.shell:Creating package script '/home/lucasjko/sdfr_ws/install/robot_image_messages/share/robot_image_messages/package.bash'
[0.969s] INFO:colcon.colcon_core.shell:Creating package script '/home/lucasjko/sdfr_ws/install/robot_image_messages/share/robot_image_messages/package.zsh'
[0.970s] Level 1:colcon.colcon_core.environment:create_file_with_runtime_dependencies(/home/lucasjko/sdfr_ws/install/robot_image_messages/share/colcon-core/packages/robot_image_messages)
[0.970s] INFO:colcon.colcon_ros.task.ament_cmake.build:Building ROS package in '/home/lucasjko/sdfr_ws/src/ball_detection' with build type 'ament_cmake'
[0.970s] INFO:colcon.colcon_cmake.task.cmake.build:Building CMake package in '/home/lucasjko/sdfr_ws/src/ball_detection'
[0.970s] INFO:colcon.colcon_core.shell:Skip shell extension 'powershell' for command environment: Not usable outside of PowerShell
[0.971s] DEBUG:colcon.colcon_core.shell:Skip shell extension 'dsv' for command environment
[0.974s] INFO:colcon.colcon_ros.task.ament_cmake.build:Building ROS package in '/home/lucasjko/sdfr_ws/src/motion_controller' with build type 'ament_cmake'
[0.974s] INFO:colcon.colcon_cmake.task.cmake.build:Building CMake package in '/home/lucasjko/sdfr_ws/src/motion_controller'
[0.974s] INFO:colcon.colcon_core.shell:Skip shell extension 'powershell' for command environment: Not usable outside of PowerShell
[0.974s] DEBUG:colcon.colcon_core.shell:Skip shell extension 'dsv' for command environment
[0.978s] INFO:colcon.colcon_ros.task.ament_cmake.build:Building ROS package in '/home/lucasjko/sdfr_ws/src/ros2_introduction' with build type 'ament_cmake'
[0.978s] INFO:colcon.colcon_cmake.task.cmake.build:Building CMake package in '/home/lucasjko/sdfr_ws/src/ros2_introduction'
[0.978s] INFO:colcon.colcon_core.shell:Skip shell extension 'powershell' for command environment: Not usable outside of PowerShell
[0.978s] DEBUG:colcon.colcon_core.shell:Skip shell extension 'dsv' for command environment
[0.987s] DEBUG:colcon.colcon_core.event_handler.log_command:Invoking command in '/home/lucasjko/sdfr_ws/build/ball_detection': CMAKE_PREFIX_PATH=/home/lucasjko/sdfr_ws/install/robot_image_messages:/home/lucasjko/sdfr_ws/install/image_functions_sdfr:/home/lucasjko/sdfr_ws/install/ros2_introduction:/home/lucasjko/sdfr_ws/install/motion_controller:/home/lucasjko/sdfr_ws/install/ball_detection:/home/lucasjko/sdfr_ws/install/relbot_simulator:/opt/ros/humble /usr/bin/cmake --build /home/lucasjko/sdfr_ws/build/ball_detection -- -j8 -l8
[0.990s] DEBUG:colcon.colcon_core.event_handler.log_command:Invoking command in '/home/lucasjko/sdfr_ws/build/motion_controller': CMAKE_PREFIX_PATH=/home/lucasjko/sdfr_ws/install/robot_image_messages:/home/lucasjko/sdfr_ws/install/image_functions_sdfr:/home/lucasjko/sdfr_ws/install/ros2_introduction:/home/lucasjko/sdfr_ws/install/motion_controller:/home/lucasjko/sdfr_ws/install/ball_detection:/home/lucasjko/sdfr_ws/install/relbot_simulator:/opt/ros/humble /usr/bin/cmake --build /home/lucasjko/sdfr_ws/build/motion_controller -- -j8 -l8
[0.994s] DEBUG:colcon.colcon_core.event_handler.log_command:Invoking command in '/home/lucasjko/sdfr_ws/build/ros2_introduction': CMAKE_PREFIX_PATH=/home/lucasjko/sdfr_ws/install/robot_image_messages:/home/lucasjko/sdfr_ws/install/image_functions_sdfr:/home/lucasjko/sdfr_ws/install/ros2_introduction:/home/lucasjko/sdfr_ws/install/motion_controller:/home/lucasjko/sdfr_ws/install/ball_detection:/home/lucasjko/sdfr_ws/install/relbot_simulator:/opt/ros/humble /usr/bin/cmake --build /home/lucasjko/sdfr_ws/build/ros2_introduction -- -j8 -l8
[1.053s] DEBUG:colcon.colcon_core.event_handler.log_command:Invoked command in '/home/lucasjko/sdfr_ws/build/ball_detection' returned '0': CMAKE_PREFIX_PATH=/home/lucasjko/sdfr_ws/install/robot_image_messages:/home/lucasjko/sdfr_ws/install/image_functions_sdfr:/home/lucasjko/sdfr_ws/install/ros2_introduction:/home/lucasjko/sdfr_ws/install/motion_controller:/home/lucasjko/sdfr_ws/install/ball_detection:/home/lucasjko/sdfr_ws/install/relbot_simulator:/opt/ros/humble /usr/bin/cmake --build /home/lucasjko/sdfr_ws/build/ball_detection -- -j8 -l8
[1.066s] DEBUG:colcon.colcon_core.event_handler.log_command:Invoked command in '/home/lucasjko/sdfr_ws/build/ros2_introduction' returned '0': CMAKE_PREFIX_PATH=/home/lucasjko/sdfr_ws/install/robot_image_messages:/home/lucasjko/sdfr_ws/install/image_functions_sdfr:/home/lucasjko/sdfr_ws/install/ros2_introduction:/home/lucasjko/sdfr_ws/install/motion_controller:/home/lucasjko/sdfr_ws/install/ball_detection:/home/lucasjko/sdfr_ws/install/relbot_simulator:/opt/ros/humble /usr/bin/cmake --build /home/lucasjko/sdfr_ws/build/ros2_introduction -- -j8 -l8
[1.081s] DEBUG:colcon.colcon_core.event_handler.log_command:Invoking command in '/home/lucasjko/sdfr_ws/build/ball_detection': CMAKE_PREFIX_PATH=/home/lucasjko/sdfr_ws/install/robot_image_messages:/home/lucasjko/sdfr_ws/install/image_functions_sdfr:/home/lucasjko/sdfr_ws/install/ros2_introduction:/home/lucasjko/sdfr_ws/install/motion_controller:/home/lucasjko/sdfr_ws/install/ball_detection:/home/lucasjko/sdfr_ws/install/relbot_simulator:/opt/ros/humble /usr/bin/cmake --install /home/lucasjko/sdfr_ws/build/ball_detection
[1.091s] Level 1:colcon.colcon_core.environment:create_environment_scripts_only(ball_detection)
[1.091s] Level 1:colcon.colcon_core.environment:checking '/home/lucasjko/sdfr_ws/install/ball_detection' for CMake module files
[1.092s] DEBUG:colcon.colcon_core.event_handler.log_command:Invoked command in '/home/lucasjko/sdfr_ws/build/ball_detection' returned '0': CMAKE_PREFIX_PATH=/home/lucasjko/sdfr_ws/install/robot_image_messages:/home/lucasjko/sdfr_ws/install/image_functions_sdfr:/home/lucasjko/sdfr_ws/install/ros2_introduction:/home/lucasjko/sdfr_ws/install/motion_controller:/home/lucasjko/sdfr_ws/install/ball_detection:/home/lucasjko/sdfr_ws/install/relbot_simulator:/opt/ros/humble /usr/bin/cmake --install /home/lucasjko/sdfr_ws/build/ball_detection
[1.092s] Level 1:colcon.colcon_core.environment:checking '/home/lucasjko/sdfr_ws/install/ball_detection' for CMake config files
[1.093s] Level 1:colcon.colcon_core.shell:create_environment_hook('ball_detection', 'cmake_prefix_path')
[1.093s] INFO:colcon.colcon_core.shell:Creating environment hook '/home/lucasjko/sdfr_ws/install/ball_detection/share/ball_detection/hook/cmake_prefix_path.ps1'
[1.094s] INFO:colcon.colcon_core.shell:Creating environment descriptor '/home/lucasjko/sdfr_ws/install/ball_detection/share/ball_detection/hook/cmake_prefix_path.dsv'
[1.094s] INFO:colcon.colcon_core.shell:Creating environment hook '/home/lucasjko/sdfr_ws/install/ball_detection/share/ball_detection/hook/cmake_prefix_path.sh'
[1.095s] Level 1:colcon.colcon_core.environment:checking '/home/lucasjko/sdfr_ws/install/ball_detection/lib'
[1.096s] Level 1:colcon.colcon_core.environment:checking '/home/lucasjko/sdfr_ws/install/ball_detection/bin'
[1.096s] Level 1:colcon.colcon_core.environment:checking '/home/lucasjko/sdfr_ws/install/ball_detection/lib/pkgconfig/ball_detection.pc'
[1.096s] Level 1:colcon.colcon_core.environment:checking '/home/lucasjko/sdfr_ws/install/ball_detection/lib/python3.10/site-packages'
[1.096s] Level 1:colcon.colcon_core.environment:checking '/home/lucasjko/sdfr_ws/install/ball_detection/bin'
[1.097s] INFO:colcon.colcon_core.shell:Creating package script '/home/lucasjko/sdfr_ws/install/ball_detection/share/ball_detection/package.ps1'
[1.097s] INFO:colcon.colcon_core.shell:Creating package descriptor '/home/lucasjko/sdfr_ws/install/ball_detection/share/ball_detection/package.dsv'
[1.098s] INFO:colcon.colcon_core.shell:Creating package script '/home/lucasjko/sdfr_ws/install/ball_detection/share/ball_detection/package.sh'
[1.098s] INFO:colcon.colcon_core.shell:Creating package script '/home/lucasjko/sdfr_ws/install/ball_detection/share/ball_detection/package.bash'
[1.099s] INFO:colcon.colcon_core.shell:Creating package script '/home/lucasjko/sdfr_ws/install/ball_detection/share/ball_detection/package.zsh'
[1.099s] Level 1:colcon.colcon_core.environment:create_file_with_runtime_dependencies(/home/lucasjko/sdfr_ws/install/ball_detection/share/colcon-core/packages/ball_detection)
[1.103s] DEBUG:colcon.colcon_core.event_handler.log_command:Invoking command in '/home/lucasjko/sdfr_ws/build/ros2_introduction': CMAKE_PREFIX_PATH=/home/lucasjko/sdfr_ws/install/robot_image_messages:/home/lucasjko/sdfr_ws/install/image_functions_sdfr:/home/lucasjko/sdfr_ws/install/ros2_introduction:/home/lucasjko/sdfr_ws/install/motion_controller:/home/lucasjko/sdfr_ws/install/ball_detection:/home/lucasjko/sdfr_ws/install/relbot_simulator:/opt/ros/humble /usr/bin/cmake --install /home/lucasjko/sdfr_ws/build/ros2_introduction
[1.113s] Level 1:colcon.colcon_core.environment:create_environment_scripts_only(ros2_introduction)
[1.113s] Level 1:colcon.colcon_core.environment:checking '/home/lucasjko/sdfr_ws/install/ros2_introduction' for CMake module files
[1.114s] DEBUG:colcon.colcon_core.event_handler.log_command:Invoked command in '/home/lucasjko/sdfr_ws/build/ros2_introduction' returned '0': CMAKE_PREFIX_PATH=/home/lucasjko/sdfr_ws/install/robot_image_messages:/home/lucasjko/sdfr_ws/install/image_functions_sdfr:/home/lucasjko/sdfr_ws/install/ros2_introduction:/home/lucasjko/sdfr_ws/install/motion_controller:/home/lucasjko/sdfr_ws/install/ball_detection:/home/lucasjko/sdfr_ws/install/relbot_simulator:/opt/ros/humble /usr/bin/cmake --install /home/lucasjko/sdfr_ws/build/ros2_introduction
[1.114s] Level 1:colcon.colcon_core.environment:checking '/home/lucasjko/sdfr_ws/install/ros2_introduction' for CMake config files
[1.114s] Level 1:colcon.colcon_core.shell:create_environment_hook('ros2_introduction', 'cmake_prefix_path')
[1.115s] INFO:colcon.colcon_core.shell:Creating environment hook '/home/lucasjko/sdfr_ws/install/ros2_introduction/share/ros2_introduction/hook/cmake_prefix_path.ps1'
[1.115s] INFO:colcon.colcon_core.shell:Creating environment descriptor '/home/lucasjko/sdfr_ws/install/ros2_introduction/share/ros2_introduction/hook/cmake_prefix_path.dsv'
[1.116s] INFO:colcon.colcon_core.shell:Creating environment hook '/home/lucasjko/sdfr_ws/install/ros2_introduction/share/ros2_introduction/hook/cmake_prefix_path.sh'
[1.116s] Level 1:colcon.colcon_core.environment:checking '/home/lucasjko/sdfr_ws/install/ros2_introduction/lib'
[1.116s] Level 1:colcon.colcon_core.environment:checking '/home/lucasjko/sdfr_ws/install/ros2_introduction/bin'
[1.116s] Level 1:colcon.colcon_core.environment:checking '/home/lucasjko/sdfr_ws/install/ros2_introduction/lib/pkgconfig/ros2_introduction.pc'
[1.117s] Level 1:colcon.colcon_core.environment:checking '/home/lucasjko/sdfr_ws/install/ros2_introduction/lib/python3.10/site-packages'
[1.117s] Level 1:colcon.colcon_core.environment:checking '/home/lucasjko/sdfr_ws/install/ros2_introduction/bin'
[1.117s] INFO:colcon.colcon_core.shell:Creating package script '/home/lucasjko/sdfr_ws/install/ros2_introduction/share/ros2_introduction/package.ps1'
[1.118s] INFO:colcon.colcon_core.shell:Creating package descriptor '/home/lucasjko/sdfr_ws/install/ros2_introduction/share/ros2_introduction/package.dsv'
[1.118s] INFO:colcon.colcon_core.shell:Creating package script '/home/lucasjko/sdfr_ws/install/ros2_introduction/share/ros2_introduction/package.sh'
[1.118s] INFO:colcon.colcon_core.shell:Creating package script '/home/lucasjko/sdfr_ws/install/ros2_introduction/share/ros2_introduction/package.bash'
[1.119s] INFO:colcon.colcon_core.shell:Creating package script '/home/lucasjko/sdfr_ws/install/ros2_introduction/share/ros2_introduction/package.zsh'
[1.119s] Level 1:colcon.colcon_core.environment:create_file_with_runtime_dependencies(/home/lucasjko/sdfr_ws/install/ros2_introduction/share/colcon-core/packages/ros2_introduction)
[1.125s] Level 1:colcon.colcon_core.environment:create_environment_scripts_only(ball_detection)
[1.125s] Level 1:colcon.colcon_core.environment:checking '/home/lucasjko/sdfr_ws/install/ball_detection' for CMake module files
[1.126s] Level 1:colcon.colcon_core.environment:checking '/home/lucasjko/sdfr_ws/install/ball_detection' for CMake config files
[1.127s] Level 1:colcon.colcon_core.shell:create_environment_hook('ball_detection', 'cmake_prefix_path')
[1.127s] INFO:colcon.colcon_core.shell:Creating environment hook '/home/lucasjko/sdfr_ws/install/ball_detection/share/ball_detection/hook/cmake_prefix_path.ps1'
[1.128s] INFO:colcon.colcon_core.shell:Creating environment descriptor '/home/lucasjko/sdfr_ws/install/ball_detection/share/ball_detection/hook/cmake_prefix_path.dsv'
[1.128s] INFO:colcon.colcon_core.shell:Creating environment hook '/home/lucasjko/sdfr_ws/install/ball_detection/share/ball_detection/hook/cmake_prefix_path.sh'
[1.129s] Level 1:colcon.colcon_core.environment:checking '/home/lucasjko/sdfr_ws/install/ball_detection/lib'
[1.129s] Level 1:colcon.colcon_core.environment:checking '/home/lucasjko/sdfr_ws/install/ball_detection/bin'
[1.129s] Level 1:colcon.colcon_core.environment:checking '/home/lucasjko/sdfr_ws/install/ball_detection/lib/pkgconfig/ball_detection.pc'
[1.129s] Level 1:colcon.colcon_core.environment:checking '/home/lucasjko/sdfr_ws/install/ball_detection/lib/python3.10/site-packages'
[1.129s] Level 1:colcon.colcon_core.environment:checking '/home/lucasjko/sdfr_ws/install/ball_detection/bin'
[1.130s] INFO:colcon.colcon_core.shell:Creating package script '/home/lucasjko/sdfr_ws/install/ball_detection/share/ball_detection/package.ps1'
[1.130s] INFO:colcon.colcon_core.shell:Creating package descriptor '/home/lucasjko/sdfr_ws/install/ball_detection/share/ball_detection/package.dsv'
[1.131s] INFO:colcon.colcon_core.shell:Creating package script '/home/lucasjko/sdfr_ws/install/ball_detection/share/ball_detection/package.sh'
[1.131s] INFO:colcon.colcon_core.shell:Creating package script '/home/lucasjko/sdfr_ws/install/ball_detection/share/ball_detection/package.bash'
[1.131s] INFO:colcon.colcon_core.shell:Creating package script '/home/lucasjko/sdfr_ws/install/ball_detection/share/ball_detection/package.zsh'
[1.132s] Level 1:colcon.colcon_core.environment:create_file_with_runtime_dependencies(/home/lucasjko/sdfr_ws/install/ball_detection/share/colcon-core/packages/ball_detection)
[1.147s] Level 1:colcon.colcon_core.environment:create_environment_scripts_only(ros2_introduction)
[1.148s] Level 1:colcon.colcon_core.environment:checking '/home/lucasjko/sdfr_ws/install/ros2_introduction' for CMake module files
[1.148s] Level 1:colcon.colcon_core.environment:checking '/home/lucasjko/sdfr_ws/install/ros2_introduction' for CMake config files
[1.149s] Level 1:colcon.colcon_core.shell:create_environment_hook('ros2_introduction', 'cmake_prefix_path')
[1.149s] INFO:colcon.colcon_core.shell:Creating environment hook '/home/lucasjko/sdfr_ws/install/ros2_introduction/share/ros2_introduction/hook/cmake_prefix_path.ps1'
[1.149s] INFO:colcon.colcon_core.shell:Creating environment descriptor '/home/lucasjko/sdfr_ws/install/ros2_introduction/share/ros2_introduction/hook/cmake_prefix_path.dsv'
[1.149s] INFO:colcon.colcon_core.shell:Creating environment hook '/home/lucasjko/sdfr_ws/install/ros2_introduction/share/ros2_introduction/hook/cmake_prefix_path.sh'
[1.150s] Level 1:colcon.colcon_core.environment:checking '/home/lucasjko/sdfr_ws/install/ros2_introduction/lib'
[1.150s] Level 1:colcon.colcon_core.environment:checking '/home/lucasjko/sdfr_ws/install/ros2_introduction/bin'
[1.150s] Level 1:colcon.colcon_core.environment:checking '/home/lucasjko/sdfr_ws/install/ros2_introduction/lib/pkgconfig/ros2_introduction.pc'
[1.150s] Level 1:colcon.colcon_core.environment:checking '/home/lucasjko/sdfr_ws/install/ros2_introduction/lib/python3.10/site-packages'
[1.150s] Level 1:colcon.colcon_core.environment:checking '/home/lucasjko/sdfr_ws/install/ros2_introduction/bin'
[1.151s] INFO:colcon.colcon_core.shell:Creating package script '/home/lucasjko/sdfr_ws/install/ros2_introduction/share/ros2_introduction/package.ps1'
[1.151s] INFO:colcon.colcon_core.shell:Creating package descriptor '/home/lucasjko/sdfr_ws/install/ros2_introduction/share/ros2_introduction/package.dsv'
[1.152s] INFO:colcon.colcon_core.shell:Creating package script '/home/lucasjko/sdfr_ws/install/ros2_introduction/share/ros2_introduction/package.sh'
[1.152s] INFO:colcon.colcon_core.shell:Creating package script '/home/lucasjko/sdfr_ws/install/ros2_introduction/share/ros2_introduction/package.bash'
[1.152s] INFO:colcon.colcon_core.shell:Creating package script '/home/lucasjko/sdfr_ws/install/ros2_introduction/share/ros2_introduction/package.zsh'
[1.153s] Level 1:colcon.colcon_core.environment:create_file_with_runtime_dependencies(/home/lucasjko/sdfr_ws/install/ros2_introduction/share/colcon-core/packages/ros2_introduction)
[8.818s] DEBUG:colcon.colcon_core.event_handler.log_command:Invoked command in '/home/lucasjko/sdfr_ws/build/motion_controller' returned '0': CMAKE_PREFIX_PATH=/home/lucasjko/sdfr_ws/install/robot_image_messages:/home/lucasjko/sdfr_ws/install/image_functions_sdfr:/home/lucasjko/sdfr_ws/install/ros2_introduction:/home/lucasjko/sdfr_ws/install/motion_controller:/home/lucasjko/sdfr_ws/install/ball_detection:/home/lucasjko/sdfr_ws/install/relbot_simulator:/opt/ros/humble /usr/bin/cmake --build /home/lucasjko/sdfr_ws/build/motion_controller -- -j8 -l8
[8.845s] DEBUG:colcon.colcon_core.event_handler.log_command:Invoking command in '/home/lucasjko/sdfr_ws/build/motion_controller': CMAKE_PREFIX_PATH=/home/lucasjko/sdfr_ws/install/robot_image_messages:/home/lucasjko/sdfr_ws/install/image_functions_sdfr:/home/lucasjko/sdfr_ws/install/ros2_introduction:/home/lucasjko/sdfr_ws/install/motion_controller:/home/lucasjko/sdfr_ws/install/ball_detection:/home/lucasjko/sdfr_ws/install/relbot_simulator:/opt/ros/humble /usr/bin/cmake --install /home/lucasjko/sdfr_ws/build/motion_controller
[8.860s] Level 1:colcon.colcon_core.environment:create_environment_scripts_only(motion_controller)
[8.861s] DEBUG:colcon.colcon_core.event_handler.log_command:Invoked command in '/home/lucasjko/sdfr_ws/build/motion_controller' returned '0': CMAKE_PREFIX_PATH=/home/lucasjko/sdfr_ws/install/robot_image_messages:/home/lucasjko/sdfr_ws/install/image_functions_sdfr:/home/lucasjko/sdfr_ws/install/ros2_introduction:/home/lucasjko/sdfr_ws/install/motion_controller:/home/lucasjko/sdfr_ws/install/ball_detection:/home/lucasjko/sdfr_ws/install/relbot_simulator:/opt/ros/humble /usr/bin/cmake --install /home/lucasjko/sdfr_ws/build/motion_controller
[8.861s] Level 1:colcon.colcon_core.environment:checking '/home/lucasjko/sdfr_ws/install/motion_controller' for CMake module files
[8.861s] Level 1:colcon.colcon_core.environment:checking '/home/lucasjko/sdfr_ws/install/motion_controller' for CMake config files
[8.862s] Level 1:colcon.colcon_core.shell:create_environment_hook('motion_controller', 'cmake_prefix_path')
[8.862s] INFO:colcon.colcon_core.shell:Creating environment hook '/home/lucasjko/sdfr_ws/install/motion_controller/share/motion_controller/hook/cmake_prefix_path.ps1'
[8.862s] INFO:colcon.colcon_core.shell:Creating environment descriptor '/home/lucasjko/sdfr_ws/install/motion_controller/share/motion_controller/hook/cmake_prefix_path.dsv'
[8.862s] INFO:colcon.colcon_core.shell:Creating environment hook '/home/lucasjko/sdfr_ws/install/motion_controller/share/motion_controller/hook/cmake_prefix_path.sh'
[8.863s] Level 1:colcon.colcon_core.environment:checking '/home/lucasjko/sdfr_ws/install/motion_controller/lib'
[8.863s] Level 1:colcon.colcon_core.environment:checking '/home/lucasjko/sdfr_ws/install/motion_controller/bin'
[8.863s] Level 1:colcon.colcon_core.environment:checking '/home/lucasjko/sdfr_ws/install/motion_controller/lib/pkgconfig/motion_controller.pc'
[8.863s] Level 1:colcon.colcon_core.environment:checking '/home/lucasjko/sdfr_ws/install/motion_controller/lib/python3.10/site-packages'
[8.863s] Level 1:colcon.colcon_core.environment:checking '/home/lucasjko/sdfr_ws/install/motion_controller/bin'
[8.864s] INFO:colcon.colcon_core.shell:Creating package script '/home/lucasjko/sdfr_ws/install/motion_controller/share/motion_controller/package.ps1'
[8.864s] INFO:colcon.colcon_core.shell:Creating package descriptor '/home/lucasjko/sdfr_ws/install/motion_controller/share/motion_controller/package.dsv'
[8.864s] INFO:colcon.colcon_core.shell:Creating package script '/home/lucasjko/sdfr_ws/install/motion_controller/share/motion_controller/package.sh'
[8.865s] INFO:colcon.colcon_core.shell:Creating package script '/home/lucasjko/sdfr_ws/install/motion_controller/share/motion_controller/package.bash'
[8.865s] INFO:colcon.colcon_core.shell:Creating package script '/home/lucasjko/sdfr_ws/install/motion_controller/share/motion_controller/package.zsh'
[8.865s] Level 1:colcon.colcon_core.environment:create_file_with_runtime_dependencies(/home/lucasjko/sdfr_ws/install/motion_controller/share/colcon-core/packages/motion_controller)
[8.891s] Level 1:colcon.colcon_core.environment:create_environment_scripts_only(motion_controller)
[8.892s] Level 1:colcon.colcon_core.environment:checking '/home/lucasjko/sdfr_ws/install/motion_controller' for CMake module files
[8.892s] Level 1:colcon.colcon_core.environment:checking '/home/lucasjko/sdfr_ws/install/motion_controller' for CMake config files
[8.892s] Level 1:colcon.colcon_core.shell:create_environment_hook('motion_controller', 'cmake_prefix_path')
[8.893s] INFO:colcon.colcon_core.shell:Creating environment hook '/home/lucasjko/sdfr_ws/install/motion_controller/share/motion_controller/hook/cmake_prefix_path.ps1'
[8.893s] INFO:colcon.colcon_core.shell:Creating environment descriptor '/home/lucasjko/sdfr_ws/install/motion_controller/share/motion_controller/hook/cmake_prefix_path.dsv'
[8.893s] INFO:colcon.colcon_core.shell:Creating environment hook '/home/lucasjko/sdfr_ws/install/motion_controller/share/motion_controller/hook/cmake_prefix_path.sh'
[8.894s] Level 1:colcon.colcon_core.environment:checking '/home/lucasjko/sdfr_ws/install/motion_controller/lib'
[8.894s] Level 1:colcon.colcon_core.environment:checking '/home/lucasjko/sdfr_ws/install/motion_controller/bin'
[8.894s] Level 1:colcon.colcon_core.environment:checking '/home/lucasjko/sdfr_ws/install/motion_controller/lib/pkgconfig/motion_controller.pc'
[8.894s] Level 1:colcon.colcon_core.environment:checking '/home/lucasjko/sdfr_ws/install/motion_controller/lib/python3.10/site-packages'
[8.895s] Level 1:colcon.colcon_core.environment:checking '/home/lucasjko/sdfr_ws/install/motion_controller/bin'
[8.895s] INFO:colcon.colcon_core.shell:Creating package script '/home/lucasjko/sdfr_ws/install/motion_controller/share/motion_controller/package.ps1'
[8.895s] INFO:colcon.colcon_core.shell:Creating package descriptor '/home/lucasjko/sdfr_ws/install/motion_controller/share/motion_controller/package.dsv'
[8.896s] INFO:colcon.colcon_core.shell:Creating package script '/home/lucasjko/sdfr_ws/install/motion_controller/share/motion_controller/package.sh'
[8.896s] INFO:colcon.colcon_core.shell:Creating package script '/home/lucasjko/sdfr_ws/install/motion_controller/share/motion_controller/package.bash'
[8.896s] INFO:colcon.colcon_core.shell:Creating package script '/home/lucasjko/sdfr_ws/install/motion_controller/share/motion_controller/package.zsh'
[8.897s] Level 1:colcon.colcon_core.environment:create_file_with_runtime_dependencies(/home/lucasjko/sdfr_ws/install/motion_controller/share/colcon-core/packages/motion_controller)
[8.897s] DEBUG:colcon.colcon_parallel_executor.executor.parallel:closing loop
[8.897s] DEBUG:colcon.colcon_parallel_executor.executor.parallel:loop closed
[8.897s] DEBUG:colcon.colcon_parallel_executor.executor.parallel:run_until_complete finished with '0'
[8.897s] DEBUG:colcon.colcon_core.event_reactor:joining thread
[8.903s] INFO:colcon.colcon_core.plugin_system:Skipping extension 'colcon_notification.desktop_notification.terminal_notifier': Not used on non-Darwin systems
[8.903s] INFO:colcon.colcon_core.plugin_system:Skipping extension 'colcon_notification.desktop_notification.win32': Not used on non-Windows systems
[8.903s] INFO:colcon.colcon_notification.desktop_notification:Sending desktop notification using 'notify2'
[8.914s] DEBUG:colcon.colcon_core.event_reactor:joined thread
[8.914s] INFO:colcon.colcon_core.shell:Creating prefix script '/home/lucasjko/sdfr_ws/install/local_setup.ps1'
[8.915s] INFO:colcon.colcon_core.shell:Creating prefix util module '/home/lucasjko/sdfr_ws/install/_local_setup_util_ps1.py'
[8.916s] INFO:colcon.colcon_core.shell:Creating prefix chain script '/home/lucasjko/sdfr_ws/install/setup.ps1'
[8.917s] INFO:colcon.colcon_core.shell:Creating prefix script '/home/lucasjko/sdfr_ws/install/local_setup.sh'
[8.917s] INFO:colcon.colcon_core.shell:Creating prefix util module '/home/lucasjko/sdfr_ws/install/_local_setup_util_sh.py'
[8.918s] INFO:colcon.colcon_core.shell:Creating prefix chain script '/home/lucasjko/sdfr_ws/install/setup.sh'
[8.919s] INFO:colcon.colcon_core.shell:Creating prefix script '/home/lucasjko/sdfr_ws/install/local_setup.bash'
[8.920s] INFO:colcon.colcon_core.shell:Creating prefix chain script '/home/lucasjko/sdfr_ws/install/setup.bash'
[8.921s] INFO:colcon.colcon_core.shell:Creating prefix script '/home/lucasjko/sdfr_ws/install/local_setup.zsh'
[8.922s] INFO:colcon.colcon_core.shell:Creating prefix chain script '/home/lucasjko/sdfr_ws/install/setup.zsh'
