[35m[1mConsolidate compiler generated dependencies of target relbot_simulator[0m
[100%] Built target relbot_simulator
-- Install configuration: ""
-- Up-to-date: /home/lucasjko/sdfr_ws/install/relbot_simulator/lib/relbot_simulator/relbot_simulator
-- Up-to-date: /home/lucasjko/sdfr_ws/install/relbot_simulator/share/ament_index/resource_index/package_run_dependencies/relbot_simulator
-- Up-to-date: /home/lucasjko/sdfr_ws/install/relbot_simulator/share/ament_index/resource_index/parent_prefix_path/relbot_simulator
-- Up-to-date: /home/lucasjko/sdfr_ws/install/relbot_simulator/share/relbot_simulator/environment/ament_prefix_path.sh
-- Up-to-date: /home/lucasjko/sdfr_ws/install/relbot_simulator/share/relbot_simulator/environment/ament_prefix_path.dsv
-- Up-to-date: /home/lucasjko/sdfr_ws/install/relbot_simulator/share/relbot_simulator/environment/path.sh
-- Up-to-date: /home/lucasjko/sdfr_ws/install/relbot_simulator/share/relbot_simulator/environment/path.dsv
-- Up-to-date: /home/lucasjko/sdfr_ws/install/relbot_simulator/share/relbot_simulator/local_setup.bash
-- Up-to-date: /home/lucasjko/sdfr_ws/install/relbot_simulator/share/relbot_simulator/local_setup.sh
-- Up-to-date: /home/lucasjko/sdfr_ws/install/relbot_simulator/share/relbot_simulator/local_setup.zsh
-- Up-to-date: /home/lucasjko/sdfr_ws/install/relbot_simulator/share/relbot_simulator/local_setup.dsv
-- Installing: /home/lucasjko/sdfr_ws/install/relbot_simulator/share/relbot_simulator/package.dsv
-- Up-to-date: /home/lucasjko/sdfr_ws/install/relbot_simulator/share/ament_index/resource_index/packages/relbot_simulator
-- Up-to-date: /home/lucasjko/sdfr_ws/install/relbot_simulator/share/relbot_simulator/cmake/relbot_simulatorConfig.cmake
-- Up-to-date: /home/lucasjko/sdfr_ws/install/relbot_simulator/share/relbot_simulator/cmake/relbot_simulatorConfig-version.cmake
-- Up-to-date: /home/lucasjko/sdfr_ws/install/relbot_simulator/share/relbot_simulator/package.xml
-- Up-to-date: /home/lucasjko/sdfr_ws/install/relbot_simulator/share/relbot_simulator//launch
-- Up-to-date: /home/lucasjko/sdfr_ws/install/relbot_simulator/share/relbot_simulator//launch/relbot_simulator.launch.py
