[0.010s] Invoking command in '/home/lucasjko/sdfr_ws/build/ball_detection': CMAKE_PREFIX_PATH=/home/lucasjko/sdfr_ws/install/image_functions_sdfr:/home/lucasjko/sdfr_ws/install/ball_detection_message:/home/lucasjko/sdfr_ws/install/ros2_introduction:/home/lucasjko/sdfr_ws/install/ros2_introduction_message:/home/lucasjko/sdfr_ws/install/ball_detection:/opt/ros/humble LD_LIBRARY_PATH=/home/lucasjko/sdfr_ws/install/image_functions_sdfr/lib:/home/lucasjko/sdfr_ws/install/ball_detection_message/lib:/home/lucasjko/sdfr_ws/install/ros2_introduction_message/lib:/opt/ros/humble/opt/rviz_ogre_vendor/lib:/opt/ros/humble/lib/x86_64-linux-gnu:/opt/ros/humble/lib /usr/bin/cmake --build /home/lucasjko/sdfr_ws/build/ball_detection -- -j8 -l8
[0.056s] [35m[1mConsolidate compiler generated dependencies of target find_ball_exe[0m
[0.075s] [ 33%] [32mBuilding CXX object CMakeFiles/find_ball_exe.dir/src/image_processing.cpp.o[0m
[0.510s] In file included from [01m[K/home/lucasjko/sdfr_ws/src/ball_detection/src/image_processing.cpp:1[m[K:
[0.510s] [01m[K/home/lucasjko/sdfr_ws/src/ball_detection/src/../include/ball_detection/image_processing.hpp:13:29:[m[K [01;35m[Kwarning: [m[Kuse of ‘[01m[Kauto[m[K’ in parameter declaration only available with ‘[01m[K-std=c++20[m[K’ or ‘[01m[K-fconcepts[m[K’
[0.511s]    13 |         void getBinaryImage([01;35m[Kauto[m[K &img, int &width, int &height); // check pointer
[0.511s]       |                             [01;35m[K^~~~[m[K
[0.516s] [01m[K/home/lucasjko/sdfr_ws/src/ball_detection/src/image_processing.cpp:77:38:[m[K [01;35m[Kwarning: [m[Kuse of ‘[01m[Kauto[m[K’ in parameter declaration only available with ‘[01m[K-std=c++20[m[K’ or ‘[01m[K-fconcepts[m[K’
[0.516s]    77 | void ImageProcessing::getBinaryImage([01;35m[Kauto[m[K &img, int &width, int &height){
[0.516s]       |                                      [01;35m[K^~~~[m[K
[0.516s] [01m[K/home/lucasjko/sdfr_ws/src/ball_detection/src/image_processing.cpp:[m[K In member function ‘[01m[Kvoid ImageProcessing::getBinaryImage(auto:2&, int&, int&)[m[K’:
[0.517s] [01m[K/home/lucasjko/sdfr_ws/src/ball_detection/src/image_processing.cpp:82:35:[m[K [01;31m[Kerror: [m[Kcannot convert ‘[01m[Kstd::array<std::array<int, 3>, 1>[m[K’ to ‘[01m[Kstd::array<int, 3>&[m[K’
[0.517s]    82 |             if (isGreen(hsvPixel, [01;31m[KhsvMin[m[K, hsvMax)){
[0.517s]       |                                   [01;31m[K^~~~~~[m[K
[0.517s]       |                                   [01;31m[K|[m[K
[0.517s]       |                                   [01;31m[Kstd::array<std::array<int, 3>, 1>[m[K
[0.517s] [01m[K/home/lucasjko/sdfr_ws/src/ball_detection/src/image_processing.cpp:68:78:[m[K [01;36m[Knote: [m[K  initializing argument 2 of ‘[01m[Kbool ImageProcessing::isGreen(std::array<int, 3>&, std::array<int, 3>&, std::array<int, 3>&)[m[K’
[0.517s]    68 | bool ImageProcessing::isGreen(std::array<int, 3> &pixel, [01;36m[Kstd::array<int, 3> &greenMin[m[K, std::array<int, 3> &greenMax){
[0.517s]       |                                                          [01;36m[K~~~~~~~~~~~~~~~~~~~~^~~~~~~~[m[K
[0.564s] gmake[2]: *** [CMakeFiles/find_ball_exe.dir/build.make:90: CMakeFiles/find_ball_exe.dir/src/image_processing.cpp.o] Error 1
[0.565s] gmake[1]: *** [CMakeFiles/Makefile2:137: CMakeFiles/find_ball_exe.dir/all] Error 2
[0.565s] gmake: *** [Makefile:146: all] Error 2
[0.567s] Invoked command in '/home/lucasjko/sdfr_ws/build/ball_detection' returned '2': CMAKE_PREFIX_PATH=/home/lucasjko/sdfr_ws/install/image_functions_sdfr:/home/lucasjko/sdfr_ws/install/ball_detection_message:/home/lucasjko/sdfr_ws/install/ros2_introduction:/home/lucasjko/sdfr_ws/install/ros2_introduction_message:/home/lucasjko/sdfr_ws/install/ball_detection:/opt/ros/humble LD_LIBRARY_PATH=/home/lucasjko/sdfr_ws/install/image_functions_sdfr/lib:/home/lucasjko/sdfr_ws/install/ball_detection_message/lib:/home/lucasjko/sdfr_ws/install/ros2_introduction_message/lib:/opt/ros/humble/opt/rviz_ogre_vendor/lib:/opt/ros/humble/lib/x86_64-linux-gnu:/opt/ros/humble/lib /usr/bin/cmake --build /home/lucasjko/sdfr_ws/build/ball_detection -- -j8 -l8
