[0.009s] Invoking command in '/home/lucasjko/sdfr_ws/build/ball_detection_message': CMAKE_PREFIX_PATH=${CMAKE_PREFIX_PATH}:/opt/ros/humble /usr/bin/cmake /home/lucasjko/sdfr_ws/src/ball_detection_message -DCMAKE_INSTALL_PREFIX=/home/lucasjko/sdfr_ws/install/ball_detection_message
[0.071s] -- The C compiler identification is GNU 11.4.0
[0.134s] -- The CXX compiler identification is GNU 11.4.0
[0.150s] -- Detecting C compiler ABI info
[0.217s] -- Detecting C compiler ABI info - done
[0.223s] -- Check for working C compiler: /usr/bin/cc - skipped
[0.224s] -- Detecting C compile features
[0.224s] -- Detecting C compile features - done
[0.226s] -- Detecting CXX compiler ABI info
[0.298s] -- Detecting CXX compiler ABI info - done
[0.305s] -- Check for working CXX compiler: /usr/bin/c++ - skipped
[0.306s] -- Detecting CXX compile features
[0.306s] -- Detecting CXX compile features - done
[0.309s] -- Found ament_cmake: 1.3.8 (/opt/ros/humble/share/ament_cmake/cmake)
[0.461s] -- Found Python3: /usr/local/bin/python3 (found version "3.10.12") found components: Interpreter 
[0.549s] -- Found rosidl_default_generators: 1.2.0 (/opt/ros/humble/share/rosidl_default_generators/cmake)
[0.554s] -- Using all available rosidl_typesupport_c: rosidl_typesupport_fastrtps_c;rosidl_typesupport_introspection_c
[0.561s] -- Found rosidl_adapter: 3.1.5 (/opt/ros/humble/share/rosidl_adapter/cmake)
[0.605s] -- Using all available rosidl_typesupport_cpp: rosidl_typesupport_fastrtps_cpp;rosidl_typesupport_introspection_cpp
[0.918s] -- Found ament_cmake_ros: 0.10.0 (/opt/ros/humble/share/ament_cmake_ros/cmake)
[1.089s] -- Using all available rosidl_typesupport_c: rosidl_typesupport_fastrtps_c;rosidl_typesupport_introspection_c
[1.298s] -- Using all available rosidl_typesupport_cpp: rosidl_typesupport_fastrtps_cpp;rosidl_typesupport_introspection_cpp
[1.318s] -- Found PythonInterp: /usr/local/bin/python3 (found suitable version "3.10.12", minimum required is "3.6") 
[1.321s] -- Found python_cmake_module: 0.10.0 (/opt/ros/humble/share/python_cmake_module/cmake)
[1.353s] -- Found PythonLibs: /usr/lib/x86_64-linux-gnu/libpython3.10.so (found suitable version "3.10.12", minimum required is "3.5") 
[1.353s] -- Using PYTHON_EXECUTABLE: /usr/local/bin/python3
[1.353s] -- Using PYTHON_INCLUDE_DIRS: /usr/include/python3.10
[1.353s] -- Using PYTHON_LIBRARIES: /usr/lib/x86_64-linux-gnu/libpython3.10.so
[1.375s] -- Found PythonExtra: .so  
[1.413s] -- Found ament_lint_auto: 0.12.10 (/opt/ros/humble/share/ament_lint_auto/cmake)
[1.438s] -- Added test 'lint_cmake' to check CMake code style
[1.440s] -- Added test 'xmllint' to check XML markup files
[1.442s] -- Configuring done
[1.478s] -- Generating done
[1.481s] -- Build files have been written to: /home/lucasjko/sdfr_ws/build/ball_detection_message
[1.486s] Invoked command in '/home/lucasjko/sdfr_ws/build/ball_detection_message' returned '0': CMAKE_PREFIX_PATH=${CMAKE_PREFIX_PATH}:/opt/ros/humble /usr/bin/cmake /home/lucasjko/sdfr_ws/src/ball_detection_message -DCMAKE_INSTALL_PREFIX=/home/lucasjko/sdfr_ws/install/ball_detection_message
[1.488s] Invoking command in '/home/lucasjko/sdfr_ws/build/ball_detection_message': CMAKE_PREFIX_PATH=${CMAKE_PREFIX_PATH}:/opt/ros/humble /usr/bin/cmake --build /home/lucasjko/sdfr_ws/build/ball_detection_message -- -j8 -l8
[1.523s] [  3%] [34m[1mGenerating C code for ROS interfaces[0m
[1.533s] [  6%] [34m[1mGenerating C++ code for ROS interfaces[0m
[1.541s] [  6%] Built target ament_cmake_python_copy_ball_detection_message
[1.771s] running egg_info
[1.771s] creating ball_detection_message.egg-info
[1.771s] writing ball_detection_message.egg-info/PKG-INFO
[1.772s] writing dependency_links to ball_detection_message.egg-info/dependency_links.txt
[1.772s] writing top-level names to ball_detection_message.egg-info/top_level.txt
[1.772s] writing manifest file 'ball_detection_message.egg-info/SOURCES.txt'
[1.775s] reading manifest file 'ball_detection_message.egg-info/SOURCES.txt'
[1.775s] writing manifest file 'ball_detection_message.egg-info/SOURCES.txt'
[1.808s] [  6%] Built target ament_cmake_python_build_ball_detection_message_egg
[1.821s] [  6%] Built target ball_detection_message__cpp
[1.832s] [  9%] [34m[1mGenerating C++ introspection for ROS interfaces[0m
[1.833s] [ 12%] [34m[1mGenerating C++ type support for eProsima Fast-RTPS[0m
[1.833s] [ 16%] [34m[1mGenerating C++ type support dispatch for ROS interfaces[0m
[1.851s] [ 19%] [32mBuilding C object CMakeFiles/ball_detection_message__rosidl_generator_c.dir/rosidl_generator_c/ball_detection_message/msg/detail/ball_output__functions.c.o[0m
[1.911s] [ 22%] [32m[1mLinking C shared library libball_detection_message__rosidl_generator_c.so[0m
[1.954s] [ 22%] Built target ball_detection_message__rosidl_generator_c
[1.966s] [ 25%] [34m[1mGenerating C type support dispatch for ROS interfaces[0m
[1.968s] [ 29%] [34m[1mGenerating C type support for eProsima Fast-RTPS[0m
[1.987s] [ 32%] [34m[1mGenerating C introspection for ROS interfaces[0m
[2.277s] [ 35%] [32mBuilding CXX object CMakeFiles/ball_detection_message__rosidl_typesupport_introspection_cpp.dir/rosidl_typesupport_introspection_cpp/ball_detection_message/msg/detail/ball_output__type_support.cpp.o[0m
[2.280s] [ 38%] [32mBuilding CXX object CMakeFiles/ball_detection_message__rosidl_typesupport_cpp.dir/rosidl_typesupport_cpp/ball_detection_message/msg/ball_output__type_support.cpp.o[0m
[2.287s] [ 41%] [32mBuilding CXX object CMakeFiles/ball_detection_message__rosidl_typesupport_fastrtps_cpp.dir/rosidl_typesupport_fastrtps_cpp/ball_detection_message/msg/detail/dds_fastrtps/ball_output__type_support.cpp.o[0m
[2.447s] [ 45%] [32mBuilding CXX object CMakeFiles/ball_detection_message__rosidl_typesupport_c.dir/rosidl_typesupport_c/ball_detection_message/msg/ball_output__type_support.cpp.o[0m
[2.448s] [ 48%] [32mBuilding C object CMakeFiles/ball_detection_message__rosidl_typesupport_introspection_c.dir/rosidl_typesupport_introspection_c/ball_detection_message/msg/detail/ball_output__type_support.c.o[0m
[2.501s] [ 51%] [32m[1mLinking CXX shared library libball_detection_message__rosidl_typesupport_c.so[0m
[2.510s] [ 54%] [32mBuilding CXX object CMakeFiles/ball_detection_message__rosidl_typesupport_fastrtps_c.dir/rosidl_typesupport_fastrtps_c/ball_detection_message/msg/detail/ball_output__type_support_c.cpp.o[0m
[2.515s] [ 58%] [32m[1mLinking C shared library libball_detection_message__rosidl_typesupport_introspection_c.so[0m
[2.548s] [ 58%] Built target ball_detection_message__rosidl_typesupport_c
[2.554s] [ 58%] Built target ball_detection_message__rosidl_typesupport_introspection_c
[2.663s] [ 61%] [32m[1mLinking CXX shared library libball_detection_message__rosidl_typesupport_cpp.so[0m
[2.719s] [ 61%] Built target ball_detection_message__rosidl_typesupport_cpp
[2.758s] [ 64%] [32m[1mLinking CXX shared library libball_detection_message__rosidl_typesupport_fastrtps_cpp.so[0m
[2.800s] [ 67%] [32m[1mLinking CXX shared library libball_detection_message__rosidl_typesupport_introspection_cpp.so[0m
[2.843s] [ 67%] Built target ball_detection_message__rosidl_typesupport_introspection_cpp
[2.846s] [ 67%] Built target ball_detection_message__rosidl_typesupport_fastrtps_cpp
[2.874s] [ 70%] [32m[1mLinking CXX shared library libball_detection_message__rosidl_typesupport_fastrtps_c.so[0m
[2.979s] [ 70%] Built target ball_detection_message__rosidl_typesupport_fastrtps_c
[3.000s] [ 70%] Built target ball_detection_message
[3.019s] [ 74%] [34m[1mGenerating Python code for ROS interfaces[0m
[3.429s] [ 74%] Built target ball_detection_message__py
[3.449s] [ 77%] [32mBuilding C object CMakeFiles/ball_detection_message__rosidl_generator_py.dir/rosidl_generator_py/ball_detection_message/msg/_ball_output_s.c.o[0m
[3.572s] [ 80%] [32m[1mLinking C shared library rosidl_generator_py/ball_detection_message/libball_detection_message__rosidl_generator_py.so[0m
[3.611s] [ 80%] Built target ball_detection_message__rosidl_generator_py
[3.631s] [ 90%] [32mBuilding C object CMakeFiles/ball_detection_message__rosidl_typesupport_introspection_c__pyext.dir/rosidl_generator_py/ball_detection_message/_ball_detection_message_s.ep.rosidl_typesupport_introspection_c.c.o[0m
[3.632s] [ 90%] [32mBuilding C object CMakeFiles/ball_detection_message__rosidl_typesupport_fastrtps_c__pyext.dir/rosidl_generator_py/ball_detection_message/_ball_detection_message_s.ep.rosidl_typesupport_fastrtps_c.c.o[0m
[3.632s] [ 90%] [32mBuilding C object CMakeFiles/ball_detection_message__rosidl_typesupport_c__pyext.dir/rosidl_generator_py/ball_detection_message/_ball_detection_message_s.ep.rosidl_typesupport_c.c.o[0m
[3.724s] [ 93%] [32m[1mLinking C shared library rosidl_generator_py/ball_detection_message/ball_detection_message_s__rosidl_typesupport_c.cpython-310-x86_64-linux-gnu.so[0m
[3.727s] [ 96%] [32m[1mLinking C shared library rosidl_generator_py/ball_detection_message/ball_detection_message_s__rosidl_typesupport_introspection_c.cpython-310-x86_64-linux-gnu.so[0m
[3.733s] [100%] [32m[1mLinking C shared library rosidl_generator_py/ball_detection_message/ball_detection_message_s__rosidl_typesupport_fastrtps_c.cpython-310-x86_64-linux-gnu.so[0m
[3.770s] [100%] Built target ball_detection_message__rosidl_typesupport_c__pyext
[3.775s] [100%] Built target ball_detection_message__rosidl_typesupport_introspection_c__pyext
[3.783s] [100%] Built target ball_detection_message__rosidl_typesupport_fastrtps_c__pyext
[3.800s] Invoked command in '/home/lucasjko/sdfr_ws/build/ball_detection_message' returned '0': CMAKE_PREFIX_PATH=${CMAKE_PREFIX_PATH}:/opt/ros/humble /usr/bin/cmake --build /home/lucasjko/sdfr_ws/build/ball_detection_message -- -j8 -l8
[3.869s] Invoking command in '/home/lucasjko/sdfr_ws/build/ball_detection_message': CMAKE_PREFIX_PATH=${CMAKE_PREFIX_PATH}:/opt/ros/humble /usr/bin/cmake --install /home/lucasjko/sdfr_ws/build/ball_detection_message
[3.877s] -- Install configuration: ""
[3.877s] -- Installing: /home/lucasjko/sdfr_ws/install/ball_detection_message/share/ament_index/resource_index/rosidl_interfaces/ball_detection_message
[3.877s] -- Installing: /home/lucasjko/sdfr_ws/install/ball_detection_message/include/ball_detection_message/ball_detection_message
[3.877s] -- Installing: /home/lucasjko/sdfr_ws/install/ball_detection_message/include/ball_detection_message/ball_detection_message/msg
[3.877s] -- Installing: /home/lucasjko/sdfr_ws/install/ball_detection_message/include/ball_detection_message/ball_detection_message/msg/rosidl_generator_c__visibility_control.h
[3.877s] -- Installing: /home/lucasjko/sdfr_ws/install/ball_detection_message/include/ball_detection_message/ball_detection_message/msg/detail
[3.877s] -- Installing: /home/lucasjko/sdfr_ws/install/ball_detection_message/include/ball_detection_message/ball_detection_message/msg/detail/ball_output__functions.h
[3.877s] -- Installing: /home/lucasjko/sdfr_ws/install/ball_detection_message/include/ball_detection_message/ball_detection_message/msg/detail/ball_output__functions.c
[3.877s] -- Installing: /home/lucasjko/sdfr_ws/install/ball_detection_message/include/ball_detection_message/ball_detection_message/msg/detail/ball_output__type_support.h
[3.878s] -- Installing: /home/lucasjko/sdfr_ws/install/ball_detection_message/include/ball_detection_message/ball_detection_message/msg/detail/ball_output__struct.h
[3.878s] -- Installing: /home/lucasjko/sdfr_ws/install/ball_detection_message/include/ball_detection_message/ball_detection_message/msg/ball_output.h
[3.878s] -- Installing: /home/lucasjko/sdfr_ws/install/ball_detection_message/share/ball_detection_message/environment/library_path.sh
[3.878s] -- Installing: /home/lucasjko/sdfr_ws/install/ball_detection_message/share/ball_detection_message/environment/library_path.dsv
[3.878s] -- Installing: /home/lucasjko/sdfr_ws/install/ball_detection_message/lib/libball_detection_message__rosidl_generator_c.so
[3.879s] -- Set runtime path of "/home/lucasjko/sdfr_ws/install/ball_detection_message/lib/libball_detection_message__rosidl_generator_c.so" to ""
[3.879s] -- Up-to-date: /home/lucasjko/sdfr_ws/install/ball_detection_message/include/ball_detection_message/ball_detection_message
[3.879s] -- Up-to-date: /home/lucasjko/sdfr_ws/install/ball_detection_message/include/ball_detection_message/ball_detection_message/msg
[3.879s] -- Installing: /home/lucasjko/sdfr_ws/install/ball_detection_message/include/ball_detection_message/ball_detection_message/msg/rosidl_typesupport_fastrtps_c__visibility_control.h
[3.879s] -- Up-to-date: /home/lucasjko/sdfr_ws/install/ball_detection_message/include/ball_detection_message/ball_detection_message/msg/detail
[3.879s] -- Installing: /home/lucasjko/sdfr_ws/install/ball_detection_message/include/ball_detection_message/ball_detection_message/msg/detail/ball_output__rosidl_typesupport_fastrtps_c.h
[3.879s] -- Installing: /home/lucasjko/sdfr_ws/install/ball_detection_message/lib/libball_detection_message__rosidl_typesupport_fastrtps_c.so
[3.880s] -- Set runtime path of "/home/lucasjko/sdfr_ws/install/ball_detection_message/lib/libball_detection_message__rosidl_typesupport_fastrtps_c.so" to ""
[3.880s] -- Up-to-date: /home/lucasjko/sdfr_ws/install/ball_detection_message/include/ball_detection_message/ball_detection_message
[3.880s] -- Up-to-date: /home/lucasjko/sdfr_ws/install/ball_detection_message/include/ball_detection_message/ball_detection_message/msg
[3.880s] -- Up-to-date: /home/lucasjko/sdfr_ws/install/ball_detection_message/include/ball_detection_message/ball_detection_message/msg/detail
[3.880s] -- Installing: /home/lucasjko/sdfr_ws/install/ball_detection_message/include/ball_detection_message/ball_detection_message/msg/detail/ball_output__rosidl_typesupport_introspection_c.h
[3.880s] -- Installing: /home/lucasjko/sdfr_ws/install/ball_detection_message/include/ball_detection_message/ball_detection_message/msg/detail/ball_output__type_support.c
[3.880s] -- Installing: /home/lucasjko/sdfr_ws/install/ball_detection_message/include/ball_detection_message/ball_detection_message/msg/rosidl_typesupport_introspection_c__visibility_control.h
[3.880s] -- Installing: /home/lucasjko/sdfr_ws/install/ball_detection_message/lib/libball_detection_message__rosidl_typesupport_introspection_c.so
[3.881s] -- Set runtime path of "/home/lucasjko/sdfr_ws/install/ball_detection_message/lib/libball_detection_message__rosidl_typesupport_introspection_c.so" to ""
[3.881s] -- Installing: /home/lucasjko/sdfr_ws/install/ball_detection_message/lib/libball_detection_message__rosidl_typesupport_c.so
[3.881s] -- Set runtime path of "/home/lucasjko/sdfr_ws/install/ball_detection_message/lib/libball_detection_message__rosidl_typesupport_c.so" to ""
[3.881s] -- Up-to-date: /home/lucasjko/sdfr_ws/install/ball_detection_message/include/ball_detection_message/ball_detection_message
[3.881s] -- Up-to-date: /home/lucasjko/sdfr_ws/install/ball_detection_message/include/ball_detection_message/ball_detection_message/msg
[3.882s] -- Installing: /home/lucasjko/sdfr_ws/install/ball_detection_message/include/ball_detection_message/ball_detection_message/msg/ball_output.hpp
[3.882s] -- Up-to-date: /home/lucasjko/sdfr_ws/install/ball_detection_message/include/ball_detection_message/ball_detection_message/msg/detail
[3.882s] -- Installing: /home/lucasjko/sdfr_ws/install/ball_detection_message/include/ball_detection_message/ball_detection_message/msg/detail/ball_output__struct.hpp
[3.882s] -- Installing: /home/lucasjko/sdfr_ws/install/ball_detection_message/include/ball_detection_message/ball_detection_message/msg/detail/ball_output__traits.hpp
[3.882s] -- Installing: /home/lucasjko/sdfr_ws/install/ball_detection_message/include/ball_detection_message/ball_detection_message/msg/detail/ball_output__builder.hpp
[3.882s] -- Up-to-date: /home/lucasjko/sdfr_ws/install/ball_detection_message/include/ball_detection_message/ball_detection_message
[3.883s] -- Up-to-date: /home/lucasjko/sdfr_ws/install/ball_detection_message/include/ball_detection_message/ball_detection_message/msg
[3.883s] -- Installing: /home/lucasjko/sdfr_ws/install/ball_detection_message/include/ball_detection_message/ball_detection_message/msg/rosidl_typesupport_fastrtps_cpp__visibility_control.h
[3.883s] -- Up-to-date: /home/lucasjko/sdfr_ws/install/ball_detection_message/include/ball_detection_message/ball_detection_message/msg/detail
[3.883s] -- Installing: /home/lucasjko/sdfr_ws/install/ball_detection_message/include/ball_detection_message/ball_detection_message/msg/detail/dds_fastrtps
[3.883s] -- Installing: /home/lucasjko/sdfr_ws/install/ball_detection_message/include/ball_detection_message/ball_detection_message/msg/detail/ball_output__rosidl_typesupport_fastrtps_cpp.hpp
[3.883s] -- Installing: /home/lucasjko/sdfr_ws/install/ball_detection_message/lib/libball_detection_message__rosidl_typesupport_fastrtps_cpp.so
[3.883s] -- Set runtime path of "/home/lucasjko/sdfr_ws/install/ball_detection_message/lib/libball_detection_message__rosidl_typesupport_fastrtps_cpp.so" to ""
[3.884s] -- Up-to-date: /home/lucasjko/sdfr_ws/install/ball_detection_message/include/ball_detection_message/ball_detection_message
[3.884s] -- Up-to-date: /home/lucasjko/sdfr_ws/install/ball_detection_message/include/ball_detection_message/ball_detection_message/msg
[3.884s] -- Up-to-date: /home/lucasjko/sdfr_ws/install/ball_detection_message/include/ball_detection_message/ball_detection_message/msg/detail
[3.884s] -- Installing: /home/lucasjko/sdfr_ws/install/ball_detection_message/include/ball_detection_message/ball_detection_message/msg/detail/ball_output__type_support.cpp
[3.884s] -- Installing: /home/lucasjko/sdfr_ws/install/ball_detection_message/include/ball_detection_message/ball_detection_message/msg/detail/ball_output__rosidl_typesupport_introspection_cpp.hpp
[3.884s] -- Installing: /home/lucasjko/sdfr_ws/install/ball_detection_message/lib/libball_detection_message__rosidl_typesupport_introspection_cpp.so
[3.884s] -- Set runtime path of "/home/lucasjko/sdfr_ws/install/ball_detection_message/lib/libball_detection_message__rosidl_typesupport_introspection_cpp.so" to ""
[3.885s] -- Installing: /home/lucasjko/sdfr_ws/install/ball_detection_message/lib/libball_detection_message__rosidl_typesupport_cpp.so
[3.885s] -- Set runtime path of "/home/lucasjko/sdfr_ws/install/ball_detection_message/lib/libball_detection_message__rosidl_typesupport_cpp.so" to ""
[3.885s] -- Installing: /home/lucasjko/sdfr_ws/install/ball_detection_message/share/ball_detection_message/environment/pythonpath.sh
[3.885s] -- Installing: /home/lucasjko/sdfr_ws/install/ball_detection_message/share/ball_detection_message/environment/pythonpath.dsv
[3.885s] -- Installing: /home/lucasjko/sdfr_ws/install/ball_detection_message/local/lib/python3.10/dist-packages/ball_detection_message-1.0.0-py3.10.egg-info
[3.886s] -- Installing: /home/lucasjko/sdfr_ws/install/ball_detection_message/local/lib/python3.10/dist-packages/ball_detection_message-1.0.0-py3.10.egg-info/PKG-INFO
[3.886s] -- Installing: /home/lucasjko/sdfr_ws/install/ball_detection_message/local/lib/python3.10/dist-packages/ball_detection_message-1.0.0-py3.10.egg-info/dependency_links.txt
[3.886s] -- Installing: /home/lucasjko/sdfr_ws/install/ball_detection_message/local/lib/python3.10/dist-packages/ball_detection_message-1.0.0-py3.10.egg-info/SOURCES.txt
[3.886s] -- Installing: /home/lucasjko/sdfr_ws/install/ball_detection_message/local/lib/python3.10/dist-packages/ball_detection_message-1.0.0-py3.10.egg-info/top_level.txt
[3.886s] -- Installing: /home/lucasjko/sdfr_ws/install/ball_detection_message/local/lib/python3.10/dist-packages/ball_detection_message
[3.886s] -- Installing: /home/lucasjko/sdfr_ws/install/ball_detection_message/local/lib/python3.10/dist-packages/ball_detection_message/ball_detection_message_s__rosidl_typesupport_fastrtps_c.cpython-310-x86_64-linux-gnu.so
[3.886s] -- Installing: /home/lucasjko/sdfr_ws/install/ball_detection_message/local/lib/python3.10/dist-packages/ball_detection_message/__init__.py
[3.887s] -- Installing: /home/lucasjko/sdfr_ws/install/ball_detection_message/local/lib/python3.10/dist-packages/ball_detection_message/ball_detection_message_s__rosidl_typesupport_introspection_c.cpython-310-x86_64-linux-gnu.so
[3.887s] -- Installing: /home/lucasjko/sdfr_ws/install/ball_detection_message/local/lib/python3.10/dist-packages/ball_detection_message/_ball_detection_message_s.ep.rosidl_typesupport_introspection_c.c
[3.887s] -- Installing: /home/lucasjko/sdfr_ws/install/ball_detection_message/local/lib/python3.10/dist-packages/ball_detection_message/_ball_detection_message_s.ep.rosidl_typesupport_c.c
[3.887s] -- Installing: /home/lucasjko/sdfr_ws/install/ball_detection_message/local/lib/python3.10/dist-packages/ball_detection_message/ball_detection_message_s__rosidl_typesupport_c.cpython-310-x86_64-linux-gnu.so
[3.887s] -- Installing: /home/lucasjko/sdfr_ws/install/ball_detection_message/local/lib/python3.10/dist-packages/ball_detection_message/libball_detection_message__rosidl_generator_py.so
[3.887s] -- Installing: /home/lucasjko/sdfr_ws/install/ball_detection_message/local/lib/python3.10/dist-packages/ball_detection_message/msg
[3.888s] -- Installing: /home/lucasjko/sdfr_ws/install/ball_detection_message/local/lib/python3.10/dist-packages/ball_detection_message/msg/__init__.py
[3.888s] -- Installing: /home/lucasjko/sdfr_ws/install/ball_detection_message/local/lib/python3.10/dist-packages/ball_detection_message/msg/_ball_output.py
[3.888s] -- Installing: /home/lucasjko/sdfr_ws/install/ball_detection_message/local/lib/python3.10/dist-packages/ball_detection_message/msg/_ball_output_s.c
[3.888s] -- Installing: /home/lucasjko/sdfr_ws/install/ball_detection_message/local/lib/python3.10/dist-packages/ball_detection_message/_ball_detection_message_s.ep.rosidl_typesupport_fastrtps_c.c
[3.920s] Listing '/home/lucasjko/sdfr_ws/install/ball_detection_message/local/lib/python3.10/dist-packages/ball_detection_message'...
[3.920s] Compiling '/home/lucasjko/sdfr_ws/install/ball_detection_message/local/lib/python3.10/dist-packages/ball_detection_message/__init__.py'...
[3.920s] Listing '/home/lucasjko/sdfr_ws/install/ball_detection_message/local/lib/python3.10/dist-packages/ball_detection_message/msg'...
[3.920s] Compiling '/home/lucasjko/sdfr_ws/install/ball_detection_message/local/lib/python3.10/dist-packages/ball_detection_message/msg/__init__.py'...
[3.920s] Compiling '/home/lucasjko/sdfr_ws/install/ball_detection_message/local/lib/python3.10/dist-packages/ball_detection_message/msg/_ball_output.py'...
[3.924s] -- Installing: /home/lucasjko/sdfr_ws/install/ball_detection_message/local/lib/python3.10/dist-packages/ball_detection_message/ball_detection_message_s__rosidl_typesupport_fastrtps_c.cpython-310-x86_64-linux-gnu.so
[3.924s] -- Set runtime path of "/home/lucasjko/sdfr_ws/install/ball_detection_message/local/lib/python3.10/dist-packages/ball_detection_message/ball_detection_message_s__rosidl_typesupport_fastrtps_c.cpython-310-x86_64-linux-gnu.so" to ""
[3.924s] -- Installing: /home/lucasjko/sdfr_ws/install/ball_detection_message/local/lib/python3.10/dist-packages/ball_detection_message/ball_detection_message_s__rosidl_typesupport_introspection_c.cpython-310-x86_64-linux-gnu.so
[3.925s] -- Set runtime path of "/home/lucasjko/sdfr_ws/install/ball_detection_message/local/lib/python3.10/dist-packages/ball_detection_message/ball_detection_message_s__rosidl_typesupport_introspection_c.cpython-310-x86_64-linux-gnu.so" to ""
[3.925s] -- Installing: /home/lucasjko/sdfr_ws/install/ball_detection_message/local/lib/python3.10/dist-packages/ball_detection_message/ball_detection_message_s__rosidl_typesupport_c.cpython-310-x86_64-linux-gnu.so
[3.926s] -- Set runtime path of "/home/lucasjko/sdfr_ws/install/ball_detection_message/local/lib/python3.10/dist-packages/ball_detection_message/ball_detection_message_s__rosidl_typesupport_c.cpython-310-x86_64-linux-gnu.so" to ""
[3.926s] -- Installing: /home/lucasjko/sdfr_ws/install/ball_detection_message/lib/libball_detection_message__rosidl_generator_py.so
[3.926s] -- Set runtime path of "/home/lucasjko/sdfr_ws/install/ball_detection_message/lib/libball_detection_message__rosidl_generator_py.so" to ""
[3.926s] -- Installing: /home/lucasjko/sdfr_ws/install/ball_detection_message/share/ball_detection_message/msg/BallOutput.idl
[3.926s] -- Installing: /home/lucasjko/sdfr_ws/install/ball_detection_message/share/ball_detection_message/msg/BallOutput.msg
[3.927s] -- Installing: /home/lucasjko/sdfr_ws/install/ball_detection_message/share/ament_index/resource_index/package_run_dependencies/ball_detection_message
[3.927s] -- Installing: /home/lucasjko/sdfr_ws/install/ball_detection_message/share/ament_index/resource_index/parent_prefix_path/ball_detection_message
[3.927s] -- Installing: /home/lucasjko/sdfr_ws/install/ball_detection_message/share/ball_detection_message/environment/ament_prefix_path.sh
[3.927s] -- Installing: /home/lucasjko/sdfr_ws/install/ball_detection_message/share/ball_detection_message/environment/ament_prefix_path.dsv
[3.927s] -- Installing: /home/lucasjko/sdfr_ws/install/ball_detection_message/share/ball_detection_message/environment/path.sh
[3.928s] -- Installing: /home/lucasjko/sdfr_ws/install/ball_detection_message/share/ball_detection_message/environment/path.dsv
[3.928s] -- Installing: /home/lucasjko/sdfr_ws/install/ball_detection_message/share/ball_detection_message/local_setup.bash
[3.928s] -- Installing: /home/lucasjko/sdfr_ws/install/ball_detection_message/share/ball_detection_message/local_setup.sh
[3.928s] -- Installing: /home/lucasjko/sdfr_ws/install/ball_detection_message/share/ball_detection_message/local_setup.zsh
[3.928s] -- Installing: /home/lucasjko/sdfr_ws/install/ball_detection_message/share/ball_detection_message/local_setup.dsv
[3.928s] -- Installing: /home/lucasjko/sdfr_ws/install/ball_detection_message/share/ball_detection_message/package.dsv
[3.929s] -- Installing: /home/lucasjko/sdfr_ws/install/ball_detection_message/share/ament_index/resource_index/packages/ball_detection_message
[3.929s] -- Installing: /home/lucasjko/sdfr_ws/install/ball_detection_message/share/ball_detection_message/cmake/export_ball_detection_message__rosidl_generator_cExport.cmake
[3.929s] -- Installing: /home/lucasjko/sdfr_ws/install/ball_detection_message/share/ball_detection_message/cmake/export_ball_detection_message__rosidl_generator_cExport-noconfig.cmake
[3.929s] -- Installing: /home/lucasjko/sdfr_ws/install/ball_detection_message/share/ball_detection_message/cmake/export_ball_detection_message__rosidl_typesupport_fastrtps_cExport.cmake
[3.929s] -- Installing: /home/lucasjko/sdfr_ws/install/ball_detection_message/share/ball_detection_message/cmake/export_ball_detection_message__rosidl_typesupport_fastrtps_cExport-noconfig.cmake
[3.929s] -- Installing: /home/lucasjko/sdfr_ws/install/ball_detection_message/share/ball_detection_message/cmake/ball_detection_message__rosidl_typesupport_introspection_cExport.cmake
[3.930s] -- Installing: /home/lucasjko/sdfr_ws/install/ball_detection_message/share/ball_detection_message/cmake/ball_detection_message__rosidl_typesupport_introspection_cExport-noconfig.cmake
[3.930s] -- Installing: /home/lucasjko/sdfr_ws/install/ball_detection_message/share/ball_detection_message/cmake/ball_detection_message__rosidl_typesupport_cExport.cmake
[3.930s] -- Installing: /home/lucasjko/sdfr_ws/install/ball_detection_message/share/ball_detection_message/cmake/ball_detection_message__rosidl_typesupport_cExport-noconfig.cmake
[3.930s] -- Installing: /home/lucasjko/sdfr_ws/install/ball_detection_message/share/ball_detection_message/cmake/export_ball_detection_message__rosidl_generator_cppExport.cmake
[3.930s] -- Installing: /home/lucasjko/sdfr_ws/install/ball_detection_message/share/ball_detection_message/cmake/export_ball_detection_message__rosidl_typesupport_fastrtps_cppExport.cmake
[3.931s] -- Installing: /home/lucasjko/sdfr_ws/install/ball_detection_message/share/ball_detection_message/cmake/export_ball_detection_message__rosidl_typesupport_fastrtps_cppExport-noconfig.cmake
[3.931s] -- Installing: /home/lucasjko/sdfr_ws/install/ball_detection_message/share/ball_detection_message/cmake/ball_detection_message__rosidl_typesupport_introspection_cppExport.cmake
[3.931s] -- Installing: /home/lucasjko/sdfr_ws/install/ball_detection_message/share/ball_detection_message/cmake/ball_detection_message__rosidl_typesupport_introspection_cppExport-noconfig.cmake
[3.931s] -- Installing: /home/lucasjko/sdfr_ws/install/ball_detection_message/share/ball_detection_message/cmake/ball_detection_message__rosidl_typesupport_cppExport.cmake
[3.931s] -- Installing: /home/lucasjko/sdfr_ws/install/ball_detection_message/share/ball_detection_message/cmake/ball_detection_message__rosidl_typesupport_cppExport-noconfig.cmake
[3.932s] -- Installing: /home/lucasjko/sdfr_ws/install/ball_detection_message/share/ball_detection_message/cmake/export_ball_detection_message__rosidl_generator_pyExport.cmake
[3.932s] -- Installing: /home/lucasjko/sdfr_ws/install/ball_detection_message/share/ball_detection_message/cmake/export_ball_detection_message__rosidl_generator_pyExport-noconfig.cmake
[3.932s] -- Installing: /home/lucasjko/sdfr_ws/install/ball_detection_message/share/ball_detection_message/cmake/rosidl_cmake-extras.cmake
[3.932s] -- Installing: /home/lucasjko/sdfr_ws/install/ball_detection_message/share/ball_detection_message/cmake/ament_cmake_export_include_directories-extras.cmake
[3.932s] -- Installing: /home/lucasjko/sdfr_ws/install/ball_detection_message/share/ball_detection_message/cmake/ament_cmake_export_libraries-extras.cmake
[3.932s] -- Installing: /home/lucasjko/sdfr_ws/install/ball_detection_message/share/ball_detection_message/cmake/ament_cmake_export_targets-extras.cmake
[3.933s] -- Installing: /home/lucasjko/sdfr_ws/install/ball_detection_message/share/ball_detection_message/cmake/rosidl_cmake_export_typesupport_targets-extras.cmake
[3.933s] -- Installing: /home/lucasjko/sdfr_ws/install/ball_detection_message/share/ball_detection_message/cmake/ament_cmake_export_dependencies-extras.cmake
[3.933s] -- Installing: /home/lucasjko/sdfr_ws/install/ball_detection_message/share/ball_detection_message/cmake/rosidl_cmake_export_typesupport_libraries-extras.cmake
[3.933s] -- Installing: /home/lucasjko/sdfr_ws/install/ball_detection_message/share/ball_detection_message/cmake/ball_detection_messageConfig.cmake
[3.933s] -- Installing: /home/lucasjko/sdfr_ws/install/ball_detection_message/share/ball_detection_message/cmake/ball_detection_messageConfig-version.cmake
[3.934s] -- Installing: /home/lucasjko/sdfr_ws/install/ball_detection_message/share/ball_detection_message/package.xml
[3.936s] Invoked command in '/home/lucasjko/sdfr_ws/build/ball_detection_message' returned '0': CMAKE_PREFIX_PATH=${CMAKE_PREFIX_PATH}:/opt/ros/humble /usr/bin/cmake --install /home/lucasjko/sdfr_ws/build/ball_detection_message
