[0.014s] Invoking command in '/home/lucasjko/sdfr_ws/build/ball_detection': CMAKE_PREFIX_PATH=/home/lucasjko/sdfr_ws/install/image_functions_sdfr:/home/lucasjko/sdfr_ws/install/ball_detection_message:/home/lucasjko/sdfr_ws/install/ros2_introduction:/home/lucasjko/sdfr_ws/install/ros2_introduction_message:/home/lucasjko/sdfr_ws/install/ball_detection:/opt/ros/humble LD_LIBRARY_PATH=/home/lucasjko/sdfr_ws/install/image_functions_sdfr/lib:/home/lucasjko/sdfr_ws/install/ball_detection_message/lib:/home/lucasjko/sdfr_ws/install/ros2_introduction_message/lib:/opt/ros/humble/opt/rviz_ogre_vendor/lib:/opt/ros/humble/lib/x86_64-linux-gnu:/opt/ros/humble/lib /usr/bin/cmake --build /home/lucasjko/sdfr_ws/build/ball_detection -- -j8 -l8
[0.034s] -- Found ament_cmake: 1.3.8 (/opt/ros/humble/share/ament_cmake/cmake)
[0.146s] -- Found rclcpp: 16.0.8 (/opt/ros/humble/share/rclcpp/cmake)
[0.172s] -- Found rosidl_generator_c: 3.1.5 (/opt/ros/humble/share/rosidl_generator_c/cmake)
[0.175s] -- Found rosidl_adapter: 3.1.5 (/opt/ros/humble/share/rosidl_adapter/cmake)
[0.180s] -- Found rosidl_generator_cpp: 3.1.5 (/opt/ros/humble/share/rosidl_generator_cpp/cmake)
[0.190s] -- Using all available rosidl_typesupport_c: rosidl_typesupport_fastrtps_c;rosidl_typesupport_introspection_c
[0.205s] -- Using all available rosidl_typesupport_cpp: rosidl_typesupport_fastrtps_cpp;rosidl_typesupport_introspection_cpp
[0.259s] -- Found rmw_implementation_cmake: 6.1.1 (/opt/ros/humble/share/rmw_implementation_cmake/cmake)
[0.260s] -- Found rmw_fastrtps_cpp: 6.2.6 (/opt/ros/humble/share/rmw_fastrtps_cpp/cmake)
[0.371s] -- Using RMW implementation 'rmw_fastrtps_cpp' as default
[0.523s] -- Found sensor_msgs: 4.2.3 (/opt/ros/humble/share/sensor_msgs/cmake)
[0.640s] -- Found image_functions_sdfr: 2.1.0 (/home/lucasjko/sdfr_ws/install/image_functions_sdfr/share/image_functions_sdfr/cmake)
[0.645s] [31mCMake Error at /opt/ros/humble/share/ament_cmake_target_dependencies/cmake/ament_target_dependencies.cmake:77 (message):
[0.645s]   ament_target_dependencies() the passed package name
[0.645s]   'ball_detection_message' was not found before
[0.645s] Call Stack (most recent call first):
[0.645s]   CMakeLists.txt:41 (ament_target_dependencies)
[0.645s] 
[0.645s] [0m
[0.645s] -- Configuring incomplete, errors occurred!
[0.645s] See also "/home/lucasjko/sdfr_ws/build/ball_detection/CMakeFiles/CMakeOutput.log".
[0.650s] gmake: *** [Makefile:226: cmake_check_build_system] Error 1
[0.652s] Invoked command in '/home/lucasjko/sdfr_ws/build/ball_detection' returned '2': CMAKE_PREFIX_PATH=/home/lucasjko/sdfr_ws/install/image_functions_sdfr:/home/lucasjko/sdfr_ws/install/ball_detection_message:/home/lucasjko/sdfr_ws/install/ros2_introduction:/home/lucasjko/sdfr_ws/install/ros2_introduction_message:/home/lucasjko/sdfr_ws/install/ball_detection:/opt/ros/humble LD_LIBRARY_PATH=/home/lucasjko/sdfr_ws/install/image_functions_sdfr/lib:/home/lucasjko/sdfr_ws/install/ball_detection_message/lib:/home/lucasjko/sdfr_ws/install/ros2_introduction_message/lib:/opt/ros/humble/opt/rviz_ogre_vendor/lib:/opt/ros/humble/lib/x86_64-linux-gnu:/opt/ros/humble/lib /usr/bin/cmake --build /home/lucasjko/sdfr_ws/build/ball_detection -- -j8 -l8
