[0.015s] Invoking command in '/home/lucasjko/sdfr_ws/build/ros2_introduction': CMAKE_PREFIX_PATH=/home/lucasjko/sdfr_ws/install/ros2_introduction_message:/home/lucasjko/sdfr_ws/install/image_functions_sdfr:/home/lucasjko/sdfr_ws/install/ros2_introduction:/home/lucasjko/sdfr_ws/install/ball_detection:/home/lucasjko/sdfr_ws/install/ball_detection_message:/opt/ros/humble /usr/bin/cmake --build /home/lucasjko/sdfr_ws/build/ros2_introduction -- -j8 -l8
[0.056s] [35m[1mConsolidate compiler generated dependencies of target brightness_detection_message[0m
[0.068s] [ 50%] Built target brightness_detection
[0.074s] [ 75%] [32mBuilding CXX object CMakeFiles/brightness_detection_message.dir/src/brightness_detection_message.cpp.o[0m
[7.792s] [100%] [32m[1mLinking CXX executable brightness_detection_message[0m
[8.207s] [100%] Built target brightness_detection_message
[8.218s] Invoked command in '/home/lucasjko/sdfr_ws/build/ros2_introduction' returned '0': CMAKE_PREFIX_PATH=/home/lucasjko/sdfr_ws/install/ros2_introduction_message:/home/lucasjko/sdfr_ws/install/image_functions_sdfr:/home/lucasjko/sdfr_ws/install/ros2_introduction:/home/lucasjko/sdfr_ws/install/ball_detection:/home/lucasjko/sdfr_ws/install/ball_detection_message:/opt/ros/humble /usr/bin/cmake --build /home/lucasjko/sdfr_ws/build/ros2_introduction -- -j8 -l8
[8.258s] Invoking command in '/home/lucasjko/sdfr_ws/build/ros2_introduction': CMAKE_PREFIX_PATH=/home/lucasjko/sdfr_ws/install/ros2_introduction_message:/home/lucasjko/sdfr_ws/install/image_functions_sdfr:/home/lucasjko/sdfr_ws/install/ros2_introduction:/home/lucasjko/sdfr_ws/install/ball_detection:/home/lucasjko/sdfr_ws/install/ball_detection_message:/opt/ros/humble /usr/bin/cmake --install /home/lucasjko/sdfr_ws/build/ros2_introduction
[8.266s] -- Install configuration: ""
[8.266s] -- Up-to-date: /home/lucasjko/sdfr_ws/install/ros2_introduction/lib/ros2_introduction/brightness_detection
[8.266s] -- Installing: /home/lucasjko/sdfr_ws/install/ros2_introduction/lib/ros2_introduction/brightness_detection_message
[8.272s] -- Set runtime path of "/home/lucasjko/sdfr_ws/install/ros2_introduction/lib/ros2_introduction/brightness_detection_message" to ""
[8.272s] -- Up-to-date: /home/lucasjko/sdfr_ws/install/ros2_introduction/share/ament_index/resource_index/package_run_dependencies/ros2_introduction
[8.272s] -- Up-to-date: /home/lucasjko/sdfr_ws/install/ros2_introduction/share/ament_index/resource_index/parent_prefix_path/ros2_introduction
[8.272s] -- Up-to-date: /home/lucasjko/sdfr_ws/install/ros2_introduction/share/ros2_introduction/environment/ament_prefix_path.sh
[8.272s] -- Up-to-date: /home/lucasjko/sdfr_ws/install/ros2_introduction/share/ros2_introduction/environment/ament_prefix_path.dsv
[8.272s] -- Up-to-date: /home/lucasjko/sdfr_ws/install/ros2_introduction/share/ros2_introduction/environment/path.sh
[8.272s] -- Up-to-date: /home/lucasjko/sdfr_ws/install/ros2_introduction/share/ros2_introduction/environment/path.dsv
[8.273s] -- Up-to-date: /home/lucasjko/sdfr_ws/install/ros2_introduction/share/ros2_introduction/local_setup.bash
[8.273s] -- Up-to-date: /home/lucasjko/sdfr_ws/install/ros2_introduction/share/ros2_introduction/local_setup.sh
[8.273s] -- Up-to-date: /home/lucasjko/sdfr_ws/install/ros2_introduction/share/ros2_introduction/local_setup.zsh
[8.273s] -- Up-to-date: /home/lucasjko/sdfr_ws/install/ros2_introduction/share/ros2_introduction/local_setup.dsv
[8.273s] -- Installing: /home/lucasjko/sdfr_ws/install/ros2_introduction/share/ros2_introduction/package.dsv
[8.273s] -- Up-to-date: /home/lucasjko/sdfr_ws/install/ros2_introduction/share/ament_index/resource_index/packages/ros2_introduction
[8.273s] -- Up-to-date: /home/lucasjko/sdfr_ws/install/ros2_introduction/share/ros2_introduction/cmake/ros2_introductionConfig.cmake
[8.273s] -- Up-to-date: /home/lucasjko/sdfr_ws/install/ros2_introduction/share/ros2_introduction/cmake/ros2_introductionConfig-version.cmake
[8.273s] -- Up-to-date: /home/lucasjko/sdfr_ws/install/ros2_introduction/share/ros2_introduction/package.xml
[8.274s] Invoked command in '/home/lucasjko/sdfr_ws/build/ros2_introduction' returned '0': CMAKE_PREFIX_PATH=/home/lucasjko/sdfr_ws/install/ros2_introduction_message:/home/lucasjko/sdfr_ws/install/image_functions_sdfr:/home/lucasjko/sdfr_ws/install/ros2_introduction:/home/lucasjko/sdfr_ws/install/ball_detection:/home/lucasjko/sdfr_ws/install/ball_detection_message:/opt/ros/humble /usr/bin/cmake --install /home/lucasjko/sdfr_ws/build/ros2_introduction
