[0.008s] Invoking command in '/home/lucasjko/sdfr_ws/build/image_functions_sdfr': CMAKE_PREFIX_PATH=/opt/ros/humble /usr/bin/cmake /home/lucasjko/sdfr_ws/src/image_functions_sdfr -DCMAKE_INSTALL_PREFIX=/home/lucasjko/sdfr_ws/install/image_functions_sdfr
[0.053s] -- The C compiler identification is GNU 11.4.0
[0.101s] -- The CXX compiler identification is GNU 11.4.0
[0.107s] -- Detecting C compiler ABI info
[0.164s] -- Detecting C compiler ABI info - done
[0.171s] -- Check for working C compiler: /usr/bin/cc - skipped
[0.171s] -- Detecting C compile features
[0.171s] -- Detecting C compile features - done
[0.174s] -- Detecting CXX compiler ABI info
[0.240s] -- Detecting CXX compiler ABI info - done
[0.247s] -- Check for working CXX compiler: /usr/bin/c++ - skipped
[0.247s] -- Detecting CXX compile features
[0.248s] -- Detecting CXX compile features - done
[0.249s] -- Found ament_cmake: 1.3.8 (/opt/ros/humble/share/ament_cmake/cmake)
[0.374s] -- Found Python3: /usr/bin/python3 (found version "3.10.12") found components: Interpreter 
[0.448s] -- Found ament_cmake_ros: 0.10.0 (/opt/ros/humble/share/ament_cmake_ros/cmake)
[0.457s] -- Found rclcpp: 16.0.8 (/opt/ros/humble/share/rclcpp/cmake)
[0.491s] -- Found rosidl_generator_c: 3.1.5 (/opt/ros/humble/share/rosidl_generator_c/cmake)
[0.495s] -- Found rosidl_adapter: 3.1.5 (/opt/ros/humble/share/rosidl_adapter/cmake)
[0.501s] -- Found rosidl_generator_cpp: 3.1.5 (/opt/ros/humble/share/rosidl_generator_cpp/cmake)
[0.513s] -- Using all available rosidl_typesupport_c: rosidl_typesupport_fastrtps_c;rosidl_typesupport_introspection_c
[0.530s] -- Using all available rosidl_typesupport_cpp: rosidl_typesupport_fastrtps_cpp;rosidl_typesupport_introspection_cpp
[0.590s] -- Found rmw_implementation_cmake: 6.1.1 (/opt/ros/humble/share/rmw_implementation_cmake/cmake)
[0.592s] -- Found rmw_fastrtps_cpp: 6.2.6 (/opt/ros/humble/share/rmw_fastrtps_cpp/cmake)
[0.673s] -- Found OpenSSL: /usr/lib/x86_64-linux-gnu/libcrypto.so (found version "3.0.2")  
[0.694s] -- Found FastRTPS: /opt/ros/humble/include  
[0.735s] -- Using RMW implementation 'rmw_fastrtps_cpp' as default
[0.743s] -- Looking for pthread.h
[0.803s] -- Looking for pthread.h - found
[0.803s] -- Performing Test CMAKE_HAVE_LIBC_PTHREAD
[0.865s] -- Performing Test CMAKE_HAVE_LIBC_PTHREAD - Success
[0.866s] -- Found Threads: TRUE  
[1.011s] -- Found sensor_msgs: 4.2.3 (/opt/ros/humble/share/sensor_msgs/cmake)
[1.188s] -- Configuring done
[1.197s] -- Generating done
[1.199s] -- Build files have been written to: /home/lucasjko/sdfr_ws/build/image_functions_sdfr
[1.207s] Invoked command in '/home/lucasjko/sdfr_ws/build/image_functions_sdfr' returned '0': CMAKE_PREFIX_PATH=/opt/ros/humble /usr/bin/cmake /home/lucasjko/sdfr_ws/src/image_functions_sdfr -DCMAKE_INSTALL_PREFIX=/home/lucasjko/sdfr_ws/install/image_functions_sdfr
[1.208s] Invoking command in '/home/lucasjko/sdfr_ws/build/image_functions_sdfr': CMAKE_PREFIX_PATH=/opt/ros/humble /usr/bin/cmake --build /home/lucasjko/sdfr_ws/build/image_functions_sdfr -- -j8 -l8
[1.250s] [ 50%] [32mBuilding CXX object CMakeFiles/image_functions.dir/src/image_functions.cpp.o[0m
[3.585s] [100%] [32m[1mLinking CXX shared library libimage_functions.so[0m
[3.687s] [100%] Built target image_functions
[3.697s] Invoked command in '/home/lucasjko/sdfr_ws/build/image_functions_sdfr' returned '0': CMAKE_PREFIX_PATH=/opt/ros/humble /usr/bin/cmake --build /home/lucasjko/sdfr_ws/build/image_functions_sdfr -- -j8 -l8
[3.726s] Invoking command in '/home/lucasjko/sdfr_ws/build/image_functions_sdfr': CMAKE_PREFIX_PATH=/opt/ros/humble /usr/bin/cmake --install /home/lucasjko/sdfr_ws/build/image_functions_sdfr
[3.733s] -- Install configuration: ""
[3.733s] -- Installing: /home/lucasjko/sdfr_ws/install/image_functions_sdfr/include
[3.733s] -- Installing: /home/lucasjko/sdfr_ws/install/image_functions_sdfr/include/image_functions_sdfr
[3.733s] -- Installing: /home/lucasjko/sdfr_ws/install/image_functions_sdfr/include/image_functions_sdfr/visibility_control.h
[3.733s] -- Installing: /home/lucasjko/sdfr_ws/install/image_functions_sdfr/include/image_functions_sdfr/image_functions.hpp
[3.733s] -- Installing: /home/lucasjko/sdfr_ws/install/image_functions_sdfr/lib/libimage_functions.so
[3.734s] -- Set runtime path of "/home/lucasjko/sdfr_ws/install/image_functions_sdfr/lib/libimage_functions.so" to ""
[3.734s] -- Installing: /home/lucasjko/sdfr_ws/install/image_functions_sdfr/share/image_functions_sdfr/environment/library_path.sh
[3.734s] -- Installing: /home/lucasjko/sdfr_ws/install/image_functions_sdfr/share/image_functions_sdfr/environment/library_path.dsv
[3.734s] -- Installing: /home/lucasjko/sdfr_ws/install/image_functions_sdfr/share/ament_index/resource_index/package_run_dependencies/image_functions_sdfr
[3.734s] -- Installing: /home/lucasjko/sdfr_ws/install/image_functions_sdfr/share/ament_index/resource_index/parent_prefix_path/image_functions_sdfr
[3.734s] -- Installing: /home/lucasjko/sdfr_ws/install/image_functions_sdfr/share/image_functions_sdfr/environment/ament_prefix_path.sh
[3.735s] -- Installing: /home/lucasjko/sdfr_ws/install/image_functions_sdfr/share/image_functions_sdfr/environment/ament_prefix_path.dsv
[3.735s] -- Installing: /home/lucasjko/sdfr_ws/install/image_functions_sdfr/share/image_functions_sdfr/environment/path.sh
[3.735s] -- Installing: /home/lucasjko/sdfr_ws/install/image_functions_sdfr/share/image_functions_sdfr/environment/path.dsv
[3.735s] -- Installing: /home/lucasjko/sdfr_ws/install/image_functions_sdfr/share/image_functions_sdfr/local_setup.bash
[3.735s] -- Installing: /home/lucasjko/sdfr_ws/install/image_functions_sdfr/share/image_functions_sdfr/local_setup.sh
[3.735s] -- Installing: /home/lucasjko/sdfr_ws/install/image_functions_sdfr/share/image_functions_sdfr/local_setup.zsh
[3.735s] -- Installing: /home/lucasjko/sdfr_ws/install/image_functions_sdfr/share/image_functions_sdfr/local_setup.dsv
[3.735s] -- Installing: /home/lucasjko/sdfr_ws/install/image_functions_sdfr/share/image_functions_sdfr/package.dsv
[3.736s] -- Installing: /home/lucasjko/sdfr_ws/install/image_functions_sdfr/share/ament_index/resource_index/packages/image_functions_sdfr
[3.736s] -- Installing: /home/lucasjko/sdfr_ws/install/image_functions_sdfr/share/image_functions_sdfr/cmake/export_image_functions_sdfrExport.cmake
[3.736s] -- Installing: /home/lucasjko/sdfr_ws/install/image_functions_sdfr/share/image_functions_sdfr/cmake/export_image_functions_sdfrExport-noconfig.cmake
[3.736s] -- Installing: /home/lucasjko/sdfr_ws/install/image_functions_sdfr/share/image_functions_sdfr/cmake/ament_cmake_export_include_directories-extras.cmake
[3.736s] -- Installing: /home/lucasjko/sdfr_ws/install/image_functions_sdfr/share/image_functions_sdfr/cmake/ament_cmake_export_libraries-extras.cmake
[3.736s] -- Installing: /home/lucasjko/sdfr_ws/install/image_functions_sdfr/share/image_functions_sdfr/cmake/ament_cmake_export_targets-extras.cmake
[3.736s] -- Installing: /home/lucasjko/sdfr_ws/install/image_functions_sdfr/share/image_functions_sdfr/cmake/ament_cmake_export_dependencies-extras.cmake
[3.737s] -- Installing: /home/lucasjko/sdfr_ws/install/image_functions_sdfr/share/image_functions_sdfr/cmake/image_functions_sdfrConfig.cmake
[3.737s] -- Installing: /home/lucasjko/sdfr_ws/install/image_functions_sdfr/share/image_functions_sdfr/cmake/image_functions_sdfrConfig-version.cmake
[3.737s] -- Installing: /home/lucasjko/sdfr_ws/install/image_functions_sdfr/share/image_functions_sdfr/package.xml
[3.739s] Invoked command in '/home/lucasjko/sdfr_ws/build/image_functions_sdfr' returned '0': CMAKE_PREFIX_PATH=/opt/ros/humble /usr/bin/cmake --install /home/lucasjko/sdfr_ws/build/image_functions_sdfr
