[0.018s] Invoking command in '/home/lucasjko/sdfr_ws/build/motion_controller': CMAKE_PREFIX_PATH=/home/lucasjko/sdfr_ws/install/robot_image_messages:/home/lucasjko/sdfr_ws/install/image_functions_sdfr:/home/lucasjko/sdfr_ws/install/ros2_introduction:/home/lucasjko/sdfr_ws/install/motion_controller:/home/lucasjko/sdfr_ws/install/ball_detection:/opt/ros/humble /usr/bin/cmake --build /home/lucasjko/sdfr_ws/build/motion_controller -- -j8 -l8
[0.062s] [35m[1mConsolidate compiler generated dependencies of target bounding_box_controller[0m
[0.081s] [ 50%] Built target differential_drive_controller
[0.092s] [ 75%] [32mBuilding CXX object CMakeFiles/bounding_box_controller.dir/src/bounding_box_controller.cpp.o[0m
[10.386s] [100%] [32m[1mLinking CXX executable bounding_box_controller[0m
[10.922s] [100%] Built target bounding_box_controller
[10.933s] Invoked command in '/home/lucasjko/sdfr_ws/build/motion_controller' returned '0': CMAKE_PREFIX_PATH=/home/lucasjko/sdfr_ws/install/robot_image_messages:/home/lucasjko/sdfr_ws/install/image_functions_sdfr:/home/lucasjko/sdfr_ws/install/ros2_introduction:/home/lucasjko/sdfr_ws/install/motion_controller:/home/lucasjko/sdfr_ws/install/ball_detection:/opt/ros/humble /usr/bin/cmake --build /home/lucasjko/sdfr_ws/build/motion_controller -- -j8 -l8
[10.960s] Invoking command in '/home/lucasjko/sdfr_ws/build/motion_controller': CMAKE_PREFIX_PATH=/home/lucasjko/sdfr_ws/install/robot_image_messages:/home/lucasjko/sdfr_ws/install/image_functions_sdfr:/home/lucasjko/sdfr_ws/install/ros2_introduction:/home/lucasjko/sdfr_ws/install/motion_controller:/home/lucasjko/sdfr_ws/install/ball_detection:/opt/ros/humble /usr/bin/cmake --install /home/lucasjko/sdfr_ws/build/motion_controller
[10.967s] -- Install configuration: ""
[10.967s] -- Installing: /home/lucasjko/sdfr_ws/install/motion_controller/lib/motion_controller/bounding_box_controller
[10.975s] -- Set runtime path of "/home/lucasjko/sdfr_ws/install/motion_controller/lib/motion_controller/bounding_box_controller" to ""
[10.975s] -- Up-to-date: /home/lucasjko/sdfr_ws/install/motion_controller/lib/motion_controller/differential_drive_controller
[10.975s] -- Up-to-date: /home/lucasjko/sdfr_ws/install/motion_controller/share/motion_controller/launch
[10.975s] -- Up-to-date: /home/lucasjko/sdfr_ws/install/motion_controller/share/motion_controller/launch/start_robot.launch.py
[10.975s] -- Up-to-date: /home/lucasjko/sdfr_ws/install/motion_controller/share/ament_index/resource_index/package_run_dependencies/motion_controller
[10.975s] -- Up-to-date: /home/lucasjko/sdfr_ws/install/motion_controller/share/ament_index/resource_index/parent_prefix_path/motion_controller
[10.975s] -- Up-to-date: /home/lucasjko/sdfr_ws/install/motion_controller/share/motion_controller/environment/ament_prefix_path.sh
[10.975s] -- Up-to-date: /home/lucasjko/sdfr_ws/install/motion_controller/share/motion_controller/environment/ament_prefix_path.dsv
[10.975s] -- Up-to-date: /home/lucasjko/sdfr_ws/install/motion_controller/share/motion_controller/environment/path.sh
[10.976s] -- Up-to-date: /home/lucasjko/sdfr_ws/install/motion_controller/share/motion_controller/environment/path.dsv
[10.976s] -- Up-to-date: /home/lucasjko/sdfr_ws/install/motion_controller/share/motion_controller/local_setup.bash
[10.976s] -- Up-to-date: /home/lucasjko/sdfr_ws/install/motion_controller/share/motion_controller/local_setup.sh
[10.976s] -- Up-to-date: /home/lucasjko/sdfr_ws/install/motion_controller/share/motion_controller/local_setup.zsh
[10.976s] -- Up-to-date: /home/lucasjko/sdfr_ws/install/motion_controller/share/motion_controller/local_setup.dsv
[10.976s] -- Installing: /home/lucasjko/sdfr_ws/install/motion_controller/share/motion_controller/package.dsv
[10.976s] -- Up-to-date: /home/lucasjko/sdfr_ws/install/motion_controller/share/ament_index/resource_index/packages/motion_controller
[10.976s] -- Up-to-date: /home/lucasjko/sdfr_ws/install/motion_controller/share/motion_controller/cmake/motion_controllerConfig.cmake
[10.976s] -- Up-to-date: /home/lucasjko/sdfr_ws/install/motion_controller/share/motion_controller/cmake/motion_controllerConfig-version.cmake
[10.976s] -- Up-to-date: /home/lucasjko/sdfr_ws/install/motion_controller/share/motion_controller/package.xml
[10.978s] Invoked command in '/home/lucasjko/sdfr_ws/build/motion_controller' returned '0': CMAKE_PREFIX_PATH=/home/lucasjko/sdfr_ws/install/robot_image_messages:/home/lucasjko/sdfr_ws/install/image_functions_sdfr:/home/lucasjko/sdfr_ws/install/ros2_introduction:/home/lucasjko/sdfr_ws/install/motion_controller:/home/lucasjko/sdfr_ws/install/ball_detection:/opt/ros/humble /usr/bin/cmake --install /home/lucasjko/sdfr_ws/build/motion_controller
