[  2%] Built target robot_image_messages__cpp
[ 12%] Built target robot_image_messages__rosidl_generator_c
[ 12%] Built target ament_cmake_python_copy_robot_image_messages
[ 23%] Built target robot_image_messages__rosidl_typesupport_cpp
[ 33%] Built target robot_image_messages__rosidl_typesupport_fastrtps_c
[ 43%] Built target robot_image_messages__rosidl_typesupport_introspection_cpp
[ 53%] Built target robot_image_messages__rosidl_typesupport_c
[ 64%] Built target robot_image_messages__rosidl_typesupport_fastrtps_cpp
[ 74%] Built target robot_image_messages__rosidl_typesupport_introspection_c
[ 74%] Built target robot_image_messages
[ 76%] Built target robot_image_messages__py
[ 84%] Built target robot_image_messages__rosidl_generator_py
[ 89%] Built target robot_image_messages__rosidl_typesupport_introspection_c__pyext
[ 94%] Built target robot_image_messages__rosidl_typesupport_fastrtps_c__pyext
[100%] Built target robot_image_messages__rosidl_typesupport_c__pyext
running egg_info
writing robot_image_messages.egg-info/PKG-INFO
writing dependency_links to robot_image_messages.egg-info/dependency_links.txt
writing top-level names to robot_image_messages.egg-info/top_level.txt
reading manifest file 'robot_image_messages.egg-info/SOURCES.txt'
writing manifest file 'robot_image_messages.egg-info/SOURCES.txt'
[100%] Built target ament_cmake_python_build_robot_image_messages_egg
-- Install configuration: ""
-- Up-to-date: /home/lucasjko/sdfr_ws/install/robot_image_messages/share/ament_index/resource_index/rosidl_interfaces/robot_image_messages
-- Up-to-date: /home/lucasjko/sdfr_ws/install/robot_image_messages/include/robot_image_messages/robot_image_messages
-- Up-to-date: /home/lucasjko/sdfr_ws/install/robot_image_messages/include/robot_image_messages/robot_image_messages/msg
-- Up-to-date: /home/lucasjko/sdfr_ws/install/robot_image_messages/include/robot_image_messages/robot_image_messages/msg/brightness.h
-- Up-to-date: /home/lucasjko/sdfr_ws/install/robot_image_messages/include/robot_image_messages/robot_image_messages/msg/rosidl_generator_c__visibility_control.h
-- Up-to-date: /home/lucasjko/sdfr_ws/install/robot_image_messages/include/robot_image_messages/robot_image_messages/msg/detail
-- Up-to-date: /home/lucasjko/sdfr_ws/install/robot_image_messages/include/robot_image_messages/robot_image_messages/msg/detail/brightness__struct.h
-- Up-to-date: /home/lucasjko/sdfr_ws/install/robot_image_messages/include/robot_image_messages/robot_image_messages/msg/detail/brightness__type_support.h
-- Up-to-date: /home/lucasjko/sdfr_ws/install/robot_image_messages/include/robot_image_messages/robot_image_messages/msg/detail/ball_output__functions.h
-- Up-to-date: /home/lucasjko/sdfr_ws/install/robot_image_messages/include/robot_image_messages/robot_image_messages/msg/detail/brightness__functions.c
-- Up-to-date: /home/lucasjko/sdfr_ws/install/robot_image_messages/include/robot_image_messages/robot_image_messages/msg/detail/ball_output__functions.c
-- Up-to-date: /home/lucasjko/sdfr_ws/install/robot_image_messages/include/robot_image_messages/robot_image_messages/msg/detail/ball_output__type_support.h
-- Up-to-date: /home/lucasjko/sdfr_ws/install/robot_image_messages/include/robot_image_messages/robot_image_messages/msg/detail/brightness__functions.h
-- Up-to-date: /home/lucasjko/sdfr_ws/install/robot_image_messages/include/robot_image_messages/robot_image_messages/msg/detail/ball_output__struct.h
-- Up-to-date: /home/lucasjko/sdfr_ws/install/robot_image_messages/include/robot_image_messages/robot_image_messages/msg/ball_output.h
-- Up-to-date: /home/lucasjko/sdfr_ws/install/robot_image_messages/share/robot_image_messages/environment/library_path.sh
-- Up-to-date: /home/lucasjko/sdfr_ws/install/robot_image_messages/share/robot_image_messages/environment/library_path.dsv
-- Up-to-date: /home/lucasjko/sdfr_ws/install/robot_image_messages/lib/librobot_image_messages__rosidl_generator_c.so
-- Up-to-date: /home/lucasjko/sdfr_ws/install/robot_image_messages/include/robot_image_messages/robot_image_messages
-- Up-to-date: /home/lucasjko/sdfr_ws/install/robot_image_messages/include/robot_image_messages/robot_image_messages/msg
-- Up-to-date: /home/lucasjko/sdfr_ws/install/robot_image_messages/include/robot_image_messages/robot_image_messages/msg/rosidl_typesupport_fastrtps_c__visibility_control.h
-- Up-to-date: /home/lucasjko/sdfr_ws/install/robot_image_messages/include/robot_image_messages/robot_image_messages/msg/detail
-- Up-to-date: /home/lucasjko/sdfr_ws/install/robot_image_messages/include/robot_image_messages/robot_image_messages/msg/detail/brightness__rosidl_typesupport_fastrtps_c.h
-- Up-to-date: /home/lucasjko/sdfr_ws/install/robot_image_messages/include/robot_image_messages/robot_image_messages/msg/detail/ball_output__rosidl_typesupport_fastrtps_c.h
-- Up-to-date: /home/lucasjko/sdfr_ws/install/robot_image_messages/lib/librobot_image_messages__rosidl_typesupport_fastrtps_c.so
-- Up-to-date: /home/lucasjko/sdfr_ws/install/robot_image_messages/include/robot_image_messages/robot_image_messages
-- Up-to-date: /home/lucasjko/sdfr_ws/install/robot_image_messages/include/robot_image_messages/robot_image_messages/msg
-- Up-to-date: /home/lucasjko/sdfr_ws/install/robot_image_messages/include/robot_image_messages/robot_image_messages/msg/detail
-- Up-to-date: /home/lucasjko/sdfr_ws/install/robot_image_messages/include/robot_image_messages/robot_image_messages/msg/detail/brightness__rosidl_typesupport_introspection_c.h
-- Up-to-date: /home/lucasjko/sdfr_ws/install/robot_image_messages/include/robot_image_messages/robot_image_messages/msg/detail/brightness__type_support.c
-- Up-to-date: /home/lucasjko/sdfr_ws/install/robot_image_messages/include/robot_image_messages/robot_image_messages/msg/detail/ball_output__rosidl_typesupport_introspection_c.h
-- Up-to-date: /home/lucasjko/sdfr_ws/install/robot_image_messages/include/robot_image_messages/robot_image_messages/msg/detail/ball_output__type_support.c
-- Up-to-date: /home/lucasjko/sdfr_ws/install/robot_image_messages/include/robot_image_messages/robot_image_messages/msg/rosidl_typesupport_introspection_c__visibility_control.h
-- Up-to-date: /home/lucasjko/sdfr_ws/install/robot_image_messages/lib/librobot_image_messages__rosidl_typesupport_introspection_c.so
-- Up-to-date: /home/lucasjko/sdfr_ws/install/robot_image_messages/lib/librobot_image_messages__rosidl_typesupport_c.so
-- Up-to-date: /home/lucasjko/sdfr_ws/install/robot_image_messages/include/robot_image_messages/robot_image_messages
-- Up-to-date: /home/lucasjko/sdfr_ws/install/robot_image_messages/include/robot_image_messages/robot_image_messages/msg
-- Up-to-date: /home/lucasjko/sdfr_ws/install/robot_image_messages/include/robot_image_messages/robot_image_messages/msg/brightness.hpp
-- Up-to-date: /home/lucasjko/sdfr_ws/install/robot_image_messages/include/robot_image_messages/robot_image_messages/msg/ball_output.hpp
-- Up-to-date: /home/lucasjko/sdfr_ws/install/robot_image_messages/include/robot_image_messages/robot_image_messages/msg/detail
-- Up-to-date: /home/lucasjko/sdfr_ws/install/robot_image_messages/include/robot_image_messages/robot_image_messages/msg/detail/ball_output__struct.hpp
-- Up-to-date: /home/lucasjko/sdfr_ws/install/robot_image_messages/include/robot_image_messages/robot_image_messages/msg/detail/ball_output__traits.hpp
-- Up-to-date: /home/lucasjko/sdfr_ws/install/robot_image_messages/include/robot_image_messages/robot_image_messages/msg/detail/brightness__builder.hpp
-- Up-to-date: /home/lucasjko/sdfr_ws/install/robot_image_messages/include/robot_image_messages/robot_image_messages/msg/detail/brightness__struct.hpp
-- Up-to-date: /home/lucasjko/sdfr_ws/install/robot_image_messages/include/robot_image_messages/robot_image_messages/msg/detail/ball_output__builder.hpp
-- Up-to-date: /home/lucasjko/sdfr_ws/install/robot_image_messages/include/robot_image_messages/robot_image_messages/msg/detail/brightness__traits.hpp
-- Up-to-date: /home/lucasjko/sdfr_ws/install/robot_image_messages/include/robot_image_messages/robot_image_messages
-- Up-to-date: /home/lucasjko/sdfr_ws/install/robot_image_messages/include/robot_image_messages/robot_image_messages/msg
-- Up-to-date: /home/lucasjko/sdfr_ws/install/robot_image_messages/include/robot_image_messages/robot_image_messages/msg/rosidl_typesupport_fastrtps_cpp__visibility_control.h
-- Up-to-date: /home/lucasjko/sdfr_ws/install/robot_image_messages/include/robot_image_messages/robot_image_messages/msg/detail
-- Up-to-date: /home/lucasjko/sdfr_ws/install/robot_image_messages/include/robot_image_messages/robot_image_messages/msg/detail/brightness__rosidl_typesupport_fastrtps_cpp.hpp
-- Up-to-date: /home/lucasjko/sdfr_ws/install/robot_image_messages/include/robot_image_messages/robot_image_messages/msg/detail/dds_fastrtps
-- Up-to-date: /home/lucasjko/sdfr_ws/install/robot_image_messages/include/robot_image_messages/robot_image_messages/msg/detail/ball_output__rosidl_typesupport_fastrtps_cpp.hpp
-- Up-to-date: /home/lucasjko/sdfr_ws/install/robot_image_messages/lib/librobot_image_messages__rosidl_typesupport_fastrtps_cpp.so
-- Up-to-date: /home/lucasjko/sdfr_ws/install/robot_image_messages/include/robot_image_messages/robot_image_messages
-- Up-to-date: /home/lucasjko/sdfr_ws/install/robot_image_messages/include/robot_image_messages/robot_image_messages/msg
-- Up-to-date: /home/lucasjko/sdfr_ws/install/robot_image_messages/include/robot_image_messages/robot_image_messages/msg/detail
-- Up-to-date: /home/lucasjko/sdfr_ws/install/robot_image_messages/include/robot_image_messages/robot_image_messages/msg/detail/brightness__type_support.cpp
-- Up-to-date: /home/lucasjko/sdfr_ws/install/robot_image_messages/include/robot_image_messages/robot_image_messages/msg/detail/ball_output__type_support.cpp
-- Up-to-date: /home/lucasjko/sdfr_ws/install/robot_image_messages/include/robot_image_messages/robot_image_messages/msg/detail/brightness__rosidl_typesupport_introspection_cpp.hpp
-- Up-to-date: /home/lucasjko/sdfr_ws/install/robot_image_messages/include/robot_image_messages/robot_image_messages/msg/detail/ball_output__rosidl_typesupport_introspection_cpp.hpp
-- Up-to-date: /home/lucasjko/sdfr_ws/install/robot_image_messages/lib/librobot_image_messages__rosidl_typesupport_introspection_cpp.so
-- Up-to-date: /home/lucasjko/sdfr_ws/install/robot_image_messages/lib/librobot_image_messages__rosidl_typesupport_cpp.so
-- Up-to-date: /home/lucasjko/sdfr_ws/install/robot_image_messages/share/robot_image_messages/environment/pythonpath.sh
-- Up-to-date: /home/lucasjko/sdfr_ws/install/robot_image_messages/share/robot_image_messages/environment/pythonpath.dsv
-- Up-to-date: /home/lucasjko/sdfr_ws/install/robot_image_messages/local/lib/python3.10/dist-packages/robot_image_messages-1.0.0-py3.10.egg-info
-- Installing: /home/lucasjko/sdfr_ws/install/robot_image_messages/local/lib/python3.10/dist-packages/robot_image_messages-1.0.0-py3.10.egg-info/PKG-INFO
-- Installing: /home/lucasjko/sdfr_ws/install/robot_image_messages/local/lib/python3.10/dist-packages/robot_image_messages-1.0.0-py3.10.egg-info/dependency_links.txt
-- Installing: /home/lucasjko/sdfr_ws/install/robot_image_messages/local/lib/python3.10/dist-packages/robot_image_messages-1.0.0-py3.10.egg-info/SOURCES.txt
-- Installing: /home/lucasjko/sdfr_ws/install/robot_image_messages/local/lib/python3.10/dist-packages/robot_image_messages-1.0.0-py3.10.egg-info/top_level.txt
-- Up-to-date: /home/lucasjko/sdfr_ws/install/robot_image_messages/local/lib/python3.10/dist-packages/robot_image_messages
-- Up-to-date: /home/lucasjko/sdfr_ws/install/robot_image_messages/local/lib/python3.10/dist-packages/robot_image_messages/__init__.py
-- Up-to-date: /home/lucasjko/sdfr_ws/install/robot_image_messages/local/lib/python3.10/dist-packages/robot_image_messages/librobot_image_messages__rosidl_generator_py.so
-- Up-to-date: /home/lucasjko/sdfr_ws/install/robot_image_messages/local/lib/python3.10/dist-packages/robot_image_messages/_robot_image_messages_s.ep.rosidl_typesupport_c.c
-- Up-to-date: /home/lucasjko/sdfr_ws/install/robot_image_messages/local/lib/python3.10/dist-packages/robot_image_messages/_robot_image_messages_s.ep.rosidl_typesupport_introspection_c.c
-- Up-to-date: /home/lucasjko/sdfr_ws/install/robot_image_messages/local/lib/python3.10/dist-packages/robot_image_messages/msg
-- Up-to-date: /home/lucasjko/sdfr_ws/install/robot_image_messages/local/lib/python3.10/dist-packages/robot_image_messages/msg/__init__.py
-- Up-to-date: /home/lucasjko/sdfr_ws/install/robot_image_messages/local/lib/python3.10/dist-packages/robot_image_messages/msg/_brightness_s.c
-- Up-to-date: /home/lucasjko/sdfr_ws/install/robot_image_messages/local/lib/python3.10/dist-packages/robot_image_messages/msg/_ball_output.py
-- Up-to-date: /home/lucasjko/sdfr_ws/install/robot_image_messages/local/lib/python3.10/dist-packages/robot_image_messages/msg/_ball_output_s.c
-- Up-to-date: /home/lucasjko/sdfr_ws/install/robot_image_messages/local/lib/python3.10/dist-packages/robot_image_messages/msg/_brightness.py
-- Up-to-date: /home/lucasjko/sdfr_ws/install/robot_image_messages/local/lib/python3.10/dist-packages/robot_image_messages/robot_image_messages_s__rosidl_typesupport_introspection_c.cpython-310-x86_64-linux-gnu.so
-- Up-to-date: /home/lucasjko/sdfr_ws/install/robot_image_messages/local/lib/python3.10/dist-packages/robot_image_messages/_robot_image_messages_s.ep.rosidl_typesupport_fastrtps_c.c
-- Up-to-date: /home/lucasjko/sdfr_ws/install/robot_image_messages/local/lib/python3.10/dist-packages/robot_image_messages/robot_image_messages_s__rosidl_typesupport_c.cpython-310-x86_64-linux-gnu.so
-- Up-to-date: /home/lucasjko/sdfr_ws/install/robot_image_messages/local/lib/python3.10/dist-packages/robot_image_messages/robot_image_messages_s__rosidl_typesupport_fastrtps_c.cpython-310-x86_64-linux-gnu.so
Listing '/home/lucasjko/sdfr_ws/install/robot_image_messages/local/lib/python3.10/dist-packages/robot_image_messages'...
Listing '/home/lucasjko/sdfr_ws/install/robot_image_messages/local/lib/python3.10/dist-packages/robot_image_messages/msg'...
-- Up-to-date: /home/lucasjko/sdfr_ws/install/robot_image_messages/local/lib/python3.10/dist-packages/robot_image_messages/robot_image_messages_s__rosidl_typesupport_fastrtps_c.cpython-310-x86_64-linux-gnu.so
-- Up-to-date: /home/lucasjko/sdfr_ws/install/robot_image_messages/local/lib/python3.10/dist-packages/robot_image_messages/robot_image_messages_s__rosidl_typesupport_introspection_c.cpython-310-x86_64-linux-gnu.so
-- Up-to-date: /home/lucasjko/sdfr_ws/install/robot_image_messages/local/lib/python3.10/dist-packages/robot_image_messages/robot_image_messages_s__rosidl_typesupport_c.cpython-310-x86_64-linux-gnu.so
-- Up-to-date: /home/lucasjko/sdfr_ws/install/robot_image_messages/lib/librobot_image_messages__rosidl_generator_py.so
-- Up-to-date: /home/lucasjko/sdfr_ws/install/robot_image_messages/share/robot_image_messages/msg/Brightness.idl
-- Up-to-date: /home/lucasjko/sdfr_ws/install/robot_image_messages/share/robot_image_messages/msg/BallOutput.idl
-- Up-to-date: /home/lucasjko/sdfr_ws/install/robot_image_messages/share/robot_image_messages/msg/Brightness.msg
-- Up-to-date: /home/lucasjko/sdfr_ws/install/robot_image_messages/share/robot_image_messages/msg/BallOutput.msg
-- Up-to-date: /home/lucasjko/sdfr_ws/install/robot_image_messages/share/ament_index/resource_index/package_run_dependencies/robot_image_messages
-- Up-to-date: /home/lucasjko/sdfr_ws/install/robot_image_messages/share/ament_index/resource_index/parent_prefix_path/robot_image_messages
-- Up-to-date: /home/lucasjko/sdfr_ws/install/robot_image_messages/share/robot_image_messages/environment/ament_prefix_path.sh
-- Up-to-date: /home/lucasjko/sdfr_ws/install/robot_image_messages/share/robot_image_messages/environment/ament_prefix_path.dsv
-- Up-to-date: /home/lucasjko/sdfr_ws/install/robot_image_messages/share/robot_image_messages/environment/path.sh
-- Up-to-date: /home/lucasjko/sdfr_ws/install/robot_image_messages/share/robot_image_messages/environment/path.dsv
-- Up-to-date: /home/lucasjko/sdfr_ws/install/robot_image_messages/share/robot_image_messages/local_setup.bash
-- Up-to-date: /home/lucasjko/sdfr_ws/install/robot_image_messages/share/robot_image_messages/local_setup.sh
-- Up-to-date: /home/lucasjko/sdfr_ws/install/robot_image_messages/share/robot_image_messages/local_setup.zsh
-- Up-to-date: /home/lucasjko/sdfr_ws/install/robot_image_messages/share/robot_image_messages/local_setup.dsv
-- Installing: /home/lucasjko/sdfr_ws/install/robot_image_messages/share/robot_image_messages/package.dsv
-- Up-to-date: /home/lucasjko/sdfr_ws/install/robot_image_messages/share/ament_index/resource_index/packages/robot_image_messages
-- Up-to-date: /home/lucasjko/sdfr_ws/install/robot_image_messages/share/robot_image_messages/cmake/export_robot_image_messages__rosidl_generator_cExport.cmake
-- Up-to-date: /home/lucasjko/sdfr_ws/install/robot_image_messages/share/robot_image_messages/cmake/export_robot_image_messages__rosidl_generator_cExport-noconfig.cmake
-- Up-to-date: /home/lucasjko/sdfr_ws/install/robot_image_messages/share/robot_image_messages/cmake/export_robot_image_messages__rosidl_typesupport_fastrtps_cExport.cmake
-- Up-to-date: /home/lucasjko/sdfr_ws/install/robot_image_messages/share/robot_image_messages/cmake/export_robot_image_messages__rosidl_typesupport_fastrtps_cExport-noconfig.cmake
-- Up-to-date: /home/lucasjko/sdfr_ws/install/robot_image_messages/share/robot_image_messages/cmake/robot_image_messages__rosidl_typesupport_introspection_cExport.cmake
-- Up-to-date: /home/lucasjko/sdfr_ws/install/robot_image_messages/share/robot_image_messages/cmake/robot_image_messages__rosidl_typesupport_introspection_cExport-noconfig.cmake
-- Up-to-date: /home/lucasjko/sdfr_ws/install/robot_image_messages/share/robot_image_messages/cmake/robot_image_messages__rosidl_typesupport_cExport.cmake
-- Up-to-date: /home/lucasjko/sdfr_ws/install/robot_image_messages/share/robot_image_messages/cmake/robot_image_messages__rosidl_typesupport_cExport-noconfig.cmake
-- Up-to-date: /home/lucasjko/sdfr_ws/install/robot_image_messages/share/robot_image_messages/cmake/export_robot_image_messages__rosidl_generator_cppExport.cmake
-- Up-to-date: /home/lucasjko/sdfr_ws/install/robot_image_messages/share/robot_image_messages/cmake/export_robot_image_messages__rosidl_typesupport_fastrtps_cppExport.cmake
-- Up-to-date: /home/lucasjko/sdfr_ws/install/robot_image_messages/share/robot_image_messages/cmake/export_robot_image_messages__rosidl_typesupport_fastrtps_cppExport-noconfig.cmake
-- Up-to-date: /home/lucasjko/sdfr_ws/install/robot_image_messages/share/robot_image_messages/cmake/robot_image_messages__rosidl_typesupport_introspection_cppExport.cmake
-- Up-to-date: /home/lucasjko/sdfr_ws/install/robot_image_messages/share/robot_image_messages/cmake/robot_image_messages__rosidl_typesupport_introspection_cppExport-noconfig.cmake
-- Up-to-date: /home/lucasjko/sdfr_ws/install/robot_image_messages/share/robot_image_messages/cmake/robot_image_messages__rosidl_typesupport_cppExport.cmake
-- Up-to-date: /home/lucasjko/sdfr_ws/install/robot_image_messages/share/robot_image_messages/cmake/robot_image_messages__rosidl_typesupport_cppExport-noconfig.cmake
-- Up-to-date: /home/lucasjko/sdfr_ws/install/robot_image_messages/share/robot_image_messages/cmake/export_robot_image_messages__rosidl_generator_pyExport.cmake
-- Up-to-date: /home/lucasjko/sdfr_ws/install/robot_image_messages/share/robot_image_messages/cmake/export_robot_image_messages__rosidl_generator_pyExport-noconfig.cmake
-- Up-to-date: /home/lucasjko/sdfr_ws/install/robot_image_messages/share/robot_image_messages/cmake/rosidl_cmake-extras.cmake
-- Up-to-date: /home/lucasjko/sdfr_ws/install/robot_image_messages/share/robot_image_messages/cmake/ament_cmake_export_include_directories-extras.cmake
-- Up-to-date: /home/lucasjko/sdfr_ws/install/robot_image_messages/share/robot_image_messages/cmake/ament_cmake_export_libraries-extras.cmake
-- Up-to-date: /home/lucasjko/sdfr_ws/install/robot_image_messages/share/robot_image_messages/cmake/ament_cmake_export_targets-extras.cmake
-- Up-to-date: /home/lucasjko/sdfr_ws/install/robot_image_messages/share/robot_image_messages/cmake/rosidl_cmake_export_typesupport_targets-extras.cmake
-- Up-to-date: /home/lucasjko/sdfr_ws/install/robot_image_messages/share/robot_image_messages/cmake/ament_cmake_export_dependencies-extras.cmake
-- Up-to-date: /home/lucasjko/sdfr_ws/install/robot_image_messages/share/robot_image_messages/cmake/rosidl_cmake_export_typesupport_libraries-extras.cmake
-- Up-to-date: /home/lucasjko/sdfr_ws/install/robot_image_messages/share/robot_image_messages/cmake/robot_image_messagesConfig.cmake
-- Up-to-date: /home/lucasjko/sdfr_ws/install/robot_image_messages/share/robot_image_messages/cmake/robot_image_messagesConfig-version.cmake
-- Up-to-date: /home/lucasjko/sdfr_ws/install/robot_image_messages/share/robot_image_messages/package.xml
