[0.014s] Invoking command in '/home/lucasjko/sdfr_ws/build/ball_detection': CMAKE_PREFIX_PATH=/home/lucasjko/sdfr_ws/install/image_functions_sdfr:/home/lucasjko/sdfr_ws/install/ball_detection_message:/home/lucasjko/sdfr_ws/install/ros2_introduction:/home/lucasjko/sdfr_ws/install/ros2_introduction_message:/home/lucasjko/sdfr_ws/install/ball_detection:/opt/ros/humble LD_LIBRARY_PATH=/home/lucasjko/sdfr_ws/install/image_functions_sdfr/lib:/home/lucasjko/sdfr_ws/install/ball_detection_message/lib:/home/lucasjko/sdfr_ws/install/ros2_introduction_message/lib:/opt/ros/humble/opt/rviz_ogre_vendor/lib:/opt/ros/humble/lib/x86_64-linux-gnu:/opt/ros/humble/lib /usr/bin/cmake --build /home/lucasjko/sdfr_ws/build/ball_detection -- -j8 -l8
[0.054s] [35m[1mConsolidate compiler generated dependencies of target find_ball_exe[0m
[0.073s] [ 33%] [32mBuilding CXX object CMakeFiles/find_ball_exe.dir/src/image_processing.cpp.o[0m
[0.073s] [ 66%] [32mBuilding CXX object CMakeFiles/find_ball_exe.dir/src/find_ball.cpp.o[0m
[0.517s] In file included from [01m[K/home/lucasjko/sdfr_ws/src/ball_detection/src/image_processing.cpp:1[m[K:
[0.517s] [01m[K/home/lucasjko/sdfr_ws/src/ball_detection/src/../include/ball_detection/image_processing.hpp:13:29:[m[K [01;35m[Kwarning: [m[Kuse of ‘[01m[Kauto[m[K’ in parameter declaration only available with ‘[01m[K-std=c++20[m[K’ or ‘[01m[K-fconcepts[m[K’
[0.517s]    13 |         void getBinaryImage([01;35m[Kauto[m[K &img, int &width, int &height); // check pointer
[0.517s]       |                             [01;35m[K^~~~[m[K
[0.522s] [01m[K/home/lucasjko/sdfr_ws/src/ball_detection/src/image_processing.cpp:77:38:[m[K [01;35m[Kwarning: [m[Kuse of ‘[01m[Kauto[m[K’ in parameter declaration only available with ‘[01m[K-std=c++20[m[K’ or ‘[01m[K-fconcepts[m[K’
[0.523s]    77 | void ImageProcessing::getBinaryImage([01;35m[Kauto[m[K &img, int &width, int &height){
[0.523s]       |                                      [01;35m[K^~~~[m[K
[2.121s] In file included from [01m[K/home/lucasjko/sdfr_ws/src/ball_detection/src/find_ball.cpp:2[m[K:
[2.121s] [01m[K/home/lucasjko/sdfr_ws/src/ball_detection/include/ball_detection/image_processing.hpp:13:29:[m[K [01;35m[Kwarning: [m[Kuse of ‘[01m[Kauto[m[K’ in parameter declaration only available with ‘[01m[K-std=c++20[m[K’ or ‘[01m[K-fconcepts[m[K’
[2.121s]    13 |         void getBinaryImage([01;35m[Kauto[m[K &img, int &width, int &height); // check pointer
[2.121s]       |                             [01;35m[K^~~~[m[K
[7.209s] [100%] [32m[1mLinking CXX executable find_ball_exe[0m
[7.512s] /usr/bin/ld: CMakeFiles/find_ball_exe.dir/src/find_ball.cpp.o: in function `FindBall::image_callback(std::shared_ptr<sensor_msgs::msg::Image_<std::allocator<void> > const>)':
[7.512s] find_ball.cpp:(.text+0x618): undefined reference to `void ImageProcessing::getBinaryImage<std::shared_ptr<sensor_msgs::msg::Image_<std::allocator<void> > const> >(std::shared_ptr<sensor_msgs::msg::Image_<std::allocator<void> > const>&, int&, int&)'
[7.556s] collect2: error: ld returned 1 exit status
[7.558s] gmake[2]: *** [CMakeFiles/find_ball_exe.dir/build.make:200: find_ball_exe] Error 1
[7.558s] gmake[1]: *** [CMakeFiles/Makefile2:137: CMakeFiles/find_ball_exe.dir/all] Error 2
[7.558s] gmake: *** [Makefile:146: all] Error 2
[7.560s] Invoked command in '/home/lucasjko/sdfr_ws/build/ball_detection' returned '2': CMAKE_PREFIX_PATH=/home/lucasjko/sdfr_ws/install/image_functions_sdfr:/home/lucasjko/sdfr_ws/install/ball_detection_message:/home/lucasjko/sdfr_ws/install/ros2_introduction:/home/lucasjko/sdfr_ws/install/ros2_introduction_message:/home/lucasjko/sdfr_ws/install/ball_detection:/opt/ros/humble LD_LIBRARY_PATH=/home/lucasjko/sdfr_ws/install/image_functions_sdfr/lib:/home/lucasjko/sdfr_ws/install/ball_detection_message/lib:/home/lucasjko/sdfr_ws/install/ros2_introduction_message/lib:/opt/ros/humble/opt/rviz_ogre_vendor/lib:/opt/ros/humble/lib/x86_64-linux-gnu:/opt/ros/humble/lib /usr/bin/cmake --build /home/lucasjko/sdfr_ws/build/ball_detection -- -j8 -l8
