[0.017s] Invoking command in '/home/lucasjko/sdfr_ws/build/ros2_introduction': CMAKE_PREFIX_PATH=/home/lucasjko/sdfr_ws/install/ros2_introduction_message:/home/lucasjko/sdfr_ws/install/image_functions_sdfr:/home/lucasjko/sdfr_ws/install/ros2_introduction:/home/lucasjko/sdfr_ws/install/ball_detection:/home/lucasjko/sdfr_ws/install/ball_detection_message:/opt/ros/humble /usr/bin/cmake --build /home/lucasjko/sdfr_ws/build/ros2_introduction -- -j8 -l8
[0.052s] -- Found ament_cmake: 1.3.8 (/opt/ros/humble/share/ament_cmake/cmake)
[0.197s] -- Found rclcpp: 16.0.8 (/opt/ros/humble/share/rclcpp/cmake)
[0.242s] -- Found rosidl_generator_c: 3.1.5 (/opt/ros/humble/share/rosidl_generator_c/cmake)
[0.247s] -- Found rosidl_adapter: 3.1.5 (/opt/ros/humble/share/rosidl_adapter/cmake)
[0.256s] -- Found rosidl_generator_cpp: 3.1.5 (/opt/ros/humble/share/rosidl_generator_cpp/cmake)
[0.270s] -- Using all available rosidl_typesupport_c: rosidl_typesupport_fastrtps_c;rosidl_typesupport_introspection_c
[0.287s] -- Using all available rosidl_typesupport_cpp: rosidl_typesupport_fastrtps_cpp;rosidl_typesupport_introspection_cpp
[0.360s] -- Found rmw_implementation_cmake: 6.1.1 (/opt/ros/humble/share/rmw_implementation_cmake/cmake)
[0.364s] -- Found rmw_fastrtps_cpp: 6.2.6 (/opt/ros/humble/share/rmw_fastrtps_cpp/cmake)
[0.511s] -- Using RMW implementation 'rmw_fastrtps_cpp' as default
[0.703s] -- Found sensor_msgs: 4.2.3 (/opt/ros/humble/share/sensor_msgs/cmake)
[0.848s] -- Found example_interfaces: 0.9.3 (/opt/ros/humble/share/example_interfaces/cmake)
[1.005s] -- Found image_functions_sdfr: 2.1.0 (/home/lucasjko/sdfr_ws/install/image_functions_sdfr/share/image_functions_sdfr/cmake)
[1.010s] -- Found ros2_introduction_message: 0.0.0 (/home/lucasjko/sdfr_ws/install/ros2_introduction_message/share/ros2_introduction_message/cmake)
[1.097s] -- Configuring done
[1.120s] -- Generating done
[1.122s] -- Build files have been written to: /home/lucasjko/sdfr_ws/build/ros2_introduction
[1.151s] [35m[1mConsolidate compiler generated dependencies of target brightness_detection_message[0m
[1.151s] [35m[1mConsolidate compiler generated dependencies of target brightness_detection[0m
[1.171s] [ 50%] Built target brightness_detection_message
[1.173s] [100%] Built target brightness_detection
[1.185s] Invoked command in '/home/lucasjko/sdfr_ws/build/ros2_introduction' returned '0': CMAKE_PREFIX_PATH=/home/lucasjko/sdfr_ws/install/ros2_introduction_message:/home/lucasjko/sdfr_ws/install/image_functions_sdfr:/home/lucasjko/sdfr_ws/install/ros2_introduction:/home/lucasjko/sdfr_ws/install/ball_detection:/home/lucasjko/sdfr_ws/install/ball_detection_message:/opt/ros/humble /usr/bin/cmake --build /home/lucasjko/sdfr_ws/build/ros2_introduction -- -j8 -l8
[1.223s] Invoking command in '/home/lucasjko/sdfr_ws/build/ros2_introduction': CMAKE_PREFIX_PATH=/home/lucasjko/sdfr_ws/install/ros2_introduction_message:/home/lucasjko/sdfr_ws/install/image_functions_sdfr:/home/lucasjko/sdfr_ws/install/ros2_introduction:/home/lucasjko/sdfr_ws/install/ball_detection:/home/lucasjko/sdfr_ws/install/ball_detection_message:/opt/ros/humble /usr/bin/cmake --install /home/lucasjko/sdfr_ws/build/ros2_introduction
[1.230s] -- Install configuration: ""
[1.231s] -- Up-to-date: /home/lucasjko/sdfr_ws/install/ros2_introduction/lib/ros2_introduction/brightness_detection
[1.231s] -- Up-to-date: /home/lucasjko/sdfr_ws/install/ros2_introduction/lib/ros2_introduction/brightness_detection_message
[1.231s] -- Up-to-date: /home/lucasjko/sdfr_ws/install/ros2_introduction/share/ament_index/resource_index/package_run_dependencies/ros2_introduction
[1.231s] -- Installing: /home/lucasjko/sdfr_ws/install/ros2_introduction/share/ament_index/resource_index/parent_prefix_path/ros2_introduction
[1.232s] -- Up-to-date: /home/lucasjko/sdfr_ws/install/ros2_introduction/share/ros2_introduction/environment/ament_prefix_path.sh
[1.232s] -- Installing: /home/lucasjko/sdfr_ws/install/ros2_introduction/share/ros2_introduction/environment/ament_prefix_path.dsv
[1.232s] -- Up-to-date: /home/lucasjko/sdfr_ws/install/ros2_introduction/share/ros2_introduction/environment/path.sh
[1.232s] -- Installing: /home/lucasjko/sdfr_ws/install/ros2_introduction/share/ros2_introduction/environment/path.dsv
[1.233s] -- Up-to-date: /home/lucasjko/sdfr_ws/install/ros2_introduction/share/ros2_introduction/local_setup.bash
[1.233s] -- Up-to-date: /home/lucasjko/sdfr_ws/install/ros2_introduction/share/ros2_introduction/local_setup.sh
[1.233s] -- Up-to-date: /home/lucasjko/sdfr_ws/install/ros2_introduction/share/ros2_introduction/local_setup.zsh
[1.233s] -- Installing: /home/lucasjko/sdfr_ws/install/ros2_introduction/share/ros2_introduction/local_setup.dsv
[1.233s] -- Installing: /home/lucasjko/sdfr_ws/install/ros2_introduction/share/ros2_introduction/package.dsv
[1.233s] -- Up-to-date: /home/lucasjko/sdfr_ws/install/ros2_introduction/share/ament_index/resource_index/packages/ros2_introduction
[1.234s] -- Up-to-date: /home/lucasjko/sdfr_ws/install/ros2_introduction/share/ros2_introduction/cmake/ros2_introductionConfig.cmake
[1.234s] -- Up-to-date: /home/lucasjko/sdfr_ws/install/ros2_introduction/share/ros2_introduction/cmake/ros2_introductionConfig-version.cmake
[1.234s] -- Up-to-date: /home/lucasjko/sdfr_ws/install/ros2_introduction/share/ros2_introduction/package.xml
[1.235s] Invoked command in '/home/lucasjko/sdfr_ws/build/ros2_introduction' returned '0': CMAKE_PREFIX_PATH=/home/lucasjko/sdfr_ws/install/ros2_introduction_message:/home/lucasjko/sdfr_ws/install/image_functions_sdfr:/home/lucasjko/sdfr_ws/install/ros2_introduction:/home/lucasjko/sdfr_ws/install/ball_detection:/home/lucasjko/sdfr_ws/install/ball_detection_message:/opt/ros/humble /usr/bin/cmake --install /home/lucasjko/sdfr_ws/build/ros2_introduction
