[0.010s] Invoking command in '/home/lucasjko/sdfr_ws/build/ball_detection_message': CMAKE_PREFIX_PATH=${CMAKE_PREFIX_PATH}:/opt/ros/humble /usr/bin/cmake --build /home/lucasjko/sdfr_ws/build/ball_detection_message -- -j8 -l8
[0.048s] [35m[1mConsolidate compiler generated dependencies of target ball_detection_message__rosidl_generator_c[0m
[0.057s] [  3%] Built target ball_detection_message__cpp
[0.058s] [ 12%] Built target ball_detection_message__rosidl_generator_c
[0.070s] [35m[1mConsolidate compiler generated dependencies of target ball_detection_message__rosidl_typesupport_fastrtps_cpp[0m
[0.070s] [ 12%] Built target ament_cmake_python_copy_ball_detection_message
[0.070s] [35m[1mConsolidate compiler generated dependencies of target ball_detection_message__rosidl_typesupport_introspection_cpp[0m
[0.071s] [35m[1mConsolidate compiler generated dependencies of target ball_detection_message__rosidl_typesupport_cpp[0m
[0.071s] [35m[1mConsolidate compiler generated dependencies of target ball_detection_message__rosidl_typesupport_fastrtps_c[0m
[0.072s] [35m[1mConsolidate compiler generated dependencies of target ball_detection_message__rosidl_typesupport_c[0m
[0.073s] [35m[1mConsolidate compiler generated dependencies of target ball_detection_message__rosidl_typesupport_introspection_c[0m
[0.087s] [ 22%] Built target ball_detection_message__rosidl_typesupport_c
[0.088s] [ 32%] Built target ball_detection_message__rosidl_typesupport_introspection_c
[0.088s] [ 41%] Built target ball_detection_message__rosidl_typesupport_fastrtps_cpp
[0.089s] [ 61%] Built target ball_detection_message__rosidl_typesupport_introspection_cpp
[0.089s] [ 61%] Built target ball_detection_message__rosidl_typesupport_fastrtps_c
[0.090s] [ 70%] Built target ball_detection_message__rosidl_typesupport_cpp
[0.110s] [ 70%] Built target ball_detection_message
[0.131s] [ 74%] Built target ball_detection_message__py
[0.142s] [35m[1mConsolidate compiler generated dependencies of target ball_detection_message__rosidl_generator_py[0m
[0.155s] [ 80%] Built target ball_detection_message__rosidl_generator_py
[0.165s] [35m[1mConsolidate compiler generated dependencies of target ball_detection_message__rosidl_typesupport_c__pyext[0m
[0.168s] [35m[1mConsolidate compiler generated dependencies of target ball_detection_message__rosidl_typesupport_fastrtps_c__pyext[0m
[0.169s] [35m[1mConsolidate compiler generated dependencies of target ball_detection_message__rosidl_typesupport_introspection_c__pyext[0m
[0.180s] [ 87%] Built target ball_detection_message__rosidl_typesupport_c__pyext
[0.184s] [ 93%] Built target ball_detection_message__rosidl_typesupport_introspection_c__pyext
[0.186s] [100%] Built target ball_detection_message__rosidl_typesupport_fastrtps_c__pyext
[0.309s] running egg_info
[0.309s] writing ball_detection_message.egg-info/PKG-INFO
[0.310s] writing dependency_links to ball_detection_message.egg-info/dependency_links.txt
[0.310s] writing top-level names to ball_detection_message.egg-info/top_level.txt
[0.311s] reading manifest file 'ball_detection_message.egg-info/SOURCES.txt'
[0.312s] writing manifest file 'ball_detection_message.egg-info/SOURCES.txt'
[0.337s] [100%] Built target ament_cmake_python_build_ball_detection_message_egg
[0.348s] Invoked command in '/home/lucasjko/sdfr_ws/build/ball_detection_message' returned '0': CMAKE_PREFIX_PATH=${CMAKE_PREFIX_PATH}:/opt/ros/humble /usr/bin/cmake --build /home/lucasjko/sdfr_ws/build/ball_detection_message -- -j8 -l8
[0.415s] Invoking command in '/home/lucasjko/sdfr_ws/build/ball_detection_message': CMAKE_PREFIX_PATH=${CMAKE_PREFIX_PATH}:/opt/ros/humble /usr/bin/cmake --install /home/lucasjko/sdfr_ws/build/ball_detection_message
[0.422s] -- Install configuration: ""
[0.422s] -- Up-to-date: /home/lucasjko/sdfr_ws/install/ball_detection_message/share/ament_index/resource_index/rosidl_interfaces/ball_detection_message
[0.423s] -- Up-to-date: /home/lucasjko/sdfr_ws/install/ball_detection_message/include/ball_detection_message/ball_detection_message
[0.423s] -- Up-to-date: /home/lucasjko/sdfr_ws/install/ball_detection_message/include/ball_detection_message/ball_detection_message/msg
[0.423s] -- Up-to-date: /home/lucasjko/sdfr_ws/install/ball_detection_message/include/ball_detection_message/ball_detection_message/msg/rosidl_generator_c__visibility_control.h
[0.423s] -- Up-to-date: /home/lucasjko/sdfr_ws/install/ball_detection_message/include/ball_detection_message/ball_detection_message/msg/detail
[0.423s] -- Up-to-date: /home/lucasjko/sdfr_ws/install/ball_detection_message/include/ball_detection_message/ball_detection_message/msg/detail/ball_output__functions.h
[0.423s] -- Up-to-date: /home/lucasjko/sdfr_ws/install/ball_detection_message/include/ball_detection_message/ball_detection_message/msg/detail/ball_output__functions.c
[0.423s] -- Up-to-date: /home/lucasjko/sdfr_ws/install/ball_detection_message/include/ball_detection_message/ball_detection_message/msg/detail/ball_output__type_support.h
[0.424s] -- Up-to-date: /home/lucasjko/sdfr_ws/install/ball_detection_message/include/ball_detection_message/ball_detection_message/msg/detail/ball_output__struct.h
[0.424s] -- Up-to-date: /home/lucasjko/sdfr_ws/install/ball_detection_message/include/ball_detection_message/ball_detection_message/msg/ball_output.h
[0.424s] -- Up-to-date: /home/lucasjko/sdfr_ws/install/ball_detection_message/share/ball_detection_message/environment/library_path.sh
[0.424s] -- Up-to-date: /home/lucasjko/sdfr_ws/install/ball_detection_message/share/ball_detection_message/environment/library_path.dsv
[0.424s] -- Up-to-date: /home/lucasjko/sdfr_ws/install/ball_detection_message/lib/libball_detection_message__rosidl_generator_c.so
[0.424s] -- Up-to-date: /home/lucasjko/sdfr_ws/install/ball_detection_message/include/ball_detection_message/ball_detection_message
[0.424s] -- Up-to-date: /home/lucasjko/sdfr_ws/install/ball_detection_message/include/ball_detection_message/ball_detection_message/msg
[0.424s] -- Up-to-date: /home/lucasjko/sdfr_ws/install/ball_detection_message/include/ball_detection_message/ball_detection_message/msg/rosidl_typesupport_fastrtps_c__visibility_control.h
[0.424s] -- Up-to-date: /home/lucasjko/sdfr_ws/install/ball_detection_message/include/ball_detection_message/ball_detection_message/msg/detail
[0.424s] -- Up-to-date: /home/lucasjko/sdfr_ws/install/ball_detection_message/include/ball_detection_message/ball_detection_message/msg/detail/ball_output__rosidl_typesupport_fastrtps_c.h
[0.424s] -- Up-to-date: /home/lucasjko/sdfr_ws/install/ball_detection_message/lib/libball_detection_message__rosidl_typesupport_fastrtps_c.so
[0.424s] -- Up-to-date: /home/lucasjko/sdfr_ws/install/ball_detection_message/include/ball_detection_message/ball_detection_message
[0.424s] -- Up-to-date: /home/lucasjko/sdfr_ws/install/ball_detection_message/include/ball_detection_message/ball_detection_message/msg
[0.424s] -- Up-to-date: /home/lucasjko/sdfr_ws/install/ball_detection_message/include/ball_detection_message/ball_detection_message/msg/detail
[0.424s] -- Up-to-date: /home/lucasjko/sdfr_ws/install/ball_detection_message/include/ball_detection_message/ball_detection_message/msg/detail/ball_output__rosidl_typesupport_introspection_c.h
[0.424s] -- Up-to-date: /home/lucasjko/sdfr_ws/install/ball_detection_message/include/ball_detection_message/ball_detection_message/msg/detail/ball_output__type_support.c
[0.425s] -- Up-to-date: /home/lucasjko/sdfr_ws/install/ball_detection_message/include/ball_detection_message/ball_detection_message/msg/rosidl_typesupport_introspection_c__visibility_control.h
[0.425s] -- Up-to-date: /home/lucasjko/sdfr_ws/install/ball_detection_message/lib/libball_detection_message__rosidl_typesupport_introspection_c.so
[0.425s] -- Up-to-date: /home/lucasjko/sdfr_ws/install/ball_detection_message/lib/libball_detection_message__rosidl_typesupport_c.so
[0.425s] -- Up-to-date: /home/lucasjko/sdfr_ws/install/ball_detection_message/include/ball_detection_message/ball_detection_message
[0.425s] -- Up-to-date: /home/lucasjko/sdfr_ws/install/ball_detection_message/include/ball_detection_message/ball_detection_message/msg
[0.425s] -- Up-to-date: /home/lucasjko/sdfr_ws/install/ball_detection_message/include/ball_detection_message/ball_detection_message/msg/ball_output.hpp
[0.425s] -- Up-to-date: /home/lucasjko/sdfr_ws/install/ball_detection_message/include/ball_detection_message/ball_detection_message/msg/detail
[0.425s] -- Up-to-date: /home/lucasjko/sdfr_ws/install/ball_detection_message/include/ball_detection_message/ball_detection_message/msg/detail/ball_output__struct.hpp
[0.425s] -- Up-to-date: /home/lucasjko/sdfr_ws/install/ball_detection_message/include/ball_detection_message/ball_detection_message/msg/detail/ball_output__traits.hpp
[0.425s] -- Up-to-date: /home/lucasjko/sdfr_ws/install/ball_detection_message/include/ball_detection_message/ball_detection_message/msg/detail/ball_output__builder.hpp
[0.425s] -- Up-to-date: /home/lucasjko/sdfr_ws/install/ball_detection_message/include/ball_detection_message/ball_detection_message
[0.426s] -- Up-to-date: /home/lucasjko/sdfr_ws/install/ball_detection_message/include/ball_detection_message/ball_detection_message/msg
[0.426s] -- Up-to-date: /home/lucasjko/sdfr_ws/install/ball_detection_message/include/ball_detection_message/ball_detection_message/msg/rosidl_typesupport_fastrtps_cpp__visibility_control.h
[0.426s] -- Up-to-date: /home/lucasjko/sdfr_ws/install/ball_detection_message/include/ball_detection_message/ball_detection_message/msg/detail
[0.426s] -- Up-to-date: /home/lucasjko/sdfr_ws/install/ball_detection_message/include/ball_detection_message/ball_detection_message/msg/detail/dds_fastrtps
[0.426s] -- Up-to-date: /home/lucasjko/sdfr_ws/install/ball_detection_message/include/ball_detection_message/ball_detection_message/msg/detail/ball_output__rosidl_typesupport_fastrtps_cpp.hpp
[0.426s] -- Up-to-date: /home/lucasjko/sdfr_ws/install/ball_detection_message/lib/libball_detection_message__rosidl_typesupport_fastrtps_cpp.so
[0.426s] -- Up-to-date: /home/lucasjko/sdfr_ws/install/ball_detection_message/include/ball_detection_message/ball_detection_message
[0.426s] -- Up-to-date: /home/lucasjko/sdfr_ws/install/ball_detection_message/include/ball_detection_message/ball_detection_message/msg
[0.426s] -- Up-to-date: /home/lucasjko/sdfr_ws/install/ball_detection_message/include/ball_detection_message/ball_detection_message/msg/detail
[0.426s] -- Up-to-date: /home/lucasjko/sdfr_ws/install/ball_detection_message/include/ball_detection_message/ball_detection_message/msg/detail/ball_output__type_support.cpp
[0.426s] -- Up-to-date: /home/lucasjko/sdfr_ws/install/ball_detection_message/include/ball_detection_message/ball_detection_message/msg/detail/ball_output__rosidl_typesupport_introspection_cpp.hpp
[0.426s] -- Up-to-date: /home/lucasjko/sdfr_ws/install/ball_detection_message/lib/libball_detection_message__rosidl_typesupport_introspection_cpp.so
[0.426s] -- Up-to-date: /home/lucasjko/sdfr_ws/install/ball_detection_message/lib/libball_detection_message__rosidl_typesupport_cpp.so
[0.427s] -- Up-to-date: /home/lucasjko/sdfr_ws/install/ball_detection_message/share/ball_detection_message/environment/pythonpath.sh
[0.427s] -- Up-to-date: /home/lucasjko/sdfr_ws/install/ball_detection_message/share/ball_detection_message/environment/pythonpath.dsv
[0.427s] -- Up-to-date: /home/lucasjko/sdfr_ws/install/ball_detection_message/local/lib/python3.10/dist-packages/ball_detection_message-1.0.0-py3.10.egg-info
[0.427s] -- Installing: /home/lucasjko/sdfr_ws/install/ball_detection_message/local/lib/python3.10/dist-packages/ball_detection_message-1.0.0-py3.10.egg-info/PKG-INFO
[0.427s] -- Installing: /home/lucasjko/sdfr_ws/install/ball_detection_message/local/lib/python3.10/dist-packages/ball_detection_message-1.0.0-py3.10.egg-info/dependency_links.txt
[0.427s] -- Installing: /home/lucasjko/sdfr_ws/install/ball_detection_message/local/lib/python3.10/dist-packages/ball_detection_message-1.0.0-py3.10.egg-info/SOURCES.txt
[0.427s] -- Installing: /home/lucasjko/sdfr_ws/install/ball_detection_message/local/lib/python3.10/dist-packages/ball_detection_message-1.0.0-py3.10.egg-info/top_level.txt
[0.427s] -- Up-to-date: /home/lucasjko/sdfr_ws/install/ball_detection_message/local/lib/python3.10/dist-packages/ball_detection_message
[0.428s] -- Up-to-date: /home/lucasjko/sdfr_ws/install/ball_detection_message/local/lib/python3.10/dist-packages/ball_detection_message/ball_detection_message_s__rosidl_typesupport_fastrtps_c.cpython-310-x86_64-linux-gnu.so
[0.428s] -- Up-to-date: /home/lucasjko/sdfr_ws/install/ball_detection_message/local/lib/python3.10/dist-packages/ball_detection_message/__init__.py
[0.428s] -- Up-to-date: /home/lucasjko/sdfr_ws/install/ball_detection_message/local/lib/python3.10/dist-packages/ball_detection_message/ball_detection_message_s__rosidl_typesupport_introspection_c.cpython-310-x86_64-linux-gnu.so
[0.428s] -- Up-to-date: /home/lucasjko/sdfr_ws/install/ball_detection_message/local/lib/python3.10/dist-packages/ball_detection_message/_ball_detection_message_s.ep.rosidl_typesupport_introspection_c.c
[0.428s] -- Up-to-date: /home/lucasjko/sdfr_ws/install/ball_detection_message/local/lib/python3.10/dist-packages/ball_detection_message/_ball_detection_message_s.ep.rosidl_typesupport_c.c
[0.428s] -- Up-to-date: /home/lucasjko/sdfr_ws/install/ball_detection_message/local/lib/python3.10/dist-packages/ball_detection_message/ball_detection_message_s__rosidl_typesupport_c.cpython-310-x86_64-linux-gnu.so
[0.428s] -- Up-to-date: /home/lucasjko/sdfr_ws/install/ball_detection_message/local/lib/python3.10/dist-packages/ball_detection_message/libball_detection_message__rosidl_generator_py.so
[0.428s] -- Up-to-date: /home/lucasjko/sdfr_ws/install/ball_detection_message/local/lib/python3.10/dist-packages/ball_detection_message/msg
[0.428s] -- Up-to-date: /home/lucasjko/sdfr_ws/install/ball_detection_message/local/lib/python3.10/dist-packages/ball_detection_message/msg/__init__.py
[0.428s] -- Up-to-date: /home/lucasjko/sdfr_ws/install/ball_detection_message/local/lib/python3.10/dist-packages/ball_detection_message/msg/_ball_output.py
[0.429s] -- Up-to-date: /home/lucasjko/sdfr_ws/install/ball_detection_message/local/lib/python3.10/dist-packages/ball_detection_message/msg/_ball_output_s.c
[0.429s] -- Up-to-date: /home/lucasjko/sdfr_ws/install/ball_detection_message/local/lib/python3.10/dist-packages/ball_detection_message/_ball_detection_message_s.ep.rosidl_typesupport_fastrtps_c.c
[0.456s] Listing '/home/lucasjko/sdfr_ws/install/ball_detection_message/local/lib/python3.10/dist-packages/ball_detection_message'...
[0.456s] Listing '/home/lucasjko/sdfr_ws/install/ball_detection_message/local/lib/python3.10/dist-packages/ball_detection_message/msg'...
[0.460s] -- Up-to-date: /home/lucasjko/sdfr_ws/install/ball_detection_message/local/lib/python3.10/dist-packages/ball_detection_message/ball_detection_message_s__rosidl_typesupport_fastrtps_c.cpython-310-x86_64-linux-gnu.so
[0.460s] -- Up-to-date: /home/lucasjko/sdfr_ws/install/ball_detection_message/local/lib/python3.10/dist-packages/ball_detection_message/ball_detection_message_s__rosidl_typesupport_introspection_c.cpython-310-x86_64-linux-gnu.so
[0.460s] -- Up-to-date: /home/lucasjko/sdfr_ws/install/ball_detection_message/local/lib/python3.10/dist-packages/ball_detection_message/ball_detection_message_s__rosidl_typesupport_c.cpython-310-x86_64-linux-gnu.so
[0.460s] -- Up-to-date: /home/lucasjko/sdfr_ws/install/ball_detection_message/lib/libball_detection_message__rosidl_generator_py.so
[0.461s] -- Up-to-date: /home/lucasjko/sdfr_ws/install/ball_detection_message/share/ball_detection_message/msg/BallOutput.idl
[0.461s] -- Up-to-date: /home/lucasjko/sdfr_ws/install/ball_detection_message/share/ball_detection_message/msg/BallOutput.msg
[0.461s] -- Up-to-date: /home/lucasjko/sdfr_ws/install/ball_detection_message/share/ament_index/resource_index/package_run_dependencies/ball_detection_message
[0.461s] -- Up-to-date: /home/lucasjko/sdfr_ws/install/ball_detection_message/share/ament_index/resource_index/parent_prefix_path/ball_detection_message
[0.461s] -- Up-to-date: /home/lucasjko/sdfr_ws/install/ball_detection_message/share/ball_detection_message/environment/ament_prefix_path.sh
[0.461s] -- Up-to-date: /home/lucasjko/sdfr_ws/install/ball_detection_message/share/ball_detection_message/environment/ament_prefix_path.dsv
[0.462s] -- Up-to-date: /home/lucasjko/sdfr_ws/install/ball_detection_message/share/ball_detection_message/environment/path.sh
[0.462s] -- Up-to-date: /home/lucasjko/sdfr_ws/install/ball_detection_message/share/ball_detection_message/environment/path.dsv
[0.462s] -- Up-to-date: /home/lucasjko/sdfr_ws/install/ball_detection_message/share/ball_detection_message/local_setup.bash
[0.462s] -- Up-to-date: /home/lucasjko/sdfr_ws/install/ball_detection_message/share/ball_detection_message/local_setup.sh
[0.462s] -- Up-to-date: /home/lucasjko/sdfr_ws/install/ball_detection_message/share/ball_detection_message/local_setup.zsh
[0.462s] -- Up-to-date: /home/lucasjko/sdfr_ws/install/ball_detection_message/share/ball_detection_message/local_setup.dsv
[0.463s] -- Installing: /home/lucasjko/sdfr_ws/install/ball_detection_message/share/ball_detection_message/package.dsv
[0.463s] -- Up-to-date: /home/lucasjko/sdfr_ws/install/ball_detection_message/share/ament_index/resource_index/packages/ball_detection_message
[0.463s] -- Up-to-date: /home/lucasjko/sdfr_ws/install/ball_detection_message/share/ball_detection_message/cmake/export_ball_detection_message__rosidl_generator_cExport.cmake
[0.463s] -- Up-to-date: /home/lucasjko/sdfr_ws/install/ball_detection_message/share/ball_detection_message/cmake/export_ball_detection_message__rosidl_generator_cExport-noconfig.cmake
[0.463s] -- Up-to-date: /home/lucasjko/sdfr_ws/install/ball_detection_message/share/ball_detection_message/cmake/export_ball_detection_message__rosidl_typesupport_fastrtps_cExport.cmake
[0.463s] -- Up-to-date: /home/lucasjko/sdfr_ws/install/ball_detection_message/share/ball_detection_message/cmake/export_ball_detection_message__rosidl_typesupport_fastrtps_cExport-noconfig.cmake
[0.463s] -- Up-to-date: /home/lucasjko/sdfr_ws/install/ball_detection_message/share/ball_detection_message/cmake/ball_detection_message__rosidl_typesupport_introspection_cExport.cmake
[0.463s] -- Up-to-date: /home/lucasjko/sdfr_ws/install/ball_detection_message/share/ball_detection_message/cmake/ball_detection_message__rosidl_typesupport_introspection_cExport-noconfig.cmake
[0.463s] -- Up-to-date: /home/lucasjko/sdfr_ws/install/ball_detection_message/share/ball_detection_message/cmake/ball_detection_message__rosidl_typesupport_cExport.cmake
[0.463s] -- Up-to-date: /home/lucasjko/sdfr_ws/install/ball_detection_message/share/ball_detection_message/cmake/ball_detection_message__rosidl_typesupport_cExport-noconfig.cmake
[0.464s] -- Up-to-date: /home/lucasjko/sdfr_ws/install/ball_detection_message/share/ball_detection_message/cmake/export_ball_detection_message__rosidl_generator_cppExport.cmake
[0.464s] -- Up-to-date: /home/lucasjko/sdfr_ws/install/ball_detection_message/share/ball_detection_message/cmake/export_ball_detection_message__rosidl_typesupport_fastrtps_cppExport.cmake
[0.464s] -- Up-to-date: /home/lucasjko/sdfr_ws/install/ball_detection_message/share/ball_detection_message/cmake/export_ball_detection_message__rosidl_typesupport_fastrtps_cppExport-noconfig.cmake
[0.464s] -- Up-to-date: /home/lucasjko/sdfr_ws/install/ball_detection_message/share/ball_detection_message/cmake/ball_detection_message__rosidl_typesupport_introspection_cppExport.cmake
[0.464s] -- Up-to-date: /home/lucasjko/sdfr_ws/install/ball_detection_message/share/ball_detection_message/cmake/ball_detection_message__rosidl_typesupport_introspection_cppExport-noconfig.cmake
[0.464s] -- Up-to-date: /home/lucasjko/sdfr_ws/install/ball_detection_message/share/ball_detection_message/cmake/ball_detection_message__rosidl_typesupport_cppExport.cmake
[0.465s] -- Up-to-date: /home/lucasjko/sdfr_ws/install/ball_detection_message/share/ball_detection_message/cmake/ball_detection_message__rosidl_typesupport_cppExport-noconfig.cmake
[0.465s] -- Up-to-date: /home/lucasjko/sdfr_ws/install/ball_detection_message/share/ball_detection_message/cmake/export_ball_detection_message__rosidl_generator_pyExport.cmake
[0.465s] -- Up-to-date: /home/lucasjko/sdfr_ws/install/ball_detection_message/share/ball_detection_message/cmake/export_ball_detection_message__rosidl_generator_pyExport-noconfig.cmake
[0.466s] -- Up-to-date: /home/lucasjko/sdfr_ws/install/ball_detection_message/share/ball_detection_message/cmake/rosidl_cmake-extras.cmake
[0.466s] -- Up-to-date: /home/lucasjko/sdfr_ws/install/ball_detection_message/share/ball_detection_message/cmake/ament_cmake_export_include_directories-extras.cmake
[0.466s] -- Up-to-date: /home/lucasjko/sdfr_ws/install/ball_detection_message/share/ball_detection_message/cmake/ament_cmake_export_libraries-extras.cmake
[0.467s] -- Up-to-date: /home/lucasjko/sdfr_ws/install/ball_detection_message/share/ball_detection_message/cmake/ament_cmake_export_targets-extras.cmake
[0.467s] -- Up-to-date: /home/lucasjko/sdfr_ws/install/ball_detection_message/share/ball_detection_message/cmake/rosidl_cmake_export_typesupport_targets-extras.cmake
[0.468s] -- Up-to-date: /home/lucasjko/sdfr_ws/install/ball_detection_message/share/ball_detection_message/cmake/ament_cmake_export_dependencies-extras.cmake
[0.468s] -- Up-to-date: /home/lucasjko/sdfr_ws/install/ball_detection_message/share/ball_detection_message/cmake/rosidl_cmake_export_typesupport_libraries-extras.cmake
[0.468s] -- Up-to-date: /home/lucasjko/sdfr_ws/install/ball_detection_message/share/ball_detection_message/cmake/ball_detection_messageConfig.cmake
[0.468s] -- Up-to-date: /home/lucasjko/sdfr_ws/install/ball_detection_message/share/ball_detection_message/cmake/ball_detection_messageConfig-version.cmake
[0.468s] -- Up-to-date: /home/lucasjko/sdfr_ws/install/ball_detection_message/share/ball_detection_message/package.xml
[0.469s] Invoked command in '/home/lucasjko/sdfr_ws/build/ball_detection_message' returned '0': CMAKE_PREFIX_PATH=${CMAKE_PREFIX_PATH}:/opt/ros/humble /usr/bin/cmake --install /home/lucasjko/sdfr_ws/build/ball_detection_message
