[0.016s] Invoking command in '/home/lucasjko/sdfr_ws/build/ball_detection': CMAKE_PREFIX_PATH=/home/lucasjko/sdfr_ws/install/image_functions_sdfr:/home/lucasjko/sdfr_ws/install/ball_detection_message:/home/lucasjko/sdfr_ws/install/ros2_introduction:/home/lucasjko/sdfr_ws/install/ros2_introduction_message:/home/lucasjko/sdfr_ws/install/ball_detection:/opt/ros/humble LD_LIBRARY_PATH=/home/lucasjko/sdfr_ws/install/image_functions_sdfr/lib:/home/lucasjko/sdfr_ws/install/ball_detection_message/lib:/home/lucasjko/sdfr_ws/install/ros2_introduction_message/lib:/opt/ros/humble/opt/rviz_ogre_vendor/lib:/opt/ros/humble/lib/x86_64-linux-gnu:/opt/ros/humble/lib /usr/bin/cmake --build /home/lucasjko/sdfr_ws/build/ball_detection -- -j8 -l8
[0.037s] -- Found ament_cmake: 1.3.8 (/opt/ros/humble/share/ament_cmake/cmake)
[0.155s] -- Found rclcpp: 16.0.8 (/opt/ros/humble/share/rclcpp/cmake)
[0.197s] -- Found rosidl_generator_c: 3.1.5 (/opt/ros/humble/share/rosidl_generator_c/cmake)
[0.202s] -- Found rosidl_adapter: 3.1.5 (/opt/ros/humble/share/rosidl_adapter/cmake)
[0.210s] -- Found rosidl_generator_cpp: 3.1.5 (/opt/ros/humble/share/rosidl_generator_cpp/cmake)
[0.224s] -- Using all available rosidl_typesupport_c: rosidl_typesupport_fastrtps_c;rosidl_typesupport_introspection_c
[0.243s] -- Using all available rosidl_typesupport_cpp: rosidl_typesupport_fastrtps_cpp;rosidl_typesupport_introspection_cpp
[0.310s] -- Found rmw_implementation_cmake: 6.1.1 (/opt/ros/humble/share/rmw_implementation_cmake/cmake)
[0.313s] -- Found rmw_fastrtps_cpp: 6.2.6 (/opt/ros/humble/share/rmw_fastrtps_cpp/cmake)
[0.411s] -- Found OpenSSL: /usr/lib/x86_64-linux-gnu/libcrypto.so (found version "3.0.2")  
[0.435s] -- Found FastRTPS: /opt/ros/humble/include  
[0.482s] -- Using RMW implementation 'rmw_fastrtps_cpp' as default
[0.492s] -- Looking for pthread.h
[0.558s] -- Looking for pthread.h - found
[0.558s] -- Performing Test CMAKE_HAVE_LIBC_PTHREAD
[0.624s] -- Performing Test CMAKE_HAVE_LIBC_PTHREAD - Success
[0.625s] -- Found Threads: TRUE  
[0.777s] -- Found sensor_msgs: 4.2.3 (/opt/ros/humble/share/sensor_msgs/cmake)
[0.896s] -- Found image_functions_sdfr: 2.1.0 (/home/lucasjko/sdfr_ws/install/image_functions_sdfr/share/image_functions_sdfr/cmake)
[0.900s] [31mCMake Error at /opt/ros/humble/share/ament_cmake_target_dependencies/cmake/ament_target_dependencies.cmake:77 (message):
[0.901s]   ament_target_dependencies() the passed package name
[0.901s]   'ball_detection_message' was not found before
[0.901s] Call Stack (most recent call first):
[0.901s]   CMakeLists.txt:41 (ament_target_dependencies)
[0.901s] 
[0.901s] [0m
[0.901s] -- Configuring incomplete, errors occurred!
[0.901s] See also "/home/lucasjko/sdfr_ws/build/ball_detection/CMakeFiles/CMakeOutput.log".
[0.906s] gmake: *** [Makefile:226: cmake_check_build_system] Error 1
[0.908s] Invoked command in '/home/lucasjko/sdfr_ws/build/ball_detection' returned '2': CMAKE_PREFIX_PATH=/home/lucasjko/sdfr_ws/install/image_functions_sdfr:/home/lucasjko/sdfr_ws/install/ball_detection_message:/home/lucasjko/sdfr_ws/install/ros2_introduction:/home/lucasjko/sdfr_ws/install/ros2_introduction_message:/home/lucasjko/sdfr_ws/install/ball_detection:/opt/ros/humble LD_LIBRARY_PATH=/home/lucasjko/sdfr_ws/install/image_functions_sdfr/lib:/home/lucasjko/sdfr_ws/install/ball_detection_message/lib:/home/lucasjko/sdfr_ws/install/ros2_introduction_message/lib:/opt/ros/humble/opt/rviz_ogre_vendor/lib:/opt/ros/humble/lib/x86_64-linux-gnu:/opt/ros/humble/lib /usr/bin/cmake --build /home/lucasjko/sdfr_ws/build/ball_detection -- -j8 -l8
