[35m[1mConsolidate compiler generated dependencies of target find_ball[0m
[100%] Built target find_ball
-- Install configuration: ""
-- Installing: /home/lucasjko/sdfr_ws/install/ball_detection/lib/ball_detection/find_ball
-- Set runtime path of "/home/lucasjko/sdfr_ws/install/ball_detection/lib/ball_detection/find_ball" to ""
-- Up-to-date: /home/lucasjko/sdfr_ws/install/ball_detection/share/ament_index/resource_index/package_run_dependencies/ball_detection
-- Installing: /home/lucasjko/sdfr_ws/install/ball_detection/share/ament_index/resource_index/parent_prefix_path/ball_detection
-- Up-to-date: /home/lucasjko/sdfr_ws/install/ball_detection/share/ball_detection/environment/ament_prefix_path.sh
-- Installing: /home/lucasjko/sdfr_ws/install/ball_detection/share/ball_detection/environment/ament_prefix_path.dsv
-- Up-to-date: /home/lucasjko/sdfr_ws/install/ball_detection/share/ball_detection/environment/path.sh
-- Installing: /home/lucasjko/sdfr_ws/install/ball_detection/share/ball_detection/environment/path.dsv
-- Up-to-date: /home/lucasjko/sdfr_ws/install/ball_detection/share/ball_detection/local_setup.bash
-- Up-to-date: /home/lucasjko/sdfr_ws/install/ball_detection/share/ball_detection/local_setup.sh
-- Up-to-date: /home/lucasjko/sdfr_ws/install/ball_detection/share/ball_detection/local_setup.zsh
-- Installing: /home/lucasjko/sdfr_ws/install/ball_detection/share/ball_detection/local_setup.dsv
-- Installing: /home/lucasjko/sdfr_ws/install/ball_detection/share/ball_detection/package.dsv
-- Up-to-date: /home/lucasjko/sdfr_ws/install/ball_detection/share/ament_index/resource_index/packages/ball_detection
-- Up-to-date: /home/lucasjko/sdfr_ws/install/ball_detection/share/ball_detection/cmake/ball_detectionConfig.cmake
-- Up-to-date: /home/lucasjko/sdfr_ws/install/ball_detection/share/ball_detection/cmake/ball_detectionConfig-version.cmake
-- Installing: /home/lucasjko/sdfr_ws/install/ball_detection/share/ball_detection/package.xml
