[0.111s] DEBUG:colcon:Command line arguments: ['/usr/bin/colcon', 'build']
[0.111s] DEBUG:colcon:Parsed command line arguments: Namespace(log_base=None, log_level=None, verb_name='build', build_base='build', install_base='install', merge_install=False, symlink_install=False, test_result_base=None, continue_on_error=False, executor='parallel', parallel_workers=8, event_handlers=None, ignore_user_meta=False, metas=['./colcon.meta'], base_paths=['.'], packages_ignore=None, packages_ignore_regex=None, paths=None, packages_up_to=None, packages_up_to_regex=None, packages_above=None, packages_above_and_dependencies=None, packages_above_depth=None, packages_select_by_dep=None, packages_skip_by_dep=None, packages_skip_up_to=None, packages_select_build_failed=False, packages_skip_build_finished=False, packages_select_test_failures=False, packages_skip_test_passed=False, packages_select=None, packages_skip=None, packages_select_regex=None, packages_skip_regex=None, packages_start=None, packages_end=None, allow_overriding=[], cmake_args=None, cmake_target=None, cmake_target_skip_unavailable=False, cmake_clean_cache=False, cmake_clean_first=False, cmake_force_configure=False, ament_cmake_args=None, catkin_cmake_args=None, catkin_skip_building_tests=False, verb_parser=<colcon_defaults.argument_parser.defaults.DefaultArgumentsDecorator object at 0x7b92f3a70640>, verb_extension=<colcon_core.verb.build.BuildVerb object at 0x7b92f3a70160>, main=<bound method BuildVerb.main of <colcon_core.verb.build.BuildVerb object at 0x7b92f3a70160>>)
[0.263s] Level 1:colcon.colcon_core.package_discovery:discover_packages(colcon_meta) check parameters
[0.264s] Level 1:colcon.colcon_core.package_discovery:discover_packages(recursive) check parameters
[0.264s] Level 1:colcon.colcon_core.package_discovery:discover_packages(ignore) check parameters
[0.264s] Level 1:colcon.colcon_core.package_discovery:discover_packages(path) check parameters
[0.264s] Level 1:colcon.colcon_core.package_discovery:discover_packages(colcon_meta) discover
[0.264s] Level 1:colcon.colcon_core.package_discovery:discover_packages(recursive) discover
[0.264s] INFO:colcon.colcon_core.package_discovery:Crawling recursively for packages in '/home/lucasjko/sdfr_ws'
[0.264s] Level 1:colcon.colcon_core.package_identification:_identify(.) by extensions ['ignore', 'ignore_ament_install']
[0.264s] Level 1:colcon.colcon_core.package_identification:_identify(.) by extension 'ignore'
[0.264s] Level 1:colcon.colcon_core.package_identification:_identify(.) by extension 'ignore_ament_install'
[0.264s] Level 1:colcon.colcon_core.package_identification:_identify(.) by extensions ['colcon_pkg']
[0.264s] Level 1:colcon.colcon_core.package_identification:_identify(.) by extension 'colcon_pkg'
[0.264s] Level 1:colcon.colcon_core.package_identification:_identify(.) by extensions ['colcon_meta']
[0.264s] Level 1:colcon.colcon_core.package_identification:_identify(.) by extension 'colcon_meta'
[0.264s] Level 1:colcon.colcon_core.package_identification:_identify(.) by extensions ['ros']
[0.264s] Level 1:colcon.colcon_core.package_identification:_identify(.) by extension 'ros'
[0.285s] Level 1:colcon.colcon_core.package_identification:_identify(.) by extensions ['cmake', 'python']
[0.285s] Level 1:colcon.colcon_core.package_identification:_identify(.) by extension 'cmake'
[0.285s] Level 1:colcon.colcon_core.package_identification:_identify(.) by extension 'python'
[0.285s] Level 1:colcon.colcon_core.package_identification:_identify(.) by extensions ['python_setup_py']
[0.285s] Level 1:colcon.colcon_core.package_identification:_identify(.) by extension 'python_setup_py'
[0.285s] Level 1:colcon.colcon_core.package_identification:_identify(build) by extensions ['ignore', 'ignore_ament_install']
[0.285s] Level 1:colcon.colcon_core.package_identification:_identify(build) by extension 'ignore'
[0.285s] Level 1:colcon.colcon_core.package_identification:_identify(build) ignored
[0.285s] Level 1:colcon.colcon_core.package_identification:_identify(install) by extensions ['ignore', 'ignore_ament_install']
[0.285s] Level 1:colcon.colcon_core.package_identification:_identify(install) by extension 'ignore'
[0.286s] Level 1:colcon.colcon_core.package_identification:_identify(install) ignored
[0.286s] Level 1:colcon.colcon_core.package_identification:_identify(log) by extensions ['ignore', 'ignore_ament_install']
[0.286s] Level 1:colcon.colcon_core.package_identification:_identify(log) by extension 'ignore'
[0.286s] Level 1:colcon.colcon_core.package_identification:_identify(log) ignored
[0.286s] Level 1:colcon.colcon_core.package_identification:_identify(src) by extensions ['ignore', 'ignore_ament_install']
[0.286s] Level 1:colcon.colcon_core.package_identification:_identify(src) by extension 'ignore'
[0.286s] Level 1:colcon.colcon_core.package_identification:_identify(src) by extension 'ignore_ament_install'
[0.286s] Level 1:colcon.colcon_core.package_identification:_identify(src) by extensions ['colcon_pkg']
[0.286s] Level 1:colcon.colcon_core.package_identification:_identify(src) by extension 'colcon_pkg'
[0.286s] Level 1:colcon.colcon_core.package_identification:_identify(src) by extensions ['colcon_meta']
[0.286s] Level 1:colcon.colcon_core.package_identification:_identify(src) by extension 'colcon_meta'
[0.286s] Level 1:colcon.colcon_core.package_identification:_identify(src) by extensions ['ros']
[0.286s] Level 1:colcon.colcon_core.package_identification:_identify(src) by extension 'ros'
[0.286s] Level 1:colcon.colcon_core.package_identification:_identify(src) by extensions ['cmake', 'python']
[0.286s] Level 1:colcon.colcon_core.package_identification:_identify(src) by extension 'cmake'
[0.286s] Level 1:colcon.colcon_core.package_identification:_identify(src) by extension 'python'
[0.286s] Level 1:colcon.colcon_core.package_identification:_identify(src) by extensions ['python_setup_py']
[0.286s] Level 1:colcon.colcon_core.package_identification:_identify(src) by extension 'python_setup_py'
[0.287s] Level 1:colcon.colcon_core.package_identification:_identify(src/ball_detection) by extensions ['ignore', 'ignore_ament_install']
[0.287s] Level 1:colcon.colcon_core.package_identification:_identify(src/ball_detection) by extension 'ignore'
[0.287s] Level 1:colcon.colcon_core.package_identification:_identify(src/ball_detection) by extension 'ignore_ament_install'
[0.287s] Level 1:colcon.colcon_core.package_identification:_identify(src/ball_detection) by extensions ['colcon_pkg']
[0.287s] Level 1:colcon.colcon_core.package_identification:_identify(src/ball_detection) by extension 'colcon_pkg'
[0.287s] Level 1:colcon.colcon_core.package_identification:_identify(src/ball_detection) by extensions ['colcon_meta']
[0.287s] Level 1:colcon.colcon_core.package_identification:_identify(src/ball_detection) by extension 'colcon_meta'
[0.287s] Level 1:colcon.colcon_core.package_identification:_identify(src/ball_detection) by extensions ['ros']
[0.287s] Level 1:colcon.colcon_core.package_identification:_identify(src/ball_detection) by extension 'ros'
[0.289s] DEBUG:colcon.colcon_core.package_identification:Package 'src/ball_detection' with type 'ros.ament_cmake' and name 'ball_detection'
[0.289s] Level 1:colcon.colcon_core.package_identification:_identify(src/image_functions_sdfr) by extensions ['ignore', 'ignore_ament_install']
[0.290s] Level 1:colcon.colcon_core.package_identification:_identify(src/image_functions_sdfr) by extension 'ignore'
[0.290s] Level 1:colcon.colcon_core.package_identification:_identify(src/image_functions_sdfr) by extension 'ignore_ament_install'
[0.290s] Level 1:colcon.colcon_core.package_identification:_identify(src/image_functions_sdfr) by extensions ['colcon_pkg']
[0.290s] Level 1:colcon.colcon_core.package_identification:_identify(src/image_functions_sdfr) by extension 'colcon_pkg'
[0.290s] Level 1:colcon.colcon_core.package_identification:_identify(src/image_functions_sdfr) by extensions ['colcon_meta']
[0.290s] Level 1:colcon.colcon_core.package_identification:_identify(src/image_functions_sdfr) by extension 'colcon_meta'
[0.290s] Level 1:colcon.colcon_core.package_identification:_identify(src/image_functions_sdfr) by extensions ['ros']
[0.290s] Level 1:colcon.colcon_core.package_identification:_identify(src/image_functions_sdfr) by extension 'ros'
[0.290s] DEBUG:colcon.colcon_core.package_identification:Package 'src/image_functions_sdfr' with type 'ros.ament_cmake' and name 'image_functions_sdfr'
[0.291s] Level 1:colcon.colcon_core.package_identification:_identify(src/motion_controller) by extensions ['ignore', 'ignore_ament_install']
[0.291s] Level 1:colcon.colcon_core.package_identification:_identify(src/motion_controller) by extension 'ignore'
[0.291s] Level 1:colcon.colcon_core.package_identification:_identify(src/motion_controller) by extension 'ignore_ament_install'
[0.291s] Level 1:colcon.colcon_core.package_identification:_identify(src/motion_controller) by extensions ['colcon_pkg']
[0.291s] Level 1:colcon.colcon_core.package_identification:_identify(src/motion_controller) by extension 'colcon_pkg'
[0.291s] Level 1:colcon.colcon_core.package_identification:_identify(src/motion_controller) by extensions ['colcon_meta']
[0.291s] Level 1:colcon.colcon_core.package_identification:_identify(src/motion_controller) by extension 'colcon_meta'
[0.291s] Level 1:colcon.colcon_core.package_identification:_identify(src/motion_controller) by extensions ['ros']
[0.291s] Level 1:colcon.colcon_core.package_identification:_identify(src/motion_controller) by extension 'ros'
[0.292s] DEBUG:colcon.colcon_core.package_identification:Package 'src/motion_controller' with type 'ros.ament_cmake' and name 'motion_controller'
[0.292s] Level 1:colcon.colcon_core.package_identification:_identify(src/robot_image_messages) by extensions ['ignore', 'ignore_ament_install']
[0.292s] Level 1:colcon.colcon_core.package_identification:_identify(src/robot_image_messages) by extension 'ignore'
[0.292s] Level 1:colcon.colcon_core.package_identification:_identify(src/robot_image_messages) by extension 'ignore_ament_install'
[0.292s] Level 1:colcon.colcon_core.package_identification:_identify(src/robot_image_messages) by extensions ['colcon_pkg']
[0.292s] Level 1:colcon.colcon_core.package_identification:_identify(src/robot_image_messages) by extension 'colcon_pkg'
[0.292s] Level 1:colcon.colcon_core.package_identification:_identify(src/robot_image_messages) by extensions ['colcon_meta']
[0.292s] Level 1:colcon.colcon_core.package_identification:_identify(src/robot_image_messages) by extension 'colcon_meta'
[0.292s] Level 1:colcon.colcon_core.package_identification:_identify(src/robot_image_messages) by extensions ['ros']
[0.292s] Level 1:colcon.colcon_core.package_identification:_identify(src/robot_image_messages) by extension 'ros'
[0.293s] DEBUG:colcon.colcon_core.package_identification:Package 'src/robot_image_messages' with type 'ros.ament_cmake' and name 'robot_image_messages'
[0.293s] Level 1:colcon.colcon_core.package_identification:_identify(src/ros2_introduction) by extensions ['ignore', 'ignore_ament_install']
[0.293s] Level 1:colcon.colcon_core.package_identification:_identify(src/ros2_introduction) by extension 'ignore'
[0.293s] Level 1:colcon.colcon_core.package_identification:_identify(src/ros2_introduction) by extension 'ignore_ament_install'
[0.293s] Level 1:colcon.colcon_core.package_identification:_identify(src/ros2_introduction) by extensions ['colcon_pkg']
[0.293s] Level 1:colcon.colcon_core.package_identification:_identify(src/ros2_introduction) by extension 'colcon_pkg'
[0.293s] Level 1:colcon.colcon_core.package_identification:_identify(src/ros2_introduction) by extensions ['colcon_meta']
[0.293s] Level 1:colcon.colcon_core.package_identification:_identify(src/ros2_introduction) by extension 'colcon_meta'
[0.293s] Level 1:colcon.colcon_core.package_identification:_identify(src/ros2_introduction) by extensions ['ros']
[0.293s] Level 1:colcon.colcon_core.package_identification:_identify(src/ros2_introduction) by extension 'ros'
[0.294s] DEBUG:colcon.colcon_core.package_identification:Package 'src/ros2_introduction' with type 'ros.ament_cmake' and name 'ros2_introduction'
[0.294s] Level 1:colcon.colcon_core.package_discovery:discover_packages(recursive) using defaults
[0.294s] Level 1:colcon.colcon_core.package_discovery:discover_packages(ignore) discover
[0.294s] Level 1:colcon.colcon_core.package_discovery:discover_packages(ignore) using defaults
[0.294s] Level 1:colcon.colcon_core.package_discovery:discover_packages(path) discover
[0.294s] Level 1:colcon.colcon_core.package_discovery:discover_packages(path) using defaults
[0.311s] Level 1:colcon.colcon_core.package_discovery:discover_packages(prefix_path) check parameters
[0.311s] Level 1:colcon.colcon_core.package_discovery:discover_packages(prefix_path) discover
[0.313s] DEBUG:colcon.colcon_installed_package_information.package_discovery:Found 5 installed packages in /home/lucasjko/sdfr_ws/install
[0.314s] DEBUG:colcon.colcon_installed_package_information.package_discovery:Found 288 installed packages in /opt/ros/humble
[0.316s] Level 1:colcon.colcon_core.package_discovery:discover_packages(prefix_path) using defaults
[0.355s] Level 5:colcon.colcon_core.verb:set package 'image_functions_sdfr' build argument 'cmake_args' from command line to 'None'
[0.355s] Level 5:colcon.colcon_core.verb:set package 'image_functions_sdfr' build argument 'cmake_target' from command line to 'None'
[0.355s] Level 5:colcon.colcon_core.verb:set package 'image_functions_sdfr' build argument 'cmake_target_skip_unavailable' from command line to 'False'
[0.355s] Level 5:colcon.colcon_core.verb:set package 'image_functions_sdfr' build argument 'cmake_clean_cache' from command line to 'False'
[0.355s] Level 5:colcon.colcon_core.verb:set package 'image_functions_sdfr' build argument 'cmake_clean_first' from command line to 'False'
[0.355s] Level 5:colcon.colcon_core.verb:set package 'image_functions_sdfr' build argument 'cmake_force_configure' from command line to 'False'
[0.355s] Level 5:colcon.colcon_core.verb:set package 'image_functions_sdfr' build argument 'ament_cmake_args' from command line to 'None'
[0.355s] Level 5:colcon.colcon_core.verb:set package 'image_functions_sdfr' build argument 'catkin_cmake_args' from command line to 'None'
[0.355s] Level 5:colcon.colcon_core.verb:set package 'image_functions_sdfr' build argument 'catkin_skip_building_tests' from command line to 'False'
[0.355s] DEBUG:colcon.colcon_core.verb:Building package 'image_functions_sdfr' with the following arguments: {'ament_cmake_args': None, 'build_base': '/home/lucasjko/sdfr_ws/build/image_functions_sdfr', 'catkin_cmake_args': None, 'catkin_skip_building_tests': False, 'cmake_args': None, 'cmake_clean_cache': False, 'cmake_clean_first': False, 'cmake_force_configure': False, 'cmake_target': None, 'cmake_target_skip_unavailable': False, 'install_base': '/home/lucasjko/sdfr_ws/install/image_functions_sdfr', 'merge_install': False, 'path': '/home/lucasjko/sdfr_ws/src/image_functions_sdfr', 'symlink_install': False, 'test_result_base': None}
[0.356s] Level 5:colcon.colcon_core.verb:set package 'robot_image_messages' build argument 'cmake_args' from command line to 'None'
[0.356s] Level 5:colcon.colcon_core.verb:set package 'robot_image_messages' build argument 'cmake_target' from command line to 'None'
[0.356s] Level 5:colcon.colcon_core.verb:set package 'robot_image_messages' build argument 'cmake_target_skip_unavailable' from command line to 'False'
[0.356s] Level 5:colcon.colcon_core.verb:set package 'robot_image_messages' build argument 'cmake_clean_cache' from command line to 'False'
[0.356s] Level 5:colcon.colcon_core.verb:set package 'robot_image_messages' build argument 'cmake_clean_first' from command line to 'False'
[0.356s] Level 5:colcon.colcon_core.verb:set package 'robot_image_messages' build argument 'cmake_force_configure' from command line to 'False'
[0.356s] Level 5:colcon.colcon_core.verb:set package 'robot_image_messages' build argument 'ament_cmake_args' from command line to 'None'
[0.356s] Level 5:colcon.colcon_core.verb:set package 'robot_image_messages' build argument 'catkin_cmake_args' from command line to 'None'
[0.356s] Level 5:colcon.colcon_core.verb:set package 'robot_image_messages' build argument 'catkin_skip_building_tests' from command line to 'False'
[0.356s] DEBUG:colcon.colcon_core.verb:Building package 'robot_image_messages' with the following arguments: {'ament_cmake_args': None, 'build_base': '/home/lucasjko/sdfr_ws/build/robot_image_messages', 'catkin_cmake_args': None, 'catkin_skip_building_tests': False, 'cmake_args': None, 'cmake_clean_cache': False, 'cmake_clean_first': False, 'cmake_force_configure': False, 'cmake_target': None, 'cmake_target_skip_unavailable': False, 'install_base': '/home/lucasjko/sdfr_ws/install/robot_image_messages', 'merge_install': False, 'path': '/home/lucasjko/sdfr_ws/src/robot_image_messages', 'symlink_install': False, 'test_result_base': None}
[0.356s] Level 5:colcon.colcon_core.verb:set package 'ball_detection' build argument 'cmake_args' from command line to 'None'
[0.356s] Level 5:colcon.colcon_core.verb:set package 'ball_detection' build argument 'cmake_target' from command line to 'None'
[0.356s] Level 5:colcon.colcon_core.verb:set package 'ball_detection' build argument 'cmake_target_skip_unavailable' from command line to 'False'
[0.356s] Level 5:colcon.colcon_core.verb:set package 'ball_detection' build argument 'cmake_clean_cache' from command line to 'False'
[0.356s] Level 5:colcon.colcon_core.verb:set package 'ball_detection' build argument 'cmake_clean_first' from command line to 'False'
[0.356s] Level 5:colcon.colcon_core.verb:set package 'ball_detection' build argument 'cmake_force_configure' from command line to 'False'
[0.357s] Level 5:colcon.colcon_core.verb:set package 'ball_detection' build argument 'ament_cmake_args' from command line to 'None'
[0.357s] Level 5:colcon.colcon_core.verb:set package 'ball_detection' build argument 'catkin_cmake_args' from command line to 'None'
[0.357s] Level 5:colcon.colcon_core.verb:set package 'ball_detection' build argument 'catkin_skip_building_tests' from command line to 'False'
[0.357s] DEBUG:colcon.colcon_core.verb:Building package 'ball_detection' with the following arguments: {'ament_cmake_args': None, 'build_base': '/home/lucasjko/sdfr_ws/build/ball_detection', 'catkin_cmake_args': None, 'catkin_skip_building_tests': False, 'cmake_args': None, 'cmake_clean_cache': False, 'cmake_clean_first': False, 'cmake_force_configure': False, 'cmake_target': None, 'cmake_target_skip_unavailable': False, 'install_base': '/home/lucasjko/sdfr_ws/install/ball_detection', 'merge_install': False, 'path': '/home/lucasjko/sdfr_ws/src/ball_detection', 'symlink_install': False, 'test_result_base': None}
[0.357s] Level 5:colcon.colcon_core.verb:set package 'motion_controller' build argument 'cmake_args' from command line to 'None'
[0.357s] Level 5:colcon.colcon_core.verb:set package 'motion_controller' build argument 'cmake_target' from command line to 'None'
[0.357s] Level 5:colcon.colcon_core.verb:set package 'motion_controller' build argument 'cmake_target_skip_unavailable' from command line to 'False'
[0.357s] Level 5:colcon.colcon_core.verb:set package 'motion_controller' build argument 'cmake_clean_cache' from command line to 'False'
[0.357s] Level 5:colcon.colcon_core.verb:set package 'motion_controller' build argument 'cmake_clean_first' from command line to 'False'
[0.357s] Level 5:colcon.colcon_core.verb:set package 'motion_controller' build argument 'cmake_force_configure' from command line to 'False'
[0.357s] Level 5:colcon.colcon_core.verb:set package 'motion_controller' build argument 'ament_cmake_args' from command line to 'None'
[0.357s] Level 5:colcon.colcon_core.verb:set package 'motion_controller' build argument 'catkin_cmake_args' from command line to 'None'
[0.357s] Level 5:colcon.colcon_core.verb:set package 'motion_controller' build argument 'catkin_skip_building_tests' from command line to 'False'
[0.357s] DEBUG:colcon.colcon_core.verb:Building package 'motion_controller' with the following arguments: {'ament_cmake_args': None, 'build_base': '/home/lucasjko/sdfr_ws/build/motion_controller', 'catkin_cmake_args': None, 'catkin_skip_building_tests': False, 'cmake_args': None, 'cmake_clean_cache': False, 'cmake_clean_first': False, 'cmake_force_configure': False, 'cmake_target': None, 'cmake_target_skip_unavailable': False, 'install_base': '/home/lucasjko/sdfr_ws/install/motion_controller', 'merge_install': False, 'path': '/home/lucasjko/sdfr_ws/src/motion_controller', 'symlink_install': False, 'test_result_base': None}
[0.357s] Level 5:colcon.colcon_core.verb:set package 'ros2_introduction' build argument 'cmake_args' from command line to 'None'
[0.357s] Level 5:colcon.colcon_core.verb:set package 'ros2_introduction' build argument 'cmake_target' from command line to 'None'
[0.358s] Level 5:colcon.colcon_core.verb:set package 'ros2_introduction' build argument 'cmake_target_skip_unavailable' from command line to 'False'
[0.358s] Level 5:colcon.colcon_core.verb:set package 'ros2_introduction' build argument 'cmake_clean_cache' from command line to 'False'
[0.358s] Level 5:colcon.colcon_core.verb:set package 'ros2_introduction' build argument 'cmake_clean_first' from command line to 'False'
[0.358s] Level 5:colcon.colcon_core.verb:set package 'ros2_introduction' build argument 'cmake_force_configure' from command line to 'False'
[0.358s] Level 5:colcon.colcon_core.verb:set package 'ros2_introduction' build argument 'ament_cmake_args' from command line to 'None'
[0.358s] Level 5:colcon.colcon_core.verb:set package 'ros2_introduction' build argument 'catkin_cmake_args' from command line to 'None'
[0.358s] Level 5:colcon.colcon_core.verb:set package 'ros2_introduction' build argument 'catkin_skip_building_tests' from command line to 'False'
[0.358s] DEBUG:colcon.colcon_core.verb:Building package 'ros2_introduction' with the following arguments: {'ament_cmake_args': None, 'build_base': '/home/lucasjko/sdfr_ws/build/ros2_introduction', 'catkin_cmake_args': None, 'catkin_skip_building_tests': False, 'cmake_args': None, 'cmake_clean_cache': False, 'cmake_clean_first': False, 'cmake_force_configure': False, 'cmake_target': None, 'cmake_target_skip_unavailable': False, 'install_base': '/home/lucasjko/sdfr_ws/install/ros2_introduction', 'merge_install': False, 'path': '/home/lucasjko/sdfr_ws/src/ros2_introduction', 'symlink_install': False, 'test_result_base': None}
[0.358s] INFO:colcon.colcon_core.executor:Executing jobs using 'parallel' executor
[0.359s] DEBUG:colcon.colcon_parallel_executor.executor.parallel:run_until_complete
[0.359s] INFO:colcon.colcon_ros.task.ament_cmake.build:Building ROS package in '/home/lucasjko/sdfr_ws/src/image_functions_sdfr' with build type 'ament_cmake'
[0.359s] INFO:colcon.colcon_cmake.task.cmake.build:Building CMake package in '/home/lucasjko/sdfr_ws/src/image_functions_sdfr'
[0.362s] INFO:colcon.colcon_core.plugin_system:Skipping extension 'colcon_core.shell.bat': Not used on non-Windows systems
[0.362s] INFO:colcon.colcon_core.shell:Skip shell extension 'powershell' for command environment: Not usable outside of PowerShell
[0.363s] DEBUG:colcon.colcon_core.shell:Skip shell extension 'dsv' for command environment
[0.369s] INFO:colcon.colcon_ros.task.ament_cmake.build:Building ROS package in '/home/lucasjko/sdfr_ws/src/robot_image_messages' with build type 'ament_cmake'
[0.370s] INFO:colcon.colcon_cmake.task.cmake.build:Building CMake package in '/home/lucasjko/sdfr_ws/src/robot_image_messages'
[0.370s] INFO:colcon.colcon_core.shell:Skip shell extension 'powershell' for command environment: Not usable outside of PowerShell
[0.370s] DEBUG:colcon.colcon_core.shell:Skip shell extension 'dsv' for command environment
[0.385s] DEBUG:colcon.colcon_core.event_handler.log_command:Invoking command in '/home/lucasjko/sdfr_ws/build/robot_image_messages': CMAKE_PREFIX_PATH=${CMAKE_PREFIX_PATH}:/opt/ros/humble /usr/bin/cmake --build /home/lucasjko/sdfr_ws/build/robot_image_messages -- -j8 -l8
[0.404s] DEBUG:colcon.colcon_core.event_handler.log_command:Invoking command in '/home/lucasjko/sdfr_ws/build/image_functions_sdfr': CMAKE_PREFIX_PATH=${CMAKE_PREFIX_PATH}:/opt/ros/humble /usr/bin/cmake --build /home/lucasjko/sdfr_ws/build/image_functions_sdfr -- -j8 -l8
[0.488s] DEBUG:colcon.colcon_core.event_handler.log_command:Invoked command in '/home/lucasjko/sdfr_ws/build/image_functions_sdfr' returned '0': CMAKE_PREFIX_PATH=${CMAKE_PREFIX_PATH}:/opt/ros/humble /usr/bin/cmake --build /home/lucasjko/sdfr_ws/build/image_functions_sdfr -- -j8 -l8
[0.527s] DEBUG:colcon.colcon_core.event_handler.log_command:Invoking command in '/home/lucasjko/sdfr_ws/build/image_functions_sdfr': CMAKE_PREFIX_PATH=${CMAKE_PREFIX_PATH}:/opt/ros/humble /usr/bin/cmake --install /home/lucasjko/sdfr_ws/build/image_functions_sdfr
[0.539s] Level 1:colcon.colcon_core.environment:create_environment_scripts_only(image_functions_sdfr)
[0.540s] DEBUG:colcon.colcon_core.event_handler.log_command:Invoked command in '/home/lucasjko/sdfr_ws/build/image_functions_sdfr' returned '0': CMAKE_PREFIX_PATH=${CMAKE_PREFIX_PATH}:/opt/ros/humble /usr/bin/cmake --install /home/lucasjko/sdfr_ws/build/image_functions_sdfr
[0.542s] Level 1:colcon.colcon_core.environment:checking '/home/lucasjko/sdfr_ws/install/image_functions_sdfr' for CMake module files
[0.543s] Level 1:colcon.colcon_core.environment:checking '/home/lucasjko/sdfr_ws/install/image_functions_sdfr' for CMake config files
[0.543s] Level 1:colcon.colcon_core.shell:create_environment_hook('image_functions_sdfr', 'cmake_prefix_path')
[0.543s] INFO:colcon.colcon_core.shell:Creating environment hook '/home/lucasjko/sdfr_ws/install/image_functions_sdfr/share/image_functions_sdfr/hook/cmake_prefix_path.ps1'
[0.544s] INFO:colcon.colcon_core.shell:Creating environment descriptor '/home/lucasjko/sdfr_ws/install/image_functions_sdfr/share/image_functions_sdfr/hook/cmake_prefix_path.dsv'
[0.544s] INFO:colcon.colcon_core.shell:Creating environment hook '/home/lucasjko/sdfr_ws/install/image_functions_sdfr/share/image_functions_sdfr/hook/cmake_prefix_path.sh'
[0.545s] Level 1:colcon.colcon_core.environment:checking '/home/lucasjko/sdfr_ws/install/image_functions_sdfr/lib'
[0.545s] Level 1:colcon.colcon_core.shell:create_environment_hook('image_functions_sdfr', 'ld_library_path_lib')
[0.545s] INFO:colcon.colcon_core.shell:Creating environment hook '/home/lucasjko/sdfr_ws/install/image_functions_sdfr/share/image_functions_sdfr/hook/ld_library_path_lib.ps1'
[0.546s] INFO:colcon.colcon_core.shell:Creating environment descriptor '/home/lucasjko/sdfr_ws/install/image_functions_sdfr/share/image_functions_sdfr/hook/ld_library_path_lib.dsv'
[0.546s] INFO:colcon.colcon_core.shell:Creating environment hook '/home/lucasjko/sdfr_ws/install/image_functions_sdfr/share/image_functions_sdfr/hook/ld_library_path_lib.sh'
[0.546s] Level 1:colcon.colcon_core.environment:checking '/home/lucasjko/sdfr_ws/install/image_functions_sdfr/bin'
[0.546s] Level 1:colcon.colcon_core.environment:checking '/home/lucasjko/sdfr_ws/install/image_functions_sdfr/lib/pkgconfig/image_functions_sdfr.pc'
[0.547s] Level 1:colcon.colcon_core.environment:checking '/home/lucasjko/sdfr_ws/install/image_functions_sdfr/lib/python3.10/site-packages'
[0.547s] Level 1:colcon.colcon_core.environment:checking '/home/lucasjko/sdfr_ws/install/image_functions_sdfr/bin'
[0.548s] INFO:colcon.colcon_core.shell:Creating package script '/home/lucasjko/sdfr_ws/install/image_functions_sdfr/share/image_functions_sdfr/package.ps1'
[0.549s] INFO:colcon.colcon_core.shell:Creating package descriptor '/home/lucasjko/sdfr_ws/install/image_functions_sdfr/share/image_functions_sdfr/package.dsv'
[0.550s] INFO:colcon.colcon_core.shell:Creating package script '/home/lucasjko/sdfr_ws/install/image_functions_sdfr/share/image_functions_sdfr/package.sh'
[0.551s] INFO:colcon.colcon_core.shell:Creating package script '/home/lucasjko/sdfr_ws/install/image_functions_sdfr/share/image_functions_sdfr/package.bash'
[0.552s] INFO:colcon.colcon_core.shell:Creating package script '/home/lucasjko/sdfr_ws/install/image_functions_sdfr/share/image_functions_sdfr/package.zsh'
[0.553s] Level 1:colcon.colcon_core.environment:create_file_with_runtime_dependencies(/home/lucasjko/sdfr_ws/install/image_functions_sdfr/share/colcon-core/packages/image_functions_sdfr)
[0.578s] Level 1:colcon.colcon_core.environment:create_environment_scripts_only(image_functions_sdfr)
[0.579s] Level 1:colcon.colcon_core.environment:checking '/home/lucasjko/sdfr_ws/install/image_functions_sdfr' for CMake module files
[0.579s] Level 1:colcon.colcon_core.environment:checking '/home/lucasjko/sdfr_ws/install/image_functions_sdfr' for CMake config files
[0.580s] Level 1:colcon.colcon_core.shell:create_environment_hook('image_functions_sdfr', 'cmake_prefix_path')
[0.581s] INFO:colcon.colcon_core.shell:Creating environment hook '/home/lucasjko/sdfr_ws/install/image_functions_sdfr/share/image_functions_sdfr/hook/cmake_prefix_path.ps1'
[0.581s] INFO:colcon.colcon_core.shell:Creating environment descriptor '/home/lucasjko/sdfr_ws/install/image_functions_sdfr/share/image_functions_sdfr/hook/cmake_prefix_path.dsv'
[0.582s] INFO:colcon.colcon_core.shell:Creating environment hook '/home/lucasjko/sdfr_ws/install/image_functions_sdfr/share/image_functions_sdfr/hook/cmake_prefix_path.sh'
[0.582s] Level 1:colcon.colcon_core.environment:checking '/home/lucasjko/sdfr_ws/install/image_functions_sdfr/lib'
[0.582s] Level 1:colcon.colcon_core.shell:create_environment_hook('image_functions_sdfr', 'ld_library_path_lib')
[0.583s] INFO:colcon.colcon_core.shell:Creating environment hook '/home/lucasjko/sdfr_ws/install/image_functions_sdfr/share/image_functions_sdfr/hook/ld_library_path_lib.ps1'
[0.583s] INFO:colcon.colcon_core.shell:Creating environment descriptor '/home/lucasjko/sdfr_ws/install/image_functions_sdfr/share/image_functions_sdfr/hook/ld_library_path_lib.dsv'
[0.584s] INFO:colcon.colcon_core.shell:Creating environment hook '/home/lucasjko/sdfr_ws/install/image_functions_sdfr/share/image_functions_sdfr/hook/ld_library_path_lib.sh'
[0.584s] Level 1:colcon.colcon_core.environment:checking '/home/lucasjko/sdfr_ws/install/image_functions_sdfr/bin'
[0.584s] Level 1:colcon.colcon_core.environment:checking '/home/lucasjko/sdfr_ws/install/image_functions_sdfr/lib/pkgconfig/image_functions_sdfr.pc'
[0.585s] Level 1:colcon.colcon_core.environment:checking '/home/lucasjko/sdfr_ws/install/image_functions_sdfr/lib/python3.10/site-packages'
[0.585s] Level 1:colcon.colcon_core.environment:checking '/home/lucasjko/sdfr_ws/install/image_functions_sdfr/bin'
[0.586s] INFO:colcon.colcon_core.shell:Creating package script '/home/lucasjko/sdfr_ws/install/image_functions_sdfr/share/image_functions_sdfr/package.ps1'
[0.586s] INFO:colcon.colcon_core.shell:Creating package descriptor '/home/lucasjko/sdfr_ws/install/image_functions_sdfr/share/image_functions_sdfr/package.dsv'
[0.587s] INFO:colcon.colcon_core.shell:Creating package script '/home/lucasjko/sdfr_ws/install/image_functions_sdfr/share/image_functions_sdfr/package.sh'
[0.588s] INFO:colcon.colcon_core.shell:Creating package script '/home/lucasjko/sdfr_ws/install/image_functions_sdfr/share/image_functions_sdfr/package.bash'
[0.588s] INFO:colcon.colcon_core.shell:Creating package script '/home/lucasjko/sdfr_ws/install/image_functions_sdfr/share/image_functions_sdfr/package.zsh'
[0.589s] Level 1:colcon.colcon_core.environment:create_file_with_runtime_dependencies(/home/lucasjko/sdfr_ws/install/image_functions_sdfr/share/colcon-core/packages/image_functions_sdfr)
[0.788s] DEBUG:colcon.colcon_core.event_handler.log_command:Invoked command in '/home/lucasjko/sdfr_ws/build/robot_image_messages' returned '0': CMAKE_PREFIX_PATH=${CMAKE_PREFIX_PATH}:/opt/ros/humble /usr/bin/cmake --build /home/lucasjko/sdfr_ws/build/robot_image_messages -- -j8 -l8
[0.865s] DEBUG:colcon.colcon_core.event_handler.log_command:Invoking command in '/home/lucasjko/sdfr_ws/build/robot_image_messages': CMAKE_PREFIX_PATH=${CMAKE_PREFIX_PATH}:/opt/ros/humble /usr/bin/cmake --install /home/lucasjko/sdfr_ws/build/robot_image_messages
[0.920s] Level 1:colcon.colcon_core.environment:create_environment_scripts_only(robot_image_messages)
[0.921s] Level 1:colcon.colcon_core.environment:checking '/home/lucasjko/sdfr_ws/install/robot_image_messages' for CMake module files
[0.921s] DEBUG:colcon.colcon_core.event_handler.log_command:Invoked command in '/home/lucasjko/sdfr_ws/build/robot_image_messages' returned '0': CMAKE_PREFIX_PATH=${CMAKE_PREFIX_PATH}:/opt/ros/humble /usr/bin/cmake --install /home/lucasjko/sdfr_ws/build/robot_image_messages
[0.922s] Level 1:colcon.colcon_core.environment:checking '/home/lucasjko/sdfr_ws/install/robot_image_messages' for CMake config files
[0.923s] Level 1:colcon.colcon_core.shell:create_environment_hook('robot_image_messages', 'cmake_prefix_path')
[0.923s] INFO:colcon.colcon_core.shell:Creating environment hook '/home/lucasjko/sdfr_ws/install/robot_image_messages/share/robot_image_messages/hook/cmake_prefix_path.ps1'
[0.924s] INFO:colcon.colcon_core.shell:Creating environment descriptor '/home/lucasjko/sdfr_ws/install/robot_image_messages/share/robot_image_messages/hook/cmake_prefix_path.dsv'
[0.924s] INFO:colcon.colcon_core.shell:Creating environment hook '/home/lucasjko/sdfr_ws/install/robot_image_messages/share/robot_image_messages/hook/cmake_prefix_path.sh'
[0.925s] Level 1:colcon.colcon_core.environment:checking '/home/lucasjko/sdfr_ws/install/robot_image_messages/lib'
[0.925s] Level 1:colcon.colcon_core.shell:create_environment_hook('robot_image_messages', 'ld_library_path_lib')
[0.925s] INFO:colcon.colcon_core.shell:Creating environment hook '/home/lucasjko/sdfr_ws/install/robot_image_messages/share/robot_image_messages/hook/ld_library_path_lib.ps1'
[0.926s] INFO:colcon.colcon_core.shell:Creating environment descriptor '/home/lucasjko/sdfr_ws/install/robot_image_messages/share/robot_image_messages/hook/ld_library_path_lib.dsv'
[0.926s] INFO:colcon.colcon_core.shell:Creating environment hook '/home/lucasjko/sdfr_ws/install/robot_image_messages/share/robot_image_messages/hook/ld_library_path_lib.sh'
[0.927s] Level 1:colcon.colcon_core.environment:checking '/home/lucasjko/sdfr_ws/install/robot_image_messages/bin'
[0.927s] Level 1:colcon.colcon_core.environment:checking '/home/lucasjko/sdfr_ws/install/robot_image_messages/lib/pkgconfig/robot_image_messages.pc'
[0.927s] Level 1:colcon.colcon_core.environment:checking '/home/lucasjko/sdfr_ws/install/robot_image_messages/lib/python3.10/site-packages'
[0.927s] Level 1:colcon.colcon_core.environment:checking '/home/lucasjko/sdfr_ws/install/robot_image_messages/bin'
[0.928s] INFO:colcon.colcon_core.shell:Creating package script '/home/lucasjko/sdfr_ws/install/robot_image_messages/share/robot_image_messages/package.ps1'
[0.928s] INFO:colcon.colcon_core.shell:Creating package descriptor '/home/lucasjko/sdfr_ws/install/robot_image_messages/share/robot_image_messages/package.dsv'
[0.929s] INFO:colcon.colcon_core.shell:Creating package script '/home/lucasjko/sdfr_ws/install/robot_image_messages/share/robot_image_messages/package.sh'
[0.929s] INFO:colcon.colcon_core.shell:Creating package script '/home/lucasjko/sdfr_ws/install/robot_image_messages/share/robot_image_messages/package.bash'
[0.930s] INFO:colcon.colcon_core.shell:Creating package script '/home/lucasjko/sdfr_ws/install/robot_image_messages/share/robot_image_messages/package.zsh'
[0.930s] Level 1:colcon.colcon_core.environment:create_file_with_runtime_dependencies(/home/lucasjko/sdfr_ws/install/robot_image_messages/share/colcon-core/packages/robot_image_messages)
[1.007s] Level 1:colcon.colcon_core.environment:create_environment_scripts_only(robot_image_messages)
[1.007s] Level 1:colcon.colcon_core.environment:checking '/home/lucasjko/sdfr_ws/install/robot_image_messages' for CMake module files
[1.008s] Level 1:colcon.colcon_core.environment:checking '/home/lucasjko/sdfr_ws/install/robot_image_messages' for CMake config files
[1.009s] Level 1:colcon.colcon_core.shell:create_environment_hook('robot_image_messages', 'cmake_prefix_path')
[1.009s] INFO:colcon.colcon_core.shell:Creating environment hook '/home/lucasjko/sdfr_ws/install/robot_image_messages/share/robot_image_messages/hook/cmake_prefix_path.ps1'
[1.009s] INFO:colcon.colcon_core.shell:Creating environment descriptor '/home/lucasjko/sdfr_ws/install/robot_image_messages/share/robot_image_messages/hook/cmake_prefix_path.dsv'
[1.009s] INFO:colcon.colcon_core.shell:Creating environment hook '/home/lucasjko/sdfr_ws/install/robot_image_messages/share/robot_image_messages/hook/cmake_prefix_path.sh'
[1.010s] Level 1:colcon.colcon_core.environment:checking '/home/lucasjko/sdfr_ws/install/robot_image_messages/lib'
[1.010s] Level 1:colcon.colcon_core.shell:create_environment_hook('robot_image_messages', 'ld_library_path_lib')
[1.010s] INFO:colcon.colcon_core.shell:Creating environment hook '/home/lucasjko/sdfr_ws/install/robot_image_messages/share/robot_image_messages/hook/ld_library_path_lib.ps1'
[1.011s] INFO:colcon.colcon_core.shell:Creating environment descriptor '/home/lucasjko/sdfr_ws/install/robot_image_messages/share/robot_image_messages/hook/ld_library_path_lib.dsv'
[1.011s] INFO:colcon.colcon_core.shell:Creating environment hook '/home/lucasjko/sdfr_ws/install/robot_image_messages/share/robot_image_messages/hook/ld_library_path_lib.sh'
[1.011s] Level 1:colcon.colcon_core.environment:checking '/home/lucasjko/sdfr_ws/install/robot_image_messages/bin'
[1.011s] Level 1:colcon.colcon_core.environment:checking '/home/lucasjko/sdfr_ws/install/robot_image_messages/lib/pkgconfig/robot_image_messages.pc'
[1.012s] Level 1:colcon.colcon_core.environment:checking '/home/lucasjko/sdfr_ws/install/robot_image_messages/lib/python3.10/site-packages'
[1.012s] Level 1:colcon.colcon_core.environment:checking '/home/lucasjko/sdfr_ws/install/robot_image_messages/bin'
[1.012s] INFO:colcon.colcon_core.shell:Creating package script '/home/lucasjko/sdfr_ws/install/robot_image_messages/share/robot_image_messages/package.ps1'
[1.013s] INFO:colcon.colcon_core.shell:Creating package descriptor '/home/lucasjko/sdfr_ws/install/robot_image_messages/share/robot_image_messages/package.dsv'
[1.013s] INFO:colcon.colcon_core.shell:Creating package script '/home/lucasjko/sdfr_ws/install/robot_image_messages/share/robot_image_messages/package.sh'
[1.013s] INFO:colcon.colcon_core.shell:Creating package script '/home/lucasjko/sdfr_ws/install/robot_image_messages/share/robot_image_messages/package.bash'
[1.014s] INFO:colcon.colcon_core.shell:Creating package script '/home/lucasjko/sdfr_ws/install/robot_image_messages/share/robot_image_messages/package.zsh'
[1.014s] Level 1:colcon.colcon_core.environment:create_file_with_runtime_dependencies(/home/lucasjko/sdfr_ws/install/robot_image_messages/share/colcon-core/packages/robot_image_messages)
[1.014s] INFO:colcon.colcon_ros.task.ament_cmake.build:Building ROS package in '/home/lucasjko/sdfr_ws/src/ball_detection' with build type 'ament_cmake'
[1.014s] INFO:colcon.colcon_cmake.task.cmake.build:Building CMake package in '/home/lucasjko/sdfr_ws/src/ball_detection'
[1.015s] INFO:colcon.colcon_core.shell:Skip shell extension 'powershell' for command environment: Not usable outside of PowerShell
[1.015s] DEBUG:colcon.colcon_core.shell:Skip shell extension 'dsv' for command environment
[1.020s] INFO:colcon.colcon_ros.task.ament_cmake.build:Building ROS package in '/home/lucasjko/sdfr_ws/src/motion_controller' with build type 'ament_cmake'
[1.020s] INFO:colcon.colcon_cmake.task.cmake.build:Building CMake package in '/home/lucasjko/sdfr_ws/src/motion_controller'
[1.020s] INFO:colcon.colcon_core.shell:Skip shell extension 'powershell' for command environment: Not usable outside of PowerShell
[1.020s] DEBUG:colcon.colcon_core.shell:Skip shell extension 'dsv' for command environment
[1.025s] INFO:colcon.colcon_ros.task.ament_cmake.build:Building ROS package in '/home/lucasjko/sdfr_ws/src/ros2_introduction' with build type 'ament_cmake'
[1.025s] INFO:colcon.colcon_cmake.task.cmake.build:Building CMake package in '/home/lucasjko/sdfr_ws/src/ros2_introduction'
[1.026s] INFO:colcon.colcon_core.shell:Skip shell extension 'powershell' for command environment: Not usable outside of PowerShell
[1.026s] DEBUG:colcon.colcon_core.shell:Skip shell extension 'dsv' for command environment
[1.035s] DEBUG:colcon.colcon_core.event_handler.log_command:Invoking command in '/home/lucasjko/sdfr_ws/build/ball_detection': CMAKE_PREFIX_PATH=/home/lucasjko/sdfr_ws/install/robot_image_messages:/home/lucasjko/sdfr_ws/install/image_functions_sdfr:/home/lucasjko/sdfr_ws/install/ros2_introduction:/home/lucasjko/sdfr_ws/install/motion_controller:/home/lucasjko/sdfr_ws/install/ball_detection:/opt/ros/humble /usr/bin/cmake --build /home/lucasjko/sdfr_ws/build/ball_detection -- -j8 -l8
[1.039s] DEBUG:colcon.colcon_core.event_handler.log_command:Invoking command in '/home/lucasjko/sdfr_ws/build/motion_controller': CMAKE_PREFIX_PATH=/home/lucasjko/sdfr_ws/install/robot_image_messages:/home/lucasjko/sdfr_ws/install/image_functions_sdfr:/home/lucasjko/sdfr_ws/install/ros2_introduction:/home/lucasjko/sdfr_ws/install/motion_controller:/home/lucasjko/sdfr_ws/install/ball_detection:/opt/ros/humble /usr/bin/cmake --build /home/lucasjko/sdfr_ws/build/motion_controller -- -j8 -l8
[1.042s] DEBUG:colcon.colcon_core.event_handler.log_command:Invoking command in '/home/lucasjko/sdfr_ws/build/ros2_introduction': CMAKE_PREFIX_PATH=/home/lucasjko/sdfr_ws/install/robot_image_messages:/home/lucasjko/sdfr_ws/install/image_functions_sdfr:/home/lucasjko/sdfr_ws/install/ros2_introduction:/home/lucasjko/sdfr_ws/install/motion_controller:/home/lucasjko/sdfr_ws/install/ball_detection:/opt/ros/humble /usr/bin/cmake --build /home/lucasjko/sdfr_ws/build/ros2_introduction -- -j8 -l8
[1.118s] DEBUG:colcon.colcon_core.event_handler.log_command:Invoked command in '/home/lucasjko/sdfr_ws/build/ball_detection' returned '0': CMAKE_PREFIX_PATH=/home/lucasjko/sdfr_ws/install/robot_image_messages:/home/lucasjko/sdfr_ws/install/image_functions_sdfr:/home/lucasjko/sdfr_ws/install/ros2_introduction:/home/lucasjko/sdfr_ws/install/motion_controller:/home/lucasjko/sdfr_ws/install/ball_detection:/opt/ros/humble /usr/bin/cmake --build /home/lucasjko/sdfr_ws/build/ball_detection -- -j8 -l8
[1.128s] DEBUG:colcon.colcon_core.event_handler.log_command:Invoked command in '/home/lucasjko/sdfr_ws/build/ros2_introduction' returned '0': CMAKE_PREFIX_PATH=/home/lucasjko/sdfr_ws/install/robot_image_messages:/home/lucasjko/sdfr_ws/install/image_functions_sdfr:/home/lucasjko/sdfr_ws/install/ros2_introduction:/home/lucasjko/sdfr_ws/install/motion_controller:/home/lucasjko/sdfr_ws/install/ball_detection:/opt/ros/humble /usr/bin/cmake --build /home/lucasjko/sdfr_ws/build/ros2_introduction -- -j8 -l8
[1.153s] DEBUG:colcon.colcon_core.event_handler.log_command:Invoking command in '/home/lucasjko/sdfr_ws/build/ball_detection': CMAKE_PREFIX_PATH=/home/lucasjko/sdfr_ws/install/robot_image_messages:/home/lucasjko/sdfr_ws/install/image_functions_sdfr:/home/lucasjko/sdfr_ws/install/ros2_introduction:/home/lucasjko/sdfr_ws/install/motion_controller:/home/lucasjko/sdfr_ws/install/ball_detection:/opt/ros/humble /usr/bin/cmake --install /home/lucasjko/sdfr_ws/build/ball_detection
[1.166s] DEBUG:colcon.colcon_core.event_handler.log_command:Invoking command in '/home/lucasjko/sdfr_ws/build/ros2_introduction': CMAKE_PREFIX_PATH=/home/lucasjko/sdfr_ws/install/robot_image_messages:/home/lucasjko/sdfr_ws/install/image_functions_sdfr:/home/lucasjko/sdfr_ws/install/ros2_introduction:/home/lucasjko/sdfr_ws/install/motion_controller:/home/lucasjko/sdfr_ws/install/ball_detection:/opt/ros/humble /usr/bin/cmake --install /home/lucasjko/sdfr_ws/build/ros2_introduction
[1.168s] Level 1:colcon.colcon_core.environment:create_environment_scripts_only(ball_detection)
[1.169s] DEBUG:colcon.colcon_core.event_handler.log_command:Invoked command in '/home/lucasjko/sdfr_ws/build/ball_detection' returned '0': CMAKE_PREFIX_PATH=/home/lucasjko/sdfr_ws/install/robot_image_messages:/home/lucasjko/sdfr_ws/install/image_functions_sdfr:/home/lucasjko/sdfr_ws/install/ros2_introduction:/home/lucasjko/sdfr_ws/install/motion_controller:/home/lucasjko/sdfr_ws/install/ball_detection:/opt/ros/humble /usr/bin/cmake --install /home/lucasjko/sdfr_ws/build/ball_detection
[1.170s] Level 1:colcon.colcon_core.environment:checking '/home/lucasjko/sdfr_ws/install/ball_detection' for CMake module files
[1.171s] Level 1:colcon.colcon_core.environment:checking '/home/lucasjko/sdfr_ws/install/ball_detection' for CMake config files
[1.171s] Level 1:colcon.colcon_core.shell:create_environment_hook('ball_detection', 'cmake_prefix_path')
[1.171s] INFO:colcon.colcon_core.shell:Creating environment hook '/home/lucasjko/sdfr_ws/install/ball_detection/share/ball_detection/hook/cmake_prefix_path.ps1'
[1.172s] INFO:colcon.colcon_core.shell:Creating environment descriptor '/home/lucasjko/sdfr_ws/install/ball_detection/share/ball_detection/hook/cmake_prefix_path.dsv'
[1.172s] INFO:colcon.colcon_core.shell:Creating environment hook '/home/lucasjko/sdfr_ws/install/ball_detection/share/ball_detection/hook/cmake_prefix_path.sh'
[1.173s] Level 1:colcon.colcon_core.environment:checking '/home/lucasjko/sdfr_ws/install/ball_detection/lib'
[1.173s] Level 1:colcon.colcon_core.environment:checking '/home/lucasjko/sdfr_ws/install/ball_detection/bin'
[1.173s] Level 1:colcon.colcon_core.environment:checking '/home/lucasjko/sdfr_ws/install/ball_detection/lib/pkgconfig/ball_detection.pc'
[1.174s] Level 1:colcon.colcon_core.environment:checking '/home/lucasjko/sdfr_ws/install/ball_detection/lib/python3.10/site-packages'
[1.174s] Level 1:colcon.colcon_core.environment:checking '/home/lucasjko/sdfr_ws/install/ball_detection/bin'
[1.175s] INFO:colcon.colcon_core.shell:Creating package script '/home/lucasjko/sdfr_ws/install/ball_detection/share/ball_detection/package.ps1'
[1.178s] INFO:colcon.colcon_core.shell:Creating package descriptor '/home/lucasjko/sdfr_ws/install/ball_detection/share/ball_detection/package.dsv'
[1.180s] INFO:colcon.colcon_core.shell:Creating package script '/home/lucasjko/sdfr_ws/install/ball_detection/share/ball_detection/package.sh'
[1.181s] INFO:colcon.colcon_core.shell:Creating package script '/home/lucasjko/sdfr_ws/install/ball_detection/share/ball_detection/package.bash'
[1.181s] INFO:colcon.colcon_core.shell:Creating package script '/home/lucasjko/sdfr_ws/install/ball_detection/share/ball_detection/package.zsh'
[1.181s] Level 1:colcon.colcon_core.environment:create_file_with_runtime_dependencies(/home/lucasjko/sdfr_ws/install/ball_detection/share/colcon-core/packages/ball_detection)
[1.184s] Level 1:colcon.colcon_core.environment:create_environment_scripts_only(ros2_introduction)
[1.184s] Level 1:colcon.colcon_core.environment:checking '/home/lucasjko/sdfr_ws/install/ros2_introduction' for CMake module files
[1.185s] DEBUG:colcon.colcon_core.event_handler.log_command:Invoked command in '/home/lucasjko/sdfr_ws/build/ros2_introduction' returned '0': CMAKE_PREFIX_PATH=/home/lucasjko/sdfr_ws/install/robot_image_messages:/home/lucasjko/sdfr_ws/install/image_functions_sdfr:/home/lucasjko/sdfr_ws/install/ros2_introduction:/home/lucasjko/sdfr_ws/install/motion_controller:/home/lucasjko/sdfr_ws/install/ball_detection:/opt/ros/humble /usr/bin/cmake --install /home/lucasjko/sdfr_ws/build/ros2_introduction
[1.186s] Level 1:colcon.colcon_core.environment:checking '/home/lucasjko/sdfr_ws/install/ros2_introduction' for CMake config files
[1.187s] Level 1:colcon.colcon_core.shell:create_environment_hook('ros2_introduction', 'cmake_prefix_path')
[1.188s] INFO:colcon.colcon_core.shell:Creating environment hook '/home/lucasjko/sdfr_ws/install/ros2_introduction/share/ros2_introduction/hook/cmake_prefix_path.ps1'
[1.189s] INFO:colcon.colcon_core.shell:Creating environment descriptor '/home/lucasjko/sdfr_ws/install/ros2_introduction/share/ros2_introduction/hook/cmake_prefix_path.dsv'
[1.189s] INFO:colcon.colcon_core.shell:Creating environment hook '/home/lucasjko/sdfr_ws/install/ros2_introduction/share/ros2_introduction/hook/cmake_prefix_path.sh'
[1.190s] Level 1:colcon.colcon_core.environment:checking '/home/lucasjko/sdfr_ws/install/ros2_introduction/lib'
[1.190s] Level 1:colcon.colcon_core.environment:checking '/home/lucasjko/sdfr_ws/install/ros2_introduction/bin'
[1.190s] Level 1:colcon.colcon_core.environment:checking '/home/lucasjko/sdfr_ws/install/ros2_introduction/lib/pkgconfig/ros2_introduction.pc'
[1.190s] Level 1:colcon.colcon_core.environment:checking '/home/lucasjko/sdfr_ws/install/ros2_introduction/lib/python3.10/site-packages'
[1.191s] Level 1:colcon.colcon_core.environment:checking '/home/lucasjko/sdfr_ws/install/ros2_introduction/bin'
[1.191s] INFO:colcon.colcon_core.shell:Creating package script '/home/lucasjko/sdfr_ws/install/ros2_introduction/share/ros2_introduction/package.ps1'
[1.192s] INFO:colcon.colcon_core.shell:Creating package descriptor '/home/lucasjko/sdfr_ws/install/ros2_introduction/share/ros2_introduction/package.dsv'
[1.192s] INFO:colcon.colcon_core.shell:Creating package script '/home/lucasjko/sdfr_ws/install/ros2_introduction/share/ros2_introduction/package.sh'
[1.193s] INFO:colcon.colcon_core.shell:Creating package script '/home/lucasjko/sdfr_ws/install/ros2_introduction/share/ros2_introduction/package.bash'
[1.193s] INFO:colcon.colcon_core.shell:Creating package script '/home/lucasjko/sdfr_ws/install/ros2_introduction/share/ros2_introduction/package.zsh'
[1.194s] Level 1:colcon.colcon_core.environment:create_file_with_runtime_dependencies(/home/lucasjko/sdfr_ws/install/ros2_introduction/share/colcon-core/packages/ros2_introduction)
[1.219s] Level 1:colcon.colcon_core.environment:create_environment_scripts_only(ball_detection)
[1.220s] Level 1:colcon.colcon_core.environment:checking '/home/lucasjko/sdfr_ws/install/ball_detection' for CMake module files
[1.221s] Level 1:colcon.colcon_core.environment:checking '/home/lucasjko/sdfr_ws/install/ball_detection' for CMake config files
[1.221s] Level 1:colcon.colcon_core.shell:create_environment_hook('ball_detection', 'cmake_prefix_path')
[1.222s] INFO:colcon.colcon_core.shell:Creating environment hook '/home/lucasjko/sdfr_ws/install/ball_detection/share/ball_detection/hook/cmake_prefix_path.ps1'
[1.222s] INFO:colcon.colcon_core.shell:Creating environment descriptor '/home/lucasjko/sdfr_ws/install/ball_detection/share/ball_detection/hook/cmake_prefix_path.dsv'
[1.223s] INFO:colcon.colcon_core.shell:Creating environment hook '/home/lucasjko/sdfr_ws/install/ball_detection/share/ball_detection/hook/cmake_prefix_path.sh'
[1.223s] Level 1:colcon.colcon_core.environment:checking '/home/lucasjko/sdfr_ws/install/ball_detection/lib'
[1.224s] Level 1:colcon.colcon_core.environment:checking '/home/lucasjko/sdfr_ws/install/ball_detection/bin'
[1.224s] Level 1:colcon.colcon_core.environment:checking '/home/lucasjko/sdfr_ws/install/ball_detection/lib/pkgconfig/ball_detection.pc'
[1.225s] Level 1:colcon.colcon_core.environment:checking '/home/lucasjko/sdfr_ws/install/ball_detection/lib/python3.10/site-packages'
[1.225s] Level 1:colcon.colcon_core.environment:checking '/home/lucasjko/sdfr_ws/install/ball_detection/bin'
[1.226s] INFO:colcon.colcon_core.shell:Creating package script '/home/lucasjko/sdfr_ws/install/ball_detection/share/ball_detection/package.ps1'
[1.226s] INFO:colcon.colcon_core.shell:Creating package descriptor '/home/lucasjko/sdfr_ws/install/ball_detection/share/ball_detection/package.dsv'
[1.227s] INFO:colcon.colcon_core.shell:Creating package script '/home/lucasjko/sdfr_ws/install/ball_detection/share/ball_detection/package.sh'
[1.228s] INFO:colcon.colcon_core.shell:Creating package script '/home/lucasjko/sdfr_ws/install/ball_detection/share/ball_detection/package.bash'
[1.228s] INFO:colcon.colcon_core.shell:Creating package script '/home/lucasjko/sdfr_ws/install/ball_detection/share/ball_detection/package.zsh'
[1.229s] Level 1:colcon.colcon_core.environment:create_file_with_runtime_dependencies(/home/lucasjko/sdfr_ws/install/ball_detection/share/colcon-core/packages/ball_detection)
[1.230s] Level 1:colcon.colcon_core.environment:create_environment_scripts_only(ros2_introduction)
[1.230s] Level 1:colcon.colcon_core.environment:checking '/home/lucasjko/sdfr_ws/install/ros2_introduction' for CMake module files
[1.233s] Level 1:colcon.colcon_core.environment:checking '/home/lucasjko/sdfr_ws/install/ros2_introduction' for CMake config files
[1.233s] Level 1:colcon.colcon_core.shell:create_environment_hook('ros2_introduction', 'cmake_prefix_path')
[1.234s] INFO:colcon.colcon_core.shell:Creating environment hook '/home/lucasjko/sdfr_ws/install/ros2_introduction/share/ros2_introduction/hook/cmake_prefix_path.ps1'
[1.234s] INFO:colcon.colcon_core.shell:Creating environment descriptor '/home/lucasjko/sdfr_ws/install/ros2_introduction/share/ros2_introduction/hook/cmake_prefix_path.dsv'
[1.235s] INFO:colcon.colcon_core.shell:Creating environment hook '/home/lucasjko/sdfr_ws/install/ros2_introduction/share/ros2_introduction/hook/cmake_prefix_path.sh'
[1.236s] Level 1:colcon.colcon_core.environment:checking '/home/lucasjko/sdfr_ws/install/ros2_introduction/lib'
[1.236s] Level 1:colcon.colcon_core.environment:checking '/home/lucasjko/sdfr_ws/install/ros2_introduction/bin'
[1.236s] Level 1:colcon.colcon_core.environment:checking '/home/lucasjko/sdfr_ws/install/ros2_introduction/lib/pkgconfig/ros2_introduction.pc'
[1.236s] Level 1:colcon.colcon_core.environment:checking '/home/lucasjko/sdfr_ws/install/ros2_introduction/lib/python3.10/site-packages'
[1.237s] Level 1:colcon.colcon_core.environment:checking '/home/lucasjko/sdfr_ws/install/ros2_introduction/bin'
[1.237s] INFO:colcon.colcon_core.shell:Creating package script '/home/lucasjko/sdfr_ws/install/ros2_introduction/share/ros2_introduction/package.ps1'
[1.238s] INFO:colcon.colcon_core.shell:Creating package descriptor '/home/lucasjko/sdfr_ws/install/ros2_introduction/share/ros2_introduction/package.dsv'
[1.239s] INFO:colcon.colcon_core.shell:Creating package script '/home/lucasjko/sdfr_ws/install/ros2_introduction/share/ros2_introduction/package.sh'
[1.240s] INFO:colcon.colcon_core.shell:Creating package script '/home/lucasjko/sdfr_ws/install/ros2_introduction/share/ros2_introduction/package.bash'
[1.241s] INFO:colcon.colcon_core.shell:Creating package script '/home/lucasjko/sdfr_ws/install/ros2_introduction/share/ros2_introduction/package.zsh'
[1.241s] Level 1:colcon.colcon_core.environment:create_file_with_runtime_dependencies(/home/lucasjko/sdfr_ws/install/ros2_introduction/share/colcon-core/packages/ros2_introduction)
[13.569s] DEBUG:colcon.colcon_core.event_handler.log_command:Invoked command in '/home/lucasjko/sdfr_ws/build/motion_controller' returned '0': CMAKE_PREFIX_PATH=/home/lucasjko/sdfr_ws/install/robot_image_messages:/home/lucasjko/sdfr_ws/install/image_functions_sdfr:/home/lucasjko/sdfr_ws/install/ros2_introduction:/home/lucasjko/sdfr_ws/install/motion_controller:/home/lucasjko/sdfr_ws/install/ball_detection:/opt/ros/humble /usr/bin/cmake --build /home/lucasjko/sdfr_ws/build/motion_controller -- -j8 -l8
[13.598s] DEBUG:colcon.colcon_core.event_handler.log_command:Invoking command in '/home/lucasjko/sdfr_ws/build/motion_controller': CMAKE_PREFIX_PATH=/home/lucasjko/sdfr_ws/install/robot_image_messages:/home/lucasjko/sdfr_ws/install/image_functions_sdfr:/home/lucasjko/sdfr_ws/install/ros2_introduction:/home/lucasjko/sdfr_ws/install/motion_controller:/home/lucasjko/sdfr_ws/install/ball_detection:/opt/ros/humble /usr/bin/cmake --install /home/lucasjko/sdfr_ws/build/motion_controller
[13.616s] Level 1:colcon.colcon_core.environment:create_environment_scripts_only(motion_controller)
[13.616s] Level 1:colcon.colcon_core.environment:checking '/home/lucasjko/sdfr_ws/install/motion_controller' for CMake module files
[13.617s] DEBUG:colcon.colcon_core.event_handler.log_command:Invoked command in '/home/lucasjko/sdfr_ws/build/motion_controller' returned '0': CMAKE_PREFIX_PATH=/home/lucasjko/sdfr_ws/install/robot_image_messages:/home/lucasjko/sdfr_ws/install/image_functions_sdfr:/home/lucasjko/sdfr_ws/install/ros2_introduction:/home/lucasjko/sdfr_ws/install/motion_controller:/home/lucasjko/sdfr_ws/install/ball_detection:/opt/ros/humble /usr/bin/cmake --install /home/lucasjko/sdfr_ws/build/motion_controller
[13.617s] Level 1:colcon.colcon_core.environment:checking '/home/lucasjko/sdfr_ws/install/motion_controller' for CMake config files
[13.618s] Level 1:colcon.colcon_core.shell:create_environment_hook('motion_controller', 'cmake_prefix_path')
[13.618s] INFO:colcon.colcon_core.shell:Creating environment hook '/home/lucasjko/sdfr_ws/install/motion_controller/share/motion_controller/hook/cmake_prefix_path.ps1'
[13.618s] INFO:colcon.colcon_core.shell:Creating environment descriptor '/home/lucasjko/sdfr_ws/install/motion_controller/share/motion_controller/hook/cmake_prefix_path.dsv'
[13.619s] INFO:colcon.colcon_core.shell:Creating environment hook '/home/lucasjko/sdfr_ws/install/motion_controller/share/motion_controller/hook/cmake_prefix_path.sh'
[13.619s] Level 1:colcon.colcon_core.environment:checking '/home/lucasjko/sdfr_ws/install/motion_controller/lib'
[13.619s] Level 1:colcon.colcon_core.environment:checking '/home/lucasjko/sdfr_ws/install/motion_controller/bin'
[13.619s] Level 1:colcon.colcon_core.environment:checking '/home/lucasjko/sdfr_ws/install/motion_controller/lib/pkgconfig/motion_controller.pc'
[13.619s] Level 1:colcon.colcon_core.environment:checking '/home/lucasjko/sdfr_ws/install/motion_controller/lib/python3.10/site-packages'
[13.619s] Level 1:colcon.colcon_core.environment:checking '/home/lucasjko/sdfr_ws/install/motion_controller/bin'
[13.620s] INFO:colcon.colcon_core.shell:Creating package script '/home/lucasjko/sdfr_ws/install/motion_controller/share/motion_controller/package.ps1'
[13.620s] INFO:colcon.colcon_core.shell:Creating package descriptor '/home/lucasjko/sdfr_ws/install/motion_controller/share/motion_controller/package.dsv'
[13.621s] INFO:colcon.colcon_core.shell:Creating package script '/home/lucasjko/sdfr_ws/install/motion_controller/share/motion_controller/package.sh'
[13.621s] INFO:colcon.colcon_core.shell:Creating package script '/home/lucasjko/sdfr_ws/install/motion_controller/share/motion_controller/package.bash'
[13.621s] INFO:colcon.colcon_core.shell:Creating package script '/home/lucasjko/sdfr_ws/install/motion_controller/share/motion_controller/package.zsh'
[13.621s] Level 1:colcon.colcon_core.environment:create_file_with_runtime_dependencies(/home/lucasjko/sdfr_ws/install/motion_controller/share/colcon-core/packages/motion_controller)
[13.652s] Level 1:colcon.colcon_core.environment:create_environment_scripts_only(motion_controller)
[13.652s] Level 1:colcon.colcon_core.environment:checking '/home/lucasjko/sdfr_ws/install/motion_controller' for CMake module files
[13.653s] Level 1:colcon.colcon_core.environment:checking '/home/lucasjko/sdfr_ws/install/motion_controller' for CMake config files
[13.653s] Level 1:colcon.colcon_core.shell:create_environment_hook('motion_controller', 'cmake_prefix_path')
[13.653s] INFO:colcon.colcon_core.shell:Creating environment hook '/home/lucasjko/sdfr_ws/install/motion_controller/share/motion_controller/hook/cmake_prefix_path.ps1'
[13.654s] INFO:colcon.colcon_core.shell:Creating environment descriptor '/home/lucasjko/sdfr_ws/install/motion_controller/share/motion_controller/hook/cmake_prefix_path.dsv'
[13.654s] INFO:colcon.colcon_core.shell:Creating environment hook '/home/lucasjko/sdfr_ws/install/motion_controller/share/motion_controller/hook/cmake_prefix_path.sh'
[13.654s] Level 1:colcon.colcon_core.environment:checking '/home/lucasjko/sdfr_ws/install/motion_controller/lib'
[13.654s] Level 1:colcon.colcon_core.environment:checking '/home/lucasjko/sdfr_ws/install/motion_controller/bin'
[13.655s] Level 1:colcon.colcon_core.environment:checking '/home/lucasjko/sdfr_ws/install/motion_controller/lib/pkgconfig/motion_controller.pc'
[13.655s] Level 1:colcon.colcon_core.environment:checking '/home/lucasjko/sdfr_ws/install/motion_controller/lib/python3.10/site-packages'
[13.655s] Level 1:colcon.colcon_core.environment:checking '/home/lucasjko/sdfr_ws/install/motion_controller/bin'
[13.655s] INFO:colcon.colcon_core.shell:Creating package script '/home/lucasjko/sdfr_ws/install/motion_controller/share/motion_controller/package.ps1'
[13.656s] INFO:colcon.colcon_core.shell:Creating package descriptor '/home/lucasjko/sdfr_ws/install/motion_controller/share/motion_controller/package.dsv'
[13.656s] INFO:colcon.colcon_core.shell:Creating package script '/home/lucasjko/sdfr_ws/install/motion_controller/share/motion_controller/package.sh'
[13.656s] INFO:colcon.colcon_core.shell:Creating package script '/home/lucasjko/sdfr_ws/install/motion_controller/share/motion_controller/package.bash'
[13.657s] INFO:colcon.colcon_core.shell:Creating package script '/home/lucasjko/sdfr_ws/install/motion_controller/share/motion_controller/package.zsh'
[13.657s] Level 1:colcon.colcon_core.environment:create_file_with_runtime_dependencies(/home/lucasjko/sdfr_ws/install/motion_controller/share/colcon-core/packages/motion_controller)
[13.657s] DEBUG:colcon.colcon_parallel_executor.executor.parallel:closing loop
[13.658s] DEBUG:colcon.colcon_parallel_executor.executor.parallel:loop closed
[13.658s] DEBUG:colcon.colcon_parallel_executor.executor.parallel:run_until_complete finished with '0'
[13.658s] DEBUG:colcon.colcon_core.event_reactor:joining thread
[13.663s] INFO:colcon.colcon_core.plugin_system:Skipping extension 'colcon_notification.desktop_notification.terminal_notifier': Not used on non-Darwin systems
[13.663s] INFO:colcon.colcon_core.plugin_system:Skipping extension 'colcon_notification.desktop_notification.win32': Not used on non-Windows systems
[13.663s] INFO:colcon.colcon_notification.desktop_notification:Sending desktop notification using 'notify2'
[13.682s] DEBUG:colcon.colcon_core.event_reactor:joined thread
[13.683s] INFO:colcon.colcon_core.shell:Creating prefix script '/home/lucasjko/sdfr_ws/install/local_setup.ps1'
[13.684s] INFO:colcon.colcon_core.shell:Creating prefix util module '/home/lucasjko/sdfr_ws/install/_local_setup_util_ps1.py'
[13.686s] INFO:colcon.colcon_core.shell:Creating prefix chain script '/home/lucasjko/sdfr_ws/install/setup.ps1'
[13.688s] INFO:colcon.colcon_core.shell:Creating prefix script '/home/lucasjko/sdfr_ws/install/local_setup.sh'
[13.689s] INFO:colcon.colcon_core.shell:Creating prefix util module '/home/lucasjko/sdfr_ws/install/_local_setup_util_sh.py'
[13.689s] INFO:colcon.colcon_core.shell:Creating prefix chain script '/home/lucasjko/sdfr_ws/install/setup.sh'
[13.691s] INFO:colcon.colcon_core.shell:Creating prefix script '/home/lucasjko/sdfr_ws/install/local_setup.bash'
[13.691s] INFO:colcon.colcon_core.shell:Creating prefix chain script '/home/lucasjko/sdfr_ws/install/setup.bash'
[13.693s] INFO:colcon.colcon_core.shell:Creating prefix script '/home/lucasjko/sdfr_ws/install/local_setup.zsh'
[13.694s] INFO:colcon.colcon_core.shell:Creating prefix chain script '/home/lucasjko/sdfr_ws/install/setup.zsh'
