-- The C compiler identification is GNU 11.4.0
-- The CXX compiler identification is GNU 11.4.0
-- Detecting C compiler ABI info
-- Detecting C compiler ABI info - done
-- Check for working C compiler: /usr/bin/cc - skipped
-- Detecting C compile features
-- Detecting C compile features - done
-- Detecting CXX compiler ABI info
-- Detecting CXX compiler ABI info - done
-- Check for working CXX compiler: /usr/bin/c++ - skipped
-- Detecting CXX compile features
-- Detecting CXX compile features - done
-- Found ament_cmake: 1.3.8 (/opt/ros/humble/share/ament_cmake/cmake)
-- Found Python3: /usr/local/bin/python3 (found version "3.10.12") found components: Interpreter 
-- Found ament_lint_auto: 0.12.10 (/opt/ros/humble/share/ament_lint_auto/cmake)
-- Added test 'lint_cmake' to check CMake code style
-- Added test 'xmllint' to check XML markup files
-- Configuring done
-- Generating done
-- Build files have been written to: /home/lucasjko/sdfr_ws/build/ball_detection
-- Install configuration: ""
-- Installing: /home/lucasjko/sdfr_ws/install/ball_detection/share/ament_index/resource_index/package_run_dependencies/ball_detection
-- Installing: /home/lucasjko/sdfr_ws/install/ball_detection/share/ament_index/resource_index/parent_prefix_path/ball_detection
-- Installing: /home/lucasjko/sdfr_ws/install/ball_detection/share/ball_detection/environment/ament_prefix_path.sh
-- Installing: /home/lucasjko/sdfr_ws/install/ball_detection/share/ball_detection/environment/ament_prefix_path.dsv
-- Installing: /home/lucasjko/sdfr_ws/install/ball_detection/share/ball_detection/environment/path.sh
-- Installing: /home/lucasjko/sdfr_ws/install/ball_detection/share/ball_detection/environment/path.dsv
-- Installing: /home/lucasjko/sdfr_ws/install/ball_detection/share/ball_detection/local_setup.bash
-- Installing: /home/lucasjko/sdfr_ws/install/ball_detection/share/ball_detection/local_setup.sh
-- Installing: /home/lucasjko/sdfr_ws/install/ball_detection/share/ball_detection/local_setup.zsh
-- Installing: /home/lucasjko/sdfr_ws/install/ball_detection/share/ball_detection/local_setup.dsv
-- Installing: /home/lucasjko/sdfr_ws/install/ball_detection/share/ball_detection/package.dsv
-- Installing: /home/lucasjko/sdfr_ws/install/ball_detection/share/ament_index/resource_index/packages/ball_detection
-- Installing: /home/lucasjko/sdfr_ws/install/ball_detection/share/ball_detection/cmake/ball_detectionConfig.cmake
-- Installing: /home/lucasjko/sdfr_ws/install/ball_detection/share/ball_detection/cmake/ball_detectionConfig-version.cmake
-- Installing: /home/lucasjko/sdfr_ws/install/ball_detection/share/ball_detection/package.xml
