[0.013s] Invoking command in '/home/lucasjko/sdfr_ws/build/ros2_introduction': AMENT_PREFIX_PATH=/home/lucasjko/sdfr_ws/install/image_functions_sdfr:${AMENT_PREFIX_PATH} CMAKE_PREFIX_PATH=/home/lucasjko/sdfr_ws/install/image_functions_sdfr:/opt/ros/humble LD_LIBRARY_PATH=/home/lucasjko/sdfr_ws/install/image_functions_sdfr/lib:${LD_LIBRARY_PATH} /usr/bin/cmake --build /home/lucasjko/sdfr_ws/build/ros2_introduction -- -j8 -l8
[0.042s] -- Found ament_cmake: 1.3.8 (/opt/ros/humble/share/ament_cmake/cmake)
[0.154s] -- Found rclcpp: 16.0.8 (/opt/ros/humble/share/rclcpp/cmake)
[0.182s] -- Found rosidl_generator_c: 3.1.5 (/opt/ros/humble/share/rosidl_generator_c/cmake)
[0.184s] -- Found rosidl_adapter: 3.1.5 (/opt/ros/humble/share/rosidl_adapter/cmake)
[0.190s] -- Found rosidl_generator_cpp: 3.1.5 (/opt/ros/humble/share/rosidl_generator_cpp/cmake)
[0.200s] -- Using all available rosidl_typesupport_c: rosidl_typesupport_fastrtps_c;rosidl_typesupport_introspection_c
[0.215s] -- Using all available rosidl_typesupport_cpp: rosidl_typesupport_fastrtps_cpp;rosidl_typesupport_introspection_cpp
[0.270s] -- Found rmw_implementation_cmake: 6.1.1 (/opt/ros/humble/share/rmw_implementation_cmake/cmake)
[0.271s] -- Found rmw_fastrtps_cpp: 6.2.6 (/opt/ros/humble/share/rmw_fastrtps_cpp/cmake)
[0.382s] -- Using RMW implementation 'rmw_fastrtps_cpp' as default
[0.549s] -- Found sensor_msgs: 4.2.3 (/opt/ros/humble/share/sensor_msgs/cmake)
[0.668s] -- Found example_interfaces: 0.9.3 (/opt/ros/humble/share/example_interfaces/cmake)
[0.799s] -- Found image_functions_sdfr: 2.1.0 (/home/lucasjko/sdfr_ws/install/image_functions_sdfr/share/image_functions_sdfr/cmake)
[0.859s] -- Configuring done
[0.869s] -- Generating done
[0.870s] -- Build files have been written to: /home/lucasjko/sdfr_ws/build/ros2_introduction
[0.893s] [35m[1mConsolidate compiler generated dependencies of target brightness_detection[0m
[0.911s] [100%] Built target brightness_detection
[0.922s] Invoked command in '/home/lucasjko/sdfr_ws/build/ros2_introduction' returned '0': AMENT_PREFIX_PATH=/home/lucasjko/sdfr_ws/install/image_functions_sdfr:${AMENT_PREFIX_PATH} CMAKE_PREFIX_PATH=/home/lucasjko/sdfr_ws/install/image_functions_sdfr:/opt/ros/humble LD_LIBRARY_PATH=/home/lucasjko/sdfr_ws/install/image_functions_sdfr/lib:${LD_LIBRARY_PATH} /usr/bin/cmake --build /home/lucasjko/sdfr_ws/build/ros2_introduction -- -j8 -l8
[0.952s] Invoking command in '/home/lucasjko/sdfr_ws/build/ros2_introduction': AMENT_PREFIX_PATH=/home/lucasjko/sdfr_ws/install/image_functions_sdfr:${AMENT_PREFIX_PATH} CMAKE_PREFIX_PATH=/home/lucasjko/sdfr_ws/install/image_functions_sdfr:/opt/ros/humble LD_LIBRARY_PATH=/home/lucasjko/sdfr_ws/install/image_functions_sdfr/lib:${LD_LIBRARY_PATH} /usr/bin/cmake --install /home/lucasjko/sdfr_ws/build/ros2_introduction
[0.958s] -- Install configuration: ""
[0.959s] -- Up-to-date: /home/lucasjko/sdfr_ws/install/ros2_introduction/lib/ros2_introduction/brightness_detection
[0.959s] -- Up-to-date: /home/lucasjko/sdfr_ws/install/ros2_introduction/share/ament_index/resource_index/package_run_dependencies/ros2_introduction
[0.959s] -- Up-to-date: /home/lucasjko/sdfr_ws/install/ros2_introduction/share/ament_index/resource_index/parent_prefix_path/ros2_introduction
[0.959s] -- Up-to-date: /home/lucasjko/sdfr_ws/install/ros2_introduction/share/ros2_introduction/environment/ament_prefix_path.sh
[0.959s] -- Installing: /home/lucasjko/sdfr_ws/install/ros2_introduction/share/ros2_introduction/environment/ament_prefix_path.dsv
[0.959s] -- Up-to-date: /home/lucasjko/sdfr_ws/install/ros2_introduction/share/ros2_introduction/environment/path.sh
[0.959s] -- Installing: /home/lucasjko/sdfr_ws/install/ros2_introduction/share/ros2_introduction/environment/path.dsv
[0.960s] -- Up-to-date: /home/lucasjko/sdfr_ws/install/ros2_introduction/share/ros2_introduction/local_setup.bash
[0.960s] -- Up-to-date: /home/lucasjko/sdfr_ws/install/ros2_introduction/share/ros2_introduction/local_setup.sh
[0.960s] -- Up-to-date: /home/lucasjko/sdfr_ws/install/ros2_introduction/share/ros2_introduction/local_setup.zsh
[0.960s] -- Installing: /home/lucasjko/sdfr_ws/install/ros2_introduction/share/ros2_introduction/local_setup.dsv
[0.960s] -- Installing: /home/lucasjko/sdfr_ws/install/ros2_introduction/share/ros2_introduction/package.dsv
[0.960s] -- Up-to-date: /home/lucasjko/sdfr_ws/install/ros2_introduction/share/ament_index/resource_index/packages/ros2_introduction
[0.960s] -- Up-to-date: /home/lucasjko/sdfr_ws/install/ros2_introduction/share/ros2_introduction/cmake/ros2_introductionConfig.cmake
[0.960s] -- Up-to-date: /home/lucasjko/sdfr_ws/install/ros2_introduction/share/ros2_introduction/cmake/ros2_introductionConfig-version.cmake
[0.960s] -- Up-to-date: /home/lucasjko/sdfr_ws/install/ros2_introduction/share/ros2_introduction/package.xml
[0.962s] Invoked command in '/home/lucasjko/sdfr_ws/build/ros2_introduction' returned '0': AMENT_PREFIX_PATH=/home/lucasjko/sdfr_ws/install/image_functions_sdfr:${AMENT_PREFIX_PATH} CMAKE_PREFIX_PATH=/home/lucasjko/sdfr_ws/install/image_functions_sdfr:/opt/ros/humble LD_LIBRARY_PATH=/home/lucasjko/sdfr_ws/install/image_functions_sdfr/lib:${LD_LIBRARY_PATH} /usr/bin/cmake --install /home/lucasjko/sdfr_ws/build/ros2_introduction
