-- Found ament_cmake: 1.3.8 (/opt/ros/humble/share/ament_cmake/cmake)
-- Found rclcpp: 16.0.8 (/opt/ros/humble/share/rclcpp/cmake)
-- Found rosidl_generator_c: 3.1.5 (/opt/ros/humble/share/rosidl_generator_c/cmake)
-- Found rosidl_adapter: 3.1.5 (/opt/ros/humble/share/rosidl_adapter/cmake)
-- Found rosidl_generator_cpp: 3.1.5 (/opt/ros/humble/share/rosidl_generator_cpp/cmake)
-- Using all available rosidl_typesupport_c: rosidl_typesupport_fastrtps_c;rosidl_typesupport_introspection_c
-- Using all available rosidl_typesupport_cpp: rosidl_typesupport_fastrtps_cpp;rosidl_typesupport_introspection_cpp
-- Found rmw_implementation_cmake: 6.1.1 (/opt/ros/humble/share/rmw_implementation_cmake/cmake)
-- Found rmw_fastrtps_cpp: 6.2.6 (/opt/ros/humble/share/rmw_fastrtps_cpp/cmake)
-- Using RMW implementation 'rmw_fastrtps_cpp' as default
-- Found sensor_msgs: 4.2.3 (/opt/ros/humble/share/sensor_msgs/cmake)
-- Found example_interfaces: 0.9.3 (/opt/ros/humble/share/example_interfaces/cmake)
-- Found image_functions_sdfr: 2.1.0 (/home/lucasjko/sdfr_ws/install/image_functions_sdfr/share/image_functions_sdfr/cmake)
-- Found robot_image_messages: 1.0.0 (/home/lucasjko/sdfr_ws/install/robot_image_messages/share/robot_image_messages/cmake)
-- Configuring done
-- Generating done
-- Build files have been written to: /home/lucasjko/sdfr_ws/build/motion_controller
[35m[1mConsolidate compiler generated dependencies of target bounding_box_controller[0m
[35m[1mConsolidate compiler generated dependencies of target differential_drive_controller[0m
[ 50%] Built target bounding_box_controller
[ 75%] [32mBuilding CXX object CMakeFiles/differential_drive_controller.dir/src/differential_drive_controller.cpp.o[0m
[100%] [32m[1mLinking CXX executable differential_drive_controller[0m
[100%] Built target differential_drive_controller
-- Install configuration: ""
-- Up-to-date: /home/lucasjko/sdfr_ws/install/motion_controller/lib/motion_controller/bounding_box_controller
-- Installing: /home/lucasjko/sdfr_ws/install/motion_controller/lib/motion_controller/differential_drive_controller
-- Set runtime path of "/home/lucasjko/sdfr_ws/install/motion_controller/lib/motion_controller/differential_drive_controller" to ""
-- Up-to-date: /home/lucasjko/sdfr_ws/install/motion_controller/share/motion_controller/launch
-- Up-to-date: /home/lucasjko/sdfr_ws/install/motion_controller/share/motion_controller/launch/start_robot.launch.py
-- Installing: /home/lucasjko/sdfr_ws/install/motion_controller/share/ament_index/resource_index/package_run_dependencies/motion_controller
-- Installing: /home/lucasjko/sdfr_ws/install/motion_controller/share/ament_index/resource_index/parent_prefix_path/motion_controller
-- Up-to-date: /home/lucasjko/sdfr_ws/install/motion_controller/share/motion_controller/environment/ament_prefix_path.sh
-- Installing: /home/lucasjko/sdfr_ws/install/motion_controller/share/motion_controller/environment/ament_prefix_path.dsv
-- Up-to-date: /home/lucasjko/sdfr_ws/install/motion_controller/share/motion_controller/environment/path.sh
-- Installing: /home/lucasjko/sdfr_ws/install/motion_controller/share/motion_controller/environment/path.dsv
-- Up-to-date: /home/lucasjko/sdfr_ws/install/motion_controller/share/motion_controller/local_setup.bash
-- Up-to-date: /home/lucasjko/sdfr_ws/install/motion_controller/share/motion_controller/local_setup.sh
-- Up-to-date: /home/lucasjko/sdfr_ws/install/motion_controller/share/motion_controller/local_setup.zsh
-- Installing: /home/lucasjko/sdfr_ws/install/motion_controller/share/motion_controller/local_setup.dsv
-- Installing: /home/lucasjko/sdfr_ws/install/motion_controller/share/motion_controller/package.dsv
-- Up-to-date: /home/lucasjko/sdfr_ws/install/motion_controller/share/ament_index/resource_index/packages/motion_controller
-- Up-to-date: /home/lucasjko/sdfr_ws/install/motion_controller/share/motion_controller/cmake/motion_controllerConfig.cmake
-- Up-to-date: /home/lucasjko/sdfr_ws/install/motion_controller/share/motion_controller/cmake/motion_controllerConfig-version.cmake
-- Installing: /home/lucasjko/sdfr_ws/install/motion_controller/share/motion_controller/package.xml
