[0.012s] Invoking command in '/home/lucasjko/sdfr_ws/build/motion_controller': CMAKE_PREFIX_PATH=/home/lucasjko/sdfr_ws/install/robot_image_messages:/home/lucasjko/sdfr_ws/install/image_functions_sdfr:/home/lucasjko/sdfr_ws/install/ros2_introduction:/home/lucasjko/sdfr_ws/install/motion_controller:/home/lucasjko/sdfr_ws/install/ball_detection:/opt/ros/humble /usr/bin/cmake --build /home/lucasjko/sdfr_ws/build/motion_controller -- -j8 -l8
[0.053s] [35m[1mConsolidate compiler generated dependencies of target bounding_box_controller[0m
[0.066s] [ 50%] Built target differential_drive_controller
[0.075s] [ 75%] [32mBuilding CXX object CMakeFiles/bounding_box_controller.dir/src/bounding_box_controller.cpp.o[0m
[7.999s] [100%] [32m[1mLinking CXX executable bounding_box_controller[0m
[8.452s] [100%] Built target bounding_box_controller
[8.464s] Invoked command in '/home/lucasjko/sdfr_ws/build/motion_controller' returned '0': CMAKE_PREFIX_PATH=/home/lucasjko/sdfr_ws/install/robot_image_messages:/home/lucasjko/sdfr_ws/install/image_functions_sdfr:/home/lucasjko/sdfr_ws/install/ros2_introduction:/home/lucasjko/sdfr_ws/install/motion_controller:/home/lucasjko/sdfr_ws/install/ball_detection:/opt/ros/humble /usr/bin/cmake --build /home/lucasjko/sdfr_ws/build/motion_controller -- -j8 -l8
[8.501s] Invoking command in '/home/lucasjko/sdfr_ws/build/motion_controller': CMAKE_PREFIX_PATH=/home/lucasjko/sdfr_ws/install/robot_image_messages:/home/lucasjko/sdfr_ws/install/image_functions_sdfr:/home/lucasjko/sdfr_ws/install/ros2_introduction:/home/lucasjko/sdfr_ws/install/motion_controller:/home/lucasjko/sdfr_ws/install/ball_detection:/opt/ros/humble /usr/bin/cmake --install /home/lucasjko/sdfr_ws/build/motion_controller
[8.508s] -- Install configuration: ""
[8.509s] -- Installing: /home/lucasjko/sdfr_ws/install/motion_controller/lib/motion_controller/differential_drive_controller
[8.515s] -- Set runtime path of "/home/lucasjko/sdfr_ws/install/motion_controller/lib/motion_controller/differential_drive_controller" to ""
[8.515s] -- Installing: /home/lucasjko/sdfr_ws/install/motion_controller/lib/motion_controller/bounding_box_controller
[8.520s] -- Set runtime path of "/home/lucasjko/sdfr_ws/install/motion_controller/lib/motion_controller/bounding_box_controller" to ""
[8.521s] -- Up-to-date: /home/lucasjko/sdfr_ws/install/motion_controller/share/ament_index/resource_index/package_run_dependencies/motion_controller
[8.521s] -- Up-to-date: /home/lucasjko/sdfr_ws/install/motion_controller/share/ament_index/resource_index/parent_prefix_path/motion_controller
[8.521s] -- Up-to-date: /home/lucasjko/sdfr_ws/install/motion_controller/share/motion_controller/environment/ament_prefix_path.sh
[8.521s] -- Up-to-date: /home/lucasjko/sdfr_ws/install/motion_controller/share/motion_controller/environment/ament_prefix_path.dsv
[8.521s] -- Up-to-date: /home/lucasjko/sdfr_ws/install/motion_controller/share/motion_controller/environment/path.sh
[8.521s] -- Up-to-date: /home/lucasjko/sdfr_ws/install/motion_controller/share/motion_controller/environment/path.dsv
[8.521s] -- Up-to-date: /home/lucasjko/sdfr_ws/install/motion_controller/share/motion_controller/local_setup.bash
[8.521s] -- Up-to-date: /home/lucasjko/sdfr_ws/install/motion_controller/share/motion_controller/local_setup.sh
[8.521s] -- Up-to-date: /home/lucasjko/sdfr_ws/install/motion_controller/share/motion_controller/local_setup.zsh
[8.522s] -- Up-to-date: /home/lucasjko/sdfr_ws/install/motion_controller/share/motion_controller/local_setup.dsv
[8.522s] -- Installing: /home/lucasjko/sdfr_ws/install/motion_controller/share/motion_controller/package.dsv
[8.522s] -- Up-to-date: /home/lucasjko/sdfr_ws/install/motion_controller/share/ament_index/resource_index/packages/motion_controller
[8.522s] -- Up-to-date: /home/lucasjko/sdfr_ws/install/motion_controller/share/motion_controller/cmake/motion_controllerConfig.cmake
[8.522s] -- Up-to-date: /home/lucasjko/sdfr_ws/install/motion_controller/share/motion_controller/cmake/motion_controllerConfig-version.cmake
[8.522s] -- Up-to-date: /home/lucasjko/sdfr_ws/install/motion_controller/share/motion_controller/package.xml
[8.524s] Invoked command in '/home/lucasjko/sdfr_ws/build/motion_controller' returned '0': CMAKE_PREFIX_PATH=/home/lucasjko/sdfr_ws/install/robot_image_messages:/home/lucasjko/sdfr_ws/install/image_functions_sdfr:/home/lucasjko/sdfr_ws/install/ros2_introduction:/home/lucasjko/sdfr_ws/install/motion_controller:/home/lucasjko/sdfr_ws/install/ball_detection:/opt/ros/humble /usr/bin/cmake --install /home/lucasjko/sdfr_ws/build/motion_controller
