[0.019s] Invoking command in '/home/lucasjko/sdfr_ws/build/motion_controller': CMAKE_PREFIX_PATH=/home/lucasjko/sdfr_ws/install/robot_image_messages:/home/lucasjko/sdfr_ws/install/image_functions_sdfr:/home/lucasjko/sdfr_ws/install/ros2_introduction:/home/lucasjko/sdfr_ws/install/motion_controller:/home/lucasjko/sdfr_ws/install/ball_detection:/opt/ros/humble /usr/bin/cmake --build /home/lucasjko/sdfr_ws/build/motion_controller -- -j8 -l8
[0.073s] [35m[1mConsolidate compiler generated dependencies of target bounding_box_controller[0m
[0.100s] [ 25%] [32mBuilding CXX object CMakeFiles/bounding_box_controller.dir/src/bounding_box_controller.cpp.o[0m
[0.101s] [ 75%] Built target differential_drive_controller
[10.867s] [100%] [32m[1mLinking CXX executable bounding_box_controller[0m
[11.439s] [100%] Built target bounding_box_controller
[11.450s] Invoked command in '/home/lucasjko/sdfr_ws/build/motion_controller' returned '0': CMAKE_PREFIX_PATH=/home/lucasjko/sdfr_ws/install/robot_image_messages:/home/lucasjko/sdfr_ws/install/image_functions_sdfr:/home/lucasjko/sdfr_ws/install/ros2_introduction:/home/lucasjko/sdfr_ws/install/motion_controller:/home/lucasjko/sdfr_ws/install/ball_detection:/opt/ros/humble /usr/bin/cmake --build /home/lucasjko/sdfr_ws/build/motion_controller -- -j8 -l8
[11.477s] Invoking command in '/home/lucasjko/sdfr_ws/build/motion_controller': CMAKE_PREFIX_PATH=/home/lucasjko/sdfr_ws/install/robot_image_messages:/home/lucasjko/sdfr_ws/install/image_functions_sdfr:/home/lucasjko/sdfr_ws/install/ros2_introduction:/home/lucasjko/sdfr_ws/install/motion_controller:/home/lucasjko/sdfr_ws/install/ball_detection:/opt/ros/humble /usr/bin/cmake --install /home/lucasjko/sdfr_ws/build/motion_controller
[11.483s] -- Install configuration: ""
[11.484s] -- Installing: /home/lucasjko/sdfr_ws/install/motion_controller/lib/motion_controller/bounding_box_controller
[11.492s] -- Set runtime path of "/home/lucasjko/sdfr_ws/install/motion_controller/lib/motion_controller/bounding_box_controller" to ""
[11.492s] -- Up-to-date: /home/lucasjko/sdfr_ws/install/motion_controller/lib/motion_controller/differential_drive_controller
[11.493s] -- Up-to-date: /home/lucasjko/sdfr_ws/install/motion_controller/share/motion_controller/launch
[11.493s] -- Up-to-date: /home/lucasjko/sdfr_ws/install/motion_controller/share/motion_controller/launch/start_robot.launch.py
[11.493s] -- Up-to-date: /home/lucasjko/sdfr_ws/install/motion_controller/share/ament_index/resource_index/package_run_dependencies/motion_controller
[11.493s] -- Up-to-date: /home/lucasjko/sdfr_ws/install/motion_controller/share/ament_index/resource_index/parent_prefix_path/motion_controller
[11.493s] -- Up-to-date: /home/lucasjko/sdfr_ws/install/motion_controller/share/motion_controller/environment/ament_prefix_path.sh
[11.493s] -- Up-to-date: /home/lucasjko/sdfr_ws/install/motion_controller/share/motion_controller/environment/ament_prefix_path.dsv
[11.494s] -- Up-to-date: /home/lucasjko/sdfr_ws/install/motion_controller/share/motion_controller/environment/path.sh
[11.494s] -- Up-to-date: /home/lucasjko/sdfr_ws/install/motion_controller/share/motion_controller/environment/path.dsv
[11.494s] -- Up-to-date: /home/lucasjko/sdfr_ws/install/motion_controller/share/motion_controller/local_setup.bash
[11.494s] -- Up-to-date: /home/lucasjko/sdfr_ws/install/motion_controller/share/motion_controller/local_setup.sh
[11.494s] -- Up-to-date: /home/lucasjko/sdfr_ws/install/motion_controller/share/motion_controller/local_setup.zsh
[11.494s] -- Up-to-date: /home/lucasjko/sdfr_ws/install/motion_controller/share/motion_controller/local_setup.dsv
[11.494s] -- Installing: /home/lucasjko/sdfr_ws/install/motion_controller/share/motion_controller/package.dsv
[11.494s] -- Up-to-date: /home/lucasjko/sdfr_ws/install/motion_controller/share/ament_index/resource_index/packages/motion_controller
[11.494s] -- Up-to-date: /home/lucasjko/sdfr_ws/install/motion_controller/share/motion_controller/cmake/motion_controllerConfig.cmake
[11.494s] -- Up-to-date: /home/lucasjko/sdfr_ws/install/motion_controller/share/motion_controller/cmake/motion_controllerConfig-version.cmake
[11.494s] -- Up-to-date: /home/lucasjko/sdfr_ws/install/motion_controller/share/motion_controller/package.xml
[11.497s] Invoked command in '/home/lucasjko/sdfr_ws/build/motion_controller' returned '0': CMAKE_PREFIX_PATH=/home/lucasjko/sdfr_ws/install/robot_image_messages:/home/lucasjko/sdfr_ws/install/image_functions_sdfr:/home/lucasjko/sdfr_ws/install/ros2_introduction:/home/lucasjko/sdfr_ws/install/motion_controller:/home/lucasjko/sdfr_ws/install/ball_detection:/opt/ros/humble /usr/bin/cmake --install /home/lucasjko/sdfr_ws/build/motion_controller
