[0.013s] Invoking command in '/home/lucasjko/sdfr_ws/build/image_functions_sdfr': CMAKE_PREFIX_PATH=${CMAKE_PREFIX_PATH}:/opt/ros/humble /usr/bin/cmake --build /home/lucasjko/sdfr_ws/build/image_functions_sdfr -- -j8 -l8
[0.051s] -- Found ament_cmake: 1.3.8 (/opt/ros/humble/share/ament_cmake/cmake)
[0.191s] -- Found ament_cmake_ros: 0.10.0 (/opt/ros/humble/share/ament_cmake_ros/cmake)
[0.198s] -- Found rclcpp: 16.0.8 (/opt/ros/humble/share/rclcpp/cmake)
[0.233s] -- Found rosidl_generator_c: 3.1.5 (/opt/ros/humble/share/rosidl_generator_c/cmake)
[0.237s] -- Found rosidl_adapter: 3.1.5 (/opt/ros/humble/share/rosidl_adapter/cmake)
[0.246s] -- Found rosidl_generator_cpp: 3.1.5 (/opt/ros/humble/share/rosidl_generator_cpp/cmake)
[0.261s] -- Using all available rosidl_typesupport_c: rosidl_typesupport_fastrtps_c;rosidl_typesupport_introspection_c
[0.278s] -- Using all available rosidl_typesupport_cpp: rosidl_typesupport_fastrtps_cpp;rosidl_typesupport_introspection_cpp
[0.391s] -- Found rmw_implementation_cmake: 6.1.1 (/opt/ros/humble/share/rmw_implementation_cmake/cmake)
[0.393s] -- Found rmw_fastrtps_cpp: 6.2.6 (/opt/ros/humble/share/rmw_fastrtps_cpp/cmake)
[0.536s] -- Using RMW implementation 'rmw_fastrtps_cpp' as default
[0.731s] -- Found sensor_msgs: 4.2.3 (/opt/ros/humble/share/sensor_msgs/cmake)
[0.952s] -- Configuring done
[0.969s] -- Generating done
[0.972s] -- Build files have been written to: /home/lucasjko/sdfr_ws/build/image_functions_sdfr
[0.998s] [35m[1mConsolidate compiler generated dependencies of target image_functions[0m
[1.022s] [100%] Built target image_functions
[1.033s] Invoked command in '/home/lucasjko/sdfr_ws/build/image_functions_sdfr' returned '0': CMAKE_PREFIX_PATH=${CMAKE_PREFIX_PATH}:/opt/ros/humble /usr/bin/cmake --build /home/lucasjko/sdfr_ws/build/image_functions_sdfr -- -j8 -l8
[1.069s] Invoking command in '/home/lucasjko/sdfr_ws/build/image_functions_sdfr': CMAKE_PREFIX_PATH=${CMAKE_PREFIX_PATH}:/opt/ros/humble /usr/bin/cmake --install /home/lucasjko/sdfr_ws/build/image_functions_sdfr
[1.079s] -- Install configuration: ""
[1.079s] -- Up-to-date: /home/lucasjko/sdfr_ws/install/image_functions_sdfr/include
[1.079s] -- Up-to-date: /home/lucasjko/sdfr_ws/install/image_functions_sdfr/include/image_functions_sdfr
[1.079s] -- Up-to-date: /home/lucasjko/sdfr_ws/install/image_functions_sdfr/include/image_functions_sdfr/visibility_control.h
[1.080s] -- Up-to-date: /home/lucasjko/sdfr_ws/install/image_functions_sdfr/include/image_functions_sdfr/image_functions.hpp
[1.080s] -- Up-to-date: /home/lucasjko/sdfr_ws/install/image_functions_sdfr/lib/libimage_functions.so
[1.080s] -- Up-to-date: /home/lucasjko/sdfr_ws/install/image_functions_sdfr/share/image_functions_sdfr/environment/library_path.sh
[1.080s] -- Installing: /home/lucasjko/sdfr_ws/install/image_functions_sdfr/share/image_functions_sdfr/environment/library_path.dsv
[1.080s] -- Up-to-date: /home/lucasjko/sdfr_ws/install/image_functions_sdfr/share/ament_index/resource_index/package_run_dependencies/image_functions_sdfr
[1.080s] -- Installing: /home/lucasjko/sdfr_ws/install/image_functions_sdfr/share/ament_index/resource_index/parent_prefix_path/image_functions_sdfr
[1.081s] -- Up-to-date: /home/lucasjko/sdfr_ws/install/image_functions_sdfr/share/image_functions_sdfr/environment/ament_prefix_path.sh
[1.081s] -- Installing: /home/lucasjko/sdfr_ws/install/image_functions_sdfr/share/image_functions_sdfr/environment/ament_prefix_path.dsv
[1.081s] -- Up-to-date: /home/lucasjko/sdfr_ws/install/image_functions_sdfr/share/image_functions_sdfr/environment/path.sh
[1.081s] -- Installing: /home/lucasjko/sdfr_ws/install/image_functions_sdfr/share/image_functions_sdfr/environment/path.dsv
[1.081s] -- Up-to-date: /home/lucasjko/sdfr_ws/install/image_functions_sdfr/share/image_functions_sdfr/local_setup.bash
[1.081s] -- Up-to-date: /home/lucasjko/sdfr_ws/install/image_functions_sdfr/share/image_functions_sdfr/local_setup.sh
[1.082s] -- Up-to-date: /home/lucasjko/sdfr_ws/install/image_functions_sdfr/share/image_functions_sdfr/local_setup.zsh
[1.082s] -- Installing: /home/lucasjko/sdfr_ws/install/image_functions_sdfr/share/image_functions_sdfr/local_setup.dsv
[1.082s] -- Installing: /home/lucasjko/sdfr_ws/install/image_functions_sdfr/share/image_functions_sdfr/package.dsv
[1.082s] -- Up-to-date: /home/lucasjko/sdfr_ws/install/image_functions_sdfr/share/ament_index/resource_index/packages/image_functions_sdfr
[1.082s] -- Up-to-date: /home/lucasjko/sdfr_ws/install/image_functions_sdfr/share/image_functions_sdfr/cmake/export_image_functions_sdfrExport.cmake
[1.082s] -- Up-to-date: /home/lucasjko/sdfr_ws/install/image_functions_sdfr/share/image_functions_sdfr/cmake/export_image_functions_sdfrExport-noconfig.cmake
[1.083s] -- Up-to-date: /home/lucasjko/sdfr_ws/install/image_functions_sdfr/share/image_functions_sdfr/cmake/ament_cmake_export_include_directories-extras.cmake
[1.083s] -- Up-to-date: /home/lucasjko/sdfr_ws/install/image_functions_sdfr/share/image_functions_sdfr/cmake/ament_cmake_export_libraries-extras.cmake
[1.083s] -- Up-to-date: /home/lucasjko/sdfr_ws/install/image_functions_sdfr/share/image_functions_sdfr/cmake/ament_cmake_export_targets-extras.cmake
[1.083s] -- Up-to-date: /home/lucasjko/sdfr_ws/install/image_functions_sdfr/share/image_functions_sdfr/cmake/ament_cmake_export_dependencies-extras.cmake
[1.083s] -- Up-to-date: /home/lucasjko/sdfr_ws/install/image_functions_sdfr/share/image_functions_sdfr/cmake/image_functions_sdfrConfig.cmake
[1.083s] -- Up-to-date: /home/lucasjko/sdfr_ws/install/image_functions_sdfr/share/image_functions_sdfr/cmake/image_functions_sdfrConfig-version.cmake
[1.083s] -- Installing: /home/lucasjko/sdfr_ws/install/image_functions_sdfr/share/image_functions_sdfr/package.xml
[1.085s] Invoked command in '/home/lucasjko/sdfr_ws/build/image_functions_sdfr' returned '0': CMAKE_PREFIX_PATH=${CMAKE_PREFIX_PATH}:/opt/ros/humble /usr/bin/cmake --install /home/lucasjko/sdfr_ws/build/image_functions_sdfr
