[0.011s] Invoking command in '/home/lucasjko/sdfr_ws/build/ros2_introduction_message': CMAKE_PREFIX_PATH=${CMAKE_PREFIX_PATH}:/opt/ros/humble /usr/bin/cmake --build /home/lucasjko/sdfr_ws/build/ros2_introduction_message -- -j8 -l8
[0.063s] [  3%] Built target ros2_introduction_message__cpp
[0.063s] [ 12%] Built target ros2_introduction_message__rosidl_generator_c
[0.075s] [ 12%] Built target ament_cmake_python_copy_ros2_introduction_message
[0.091s] [ 22%] Built target ros2_introduction_message__rosidl_typesupport_c
[0.097s] [ 32%] Built target ros2_introduction_message__rosidl_typesupport_cpp
[0.097s] [ 41%] Built target ros2_introduction_message__rosidl_typesupport_introspection_cpp
[0.102s] [ 51%] Built target ros2_introduction_message__rosidl_typesupport_fastrtps_cpp
[0.102s] [ 67%] Built target ros2_introduction_message__rosidl_typesupport_introspection_c
[0.102s] [ 70%] Built target ros2_introduction_message__rosidl_typesupport_fastrtps_c
[0.121s] [ 70%] Built target ros2_introduction_message
[0.141s] [ 74%] Built target ros2_introduction_message__py
[0.162s] [ 80%] Built target ros2_introduction_message__rosidl_generator_py
[0.187s] [ 87%] Built target ros2_introduction_message__rosidl_typesupport_introspection_c__pyext
[0.188s] [100%] Built target ros2_introduction_message__rosidl_typesupport_c__pyext
[0.188s] [100%] Built target ros2_introduction_message__rosidl_typesupport_fastrtps_c__pyext
[0.316s] running egg_info
[0.317s] writing ros2_introduction_message.egg-info/PKG-INFO
[0.317s] writing dependency_links to ros2_introduction_message.egg-info/dependency_links.txt
[0.317s] writing top-level names to ros2_introduction_message.egg-info/top_level.txt
[0.320s] reading manifest file 'ros2_introduction_message.egg-info/SOURCES.txt'
[0.320s] writing manifest file 'ros2_introduction_message.egg-info/SOURCES.txt'
[0.347s] [100%] Built target ament_cmake_python_build_ros2_introduction_message_egg
[0.358s] Invoked command in '/home/lucasjko/sdfr_ws/build/ros2_introduction_message' returned '0': CMAKE_PREFIX_PATH=${CMAKE_PREFIX_PATH}:/opt/ros/humble /usr/bin/cmake --build /home/lucasjko/sdfr_ws/build/ros2_introduction_message -- -j8 -l8
[0.422s] Invoking command in '/home/lucasjko/sdfr_ws/build/ros2_introduction_message': CMAKE_PREFIX_PATH=${CMAKE_PREFIX_PATH}:/opt/ros/humble /usr/bin/cmake --install /home/lucasjko/sdfr_ws/build/ros2_introduction_message
[0.433s] -- Install configuration: ""
[0.433s] -- Up-to-date: /home/lucasjko/sdfr_ws/install/ros2_introduction_message/share/ament_index/resource_index/rosidl_interfaces/ros2_introduction_message
[0.433s] -- Up-to-date: /home/lucasjko/sdfr_ws/install/ros2_introduction_message/include/ros2_introduction_message/ros2_introduction_message
[0.433s] -- Up-to-date: /home/lucasjko/sdfr_ws/install/ros2_introduction_message/include/ros2_introduction_message/ros2_introduction_message/msg
[0.434s] -- Up-to-date: /home/lucasjko/sdfr_ws/install/ros2_introduction_message/include/ros2_introduction_message/ros2_introduction_message/msg/brightness.h
[0.434s] -- Up-to-date: /home/lucasjko/sdfr_ws/install/ros2_introduction_message/include/ros2_introduction_message/ros2_introduction_message/msg/rosidl_generator_c__visibility_control.h
[0.434s] -- Up-to-date: /home/lucasjko/sdfr_ws/install/ros2_introduction_message/include/ros2_introduction_message/ros2_introduction_message/msg/detail
[0.434s] -- Up-to-date: /home/lucasjko/sdfr_ws/install/ros2_introduction_message/include/ros2_introduction_message/ros2_introduction_message/msg/detail/brightness__struct.h
[0.434s] -- Up-to-date: /home/lucasjko/sdfr_ws/install/ros2_introduction_message/include/ros2_introduction_message/ros2_introduction_message/msg/detail/brightness__type_support.h
[0.434s] -- Up-to-date: /home/lucasjko/sdfr_ws/install/ros2_introduction_message/include/ros2_introduction_message/ros2_introduction_message/msg/detail/brightness__functions.c
[0.434s] -- Up-to-date: /home/lucasjko/sdfr_ws/install/ros2_introduction_message/include/ros2_introduction_message/ros2_introduction_message/msg/detail/brightness__functions.h
[0.434s] -- Up-to-date: /home/lucasjko/sdfr_ws/install/ros2_introduction_message/share/ros2_introduction_message/environment/library_path.sh
[0.434s] -- Up-to-date: /home/lucasjko/sdfr_ws/install/ros2_introduction_message/share/ros2_introduction_message/environment/library_path.dsv
[0.435s] -- Up-to-date: /home/lucasjko/sdfr_ws/install/ros2_introduction_message/lib/libros2_introduction_message__rosidl_generator_c.so
[0.435s] -- Up-to-date: /home/lucasjko/sdfr_ws/install/ros2_introduction_message/include/ros2_introduction_message/ros2_introduction_message
[0.435s] -- Up-to-date: /home/lucasjko/sdfr_ws/install/ros2_introduction_message/include/ros2_introduction_message/ros2_introduction_message/msg
[0.435s] -- Up-to-date: /home/lucasjko/sdfr_ws/install/ros2_introduction_message/include/ros2_introduction_message/ros2_introduction_message/msg/rosidl_typesupport_fastrtps_c__visibility_control.h
[0.435s] -- Up-to-date: /home/lucasjko/sdfr_ws/install/ros2_introduction_message/include/ros2_introduction_message/ros2_introduction_message/msg/detail
[0.435s] -- Up-to-date: /home/lucasjko/sdfr_ws/install/ros2_introduction_message/include/ros2_introduction_message/ros2_introduction_message/msg/detail/brightness__rosidl_typesupport_fastrtps_c.h
[0.435s] -- Up-to-date: /home/lucasjko/sdfr_ws/install/ros2_introduction_message/lib/libros2_introduction_message__rosidl_typesupport_fastrtps_c.so
[0.435s] -- Up-to-date: /home/lucasjko/sdfr_ws/install/ros2_introduction_message/include/ros2_introduction_message/ros2_introduction_message
[0.435s] -- Up-to-date: /home/lucasjko/sdfr_ws/install/ros2_introduction_message/include/ros2_introduction_message/ros2_introduction_message/msg
[0.436s] -- Up-to-date: /home/lucasjko/sdfr_ws/install/ros2_introduction_message/include/ros2_introduction_message/ros2_introduction_message/msg/detail
[0.436s] -- Up-to-date: /home/lucasjko/sdfr_ws/install/ros2_introduction_message/include/ros2_introduction_message/ros2_introduction_message/msg/detail/brightness__rosidl_typesupport_introspection_c.h
[0.436s] -- Up-to-date: /home/lucasjko/sdfr_ws/install/ros2_introduction_message/include/ros2_introduction_message/ros2_introduction_message/msg/detail/brightness__type_support.c
[0.436s] -- Up-to-date: /home/lucasjko/sdfr_ws/install/ros2_introduction_message/include/ros2_introduction_message/ros2_introduction_message/msg/rosidl_typesupport_introspection_c__visibility_control.h
[0.436s] -- Up-to-date: /home/lucasjko/sdfr_ws/install/ros2_introduction_message/lib/libros2_introduction_message__rosidl_typesupport_introspection_c.so
[0.436s] -- Up-to-date: /home/lucasjko/sdfr_ws/install/ros2_introduction_message/lib/libros2_introduction_message__rosidl_typesupport_c.so
[0.436s] -- Up-to-date: /home/lucasjko/sdfr_ws/install/ros2_introduction_message/include/ros2_introduction_message/ros2_introduction_message
[0.436s] -- Up-to-date: /home/lucasjko/sdfr_ws/install/ros2_introduction_message/include/ros2_introduction_message/ros2_introduction_message/msg
[0.437s] -- Up-to-date: /home/lucasjko/sdfr_ws/install/ros2_introduction_message/include/ros2_introduction_message/ros2_introduction_message/msg/brightness.hpp
[0.437s] -- Up-to-date: /home/lucasjko/sdfr_ws/install/ros2_introduction_message/include/ros2_introduction_message/ros2_introduction_message/msg/detail
[0.437s] -- Up-to-date: /home/lucasjko/sdfr_ws/install/ros2_introduction_message/include/ros2_introduction_message/ros2_introduction_message/msg/detail/brightness__builder.hpp
[0.437s] -- Up-to-date: /home/lucasjko/sdfr_ws/install/ros2_introduction_message/include/ros2_introduction_message/ros2_introduction_message/msg/detail/brightness__struct.hpp
[0.437s] -- Up-to-date: /home/lucasjko/sdfr_ws/install/ros2_introduction_message/include/ros2_introduction_message/ros2_introduction_message/msg/detail/brightness__traits.hpp
[0.437s] -- Up-to-date: /home/lucasjko/sdfr_ws/install/ros2_introduction_message/include/ros2_introduction_message/ros2_introduction_message
[0.437s] -- Up-to-date: /home/lucasjko/sdfr_ws/install/ros2_introduction_message/include/ros2_introduction_message/ros2_introduction_message/msg
[0.437s] -- Up-to-date: /home/lucasjko/sdfr_ws/install/ros2_introduction_message/include/ros2_introduction_message/ros2_introduction_message/msg/rosidl_typesupport_fastrtps_cpp__visibility_control.h
[0.437s] -- Up-to-date: /home/lucasjko/sdfr_ws/install/ros2_introduction_message/include/ros2_introduction_message/ros2_introduction_message/msg/detail
[0.438s] -- Up-to-date: /home/lucasjko/sdfr_ws/install/ros2_introduction_message/include/ros2_introduction_message/ros2_introduction_message/msg/detail/brightness__rosidl_typesupport_fastrtps_cpp.hpp
[0.438s] -- Up-to-date: /home/lucasjko/sdfr_ws/install/ros2_introduction_message/include/ros2_introduction_message/ros2_introduction_message/msg/detail/dds_fastrtps
[0.438s] -- Up-to-date: /home/lucasjko/sdfr_ws/install/ros2_introduction_message/lib/libros2_introduction_message__rosidl_typesupport_fastrtps_cpp.so
[0.438s] -- Up-to-date: /home/lucasjko/sdfr_ws/install/ros2_introduction_message/include/ros2_introduction_message/ros2_introduction_message
[0.438s] -- Up-to-date: /home/lucasjko/sdfr_ws/install/ros2_introduction_message/include/ros2_introduction_message/ros2_introduction_message/msg
[0.438s] -- Up-to-date: /home/lucasjko/sdfr_ws/install/ros2_introduction_message/include/ros2_introduction_message/ros2_introduction_message/msg/detail
[0.438s] -- Up-to-date: /home/lucasjko/sdfr_ws/install/ros2_introduction_message/include/ros2_introduction_message/ros2_introduction_message/msg/detail/brightness__type_support.cpp
[0.438s] -- Up-to-date: /home/lucasjko/sdfr_ws/install/ros2_introduction_message/include/ros2_introduction_message/ros2_introduction_message/msg/detail/brightness__rosidl_typesupport_introspection_cpp.hpp
[0.438s] -- Up-to-date: /home/lucasjko/sdfr_ws/install/ros2_introduction_message/lib/libros2_introduction_message__rosidl_typesupport_introspection_cpp.so
[0.438s] -- Up-to-date: /home/lucasjko/sdfr_ws/install/ros2_introduction_message/lib/libros2_introduction_message__rosidl_typesupport_cpp.so
[0.439s] -- Up-to-date: /home/lucasjko/sdfr_ws/install/ros2_introduction_message/share/ros2_introduction_message/environment/pythonpath.sh
[0.439s] -- Up-to-date: /home/lucasjko/sdfr_ws/install/ros2_introduction_message/share/ros2_introduction_message/environment/pythonpath.dsv
[0.439s] -- Up-to-date: /home/lucasjko/sdfr_ws/install/ros2_introduction_message/local/lib/python3.10/dist-packages/ros2_introduction_message-0.0.0-py3.12.egg-info
[0.439s] -- Installing: /home/lucasjko/sdfr_ws/install/ros2_introduction_message/local/lib/python3.10/dist-packages/ros2_introduction_message-0.0.0-py3.12.egg-info/PKG-INFO
[0.439s] -- Installing: /home/lucasjko/sdfr_ws/install/ros2_introduction_message/local/lib/python3.10/dist-packages/ros2_introduction_message-0.0.0-py3.12.egg-info/dependency_links.txt
[0.439s] -- Installing: /home/lucasjko/sdfr_ws/install/ros2_introduction_message/local/lib/python3.10/dist-packages/ros2_introduction_message-0.0.0-py3.12.egg-info/SOURCES.txt
[0.439s] -- Installing: /home/lucasjko/sdfr_ws/install/ros2_introduction_message/local/lib/python3.10/dist-packages/ros2_introduction_message-0.0.0-py3.12.egg-info/top_level.txt
[0.440s] -- Up-to-date: /home/lucasjko/sdfr_ws/install/ros2_introduction_message/local/lib/python3.10/dist-packages/ros2_introduction_message
[0.440s] -- Up-to-date: /home/lucasjko/sdfr_ws/install/ros2_introduction_message/local/lib/python3.10/dist-packages/ros2_introduction_message/libros2_introduction_message__rosidl_generator_py.so
[0.440s] -- Up-to-date: /home/lucasjko/sdfr_ws/install/ros2_introduction_message/local/lib/python3.10/dist-packages/ros2_introduction_message/ros2_introduction_message_s__rosidl_typesupport_fastrtps_c.cpython-310-x86_64-linux-gnu.so
[0.440s] -- Up-to-date: /home/lucasjko/sdfr_ws/install/ros2_introduction_message/local/lib/python3.10/dist-packages/ros2_introduction_message/__init__.py
[0.440s] -- Up-to-date: /home/lucasjko/sdfr_ws/install/ros2_introduction_message/local/lib/python3.10/dist-packages/ros2_introduction_message/_ros2_introduction_message_s.ep.rosidl_typesupport_introspection_c.c
[0.440s] -- Up-to-date: /home/lucasjko/sdfr_ws/install/ros2_introduction_message/local/lib/python3.10/dist-packages/ros2_introduction_message/_ros2_introduction_message_s.ep.rosidl_typesupport_fastrtps_c.c
[0.440s] -- Up-to-date: /home/lucasjko/sdfr_ws/install/ros2_introduction_message/local/lib/python3.10/dist-packages/ros2_introduction_message/msg
[0.440s] -- Up-to-date: /home/lucasjko/sdfr_ws/install/ros2_introduction_message/local/lib/python3.10/dist-packages/ros2_introduction_message/msg/__init__.py
[0.440s] -- Up-to-date: /home/lucasjko/sdfr_ws/install/ros2_introduction_message/local/lib/python3.10/dist-packages/ros2_introduction_message/msg/_brightness_s.c
[0.440s] -- Up-to-date: /home/lucasjko/sdfr_ws/install/ros2_introduction_message/local/lib/python3.10/dist-packages/ros2_introduction_message/msg/_brightness.py
[0.440s] -- Up-to-date: /home/lucasjko/sdfr_ws/install/ros2_introduction_message/local/lib/python3.10/dist-packages/ros2_introduction_message/ros2_introduction_message_s__rosidl_typesupport_c.cpython-310-x86_64-linux-gnu.so
[0.440s] -- Up-to-date: /home/lucasjko/sdfr_ws/install/ros2_introduction_message/local/lib/python3.10/dist-packages/ros2_introduction_message/_ros2_introduction_message_s.ep.rosidl_typesupport_c.c
[0.440s] -- Up-to-date: /home/lucasjko/sdfr_ws/install/ros2_introduction_message/local/lib/python3.10/dist-packages/ros2_introduction_message/ros2_introduction_message_s__rosidl_typesupport_introspection_c.cpython-310-x86_64-linux-gnu.so
[0.468s] Listing '/home/lucasjko/sdfr_ws/install/ros2_introduction_message/local/lib/python3.10/dist-packages/ros2_introduction_message'...
[0.468s] Listing '/home/lucasjko/sdfr_ws/install/ros2_introduction_message/local/lib/python3.10/dist-packages/ros2_introduction_message/msg'...
[0.471s] -- Up-to-date: /home/lucasjko/sdfr_ws/install/ros2_introduction_message/local/lib/python3.10/dist-packages/ros2_introduction_message/ros2_introduction_message_s__rosidl_typesupport_fastrtps_c.cpython-310-x86_64-linux-gnu.so
[0.472s] -- Up-to-date: /home/lucasjko/sdfr_ws/install/ros2_introduction_message/local/lib/python3.10/dist-packages/ros2_introduction_message/ros2_introduction_message_s__rosidl_typesupport_introspection_c.cpython-310-x86_64-linux-gnu.so
[0.472s] -- Up-to-date: /home/lucasjko/sdfr_ws/install/ros2_introduction_message/local/lib/python3.10/dist-packages/ros2_introduction_message/ros2_introduction_message_s__rosidl_typesupport_c.cpython-310-x86_64-linux-gnu.so
[0.472s] -- Up-to-date: /home/lucasjko/sdfr_ws/install/ros2_introduction_message/lib/libros2_introduction_message__rosidl_generator_py.so
[0.473s] -- Up-to-date: /home/lucasjko/sdfr_ws/install/ros2_introduction_message/share/ros2_introduction_message/msg/Brightness.idl
[0.473s] -- Up-to-date: /home/lucasjko/sdfr_ws/install/ros2_introduction_message/share/ros2_introduction_message/msg/Brightness.msg
[0.473s] -- Up-to-date: /home/lucasjko/sdfr_ws/install/ros2_introduction_message/share/ament_index/resource_index/package_run_dependencies/ros2_introduction_message
[0.473s] -- Up-to-date: /home/lucasjko/sdfr_ws/install/ros2_introduction_message/share/ament_index/resource_index/parent_prefix_path/ros2_introduction_message
[0.473s] -- Up-to-date: /home/lucasjko/sdfr_ws/install/ros2_introduction_message/share/ros2_introduction_message/environment/ament_prefix_path.sh
[0.473s] -- Up-to-date: /home/lucasjko/sdfr_ws/install/ros2_introduction_message/share/ros2_introduction_message/environment/ament_prefix_path.dsv
[0.473s] -- Up-to-date: /home/lucasjko/sdfr_ws/install/ros2_introduction_message/share/ros2_introduction_message/environment/path.sh
[0.473s] -- Up-to-date: /home/lucasjko/sdfr_ws/install/ros2_introduction_message/share/ros2_introduction_message/environment/path.dsv
[0.473s] -- Up-to-date: /home/lucasjko/sdfr_ws/install/ros2_introduction_message/share/ros2_introduction_message/local_setup.bash
[0.473s] -- Up-to-date: /home/lucasjko/sdfr_ws/install/ros2_introduction_message/share/ros2_introduction_message/local_setup.sh
[0.474s] -- Up-to-date: /home/lucasjko/sdfr_ws/install/ros2_introduction_message/share/ros2_introduction_message/local_setup.zsh
[0.474s] -- Up-to-date: /home/lucasjko/sdfr_ws/install/ros2_introduction_message/share/ros2_introduction_message/local_setup.dsv
[0.474s] -- Installing: /home/lucasjko/sdfr_ws/install/ros2_introduction_message/share/ros2_introduction_message/package.dsv
[0.474s] -- Up-to-date: /home/lucasjko/sdfr_ws/install/ros2_introduction_message/share/ament_index/resource_index/packages/ros2_introduction_message
[0.474s] -- Up-to-date: /home/lucasjko/sdfr_ws/install/ros2_introduction_message/share/ros2_introduction_message/cmake/export_ros2_introduction_message__rosidl_generator_cExport.cmake
[0.474s] -- Up-to-date: /home/lucasjko/sdfr_ws/install/ros2_introduction_message/share/ros2_introduction_message/cmake/export_ros2_introduction_message__rosidl_generator_cExport-noconfig.cmake
[0.474s] -- Up-to-date: /home/lucasjko/sdfr_ws/install/ros2_introduction_message/share/ros2_introduction_message/cmake/export_ros2_introduction_message__rosidl_typesupport_fastrtps_cExport.cmake
[0.474s] -- Up-to-date: /home/lucasjko/sdfr_ws/install/ros2_introduction_message/share/ros2_introduction_message/cmake/export_ros2_introduction_message__rosidl_typesupport_fastrtps_cExport-noconfig.cmake
[0.474s] -- Up-to-date: /home/lucasjko/sdfr_ws/install/ros2_introduction_message/share/ros2_introduction_message/cmake/ros2_introduction_message__rosidl_typesupport_introspection_cExport.cmake
[0.474s] -- Up-to-date: /home/lucasjko/sdfr_ws/install/ros2_introduction_message/share/ros2_introduction_message/cmake/ros2_introduction_message__rosidl_typesupport_introspection_cExport-noconfig.cmake
[0.475s] -- Up-to-date: /home/lucasjko/sdfr_ws/install/ros2_introduction_message/share/ros2_introduction_message/cmake/ros2_introduction_message__rosidl_typesupport_cExport.cmake
[0.475s] -- Up-to-date: /home/lucasjko/sdfr_ws/install/ros2_introduction_message/share/ros2_introduction_message/cmake/ros2_introduction_message__rosidl_typesupport_cExport-noconfig.cmake
[0.475s] -- Up-to-date: /home/lucasjko/sdfr_ws/install/ros2_introduction_message/share/ros2_introduction_message/cmake/export_ros2_introduction_message__rosidl_generator_cppExport.cmake
[0.475s] -- Up-to-date: /home/lucasjko/sdfr_ws/install/ros2_introduction_message/share/ros2_introduction_message/cmake/export_ros2_introduction_message__rosidl_typesupport_fastrtps_cppExport.cmake
[0.475s] -- Up-to-date: /home/lucasjko/sdfr_ws/install/ros2_introduction_message/share/ros2_introduction_message/cmake/export_ros2_introduction_message__rosidl_typesupport_fastrtps_cppExport-noconfig.cmake
[0.476s] -- Up-to-date: /home/lucasjko/sdfr_ws/install/ros2_introduction_message/share/ros2_introduction_message/cmake/ros2_introduction_message__rosidl_typesupport_introspection_cppExport.cmake
[0.476s] -- Up-to-date: /home/lucasjko/sdfr_ws/install/ros2_introduction_message/share/ros2_introduction_message/cmake/ros2_introduction_message__rosidl_typesupport_introspection_cppExport-noconfig.cmake
[0.476s] -- Up-to-date: /home/lucasjko/sdfr_ws/install/ros2_introduction_message/share/ros2_introduction_message/cmake/ros2_introduction_message__rosidl_typesupport_cppExport.cmake
[0.476s] -- Up-to-date: /home/lucasjko/sdfr_ws/install/ros2_introduction_message/share/ros2_introduction_message/cmake/ros2_introduction_message__rosidl_typesupport_cppExport-noconfig.cmake
[0.477s] -- Up-to-date: /home/lucasjko/sdfr_ws/install/ros2_introduction_message/share/ros2_introduction_message/cmake/export_ros2_introduction_message__rosidl_generator_pyExport.cmake
[0.477s] -- Up-to-date: /home/lucasjko/sdfr_ws/install/ros2_introduction_message/share/ros2_introduction_message/cmake/export_ros2_introduction_message__rosidl_generator_pyExport-noconfig.cmake
[0.477s] -- Up-to-date: /home/lucasjko/sdfr_ws/install/ros2_introduction_message/share/ros2_introduction_message/cmake/rosidl_cmake-extras.cmake
[0.477s] -- Up-to-date: /home/lucasjko/sdfr_ws/install/ros2_introduction_message/share/ros2_introduction_message/cmake/ament_cmake_export_include_directories-extras.cmake
[0.477s] -- Up-to-date: /home/lucasjko/sdfr_ws/install/ros2_introduction_message/share/ros2_introduction_message/cmake/ament_cmake_export_libraries-extras.cmake
[0.477s] -- Up-to-date: /home/lucasjko/sdfr_ws/install/ros2_introduction_message/share/ros2_introduction_message/cmake/ament_cmake_export_targets-extras.cmake
[0.478s] -- Up-to-date: /home/lucasjko/sdfr_ws/install/ros2_introduction_message/share/ros2_introduction_message/cmake/rosidl_cmake_export_typesupport_targets-extras.cmake
[0.478s] -- Up-to-date: /home/lucasjko/sdfr_ws/install/ros2_introduction_message/share/ros2_introduction_message/cmake/ament_cmake_export_dependencies-extras.cmake
[0.478s] -- Up-to-date: /home/lucasjko/sdfr_ws/install/ros2_introduction_message/share/ros2_introduction_message/cmake/rosidl_cmake_export_typesupport_libraries-extras.cmake
[0.478s] -- Up-to-date: /home/lucasjko/sdfr_ws/install/ros2_introduction_message/share/ros2_introduction_message/cmake/ros2_introduction_messageConfig.cmake
[0.478s] -- Up-to-date: /home/lucasjko/sdfr_ws/install/ros2_introduction_message/share/ros2_introduction_message/cmake/ros2_introduction_messageConfig-version.cmake
[0.478s] -- Up-to-date: /home/lucasjko/sdfr_ws/install/ros2_introduction_message/share/ros2_introduction_message/package.xml
[0.480s] Invoked command in '/home/lucasjko/sdfr_ws/build/ros2_introduction_message' returned '0': CMAKE_PREFIX_PATH=${CMAKE_PREFIX_PATH}:/opt/ros/humble /usr/bin/cmake --install /home/lucasjko/sdfr_ws/build/ros2_introduction_message
