-- The C compiler identification is GNU 11.4.0
-- The CXX compiler identification is GNU 11.4.0
-- Detecting C compiler ABI info
-- Detecting C compiler ABI info - done
-- Check for working C compiler: /usr/bin/cc - skipped
-- Detecting C compile features
-- Detecting C compile features - done
-- Detecting CXX compiler ABI info
-- Detecting CXX compiler ABI info - done
-- Check for working CXX compiler: /usr/bin/c++ - skipped
-- Detecting CXX compile features
-- Detecting CXX compile features - done
-- Found ament_cmake: 1.3.8 (/opt/ros/humble/share/ament_cmake/cmake)
-- Found Python3: /usr/local/bin/python3 (found version "3.10.12") found components: Interpreter 
-- Found rclcpp: 16.0.8 (/opt/ros/humble/share/rclcpp/cmake)
-- Found rosidl_generator_c: 3.1.5 (/opt/ros/humble/share/rosidl_generator_c/cmake)
-- Found rosidl_adapter: 3.1.5 (/opt/ros/humble/share/rosidl_adapter/cmake)
-- Found rosidl_generator_cpp: 3.1.5 (/opt/ros/humble/share/rosidl_generator_cpp/cmake)
-- Using all available rosidl_typesupport_c: rosidl_typesupport_fastrtps_c;rosidl_typesupport_introspection_c
-- Using all available rosidl_typesupport_cpp: rosidl_typesupport_fastrtps_cpp;rosidl_typesupport_introspection_cpp
-- Found rmw_implementation_cmake: 6.1.1 (/opt/ros/humble/share/rmw_implementation_cmake/cmake)
-- Found rmw_fastrtps_cpp: 6.2.6 (/opt/ros/humble/share/rmw_fastrtps_cpp/cmake)
-- Found OpenSSL: /usr/lib/x86_64-linux-gnu/libcrypto.so (found version "3.0.2")  
-- Found FastRTPS: /opt/ros/humble/include  
-- Using RMW implementation 'rmw_fastrtps_cpp' as default
-- Looking for pthread.h
-- Looking for pthread.h - found
-- Performing Test CMAKE_HAVE_LIBC_PTHREAD
-- Performing Test CMAKE_HAVE_LIBC_PTHREAD - Success
-- Found Threads: TRUE  
-- Found sensor_msgs: 4.2.3 (/opt/ros/humble/share/sensor_msgs/cmake)
-- Found image_functions_sdfr: 2.1.0 (/home/lucasjko/sdfr_ws/install/image_functions_sdfr/share/image_functions_sdfr/cmake)
-- Found robot_image_messages: 1.0.0 (/home/lucasjko/sdfr_ws/install/robot_image_messages/share/robot_image_messages/cmake)
-- Found OpenCV: /usr (found version "4.5.4") 
-- Configuring done
-- Generating done
-- Build files have been written to: /home/lucasjko/sdfr_ws/build/ball_detection
[ 33%] [32mBuilding CXX object CMakeFiles/find_ball.dir/src/find_ball.cpp.o[0m
[ 66%] [32mBuilding CXX object CMakeFiles/find_ball.dir/src/image_processing.cpp.o[0m
[100%] [32m[1mLinking CXX executable find_ball[0m
[100%] Built target find_ball
-- Install configuration: ""
-- Installing: /home/lucasjko/sdfr_ws/install/ball_detection/lib/ball_detection/find_ball
-- Set runtime path of "/home/lucasjko/sdfr_ws/install/ball_detection/lib/ball_detection/find_ball" to ""
-- Installing: /home/lucasjko/sdfr_ws/install/ball_detection/share/ament_index/resource_index/package_run_dependencies/ball_detection
-- Installing: /home/lucasjko/sdfr_ws/install/ball_detection/share/ament_index/resource_index/parent_prefix_path/ball_detection
-- Installing: /home/lucasjko/sdfr_ws/install/ball_detection/share/ball_detection/environment/ament_prefix_path.sh
-- Installing: /home/lucasjko/sdfr_ws/install/ball_detection/share/ball_detection/environment/ament_prefix_path.dsv
-- Installing: /home/lucasjko/sdfr_ws/install/ball_detection/share/ball_detection/environment/path.sh
-- Installing: /home/lucasjko/sdfr_ws/install/ball_detection/share/ball_detection/environment/path.dsv
-- Installing: /home/lucasjko/sdfr_ws/install/ball_detection/share/ball_detection/local_setup.bash
-- Installing: /home/lucasjko/sdfr_ws/install/ball_detection/share/ball_detection/local_setup.sh
-- Installing: /home/lucasjko/sdfr_ws/install/ball_detection/share/ball_detection/local_setup.zsh
-- Installing: /home/lucasjko/sdfr_ws/install/ball_detection/share/ball_detection/local_setup.dsv
-- Installing: /home/lucasjko/sdfr_ws/install/ball_detection/share/ball_detection/package.dsv
-- Installing: /home/lucasjko/sdfr_ws/install/ball_detection/share/ament_index/resource_index/packages/ball_detection
-- Installing: /home/lucasjko/sdfr_ws/install/ball_detection/share/ball_detection/cmake/ball_detectionConfig.cmake
-- Installing: /home/lucasjko/sdfr_ws/install/ball_detection/share/ball_detection/cmake/ball_detectionConfig-version.cmake
-- Installing: /home/lucasjko/sdfr_ws/install/ball_detection/share/ball_detection/package.xml
