[0.010s] Invoking command in '/home/lucasjko/sdfr_ws/build/ball_detection': AMENT_PREFIX_PATH=/home/lucasjko/sdfr_ws/install/robot_image_messages:${AMENT_PREFIX_PATH} CMAKE_PREFIX_PATH=/home/lucasjko/sdfr_ws/install/robot_image_messages:/home/lucasjko/sdfr_ws/install/image_functions_sdfr:/home/lucasjko/sdfr_ws/install/ros2_introduction_message:/home/lucasjko/sdfr_ws/install/ros2_introduction:/home/lucasjko/sdfr_ws/install/ball_detection:/home/lucasjko/sdfr_ws/install/my_custom_messages:/opt/ros/humble LD_LIBRARY_PATH=/home/lucasjko/sdfr_ws/install/robot_image_messages/lib:/home/lucasjko/sdfr_ws/install/image_functions_sdfr/lib:/home/lucasjko/sdfr_ws/install/ros2_introduction_message/lib:/home/lucasjko/sdfr_ws/install/my_custom_messages/lib:/opt/ros/humble/opt/rviz_ogre_vendor/lib:/opt/ros/humble/lib/x86_64-linux-gnu:/opt/ros/humble/lib PYTHONPATH=/home/lucasjko/sdfr_ws/install/robot_image_messages/local/lib/python3.10/dist-packages:${PYTHONPATH} /usr/bin/cmake /home/lucasjko/sdfr_ws/src/ball_detection -DCMAKE_INSTALL_PREFIX=/home/lucasjko/sdfr_ws/install/ball_detection
[0.062s] -- The C compiler identification is GNU 11.4.0
[0.127s] -- The CXX compiler identification is GNU 11.4.0
[0.136s] -- Detecting C compiler ABI info
[0.208s] -- Detecting C compiler ABI info - done
[0.218s] -- Check for working C compiler: /usr/bin/cc - skipped
[0.218s] -- Detecting C compile features
[0.218s] -- Detecting C compile features - done
[0.222s] -- Detecting CXX compiler ABI info
[0.297s] -- Detecting CXX compiler ABI info - done
[0.311s] -- Check for working CXX compiler: /usr/bin/c++ - skipped
[0.311s] -- Detecting CXX compile features
[0.312s] -- Detecting CXX compile features - done
[0.316s] -- Found ament_cmake: 1.3.8 (/opt/ros/humble/share/ament_cmake/cmake)
[0.460s] -- Found Python3: /usr/local/bin/python3 (found version "3.10.12") found components: Interpreter 
[0.544s] -- Found rclcpp: 16.0.8 (/opt/ros/humble/share/rclcpp/cmake)
[0.585s] -- Found rosidl_generator_c: 3.1.5 (/opt/ros/humble/share/rosidl_generator_c/cmake)
[0.592s] -- Found rosidl_adapter: 3.1.5 (/opt/ros/humble/share/rosidl_adapter/cmake)
[0.602s] -- Found rosidl_generator_cpp: 3.1.5 (/opt/ros/humble/share/rosidl_generator_cpp/cmake)
[0.614s] -- Using all available rosidl_typesupport_c: rosidl_typesupport_fastrtps_c;rosidl_typesupport_introspection_c
[0.633s] -- Using all available rosidl_typesupport_cpp: rosidl_typesupport_fastrtps_cpp;rosidl_typesupport_introspection_cpp
[0.705s] -- Found rmw_implementation_cmake: 6.1.1 (/opt/ros/humble/share/rmw_implementation_cmake/cmake)
[0.708s] -- Found rmw_fastrtps_cpp: 6.2.6 (/opt/ros/humble/share/rmw_fastrtps_cpp/cmake)
[0.809s] -- Found OpenSSL: /usr/lib/x86_64-linux-gnu/libcrypto.so (found version "3.0.2")  
[0.836s] -- Found FastRTPS: /opt/ros/humble/include  
[0.895s] -- Using RMW implementation 'rmw_fastrtps_cpp' as default
[0.904s] -- Looking for pthread.h
[0.978s] -- Looking for pthread.h - found
[0.978s] -- Performing Test CMAKE_HAVE_LIBC_PTHREAD
[1.053s] -- Performing Test CMAKE_HAVE_LIBC_PTHREAD - Success
[1.054s] -- Found Threads: TRUE  
[1.210s] -- Found sensor_msgs: 4.2.3 (/opt/ros/humble/share/sensor_msgs/cmake)
[1.334s] -- Found image_functions_sdfr: 2.1.0 (/home/lucasjko/sdfr_ws/install/image_functions_sdfr/share/image_functions_sdfr/cmake)
[1.339s] -- Found robot_image_messages: 1.0.0 (/home/lucasjko/sdfr_ws/install/robot_image_messages/share/robot_image_messages/cmake)
[1.361s] -- Found OpenCV: /usr (found version "4.5.4") 
[1.432s] -- Configuring done
[1.451s] -- Generating done
[1.453s] -- Build files have been written to: /home/lucasjko/sdfr_ws/build/ball_detection
[1.466s] Invoked command in '/home/lucasjko/sdfr_ws/build/ball_detection' returned '0': AMENT_PREFIX_PATH=/home/lucasjko/sdfr_ws/install/robot_image_messages:${AMENT_PREFIX_PATH} CMAKE_PREFIX_PATH=/home/lucasjko/sdfr_ws/install/robot_image_messages:/home/lucasjko/sdfr_ws/install/image_functions_sdfr:/home/lucasjko/sdfr_ws/install/ros2_introduction_message:/home/lucasjko/sdfr_ws/install/ros2_introduction:/home/lucasjko/sdfr_ws/install/ball_detection:/home/lucasjko/sdfr_ws/install/my_custom_messages:/opt/ros/humble LD_LIBRARY_PATH=/home/lucasjko/sdfr_ws/install/robot_image_messages/lib:/home/lucasjko/sdfr_ws/install/image_functions_sdfr/lib:/home/lucasjko/sdfr_ws/install/ros2_introduction_message/lib:/home/lucasjko/sdfr_ws/install/my_custom_messages/lib:/opt/ros/humble/opt/rviz_ogre_vendor/lib:/opt/ros/humble/lib/x86_64-linux-gnu:/opt/ros/humble/lib PYTHONPATH=/home/lucasjko/sdfr_ws/install/robot_image_messages/local/lib/python3.10/dist-packages:${PYTHONPATH} /usr/bin/cmake /home/lucasjko/sdfr_ws/src/ball_detection -DCMAKE_INSTALL_PREFIX=/home/lucasjko/sdfr_ws/install/ball_detection
[1.467s] Invoking command in '/home/lucasjko/sdfr_ws/build/ball_detection': AMENT_PREFIX_PATH=/home/lucasjko/sdfr_ws/install/robot_image_messages:${AMENT_PREFIX_PATH} CMAKE_PREFIX_PATH=/home/lucasjko/sdfr_ws/install/robot_image_messages:/home/lucasjko/sdfr_ws/install/image_functions_sdfr:/home/lucasjko/sdfr_ws/install/ros2_introduction_message:/home/lucasjko/sdfr_ws/install/ros2_introduction:/home/lucasjko/sdfr_ws/install/ball_detection:/home/lucasjko/sdfr_ws/install/my_custom_messages:/opt/ros/humble LD_LIBRARY_PATH=/home/lucasjko/sdfr_ws/install/robot_image_messages/lib:/home/lucasjko/sdfr_ws/install/image_functions_sdfr/lib:/home/lucasjko/sdfr_ws/install/ros2_introduction_message/lib:/home/lucasjko/sdfr_ws/install/my_custom_messages/lib:/opt/ros/humble/opt/rviz_ogre_vendor/lib:/opt/ros/humble/lib/x86_64-linux-gnu:/opt/ros/humble/lib PYTHONPATH=/home/lucasjko/sdfr_ws/install/robot_image_messages/local/lib/python3.10/dist-packages:${PYTHONPATH} /usr/bin/cmake --build /home/lucasjko/sdfr_ws/build/ball_detection -- -j8 -l8
[1.514s] [ 33%] [32mBuilding CXX object CMakeFiles/find_ball.dir/src/find_ball.cpp.o[0m
[1.514s] [ 66%] [32mBuilding CXX object CMakeFiles/find_ball.dir/src/image_processing.cpp.o[0m
[11.263s] [100%] [32m[1mLinking CXX executable find_ball[0m
[11.797s] [100%] Built target find_ball
[11.807s] Invoked command in '/home/lucasjko/sdfr_ws/build/ball_detection' returned '0': AMENT_PREFIX_PATH=/home/lucasjko/sdfr_ws/install/robot_image_messages:${AMENT_PREFIX_PATH} CMAKE_PREFIX_PATH=/home/lucasjko/sdfr_ws/install/robot_image_messages:/home/lucasjko/sdfr_ws/install/image_functions_sdfr:/home/lucasjko/sdfr_ws/install/ros2_introduction_message:/home/lucasjko/sdfr_ws/install/ros2_introduction:/home/lucasjko/sdfr_ws/install/ball_detection:/home/lucasjko/sdfr_ws/install/my_custom_messages:/opt/ros/humble LD_LIBRARY_PATH=/home/lucasjko/sdfr_ws/install/robot_image_messages/lib:/home/lucasjko/sdfr_ws/install/image_functions_sdfr/lib:/home/lucasjko/sdfr_ws/install/ros2_introduction_message/lib:/home/lucasjko/sdfr_ws/install/my_custom_messages/lib:/opt/ros/humble/opt/rviz_ogre_vendor/lib:/opt/ros/humble/lib/x86_64-linux-gnu:/opt/ros/humble/lib PYTHONPATH=/home/lucasjko/sdfr_ws/install/robot_image_messages/local/lib/python3.10/dist-packages:${PYTHONPATH} /usr/bin/cmake --build /home/lucasjko/sdfr_ws/build/ball_detection -- -j8 -l8
[11.834s] Invoking command in '/home/lucasjko/sdfr_ws/build/ball_detection': AMENT_PREFIX_PATH=/home/lucasjko/sdfr_ws/install/robot_image_messages:${AMENT_PREFIX_PATH} CMAKE_PREFIX_PATH=/home/lucasjko/sdfr_ws/install/robot_image_messages:/home/lucasjko/sdfr_ws/install/image_functions_sdfr:/home/lucasjko/sdfr_ws/install/ros2_introduction_message:/home/lucasjko/sdfr_ws/install/ros2_introduction:/home/lucasjko/sdfr_ws/install/ball_detection:/home/lucasjko/sdfr_ws/install/my_custom_messages:/opt/ros/humble LD_LIBRARY_PATH=/home/lucasjko/sdfr_ws/install/robot_image_messages/lib:/home/lucasjko/sdfr_ws/install/image_functions_sdfr/lib:/home/lucasjko/sdfr_ws/install/ros2_introduction_message/lib:/home/lucasjko/sdfr_ws/install/my_custom_messages/lib:/opt/ros/humble/opt/rviz_ogre_vendor/lib:/opt/ros/humble/lib/x86_64-linux-gnu:/opt/ros/humble/lib PYTHONPATH=/home/lucasjko/sdfr_ws/install/robot_image_messages/local/lib/python3.10/dist-packages:${PYTHONPATH} /usr/bin/cmake --install /home/lucasjko/sdfr_ws/build/ball_detection
[11.840s] -- Install configuration: ""
[11.841s] -- Installing: /home/lucasjko/sdfr_ws/install/ball_detection/lib/ball_detection/find_ball
[11.844s] -- Set runtime path of "/home/lucasjko/sdfr_ws/install/ball_detection/lib/ball_detection/find_ball" to ""
[11.845s] -- Installing: /home/lucasjko/sdfr_ws/install/ball_detection/share/ament_index/resource_index/package_run_dependencies/ball_detection
[11.845s] -- Installing: /home/lucasjko/sdfr_ws/install/ball_detection/share/ament_index/resource_index/parent_prefix_path/ball_detection
[11.845s] -- Installing: /home/lucasjko/sdfr_ws/install/ball_detection/share/ball_detection/environment/ament_prefix_path.sh
[11.845s] -- Installing: /home/lucasjko/sdfr_ws/install/ball_detection/share/ball_detection/environment/ament_prefix_path.dsv
[11.845s] -- Installing: /home/lucasjko/sdfr_ws/install/ball_detection/share/ball_detection/environment/path.sh
[11.845s] -- Installing: /home/lucasjko/sdfr_ws/install/ball_detection/share/ball_detection/environment/path.dsv
[11.846s] -- Installing: /home/lucasjko/sdfr_ws/install/ball_detection/share/ball_detection/local_setup.bash
[11.846s] -- Installing: /home/lucasjko/sdfr_ws/install/ball_detection/share/ball_detection/local_setup.sh
[11.846s] -- Installing: /home/lucasjko/sdfr_ws/install/ball_detection/share/ball_detection/local_setup.zsh
[11.846s] -- Installing: /home/lucasjko/sdfr_ws/install/ball_detection/share/ball_detection/local_setup.dsv
[11.846s] -- Installing: /home/lucasjko/sdfr_ws/install/ball_detection/share/ball_detection/package.dsv
[11.846s] -- Installing: /home/lucasjko/sdfr_ws/install/ball_detection/share/ament_index/resource_index/packages/ball_detection
[11.846s] -- Installing: /home/lucasjko/sdfr_ws/install/ball_detection/share/ball_detection/cmake/ball_detectionConfig.cmake
[11.847s] -- Installing: /home/lucasjko/sdfr_ws/install/ball_detection/share/ball_detection/cmake/ball_detectionConfig-version.cmake
[11.847s] -- Installing: /home/lucasjko/sdfr_ws/install/ball_detection/share/ball_detection/package.xml
[11.849s] Invoked command in '/home/lucasjko/sdfr_ws/build/ball_detection' returned '0': AMENT_PREFIX_PATH=/home/lucasjko/sdfr_ws/install/robot_image_messages:${AMENT_PREFIX_PATH} CMAKE_PREFIX_PATH=/home/lucasjko/sdfr_ws/install/robot_image_messages:/home/lucasjko/sdfr_ws/install/image_functions_sdfr:/home/lucasjko/sdfr_ws/install/ros2_introduction_message:/home/lucasjko/sdfr_ws/install/ros2_introduction:/home/lucasjko/sdfr_ws/install/ball_detection:/home/lucasjko/sdfr_ws/install/my_custom_messages:/opt/ros/humble LD_LIBRARY_PATH=/home/lucasjko/sdfr_ws/install/robot_image_messages/lib:/home/lucasjko/sdfr_ws/install/image_functions_sdfr/lib:/home/lucasjko/sdfr_ws/install/ros2_introduction_message/lib:/home/lucasjko/sdfr_ws/install/my_custom_messages/lib:/opt/ros/humble/opt/rviz_ogre_vendor/lib:/opt/ros/humble/lib/x86_64-linux-gnu:/opt/ros/humble/lib PYTHONPATH=/home/lucasjko/sdfr_ws/install/robot_image_messages/local/lib/python3.10/dist-packages:${PYTHONPATH} /usr/bin/cmake --install /home/lucasjko/sdfr_ws/build/ball_detection
