[  6%] Built target ball_detection_message__cpp
[ 12%] Built target ball_detection_message__rosidl_generator_c
[ 12%] Built target ament_cmake_python_copy_ball_detection_message
[ 22%] Built target ball_detection_message__rosidl_typesupport_introspection_c
[ 41%] Built target ball_detection_message__rosidl_typesupport_c
[ 41%] Built target ball_detection_message__rosidl_typesupport_fastrtps_c
[ 51%] Built target ball_detection_message__rosidl_typesupport_introspection_cpp
[ 61%] Built target ball_detection_message__rosidl_typesupport_fastrtps_cpp
[ 70%] Built target ball_detection_message__rosidl_typesupport_cpp
[ 70%] Built target ball_detection_message
[ 74%] Built target ball_detection_message__py
[ 80%] Built target ball_detection_message__rosidl_generator_py
[100%] Built target ball_detection_message__rosidl_typesupport_fastrtps_c__pyext
[100%] Built target ball_detection_message__rosidl_typesupport_introspection_c__pyext
[100%] Built target ball_detection_message__rosidl_typesupport_c__pyext
running egg_info
writing ball_detection_message.egg-info/PKG-INFO
writing dependency_links to ball_detection_message.egg-info/dependency_links.txt
writing top-level names to ball_detection_message.egg-info/top_level.txt
reading manifest file 'ball_detection_message.egg-info/SOURCES.txt'
writing manifest file 'ball_detection_message.egg-info/SOURCES.txt'
[100%] Built target ament_cmake_python_build_ball_detection_message_egg
-- Install configuration: ""
-- Up-to-date: /home/lucasjko/sdfr_ws/install/ball_detection_message/share/ament_index/resource_index/rosidl_interfaces/ball_detection_message
-- Up-to-date: /home/lucasjko/sdfr_ws/install/ball_detection_message/include/ball_detection_message/ball_detection_message
-- Up-to-date: /home/lucasjko/sdfr_ws/install/ball_detection_message/include/ball_detection_message/ball_detection_message/msg
-- Up-to-date: /home/lucasjko/sdfr_ws/install/ball_detection_message/include/ball_detection_message/ball_detection_message/msg/rosidl_generator_c__visibility_control.h
-- Up-to-date: /home/lucasjko/sdfr_ws/install/ball_detection_message/include/ball_detection_message/ball_detection_message/msg/detail
-- Up-to-date: /home/lucasjko/sdfr_ws/install/ball_detection_message/include/ball_detection_message/ball_detection_message/msg/detail/ball_output__functions.h
-- Up-to-date: /home/lucasjko/sdfr_ws/install/ball_detection_message/include/ball_detection_message/ball_detection_message/msg/detail/ball_output__functions.c
-- Up-to-date: /home/lucasjko/sdfr_ws/install/ball_detection_message/include/ball_detection_message/ball_detection_message/msg/detail/ball_output__type_support.h
-- Up-to-date: /home/lucasjko/sdfr_ws/install/ball_detection_message/include/ball_detection_message/ball_detection_message/msg/detail/ball_output__struct.h
-- Up-to-date: /home/lucasjko/sdfr_ws/install/ball_detection_message/include/ball_detection_message/ball_detection_message/msg/ball_output.h
-- Up-to-date: /home/lucasjko/sdfr_ws/install/ball_detection_message/share/ball_detection_message/environment/library_path.sh
-- Up-to-date: /home/lucasjko/sdfr_ws/install/ball_detection_message/share/ball_detection_message/environment/library_path.dsv
-- Up-to-date: /home/lucasjko/sdfr_ws/install/ball_detection_message/lib/libball_detection_message__rosidl_generator_c.so
-- Up-to-date: /home/lucasjko/sdfr_ws/install/ball_detection_message/include/ball_detection_message/ball_detection_message
-- Up-to-date: /home/lucasjko/sdfr_ws/install/ball_detection_message/include/ball_detection_message/ball_detection_message/msg
-- Up-to-date: /home/lucasjko/sdfr_ws/install/ball_detection_message/include/ball_detection_message/ball_detection_message/msg/rosidl_typesupport_fastrtps_c__visibility_control.h
-- Up-to-date: /home/lucasjko/sdfr_ws/install/ball_detection_message/include/ball_detection_message/ball_detection_message/msg/detail
-- Up-to-date: /home/lucasjko/sdfr_ws/install/ball_detection_message/include/ball_detection_message/ball_detection_message/msg/detail/ball_output__rosidl_typesupport_fastrtps_c.h
-- Up-to-date: /home/lucasjko/sdfr_ws/install/ball_detection_message/lib/libball_detection_message__rosidl_typesupport_fastrtps_c.so
-- Up-to-date: /home/lucasjko/sdfr_ws/install/ball_detection_message/include/ball_detection_message/ball_detection_message
-- Up-to-date: /home/lucasjko/sdfr_ws/install/ball_detection_message/include/ball_detection_message/ball_detection_message/msg
-- Up-to-date: /home/lucasjko/sdfr_ws/install/ball_detection_message/include/ball_detection_message/ball_detection_message/msg/detail
-- Up-to-date: /home/lucasjko/sdfr_ws/install/ball_detection_message/include/ball_detection_message/ball_detection_message/msg/detail/ball_output__rosidl_typesupport_introspection_c.h
-- Up-to-date: /home/lucasjko/sdfr_ws/install/ball_detection_message/include/ball_detection_message/ball_detection_message/msg/detail/ball_output__type_support.c
-- Up-to-date: /home/lucasjko/sdfr_ws/install/ball_detection_message/include/ball_detection_message/ball_detection_message/msg/rosidl_typesupport_introspection_c__visibility_control.h
-- Up-to-date: /home/lucasjko/sdfr_ws/install/ball_detection_message/lib/libball_detection_message__rosidl_typesupport_introspection_c.so
-- Up-to-date: /home/lucasjko/sdfr_ws/install/ball_detection_message/lib/libball_detection_message__rosidl_typesupport_c.so
-- Up-to-date: /home/lucasjko/sdfr_ws/install/ball_detection_message/include/ball_detection_message/ball_detection_message
-- Up-to-date: /home/lucasjko/sdfr_ws/install/ball_detection_message/include/ball_detection_message/ball_detection_message/msg
-- Up-to-date: /home/lucasjko/sdfr_ws/install/ball_detection_message/include/ball_detection_message/ball_detection_message/msg/ball_output.hpp
-- Up-to-date: /home/lucasjko/sdfr_ws/install/ball_detection_message/include/ball_detection_message/ball_detection_message/msg/detail
-- Up-to-date: /home/lucasjko/sdfr_ws/install/ball_detection_message/include/ball_detection_message/ball_detection_message/msg/detail/ball_output__struct.hpp
-- Up-to-date: /home/lucasjko/sdfr_ws/install/ball_detection_message/include/ball_detection_message/ball_detection_message/msg/detail/ball_output__traits.hpp
-- Up-to-date: /home/lucasjko/sdfr_ws/install/ball_detection_message/include/ball_detection_message/ball_detection_message/msg/detail/ball_output__builder.hpp
-- Up-to-date: /home/lucasjko/sdfr_ws/install/ball_detection_message/include/ball_detection_message/ball_detection_message
-- Up-to-date: /home/lucasjko/sdfr_ws/install/ball_detection_message/include/ball_detection_message/ball_detection_message/msg
-- Up-to-date: /home/lucasjko/sdfr_ws/install/ball_detection_message/include/ball_detection_message/ball_detection_message/msg/rosidl_typesupport_fastrtps_cpp__visibility_control.h
-- Up-to-date: /home/lucasjko/sdfr_ws/install/ball_detection_message/include/ball_detection_message/ball_detection_message/msg/detail
-- Up-to-date: /home/lucasjko/sdfr_ws/install/ball_detection_message/include/ball_detection_message/ball_detection_message/msg/detail/dds_fastrtps
-- Up-to-date: /home/lucasjko/sdfr_ws/install/ball_detection_message/include/ball_detection_message/ball_detection_message/msg/detail/ball_output__rosidl_typesupport_fastrtps_cpp.hpp
-- Up-to-date: /home/lucasjko/sdfr_ws/install/ball_detection_message/lib/libball_detection_message__rosidl_typesupport_fastrtps_cpp.so
-- Up-to-date: /home/lucasjko/sdfr_ws/install/ball_detection_message/include/ball_detection_message/ball_detection_message
-- Up-to-date: /home/lucasjko/sdfr_ws/install/ball_detection_message/include/ball_detection_message/ball_detection_message/msg
-- Up-to-date: /home/lucasjko/sdfr_ws/install/ball_detection_message/include/ball_detection_message/ball_detection_message/msg/detail
-- Up-to-date: /home/lucasjko/sdfr_ws/install/ball_detection_message/include/ball_detection_message/ball_detection_message/msg/detail/ball_output__type_support.cpp
-- Up-to-date: /home/lucasjko/sdfr_ws/install/ball_detection_message/include/ball_detection_message/ball_detection_message/msg/detail/ball_output__rosidl_typesupport_introspection_cpp.hpp
-- Up-to-date: /home/lucasjko/sdfr_ws/install/ball_detection_message/lib/libball_detection_message__rosidl_typesupport_introspection_cpp.so
-- Up-to-date: /home/lucasjko/sdfr_ws/install/ball_detection_message/lib/libball_detection_message__rosidl_typesupport_cpp.so
-- Up-to-date: /home/lucasjko/sdfr_ws/install/ball_detection_message/share/ball_detection_message/environment/pythonpath.sh
-- Up-to-date: /home/lucasjko/sdfr_ws/install/ball_detection_message/share/ball_detection_message/environment/pythonpath.dsv
-- Up-to-date: /home/lucasjko/sdfr_ws/install/ball_detection_message/local/lib/python3.10/dist-packages/ball_detection_message-1.0.0-py3.10.egg-info
-- Installing: /home/lucasjko/sdfr_ws/install/ball_detection_message/local/lib/python3.10/dist-packages/ball_detection_message-1.0.0-py3.10.egg-info/PKG-INFO
-- Installing: /home/lucasjko/sdfr_ws/install/ball_detection_message/local/lib/python3.10/dist-packages/ball_detection_message-1.0.0-py3.10.egg-info/dependency_links.txt
-- Installing: /home/lucasjko/sdfr_ws/install/ball_detection_message/local/lib/python3.10/dist-packages/ball_detection_message-1.0.0-py3.10.egg-info/SOURCES.txt
-- Installing: /home/lucasjko/sdfr_ws/install/ball_detection_message/local/lib/python3.10/dist-packages/ball_detection_message-1.0.0-py3.10.egg-info/top_level.txt
-- Up-to-date: /home/lucasjko/sdfr_ws/install/ball_detection_message/local/lib/python3.10/dist-packages/ball_detection_message
-- Up-to-date: /home/lucasjko/sdfr_ws/install/ball_detection_message/local/lib/python3.10/dist-packages/ball_detection_message/ball_detection_message_s__rosidl_typesupport_fastrtps_c.cpython-310-x86_64-linux-gnu.so
-- Up-to-date: /home/lucasjko/sdfr_ws/install/ball_detection_message/local/lib/python3.10/dist-packages/ball_detection_message/__init__.py
-- Up-to-date: /home/lucasjko/sdfr_ws/install/ball_detection_message/local/lib/python3.10/dist-packages/ball_detection_message/ball_detection_message_s__rosidl_typesupport_introspection_c.cpython-310-x86_64-linux-gnu.so
-- Up-to-date: /home/lucasjko/sdfr_ws/install/ball_detection_message/local/lib/python3.10/dist-packages/ball_detection_message/_ball_detection_message_s.ep.rosidl_typesupport_introspection_c.c
-- Up-to-date: /home/lucasjko/sdfr_ws/install/ball_detection_message/local/lib/python3.10/dist-packages/ball_detection_message/_ball_detection_message_s.ep.rosidl_typesupport_c.c
-- Up-to-date: /home/lucasjko/sdfr_ws/install/ball_detection_message/local/lib/python3.10/dist-packages/ball_detection_message/ball_detection_message_s__rosidl_typesupport_c.cpython-310-x86_64-linux-gnu.so
-- Up-to-date: /home/lucasjko/sdfr_ws/install/ball_detection_message/local/lib/python3.10/dist-packages/ball_detection_message/libball_detection_message__rosidl_generator_py.so
-- Up-to-date: /home/lucasjko/sdfr_ws/install/ball_detection_message/local/lib/python3.10/dist-packages/ball_detection_message/msg
-- Up-to-date: /home/lucasjko/sdfr_ws/install/ball_detection_message/local/lib/python3.10/dist-packages/ball_detection_message/msg/__init__.py
-- Up-to-date: /home/lucasjko/sdfr_ws/install/ball_detection_message/local/lib/python3.10/dist-packages/ball_detection_message/msg/_ball_output.py
-- Up-to-date: /home/lucasjko/sdfr_ws/install/ball_detection_message/local/lib/python3.10/dist-packages/ball_detection_message/msg/_ball_output_s.c
-- Up-to-date: /home/lucasjko/sdfr_ws/install/ball_detection_message/local/lib/python3.10/dist-packages/ball_detection_message/_ball_detection_message_s.ep.rosidl_typesupport_fastrtps_c.c
Listing '/home/lucasjko/sdfr_ws/install/ball_detection_message/local/lib/python3.10/dist-packages/ball_detection_message'...
Listing '/home/lucasjko/sdfr_ws/install/ball_detection_message/local/lib/python3.10/dist-packages/ball_detection_message/msg'...
-- Up-to-date: /home/lucasjko/sdfr_ws/install/ball_detection_message/local/lib/python3.10/dist-packages/ball_detection_message/ball_detection_message_s__rosidl_typesupport_fastrtps_c.cpython-310-x86_64-linux-gnu.so
-- Up-to-date: /home/lucasjko/sdfr_ws/install/ball_detection_message/local/lib/python3.10/dist-packages/ball_detection_message/ball_detection_message_s__rosidl_typesupport_introspection_c.cpython-310-x86_64-linux-gnu.so
-- Up-to-date: /home/lucasjko/sdfr_ws/install/ball_detection_message/local/lib/python3.10/dist-packages/ball_detection_message/ball_detection_message_s__rosidl_typesupport_c.cpython-310-x86_64-linux-gnu.so
-- Up-to-date: /home/lucasjko/sdfr_ws/install/ball_detection_message/lib/libball_detection_message__rosidl_generator_py.so
-- Up-to-date: /home/lucasjko/sdfr_ws/install/ball_detection_message/share/ball_detection_message/msg/BallOutput.idl
-- Up-to-date: /home/lucasjko/sdfr_ws/install/ball_detection_message/share/ball_detection_message/msg/BallOutput.msg
-- Up-to-date: /home/lucasjko/sdfr_ws/install/ball_detection_message/share/ament_index/resource_index/package_run_dependencies/ball_detection_message
-- Up-to-date: /home/lucasjko/sdfr_ws/install/ball_detection_message/share/ament_index/resource_index/parent_prefix_path/ball_detection_message
-- Up-to-date: /home/lucasjko/sdfr_ws/install/ball_detection_message/share/ball_detection_message/environment/ament_prefix_path.sh
-- Up-to-date: /home/lucasjko/sdfr_ws/install/ball_detection_message/share/ball_detection_message/environment/ament_prefix_path.dsv
-- Up-to-date: /home/lucasjko/sdfr_ws/install/ball_detection_message/share/ball_detection_message/environment/path.sh
-- Up-to-date: /home/lucasjko/sdfr_ws/install/ball_detection_message/share/ball_detection_message/environment/path.dsv
-- Up-to-date: /home/lucasjko/sdfr_ws/install/ball_detection_message/share/ball_detection_message/local_setup.bash
-- Up-to-date: /home/lucasjko/sdfr_ws/install/ball_detection_message/share/ball_detection_message/local_setup.sh
-- Up-to-date: /home/lucasjko/sdfr_ws/install/ball_detection_message/share/ball_detection_message/local_setup.zsh
-- Up-to-date: /home/lucasjko/sdfr_ws/install/ball_detection_message/share/ball_detection_message/local_setup.dsv
-- Installing: /home/lucasjko/sdfr_ws/install/ball_detection_message/share/ball_detection_message/package.dsv
-- Up-to-date: /home/lucasjko/sdfr_ws/install/ball_detection_message/share/ament_index/resource_index/packages/ball_detection_message
-- Up-to-date: /home/lucasjko/sdfr_ws/install/ball_detection_message/share/ball_detection_message/cmake/export_ball_detection_message__rosidl_generator_cExport.cmake
-- Up-to-date: /home/lucasjko/sdfr_ws/install/ball_detection_message/share/ball_detection_message/cmake/export_ball_detection_message__rosidl_generator_cExport-noconfig.cmake
-- Up-to-date: /home/lucasjko/sdfr_ws/install/ball_detection_message/share/ball_detection_message/cmake/export_ball_detection_message__rosidl_typesupport_fastrtps_cExport.cmake
-- Up-to-date: /home/lucasjko/sdfr_ws/install/ball_detection_message/share/ball_detection_message/cmake/export_ball_detection_message__rosidl_typesupport_fastrtps_cExport-noconfig.cmake
-- Up-to-date: /home/lucasjko/sdfr_ws/install/ball_detection_message/share/ball_detection_message/cmake/ball_detection_message__rosidl_typesupport_introspection_cExport.cmake
-- Up-to-date: /home/lucasjko/sdfr_ws/install/ball_detection_message/share/ball_detection_message/cmake/ball_detection_message__rosidl_typesupport_introspection_cExport-noconfig.cmake
-- Up-to-date: /home/lucasjko/sdfr_ws/install/ball_detection_message/share/ball_detection_message/cmake/ball_detection_message__rosidl_typesupport_cExport.cmake
-- Up-to-date: /home/lucasjko/sdfr_ws/install/ball_detection_message/share/ball_detection_message/cmake/ball_detection_message__rosidl_typesupport_cExport-noconfig.cmake
-- Up-to-date: /home/lucasjko/sdfr_ws/install/ball_detection_message/share/ball_detection_message/cmake/export_ball_detection_message__rosidl_generator_cppExport.cmake
-- Up-to-date: /home/lucasjko/sdfr_ws/install/ball_detection_message/share/ball_detection_message/cmake/export_ball_detection_message__rosidl_typesupport_fastrtps_cppExport.cmake
-- Up-to-date: /home/lucasjko/sdfr_ws/install/ball_detection_message/share/ball_detection_message/cmake/export_ball_detection_message__rosidl_typesupport_fastrtps_cppExport-noconfig.cmake
-- Up-to-date: /home/lucasjko/sdfr_ws/install/ball_detection_message/share/ball_detection_message/cmake/ball_detection_message__rosidl_typesupport_introspection_cppExport.cmake
-- Up-to-date: /home/lucasjko/sdfr_ws/install/ball_detection_message/share/ball_detection_message/cmake/ball_detection_message__rosidl_typesupport_introspection_cppExport-noconfig.cmake
-- Up-to-date: /home/lucasjko/sdfr_ws/install/ball_detection_message/share/ball_detection_message/cmake/ball_detection_message__rosidl_typesupport_cppExport.cmake
-- Up-to-date: /home/lucasjko/sdfr_ws/install/ball_detection_message/share/ball_detection_message/cmake/ball_detection_message__rosidl_typesupport_cppExport-noconfig.cmake
-- Up-to-date: /home/lucasjko/sdfr_ws/install/ball_detection_message/share/ball_detection_message/cmake/export_ball_detection_message__rosidl_generator_pyExport.cmake
-- Up-to-date: /home/lucasjko/sdfr_ws/install/ball_detection_message/share/ball_detection_message/cmake/export_ball_detection_message__rosidl_generator_pyExport-noconfig.cmake
-- Up-to-date: /home/lucasjko/sdfr_ws/install/ball_detection_message/share/ball_detection_message/cmake/rosidl_cmake-extras.cmake
-- Up-to-date: /home/lucasjko/sdfr_ws/install/ball_detection_message/share/ball_detection_message/cmake/ament_cmake_export_include_directories-extras.cmake
-- Up-to-date: /home/lucasjko/sdfr_ws/install/ball_detection_message/share/ball_detection_message/cmake/ament_cmake_export_libraries-extras.cmake
-- Up-to-date: /home/lucasjko/sdfr_ws/install/ball_detection_message/share/ball_detection_message/cmake/ament_cmake_export_targets-extras.cmake
-- Up-to-date: /home/lucasjko/sdfr_ws/install/ball_detection_message/share/ball_detection_message/cmake/rosidl_cmake_export_typesupport_targets-extras.cmake
-- Up-to-date: /home/lucasjko/sdfr_ws/install/ball_detection_message/share/ball_detection_message/cmake/ament_cmake_export_dependencies-extras.cmake
-- Up-to-date: /home/lucasjko/sdfr_ws/install/ball_detection_message/share/ball_detection_message/cmake/rosidl_cmake_export_typesupport_libraries-extras.cmake
-- Up-to-date: /home/lucasjko/sdfr_ws/install/ball_detection_message/share/ball_detection_message/cmake/ball_detection_messageConfig.cmake
-- Up-to-date: /home/lucasjko/sdfr_ws/install/ball_detection_message/share/ball_detection_message/cmake/ball_detection_messageConfig-version.cmake
-- Up-to-date: /home/lucasjko/sdfr_ws/install/ball_detection_message/share/ball_detection_message/package.xml
