[0.011s] Invoking command in '/home/lucasjko/sdfr_ws/build/ball_detection_message': CMAKE_PREFIX_PATH=${CMAKE_PREFIX_PATH}:/opt/ros/humble /usr/bin/cmake --build /home/lucasjko/sdfr_ws/build/ball_detection_message -- -j8 -l8
[0.103s] [  6%] Built target ball_detection_message__cpp
[0.103s] [ 12%] Built target ball_detection_message__rosidl_generator_c
[0.116s] [ 12%] Built target ament_cmake_python_copy_ball_detection_message
[0.130s] [ 22%] Built target ball_detection_message__rosidl_typesupport_introspection_c
[0.131s] [ 41%] Built target ball_detection_message__rosidl_typesupport_c
[0.131s] [ 41%] Built target ball_detection_message__rosidl_typesupport_fastrtps_c
[0.132s] [ 51%] Built target ball_detection_message__rosidl_typesupport_introspection_cpp
[0.133s] [ 61%] Built target ball_detection_message__rosidl_typesupport_fastrtps_cpp
[0.143s] [ 70%] Built target ball_detection_message__rosidl_typesupport_cpp
[0.162s] [ 70%] Built target ball_detection_message
[0.182s] [ 74%] Built target ball_detection_message__py
[0.203s] [ 80%] Built target ball_detection_message__rosidl_generator_py
[0.225s] [100%] Built target ball_detection_message__rosidl_typesupport_fastrtps_c__pyext
[0.225s] [100%] Built target ball_detection_message__rosidl_typesupport_introspection_c__pyext
[0.225s] [100%] Built target ball_detection_message__rosidl_typesupport_c__pyext
[0.353s] running egg_info
[0.354s] writing ball_detection_message.egg-info/PKG-INFO
[0.355s] writing dependency_links to ball_detection_message.egg-info/dependency_links.txt
[0.355s] writing top-level names to ball_detection_message.egg-info/top_level.txt
[0.358s] reading manifest file 'ball_detection_message.egg-info/SOURCES.txt'
[0.359s] writing manifest file 'ball_detection_message.egg-info/SOURCES.txt'
[0.381s] [100%] Built target ament_cmake_python_build_ball_detection_message_egg
[0.391s] Invoked command in '/home/lucasjko/sdfr_ws/build/ball_detection_message' returned '0': CMAKE_PREFIX_PATH=${CMAKE_PREFIX_PATH}:/opt/ros/humble /usr/bin/cmake --build /home/lucasjko/sdfr_ws/build/ball_detection_message -- -j8 -l8
[0.459s] Invoking command in '/home/lucasjko/sdfr_ws/build/ball_detection_message': CMAKE_PREFIX_PATH=${CMAKE_PREFIX_PATH}:/opt/ros/humble /usr/bin/cmake --install /home/lucasjko/sdfr_ws/build/ball_detection_message
[0.467s] -- Install configuration: ""
[0.468s] -- Up-to-date: /home/lucasjko/sdfr_ws/install/ball_detection_message/share/ament_index/resource_index/rosidl_interfaces/ball_detection_message
[0.468s] -- Up-to-date: /home/lucasjko/sdfr_ws/install/ball_detection_message/include/ball_detection_message/ball_detection_message
[0.468s] -- Up-to-date: /home/lucasjko/sdfr_ws/install/ball_detection_message/include/ball_detection_message/ball_detection_message/msg
[0.468s] -- Up-to-date: /home/lucasjko/sdfr_ws/install/ball_detection_message/include/ball_detection_message/ball_detection_message/msg/rosidl_generator_c__visibility_control.h
[0.468s] -- Up-to-date: /home/lucasjko/sdfr_ws/install/ball_detection_message/include/ball_detection_message/ball_detection_message/msg/detail
[0.468s] -- Up-to-date: /home/lucasjko/sdfr_ws/install/ball_detection_message/include/ball_detection_message/ball_detection_message/msg/detail/ball_output__functions.h
[0.468s] -- Up-to-date: /home/lucasjko/sdfr_ws/install/ball_detection_message/include/ball_detection_message/ball_detection_message/msg/detail/ball_output__functions.c
[0.468s] -- Up-to-date: /home/lucasjko/sdfr_ws/install/ball_detection_message/include/ball_detection_message/ball_detection_message/msg/detail/ball_output__type_support.h
[0.468s] -- Up-to-date: /home/lucasjko/sdfr_ws/install/ball_detection_message/include/ball_detection_message/ball_detection_message/msg/detail/ball_output__struct.h
[0.468s] -- Up-to-date: /home/lucasjko/sdfr_ws/install/ball_detection_message/include/ball_detection_message/ball_detection_message/msg/ball_output.h
[0.468s] -- Up-to-date: /home/lucasjko/sdfr_ws/install/ball_detection_message/share/ball_detection_message/environment/library_path.sh
[0.469s] -- Up-to-date: /home/lucasjko/sdfr_ws/install/ball_detection_message/share/ball_detection_message/environment/library_path.dsv
[0.469s] -- Up-to-date: /home/lucasjko/sdfr_ws/install/ball_detection_message/lib/libball_detection_message__rosidl_generator_c.so
[0.469s] -- Up-to-date: /home/lucasjko/sdfr_ws/install/ball_detection_message/include/ball_detection_message/ball_detection_message
[0.469s] -- Up-to-date: /home/lucasjko/sdfr_ws/install/ball_detection_message/include/ball_detection_message/ball_detection_message/msg
[0.469s] -- Up-to-date: /home/lucasjko/sdfr_ws/install/ball_detection_message/include/ball_detection_message/ball_detection_message/msg/rosidl_typesupport_fastrtps_c__visibility_control.h
[0.469s] -- Up-to-date: /home/lucasjko/sdfr_ws/install/ball_detection_message/include/ball_detection_message/ball_detection_message/msg/detail
[0.469s] -- Up-to-date: /home/lucasjko/sdfr_ws/install/ball_detection_message/include/ball_detection_message/ball_detection_message/msg/detail/ball_output__rosidl_typesupport_fastrtps_c.h
[0.469s] -- Up-to-date: /home/lucasjko/sdfr_ws/install/ball_detection_message/lib/libball_detection_message__rosidl_typesupport_fastrtps_c.so
[0.469s] -- Up-to-date: /home/lucasjko/sdfr_ws/install/ball_detection_message/include/ball_detection_message/ball_detection_message
[0.469s] -- Up-to-date: /home/lucasjko/sdfr_ws/install/ball_detection_message/include/ball_detection_message/ball_detection_message/msg
[0.469s] -- Up-to-date: /home/lucasjko/sdfr_ws/install/ball_detection_message/include/ball_detection_message/ball_detection_message/msg/detail
[0.469s] -- Up-to-date: /home/lucasjko/sdfr_ws/install/ball_detection_message/include/ball_detection_message/ball_detection_message/msg/detail/ball_output__rosidl_typesupport_introspection_c.h
[0.469s] -- Up-to-date: /home/lucasjko/sdfr_ws/install/ball_detection_message/include/ball_detection_message/ball_detection_message/msg/detail/ball_output__type_support.c
[0.469s] -- Up-to-date: /home/lucasjko/sdfr_ws/install/ball_detection_message/include/ball_detection_message/ball_detection_message/msg/rosidl_typesupport_introspection_c__visibility_control.h
[0.469s] -- Up-to-date: /home/lucasjko/sdfr_ws/install/ball_detection_message/lib/libball_detection_message__rosidl_typesupport_introspection_c.so
[0.470s] -- Up-to-date: /home/lucasjko/sdfr_ws/install/ball_detection_message/lib/libball_detection_message__rosidl_typesupport_c.so
[0.470s] -- Up-to-date: /home/lucasjko/sdfr_ws/install/ball_detection_message/include/ball_detection_message/ball_detection_message
[0.470s] -- Up-to-date: /home/lucasjko/sdfr_ws/install/ball_detection_message/include/ball_detection_message/ball_detection_message/msg
[0.470s] -- Up-to-date: /home/lucasjko/sdfr_ws/install/ball_detection_message/include/ball_detection_message/ball_detection_message/msg/ball_output.hpp
[0.470s] -- Up-to-date: /home/lucasjko/sdfr_ws/install/ball_detection_message/include/ball_detection_message/ball_detection_message/msg/detail
[0.470s] -- Up-to-date: /home/lucasjko/sdfr_ws/install/ball_detection_message/include/ball_detection_message/ball_detection_message/msg/detail/ball_output__struct.hpp
[0.470s] -- Up-to-date: /home/lucasjko/sdfr_ws/install/ball_detection_message/include/ball_detection_message/ball_detection_message/msg/detail/ball_output__traits.hpp
[0.470s] -- Up-to-date: /home/lucasjko/sdfr_ws/install/ball_detection_message/include/ball_detection_message/ball_detection_message/msg/detail/ball_output__builder.hpp
[0.470s] -- Up-to-date: /home/lucasjko/sdfr_ws/install/ball_detection_message/include/ball_detection_message/ball_detection_message
[0.470s] -- Up-to-date: /home/lucasjko/sdfr_ws/install/ball_detection_message/include/ball_detection_message/ball_detection_message/msg
[0.470s] -- Up-to-date: /home/lucasjko/sdfr_ws/install/ball_detection_message/include/ball_detection_message/ball_detection_message/msg/rosidl_typesupport_fastrtps_cpp__visibility_control.h
[0.470s] -- Up-to-date: /home/lucasjko/sdfr_ws/install/ball_detection_message/include/ball_detection_message/ball_detection_message/msg/detail
[0.470s] -- Up-to-date: /home/lucasjko/sdfr_ws/install/ball_detection_message/include/ball_detection_message/ball_detection_message/msg/detail/dds_fastrtps
[0.471s] -- Up-to-date: /home/lucasjko/sdfr_ws/install/ball_detection_message/include/ball_detection_message/ball_detection_message/msg/detail/ball_output__rosidl_typesupport_fastrtps_cpp.hpp
[0.471s] -- Up-to-date: /home/lucasjko/sdfr_ws/install/ball_detection_message/lib/libball_detection_message__rosidl_typesupport_fastrtps_cpp.so
[0.471s] -- Up-to-date: /home/lucasjko/sdfr_ws/install/ball_detection_message/include/ball_detection_message/ball_detection_message
[0.471s] -- Up-to-date: /home/lucasjko/sdfr_ws/install/ball_detection_message/include/ball_detection_message/ball_detection_message/msg
[0.471s] -- Up-to-date: /home/lucasjko/sdfr_ws/install/ball_detection_message/include/ball_detection_message/ball_detection_message/msg/detail
[0.471s] -- Up-to-date: /home/lucasjko/sdfr_ws/install/ball_detection_message/include/ball_detection_message/ball_detection_message/msg/detail/ball_output__type_support.cpp
[0.471s] -- Up-to-date: /home/lucasjko/sdfr_ws/install/ball_detection_message/include/ball_detection_message/ball_detection_message/msg/detail/ball_output__rosidl_typesupport_introspection_cpp.hpp
[0.471s] -- Up-to-date: /home/lucasjko/sdfr_ws/install/ball_detection_message/lib/libball_detection_message__rosidl_typesupport_introspection_cpp.so
[0.471s] -- Up-to-date: /home/lucasjko/sdfr_ws/install/ball_detection_message/lib/libball_detection_message__rosidl_typesupport_cpp.so
[0.471s] -- Up-to-date: /home/lucasjko/sdfr_ws/install/ball_detection_message/share/ball_detection_message/environment/pythonpath.sh
[0.471s] -- Up-to-date: /home/lucasjko/sdfr_ws/install/ball_detection_message/share/ball_detection_message/environment/pythonpath.dsv
[0.471s] -- Up-to-date: /home/lucasjko/sdfr_ws/install/ball_detection_message/local/lib/python3.10/dist-packages/ball_detection_message-1.0.0-py3.10.egg-info
[0.471s] -- Installing: /home/lucasjko/sdfr_ws/install/ball_detection_message/local/lib/python3.10/dist-packages/ball_detection_message-1.0.0-py3.10.egg-info/PKG-INFO
[0.471s] -- Installing: /home/lucasjko/sdfr_ws/install/ball_detection_message/local/lib/python3.10/dist-packages/ball_detection_message-1.0.0-py3.10.egg-info/dependency_links.txt
[0.471s] -- Installing: /home/lucasjko/sdfr_ws/install/ball_detection_message/local/lib/python3.10/dist-packages/ball_detection_message-1.0.0-py3.10.egg-info/SOURCES.txt
[0.472s] -- Installing: /home/lucasjko/sdfr_ws/install/ball_detection_message/local/lib/python3.10/dist-packages/ball_detection_message-1.0.0-py3.10.egg-info/top_level.txt
[0.472s] -- Up-to-date: /home/lucasjko/sdfr_ws/install/ball_detection_message/local/lib/python3.10/dist-packages/ball_detection_message
[0.472s] -- Up-to-date: /home/lucasjko/sdfr_ws/install/ball_detection_message/local/lib/python3.10/dist-packages/ball_detection_message/ball_detection_message_s__rosidl_typesupport_fastrtps_c.cpython-310-x86_64-linux-gnu.so
[0.472s] -- Up-to-date: /home/lucasjko/sdfr_ws/install/ball_detection_message/local/lib/python3.10/dist-packages/ball_detection_message/__init__.py
[0.472s] -- Up-to-date: /home/lucasjko/sdfr_ws/install/ball_detection_message/local/lib/python3.10/dist-packages/ball_detection_message/ball_detection_message_s__rosidl_typesupport_introspection_c.cpython-310-x86_64-linux-gnu.so
[0.472s] -- Up-to-date: /home/lucasjko/sdfr_ws/install/ball_detection_message/local/lib/python3.10/dist-packages/ball_detection_message/_ball_detection_message_s.ep.rosidl_typesupport_introspection_c.c
[0.472s] -- Up-to-date: /home/lucasjko/sdfr_ws/install/ball_detection_message/local/lib/python3.10/dist-packages/ball_detection_message/_ball_detection_message_s.ep.rosidl_typesupport_c.c
[0.472s] -- Up-to-date: /home/lucasjko/sdfr_ws/install/ball_detection_message/local/lib/python3.10/dist-packages/ball_detection_message/ball_detection_message_s__rosidl_typesupport_c.cpython-310-x86_64-linux-gnu.so
[0.472s] -- Up-to-date: /home/lucasjko/sdfr_ws/install/ball_detection_message/local/lib/python3.10/dist-packages/ball_detection_message/libball_detection_message__rosidl_generator_py.so
[0.472s] -- Up-to-date: /home/lucasjko/sdfr_ws/install/ball_detection_message/local/lib/python3.10/dist-packages/ball_detection_message/msg
[0.472s] -- Up-to-date: /home/lucasjko/sdfr_ws/install/ball_detection_message/local/lib/python3.10/dist-packages/ball_detection_message/msg/__init__.py
[0.472s] -- Up-to-date: /home/lucasjko/sdfr_ws/install/ball_detection_message/local/lib/python3.10/dist-packages/ball_detection_message/msg/_ball_output.py
[0.473s] -- Up-to-date: /home/lucasjko/sdfr_ws/install/ball_detection_message/local/lib/python3.10/dist-packages/ball_detection_message/msg/_ball_output_s.c
[0.473s] -- Up-to-date: /home/lucasjko/sdfr_ws/install/ball_detection_message/local/lib/python3.10/dist-packages/ball_detection_message/_ball_detection_message_s.ep.rosidl_typesupport_fastrtps_c.c
[0.500s] Listing '/home/lucasjko/sdfr_ws/install/ball_detection_message/local/lib/python3.10/dist-packages/ball_detection_message'...
[0.500s] Listing '/home/lucasjko/sdfr_ws/install/ball_detection_message/local/lib/python3.10/dist-packages/ball_detection_message/msg'...
[0.504s] -- Up-to-date: /home/lucasjko/sdfr_ws/install/ball_detection_message/local/lib/python3.10/dist-packages/ball_detection_message/ball_detection_message_s__rosidl_typesupport_fastrtps_c.cpython-310-x86_64-linux-gnu.so
[0.504s] -- Up-to-date: /home/lucasjko/sdfr_ws/install/ball_detection_message/local/lib/python3.10/dist-packages/ball_detection_message/ball_detection_message_s__rosidl_typesupport_introspection_c.cpython-310-x86_64-linux-gnu.so
[0.504s] -- Up-to-date: /home/lucasjko/sdfr_ws/install/ball_detection_message/local/lib/python3.10/dist-packages/ball_detection_message/ball_detection_message_s__rosidl_typesupport_c.cpython-310-x86_64-linux-gnu.so
[0.504s] -- Up-to-date: /home/lucasjko/sdfr_ws/install/ball_detection_message/lib/libball_detection_message__rosidl_generator_py.so
[0.505s] -- Up-to-date: /home/lucasjko/sdfr_ws/install/ball_detection_message/share/ball_detection_message/msg/BallOutput.idl
[0.505s] -- Up-to-date: /home/lucasjko/sdfr_ws/install/ball_detection_message/share/ball_detection_message/msg/BallOutput.msg
[0.505s] -- Up-to-date: /home/lucasjko/sdfr_ws/install/ball_detection_message/share/ament_index/resource_index/package_run_dependencies/ball_detection_message
[0.505s] -- Up-to-date: /home/lucasjko/sdfr_ws/install/ball_detection_message/share/ament_index/resource_index/parent_prefix_path/ball_detection_message
[0.505s] -- Up-to-date: /home/lucasjko/sdfr_ws/install/ball_detection_message/share/ball_detection_message/environment/ament_prefix_path.sh
[0.505s] -- Up-to-date: /home/lucasjko/sdfr_ws/install/ball_detection_message/share/ball_detection_message/environment/ament_prefix_path.dsv
[0.505s] -- Up-to-date: /home/lucasjko/sdfr_ws/install/ball_detection_message/share/ball_detection_message/environment/path.sh
[0.505s] -- Up-to-date: /home/lucasjko/sdfr_ws/install/ball_detection_message/share/ball_detection_message/environment/path.dsv
[0.505s] -- Up-to-date: /home/lucasjko/sdfr_ws/install/ball_detection_message/share/ball_detection_message/local_setup.bash
[0.505s] -- Up-to-date: /home/lucasjko/sdfr_ws/install/ball_detection_message/share/ball_detection_message/local_setup.sh
[0.505s] -- Up-to-date: /home/lucasjko/sdfr_ws/install/ball_detection_message/share/ball_detection_message/local_setup.zsh
[0.506s] -- Up-to-date: /home/lucasjko/sdfr_ws/install/ball_detection_message/share/ball_detection_message/local_setup.dsv
[0.506s] -- Installing: /home/lucasjko/sdfr_ws/install/ball_detection_message/share/ball_detection_message/package.dsv
[0.506s] -- Up-to-date: /home/lucasjko/sdfr_ws/install/ball_detection_message/share/ament_index/resource_index/packages/ball_detection_message
[0.506s] -- Up-to-date: /home/lucasjko/sdfr_ws/install/ball_detection_message/share/ball_detection_message/cmake/export_ball_detection_message__rosidl_generator_cExport.cmake
[0.506s] -- Up-to-date: /home/lucasjko/sdfr_ws/install/ball_detection_message/share/ball_detection_message/cmake/export_ball_detection_message__rosidl_generator_cExport-noconfig.cmake
[0.506s] -- Up-to-date: /home/lucasjko/sdfr_ws/install/ball_detection_message/share/ball_detection_message/cmake/export_ball_detection_message__rosidl_typesupport_fastrtps_cExport.cmake
[0.506s] -- Up-to-date: /home/lucasjko/sdfr_ws/install/ball_detection_message/share/ball_detection_message/cmake/export_ball_detection_message__rosidl_typesupport_fastrtps_cExport-noconfig.cmake
[0.506s] -- Up-to-date: /home/lucasjko/sdfr_ws/install/ball_detection_message/share/ball_detection_message/cmake/ball_detection_message__rosidl_typesupport_introspection_cExport.cmake
[0.506s] -- Up-to-date: /home/lucasjko/sdfr_ws/install/ball_detection_message/share/ball_detection_message/cmake/ball_detection_message__rosidl_typesupport_introspection_cExport-noconfig.cmake
[0.507s] -- Up-to-date: /home/lucasjko/sdfr_ws/install/ball_detection_message/share/ball_detection_message/cmake/ball_detection_message__rosidl_typesupport_cExport.cmake
[0.507s] -- Up-to-date: /home/lucasjko/sdfr_ws/install/ball_detection_message/share/ball_detection_message/cmake/ball_detection_message__rosidl_typesupport_cExport-noconfig.cmake
[0.507s] -- Up-to-date: /home/lucasjko/sdfr_ws/install/ball_detection_message/share/ball_detection_message/cmake/export_ball_detection_message__rosidl_generator_cppExport.cmake
[0.507s] -- Up-to-date: /home/lucasjko/sdfr_ws/install/ball_detection_message/share/ball_detection_message/cmake/export_ball_detection_message__rosidl_typesupport_fastrtps_cppExport.cmake
[0.507s] -- Up-to-date: /home/lucasjko/sdfr_ws/install/ball_detection_message/share/ball_detection_message/cmake/export_ball_detection_message__rosidl_typesupport_fastrtps_cppExport-noconfig.cmake
[0.507s] -- Up-to-date: /home/lucasjko/sdfr_ws/install/ball_detection_message/share/ball_detection_message/cmake/ball_detection_message__rosidl_typesupport_introspection_cppExport.cmake
[0.507s] -- Up-to-date: /home/lucasjko/sdfr_ws/install/ball_detection_message/share/ball_detection_message/cmake/ball_detection_message__rosidl_typesupport_introspection_cppExport-noconfig.cmake
[0.507s] -- Up-to-date: /home/lucasjko/sdfr_ws/install/ball_detection_message/share/ball_detection_message/cmake/ball_detection_message__rosidl_typesupport_cppExport.cmake
[0.508s] -- Up-to-date: /home/lucasjko/sdfr_ws/install/ball_detection_message/share/ball_detection_message/cmake/ball_detection_message__rosidl_typesupport_cppExport-noconfig.cmake
[0.508s] -- Up-to-date: /home/lucasjko/sdfr_ws/install/ball_detection_message/share/ball_detection_message/cmake/export_ball_detection_message__rosidl_generator_pyExport.cmake
[0.508s] -- Up-to-date: /home/lucasjko/sdfr_ws/install/ball_detection_message/share/ball_detection_message/cmake/export_ball_detection_message__rosidl_generator_pyExport-noconfig.cmake
[0.508s] -- Up-to-date: /home/lucasjko/sdfr_ws/install/ball_detection_message/share/ball_detection_message/cmake/rosidl_cmake-extras.cmake
[0.508s] -- Up-to-date: /home/lucasjko/sdfr_ws/install/ball_detection_message/share/ball_detection_message/cmake/ament_cmake_export_include_directories-extras.cmake
[0.508s] -- Up-to-date: /home/lucasjko/sdfr_ws/install/ball_detection_message/share/ball_detection_message/cmake/ament_cmake_export_libraries-extras.cmake
[0.508s] -- Up-to-date: /home/lucasjko/sdfr_ws/install/ball_detection_message/share/ball_detection_message/cmake/ament_cmake_export_targets-extras.cmake
[0.508s] -- Up-to-date: /home/lucasjko/sdfr_ws/install/ball_detection_message/share/ball_detection_message/cmake/rosidl_cmake_export_typesupport_targets-extras.cmake
[0.508s] -- Up-to-date: /home/lucasjko/sdfr_ws/install/ball_detection_message/share/ball_detection_message/cmake/ament_cmake_export_dependencies-extras.cmake
[0.508s] -- Up-to-date: /home/lucasjko/sdfr_ws/install/ball_detection_message/share/ball_detection_message/cmake/rosidl_cmake_export_typesupport_libraries-extras.cmake
[0.508s] -- Up-to-date: /home/lucasjko/sdfr_ws/install/ball_detection_message/share/ball_detection_message/cmake/ball_detection_messageConfig.cmake
[0.508s] -- Up-to-date: /home/lucasjko/sdfr_ws/install/ball_detection_message/share/ball_detection_message/cmake/ball_detection_messageConfig-version.cmake
[0.508s] -- Up-to-date: /home/lucasjko/sdfr_ws/install/ball_detection_message/share/ball_detection_message/package.xml
[0.511s] Invoked command in '/home/lucasjko/sdfr_ws/build/ball_detection_message' returned '0': CMAKE_PREFIX_PATH=${CMAKE_PREFIX_PATH}:/opt/ros/humble /usr/bin/cmake --install /home/lucasjko/sdfr_ws/build/ball_detection_message
