-- Found ament_cmake: 1.3.8 (/opt/ros/humble/share/ament_cmake/cmake)
-- Found rclcpp: 16.0.8 (/opt/ros/humble/share/rclcpp/cmake)
-- Found rosidl_generator_c: 3.1.5 (/opt/ros/humble/share/rosidl_generator_c/cmake)
-- Found rosidl_adapter: 3.1.5 (/opt/ros/humble/share/rosidl_adapter/cmake)
-- Found rosidl_generator_cpp: 3.1.5 (/opt/ros/humble/share/rosidl_generator_cpp/cmake)
-- Using all available rosidl_typesupport_c: rosidl_typesupport_fastrtps_c;rosidl_typesupport_introspection_c
-- Using all available rosidl_typesupport_cpp: rosidl_typesupport_fastrtps_cpp;rosidl_typesupport_introspection_cpp
-- Found rmw_implementation_cmake: 6.1.1 (/opt/ros/humble/share/rmw_implementation_cmake/cmake)
-- Found rmw_fastrtps_cpp: 6.2.6 (/opt/ros/humble/share/rmw_fastrtps_cpp/cmake)
-- Using RMW implementation 'rmw_fastrtps_cpp' as default
-- Found sensor_msgs: 4.2.3 (/opt/ros/humble/share/sensor_msgs/cmake)
-- Found image_functions_sdfr: 2.1.0 (/home/lucasjko/sdfr_ws/install/image_functions_sdfr/share/image_functions_sdfr/cmake)
[31mCMake Error at CMakeLists.txt:38 (find_package):
  By not providing "Findros2_introduction_message.cmake" in CMAKE_MODULE_PATH
  this project has asked CMake to find a package configuration file provided
  by "ros2_introduction_message", but CMake did not find one.

  Could not find a package configuration file provided by
  "ros2_introduction_message" with any of the following names:

    ros2_introduction_messageConfig.cmake
    ros2_introduction_message-config.cmake

  Add the installation prefix of "ros2_introduction_message" to
  CMAKE_PREFIX_PATH or set "ros2_introduction_message_DIR" to a directory
  containing one of the above files.  If "ros2_introduction_message" provides
  a separate development package or SDK, be sure it has been installed.

[0m
-- Configuring incomplete, errors occurred!
See also "/home/lucasjko/sdfr_ws/build/ros2_introduction/CMakeFiles/CMakeOutput.log".
gmake: *** [Makefile:267: cmake_check_build_system] Error 1
