[0.015s] Invoking command in '/home/lucasjko/sdfr_ws/build/ros2_introduction': CMAKE_PREFIX_PATH=/home/lucasjko/sdfr_ws/install/image_functions_sdfr:/home/lucasjko/sdfr_ws/install/ros2_introduction:/opt/ros/humble /usr/bin/cmake --build /home/lucasjko/sdfr_ws/build/ros2_introduction -- -j8 -l8
[0.038s] -- Found ament_cmake: 1.3.8 (/opt/ros/humble/share/ament_cmake/cmake)
[0.147s] -- Found rclcpp: 16.0.8 (/opt/ros/humble/share/rclcpp/cmake)
[0.177s] -- Found rosidl_generator_c: 3.1.5 (/opt/ros/humble/share/rosidl_generator_c/cmake)
[0.180s] -- Found rosidl_adapter: 3.1.5 (/opt/ros/humble/share/rosidl_adapter/cmake)
[0.185s] -- Found rosidl_generator_cpp: 3.1.5 (/opt/ros/humble/share/rosidl_generator_cpp/cmake)
[0.196s] -- Using all available rosidl_typesupport_c: rosidl_typesupport_fastrtps_c;rosidl_typesupport_introspection_c
[0.211s] -- Using all available rosidl_typesupport_cpp: rosidl_typesupport_fastrtps_cpp;rosidl_typesupport_introspection_cpp
[0.276s] -- Found rmw_implementation_cmake: 6.1.1 (/opt/ros/humble/share/rmw_implementation_cmake/cmake)
[0.278s] -- Found rmw_fastrtps_cpp: 6.2.6 (/opt/ros/humble/share/rmw_fastrtps_cpp/cmake)
[0.399s] -- Using RMW implementation 'rmw_fastrtps_cpp' as default
[0.564s] -- Found sensor_msgs: 4.2.3 (/opt/ros/humble/share/sensor_msgs/cmake)
[0.686s] -- Found image_functions_sdfr: 2.1.0 (/home/lucasjko/sdfr_ws/install/image_functions_sdfr/share/image_functions_sdfr/cmake)
[0.706s] [31mCMake Error at CMakeLists.txt:38 (find_package):
[0.706s]   By not providing "Findros2_introduction_message.cmake" in CMAKE_MODULE_PATH
[0.707s]   this project has asked CMake to find a package configuration file provided
[0.707s]   by "ros2_introduction_message", but CMake did not find one.
[0.707s] 
[0.707s]   Could not find a package configuration file provided by
[0.707s]   "ros2_introduction_message" with any of the following names:
[0.707s] 
[0.707s]     ros2_introduction_messageConfig.cmake
[0.707s]     ros2_introduction_message-config.cmake
[0.707s] 
[0.707s]   Add the installation prefix of "ros2_introduction_message" to
[0.708s]   CMAKE_PREFIX_PATH or set "ros2_introduction_message_DIR" to a directory
[0.708s]   containing one of the above files.  If "ros2_introduction_message" provides
[0.708s]   a separate development package or SDK, be sure it has been installed.
[0.708s] 
[0.708s] [0m
[0.708s] -- Configuring incomplete, errors occurred!
[0.708s] See also "/home/lucasjko/sdfr_ws/build/ros2_introduction/CMakeFiles/CMakeOutput.log".
[0.713s] gmake: *** [Makefile:267: cmake_check_build_system] Error 1
[0.714s] Invoked command in '/home/lucasjko/sdfr_ws/build/ros2_introduction' returned '2': CMAKE_PREFIX_PATH=/home/lucasjko/sdfr_ws/install/image_functions_sdfr:/home/lucasjko/sdfr_ws/install/ros2_introduction:/opt/ros/humble /usr/bin/cmake --build /home/lucasjko/sdfr_ws/build/ros2_introduction -- -j8 -l8
