[0.016s] Invoking command in '/home/lucasjko/sdfr_ws/build/motion_controller': AMENT_PREFIX_PATH=/home/lucasjko/sdfr_ws/install/robot_image_messages:/home/lucasjko/sdfr_ws/install/image_functions_sdfr:${AMENT_PREFIX_PATH} CMAKE_PREFIX_PATH=/home/lucasjko/sdfr_ws/install/robot_image_messages:/home/lucasjko/sdfr_ws/install/image_functions_sdfr:/opt/ros/humble LD_LIBRARY_PATH=/home/lucasjko/sdfr_ws/install/robot_image_messages/lib:/home/lucasjko/sdfr_ws/install/image_functions_sdfr/lib:${LD_LIBRARY_PATH} PYTHONPATH=/home/lucasjko/sdfr_ws/install/robot_image_messages/local/lib/python3.10/dist-packages:${PYTHONPATH} /usr/bin/cmake --build /home/lucasjko/sdfr_ws/build/motion_controller -- -j8 -l8
[0.040s] -- Found ament_cmake: 1.3.8 (/opt/ros/humble/share/ament_cmake/cmake)
[0.152s] -- Found rclcpp: 16.0.8 (/opt/ros/humble/share/rclcpp/cmake)
[0.191s] -- Found rosidl_generator_c: 3.1.5 (/opt/ros/humble/share/rosidl_generator_c/cmake)
[0.197s] -- Found rosidl_adapter: 3.1.5 (/opt/ros/humble/share/rosidl_adapter/cmake)
[0.208s] -- Found rosidl_generator_cpp: 3.1.5 (/opt/ros/humble/share/rosidl_generator_cpp/cmake)
[0.219s] -- Using all available rosidl_typesupport_c: rosidl_typesupport_fastrtps_c;rosidl_typesupport_introspection_c
[0.234s] -- Using all available rosidl_typesupport_cpp: rosidl_typesupport_fastrtps_cpp;rosidl_typesupport_introspection_cpp
[0.288s] -- Found rmw_implementation_cmake: 6.1.1 (/opt/ros/humble/share/rmw_implementation_cmake/cmake)
[0.290s] -- Found rmw_fastrtps_cpp: 6.2.6 (/opt/ros/humble/share/rmw_fastrtps_cpp/cmake)
[0.409s] -- Using RMW implementation 'rmw_fastrtps_cpp' as default
[0.563s] -- Found sensor_msgs: 4.2.3 (/opt/ros/humble/share/sensor_msgs/cmake)
[0.685s] -- Found image_functions_sdfr: 2.1.0 (/home/lucasjko/sdfr_ws/install/image_functions_sdfr/share/image_functions_sdfr/cmake)
[0.701s] -- Found robot_image_messages: 1.0.0 (/home/lucasjko/sdfr_ws/install/robot_image_messages/share/robot_image_messages/cmake)
[0.781s] -- Configuring done
[0.797s] -- Generating done
[0.799s] -- Build files have been written to: /home/lucasjko/sdfr_ws/build/motion_controller
[0.825s] [35m[1mConsolidate compiler generated dependencies of target differential_drive_controller[0m
[0.835s] [ 25%] [32mBuilding CXX object CMakeFiles/bounding_box_controller.dir/src/bounding_box_controller.cpp.o[0m
[0.846s] [ 50%] [32mBuilding CXX object CMakeFiles/differential_drive_controller.dir/src/differential_drive_controller.cpp.o[0m
[8.804s] [ 75%] [32m[1mLinking CXX executable bounding_box_controller[0m
[9.075s] [100%] [32m[1mLinking CXX executable differential_drive_controller[0m
[9.271s] [100%] Built target bounding_box_controller
[9.498s] [100%] Built target differential_drive_controller
[9.509s] Invoked command in '/home/lucasjko/sdfr_ws/build/motion_controller' returned '0': AMENT_PREFIX_PATH=/home/lucasjko/sdfr_ws/install/robot_image_messages:/home/lucasjko/sdfr_ws/install/image_functions_sdfr:${AMENT_PREFIX_PATH} CMAKE_PREFIX_PATH=/home/lucasjko/sdfr_ws/install/robot_image_messages:/home/lucasjko/sdfr_ws/install/image_functions_sdfr:/opt/ros/humble LD_LIBRARY_PATH=/home/lucasjko/sdfr_ws/install/robot_image_messages/lib:/home/lucasjko/sdfr_ws/install/image_functions_sdfr/lib:${LD_LIBRARY_PATH} PYTHONPATH=/home/lucasjko/sdfr_ws/install/robot_image_messages/local/lib/python3.10/dist-packages:${PYTHONPATH} /usr/bin/cmake --build /home/lucasjko/sdfr_ws/build/motion_controller -- -j8 -l8
[9.543s] Invoking command in '/home/lucasjko/sdfr_ws/build/motion_controller': AMENT_PREFIX_PATH=/home/lucasjko/sdfr_ws/install/robot_image_messages:/home/lucasjko/sdfr_ws/install/image_functions_sdfr:${AMENT_PREFIX_PATH} CMAKE_PREFIX_PATH=/home/lucasjko/sdfr_ws/install/robot_image_messages:/home/lucasjko/sdfr_ws/install/image_functions_sdfr:/opt/ros/humble LD_LIBRARY_PATH=/home/lucasjko/sdfr_ws/install/robot_image_messages/lib:/home/lucasjko/sdfr_ws/install/image_functions_sdfr/lib:${LD_LIBRARY_PATH} PYTHONPATH=/home/lucasjko/sdfr_ws/install/robot_image_messages/local/lib/python3.10/dist-packages:${PYTHONPATH} /usr/bin/cmake --install /home/lucasjko/sdfr_ws/build/motion_controller
[9.551s] -- Install configuration: ""
[9.552s] -- Installing: /home/lucasjko/sdfr_ws/install/motion_controller/lib/motion_controller/differential_drive_controller
[9.557s] -- Set runtime path of "/home/lucasjko/sdfr_ws/install/motion_controller/lib/motion_controller/differential_drive_controller" to ""
[9.557s] -- Installing: /home/lucasjko/sdfr_ws/install/motion_controller/lib/motion_controller/bounding_box_controller
[9.563s] -- Set runtime path of "/home/lucasjko/sdfr_ws/install/motion_controller/lib/motion_controller/bounding_box_controller" to ""
[9.563s] -- Installing: /home/lucasjko/sdfr_ws/install/motion_controller/share/ament_index/resource_index/package_run_dependencies/motion_controller
[9.563s] -- Installing: /home/lucasjko/sdfr_ws/install/motion_controller/share/ament_index/resource_index/parent_prefix_path/motion_controller
[9.563s] -- Up-to-date: /home/lucasjko/sdfr_ws/install/motion_controller/share/motion_controller/environment/ament_prefix_path.sh
[9.563s] -- Installing: /home/lucasjko/sdfr_ws/install/motion_controller/share/motion_controller/environment/ament_prefix_path.dsv
[9.563s] -- Up-to-date: /home/lucasjko/sdfr_ws/install/motion_controller/share/motion_controller/environment/path.sh
[9.563s] -- Installing: /home/lucasjko/sdfr_ws/install/motion_controller/share/motion_controller/environment/path.dsv
[9.564s] -- Up-to-date: /home/lucasjko/sdfr_ws/install/motion_controller/share/motion_controller/local_setup.bash
[9.564s] -- Up-to-date: /home/lucasjko/sdfr_ws/install/motion_controller/share/motion_controller/local_setup.sh
[9.564s] -- Up-to-date: /home/lucasjko/sdfr_ws/install/motion_controller/share/motion_controller/local_setup.zsh
[9.564s] -- Installing: /home/lucasjko/sdfr_ws/install/motion_controller/share/motion_controller/local_setup.dsv
[9.564s] -- Installing: /home/lucasjko/sdfr_ws/install/motion_controller/share/motion_controller/package.dsv
[9.564s] -- Up-to-date: /home/lucasjko/sdfr_ws/install/motion_controller/share/ament_index/resource_index/packages/motion_controller
[9.564s] -- Up-to-date: /home/lucasjko/sdfr_ws/install/motion_controller/share/motion_controller/cmake/motion_controllerConfig.cmake
[9.564s] -- Up-to-date: /home/lucasjko/sdfr_ws/install/motion_controller/share/motion_controller/cmake/motion_controllerConfig-version.cmake
[9.564s] -- Installing: /home/lucasjko/sdfr_ws/install/motion_controller/share/motion_controller/package.xml
[9.566s] Invoked command in '/home/lucasjko/sdfr_ws/build/motion_controller' returned '0': AMENT_PREFIX_PATH=/home/lucasjko/sdfr_ws/install/robot_image_messages:/home/lucasjko/sdfr_ws/install/image_functions_sdfr:${AMENT_PREFIX_PATH} CMAKE_PREFIX_PATH=/home/lucasjko/sdfr_ws/install/robot_image_messages:/home/lucasjko/sdfr_ws/install/image_functions_sdfr:/opt/ros/humble LD_LIBRARY_PATH=/home/lucasjko/sdfr_ws/install/robot_image_messages/lib:/home/lucasjko/sdfr_ws/install/image_functions_sdfr/lib:${LD_LIBRARY_PATH} PYTHONPATH=/home/lucasjko/sdfr_ws/install/robot_image_messages/local/lib/python3.10/dist-packages:${PYTHONPATH} /usr/bin/cmake --install /home/lucasjko/sdfr_ws/build/motion_controller
