[0.015s] Invoking command in '/home/lucasjko/sdfr_ws/build/ros2_introduction_message': CMAKE_PREFIX_PATH=${CMAKE_PREFIX_PATH}:/opt/ros/humble /usr/bin/cmake /home/lucasjko/sdfr_ws/src/ros2_introduction_message -DCMAKE_INSTALL_PREFIX=/home/lucasjko/sdfr_ws/install/ros2_introduction_message
[0.026s] -- Found ament_cmake: 1.3.8 (/opt/ros/humble/share/ament_cmake/cmake)
[0.075s] -- Found Python3: /usr/local/bin/python3 (found version "3.10.12") found components: Interpreter 
[0.135s] -- Found rosidl_default_generators: 1.2.0 (/opt/ros/humble/share/rosidl_default_generators/cmake)
[0.137s] -- Using all available rosidl_typesupport_c: rosidl_typesupport_fastrtps_c;rosidl_typesupport_introspection_c
[0.139s] -- Found rosidl_adapter: 3.1.5 (/opt/ros/humble/share/rosidl_adapter/cmake)
[0.166s] -- Using all available rosidl_typesupport_cpp: rosidl_typesupport_fastrtps_cpp;rosidl_typesupport_introspection_cpp
[0.409s] -- Found ament_cmake_ros: 0.10.0 (/opt/ros/humble/share/ament_cmake_ros/cmake)
[0.575s] -- Using all available rosidl_typesupport_c: rosidl_typesupport_fastrtps_c;rosidl_typesupport_introspection_c
[0.777s] -- Using all available rosidl_typesupport_cpp: rosidl_typesupport_fastrtps_cpp;rosidl_typesupport_introspection_cpp
[0.796s] -- Found PythonInterp: /usr/local/bin/python3 (found suitable version "3.10.12", minimum required is "3.6") 
[0.798s] -- Found python_cmake_module: 0.10.0 (/opt/ros/humble/share/python_cmake_module/cmake)
[0.822s] -- Found PythonLibs: /usr/lib/x86_64-linux-gnu/libpython3.10.so (found suitable version "3.10.12", minimum required is "3.5") 
[0.823s] -- Using PYTHON_EXECUTABLE: /usr/local/bin/python3
[0.823s] -- Using PYTHON_INCLUDE_DIRS: /usr/include/python3.10
[0.823s] -- Using PYTHON_LIBRARIES: /usr/lib/x86_64-linux-gnu/libpython3.10.so
[0.842s] -- Found PythonExtra: .so  
[0.874s] -- Found ament_lint_auto: 0.12.10 (/opt/ros/humble/share/ament_lint_auto/cmake)
[0.896s] -- Added test 'lint_cmake' to check CMake code style
[0.898s] -- Added test 'xmllint' to check XML markup files
[0.900s] -- Configuring done
[0.926s] -- Generating done
[0.928s] -- Build files have been written to: /home/lucasjko/sdfr_ws/build/ros2_introduction_message
[0.933s] Invoked command in '/home/lucasjko/sdfr_ws/build/ros2_introduction_message' returned '0': CMAKE_PREFIX_PATH=${CMAKE_PREFIX_PATH}:/opt/ros/humble /usr/bin/cmake /home/lucasjko/sdfr_ws/src/ros2_introduction_message -DCMAKE_INSTALL_PREFIX=/home/lucasjko/sdfr_ws/install/ros2_introduction_message
[0.934s] Invoking command in '/home/lucasjko/sdfr_ws/build/ros2_introduction_message': CMAKE_PREFIX_PATH=${CMAKE_PREFIX_PATH}:/opt/ros/humble /usr/bin/cmake --build /home/lucasjko/sdfr_ws/build/ros2_introduction_message -- -j8 -l8
[0.969s] [  3%] [34m[1mGenerating C code for ROS interfaces[0m
[0.978s] [  6%] [34m[1mGenerating C++ code for ROS interfaces[0m
[0.986s] [  6%] Built target ament_cmake_python_copy_ros2_introduction_message
[1.210s] [  6%] Built target ros2_introduction_message__cpp
[1.219s] [  9%] [34m[1mGenerating C++ type support for eProsima Fast-RTPS[0m
[1.219s] [ 12%] [34m[1mGenerating C++ introspection for ROS interfaces[0m
[1.221s] [ 16%] [34m[1mGenerating C++ type support dispatch for ROS interfaces[0m
[1.225s] running egg_info
[1.226s] creating ros2_introduction_message.egg-info
[1.226s] writing ros2_introduction_message.egg-info/PKG-INFO
[1.226s] writing dependency_links to ros2_introduction_message.egg-info/dependency_links.txt
[1.226s] writing top-level names to ros2_introduction_message.egg-info/top_level.txt
[1.226s] writing manifest file 'ros2_introduction_message.egg-info/SOURCES.txt'
[1.229s] reading manifest file 'ros2_introduction_message.egg-info/SOURCES.txt'
[1.230s] [ 19%] [32mBuilding C object CMakeFiles/ros2_introduction_message__rosidl_generator_c.dir/rosidl_generator_c/ros2_introduction_message/msg/detail/brightness__functions.c.o[0m
[1.230s] writing manifest file 'ros2_introduction_message.egg-info/SOURCES.txt'
[1.262s] [ 19%] Built target ament_cmake_python_build_ros2_introduction_message_egg
[1.294s] [ 22%] [32m[1mLinking C shared library libros2_introduction_message__rosidl_generator_c.so[0m
[1.330s] [ 22%] Built target ros2_introduction_message__rosidl_generator_c
[1.343s] [ 29%] [34m[1mGenerating C type support for eProsima Fast-RTPS[0m
[1.343s] [ 32%] [34m[1mGenerating C introspection for ROS interfaces[0m
[1.344s] [ 32%] [34m[1mGenerating C type support dispatch for ROS interfaces[0m
[1.445s] [ 35%] [32mBuilding CXX object CMakeFiles/ros2_introduction_message__rosidl_typesupport_introspection_cpp.dir/rosidl_typesupport_introspection_cpp/ros2_introduction_message/msg/detail/brightness__type_support.cpp.o[0m
[1.494s] [ 38%] [32mBuilding CXX object CMakeFiles/ros2_introduction_message__rosidl_typesupport_cpp.dir/rosidl_typesupport_cpp/ros2_introduction_message/msg/brightness__type_support.cpp.o[0m
[1.571s] [ 41%] [32mBuilding CXX object CMakeFiles/ros2_introduction_message__rosidl_typesupport_fastrtps_cpp.dir/rosidl_typesupport_fastrtps_cpp/ros2_introduction_message/msg/detail/dds_fastrtps/brightness__type_support.cpp.o[0m
[1.577s] [ 45%] [32mBuilding CXX object CMakeFiles/ros2_introduction_message__rosidl_typesupport_c.dir/rosidl_typesupport_c/ros2_introduction_message/msg/brightness__type_support.cpp.o[0m
[1.623s] [ 48%] [32m[1mLinking CXX shared library libros2_introduction_message__rosidl_typesupport_c.so[0m
[1.662s] [ 51%] [32mBuilding C object CMakeFiles/ros2_introduction_message__rosidl_typesupport_introspection_c.dir/rosidl_typesupport_introspection_c/ros2_introduction_message/msg/detail/brightness__type_support.c.o[0m
[1.667s] [ 54%] [32mBuilding CXX object CMakeFiles/ros2_introduction_message__rosidl_typesupport_fastrtps_c.dir/rosidl_typesupport_fastrtps_c/ros2_introduction_message/msg/detail/brightness__type_support_c.cpp.o[0m
[1.673s] [ 54%] Built target ros2_introduction_message__rosidl_typesupport_c
[1.706s] [ 58%] [32m[1mLinking C shared library libros2_introduction_message__rosidl_typesupport_introspection_c.so[0m
[1.736s] [ 58%] Built target ros2_introduction_message__rosidl_typesupport_introspection_c
[1.837s] [ 61%] [32m[1mLinking CXX shared library libros2_introduction_message__rosidl_typesupport_cpp.so[0m
[1.882s] [ 61%] Built target ros2_introduction_message__rosidl_typesupport_cpp
[1.901s] [ 64%] [32m[1mLinking CXX shared library libros2_introduction_message__rosidl_typesupport_introspection_cpp.so[0m
[1.963s] [ 64%] Built target ros2_introduction_message__rosidl_typesupport_introspection_cpp
[1.975s] [ 67%] [32m[1mLinking CXX shared library libros2_introduction_message__rosidl_typesupport_fastrtps_cpp.so[0m
[1.978s] [ 70%] [32m[1mLinking CXX shared library libros2_introduction_message__rosidl_typesupport_fastrtps_c.so[0m
[2.058s] [ 70%] Built target ros2_introduction_message__rosidl_typesupport_fastrtps_cpp
[2.058s] [ 70%] Built target ros2_introduction_message__rosidl_typesupport_fastrtps_c
[2.077s] [ 70%] Built target ros2_introduction_message
[2.095s] [ 74%] [34m[1mGenerating Python code for ROS interfaces[0m
[2.347s] [ 74%] Built target ros2_introduction_message__py
[2.372s] [ 77%] [32mBuilding C object CMakeFiles/ros2_introduction_message__rosidl_generator_py.dir/rosidl_generator_py/ros2_introduction_message/msg/_brightness_s.c.o[0m
[2.483s] [ 80%] [32m[1mLinking C shared library rosidl_generator_py/ros2_introduction_message/libros2_introduction_message__rosidl_generator_py.so[0m
[2.518s] [ 80%] Built target ros2_introduction_message__rosidl_generator_py
[2.538s] [ 90%] [32mBuilding C object CMakeFiles/ros2_introduction_message__rosidl_typesupport_introspection_c__pyext.dir/rosidl_generator_py/ros2_introduction_message/_ros2_introduction_message_s.ep.rosidl_typesupport_introspection_c.c.o[0m
[2.538s] [ 90%] [32mBuilding C object CMakeFiles/ros2_introduction_message__rosidl_typesupport_fastrtps_c__pyext.dir/rosidl_generator_py/ros2_introduction_message/_ros2_introduction_message_s.ep.rosidl_typesupport_fastrtps_c.c.o[0m
[2.538s] [ 90%] [32mBuilding C object CMakeFiles/ros2_introduction_message__rosidl_typesupport_c__pyext.dir/rosidl_generator_py/ros2_introduction_message/_ros2_introduction_message_s.ep.rosidl_typesupport_c.c.o[0m
[2.620s] [ 93%] [32m[1mLinking C shared library rosidl_generator_py/ros2_introduction_message/ros2_introduction_message_s__rosidl_typesupport_c.cpython-310-x86_64-linux-gnu.so[0m
[2.623s] [ 96%] [32m[1mLinking C shared library rosidl_generator_py/ros2_introduction_message/ros2_introduction_message_s__rosidl_typesupport_introspection_c.cpython-310-x86_64-linux-gnu.so[0m
[2.628s] [100%] [32m[1mLinking C shared library rosidl_generator_py/ros2_introduction_message/ros2_introduction_message_s__rosidl_typesupport_fastrtps_c.cpython-310-x86_64-linux-gnu.so[0m
[2.652s] [100%] Built target ros2_introduction_message__rosidl_typesupport_c__pyext
[2.655s] [100%] Built target ros2_introduction_message__rosidl_typesupport_introspection_c__pyext
[2.661s] [100%] Built target ros2_introduction_message__rosidl_typesupport_fastrtps_c__pyext
[2.673s] Invoked command in '/home/lucasjko/sdfr_ws/build/ros2_introduction_message' returned '0': CMAKE_PREFIX_PATH=${CMAKE_PREFIX_PATH}:/opt/ros/humble /usr/bin/cmake --build /home/lucasjko/sdfr_ws/build/ros2_introduction_message -- -j8 -l8
[2.735s] Invoking command in '/home/lucasjko/sdfr_ws/build/ros2_introduction_message': CMAKE_PREFIX_PATH=${CMAKE_PREFIX_PATH}:/opt/ros/humble /usr/bin/cmake --install /home/lucasjko/sdfr_ws/build/ros2_introduction_message
[2.742s] -- Install configuration: ""
[2.742s] -- Installing: /home/lucasjko/sdfr_ws/install/ros2_introduction_message/share/ament_index/resource_index/rosidl_interfaces/ros2_introduction_message
[2.743s] -- Installing: /home/lucasjko/sdfr_ws/install/ros2_introduction_message/include/ros2_introduction_message/ros2_introduction_message
[2.743s] -- Installing: /home/lucasjko/sdfr_ws/install/ros2_introduction_message/include/ros2_introduction_message/ros2_introduction_message/msg
[2.743s] -- Installing: /home/lucasjko/sdfr_ws/install/ros2_introduction_message/include/ros2_introduction_message/ros2_introduction_message/msg/brightness.h
[2.743s] -- Installing: /home/lucasjko/sdfr_ws/install/ros2_introduction_message/include/ros2_introduction_message/ros2_introduction_message/msg/rosidl_generator_c__visibility_control.h
[2.743s] -- Installing: /home/lucasjko/sdfr_ws/install/ros2_introduction_message/include/ros2_introduction_message/ros2_introduction_message/msg/detail
[2.743s] -- Installing: /home/lucasjko/sdfr_ws/install/ros2_introduction_message/include/ros2_introduction_message/ros2_introduction_message/msg/detail/brightness__struct.h
[2.743s] -- Installing: /home/lucasjko/sdfr_ws/install/ros2_introduction_message/include/ros2_introduction_message/ros2_introduction_message/msg/detail/brightness__type_support.h
[2.743s] -- Installing: /home/lucasjko/sdfr_ws/install/ros2_introduction_message/include/ros2_introduction_message/ros2_introduction_message/msg/detail/brightness__functions.c
[2.743s] -- Installing: /home/lucasjko/sdfr_ws/install/ros2_introduction_message/include/ros2_introduction_message/ros2_introduction_message/msg/detail/brightness__functions.h
[2.744s] -- Installing: /home/lucasjko/sdfr_ws/install/ros2_introduction_message/share/ros2_introduction_message/environment/library_path.sh
[2.744s] -- Installing: /home/lucasjko/sdfr_ws/install/ros2_introduction_message/share/ros2_introduction_message/environment/library_path.dsv
[2.744s] -- Installing: /home/lucasjko/sdfr_ws/install/ros2_introduction_message/lib/libros2_introduction_message__rosidl_generator_c.so
[2.744s] -- Set runtime path of "/home/lucasjko/sdfr_ws/install/ros2_introduction_message/lib/libros2_introduction_message__rosidl_generator_c.so" to ""
[2.744s] -- Up-to-date: /home/lucasjko/sdfr_ws/install/ros2_introduction_message/include/ros2_introduction_message/ros2_introduction_message
[2.744s] -- Up-to-date: /home/lucasjko/sdfr_ws/install/ros2_introduction_message/include/ros2_introduction_message/ros2_introduction_message/msg
[2.744s] -- Installing: /home/lucasjko/sdfr_ws/install/ros2_introduction_message/include/ros2_introduction_message/ros2_introduction_message/msg/rosidl_typesupport_fastrtps_c__visibility_control.h
[2.744s] -- Up-to-date: /home/lucasjko/sdfr_ws/install/ros2_introduction_message/include/ros2_introduction_message/ros2_introduction_message/msg/detail
[2.744s] -- Installing: /home/lucasjko/sdfr_ws/install/ros2_introduction_message/include/ros2_introduction_message/ros2_introduction_message/msg/detail/brightness__rosidl_typesupport_fastrtps_c.h
[2.745s] -- Installing: /home/lucasjko/sdfr_ws/install/ros2_introduction_message/lib/libros2_introduction_message__rosidl_typesupport_fastrtps_c.so
[2.745s] -- Set runtime path of "/home/lucasjko/sdfr_ws/install/ros2_introduction_message/lib/libros2_introduction_message__rosidl_typesupport_fastrtps_c.so" to ""
[2.745s] -- Up-to-date: /home/lucasjko/sdfr_ws/install/ros2_introduction_message/include/ros2_introduction_message/ros2_introduction_message
[2.745s] -- Up-to-date: /home/lucasjko/sdfr_ws/install/ros2_introduction_message/include/ros2_introduction_message/ros2_introduction_message/msg
[2.745s] -- Up-to-date: /home/lucasjko/sdfr_ws/install/ros2_introduction_message/include/ros2_introduction_message/ros2_introduction_message/msg/detail
[2.745s] -- Installing: /home/lucasjko/sdfr_ws/install/ros2_introduction_message/include/ros2_introduction_message/ros2_introduction_message/msg/detail/brightness__rosidl_typesupport_introspection_c.h
[2.745s] -- Installing: /home/lucasjko/sdfr_ws/install/ros2_introduction_message/include/ros2_introduction_message/ros2_introduction_message/msg/detail/brightness__type_support.c
[2.745s] -- Installing: /home/lucasjko/sdfr_ws/install/ros2_introduction_message/include/ros2_introduction_message/ros2_introduction_message/msg/rosidl_typesupport_introspection_c__visibility_control.h
[2.745s] -- Installing: /home/lucasjko/sdfr_ws/install/ros2_introduction_message/lib/libros2_introduction_message__rosidl_typesupport_introspection_c.so
[2.746s] -- Set runtime path of "/home/lucasjko/sdfr_ws/install/ros2_introduction_message/lib/libros2_introduction_message__rosidl_typesupport_introspection_c.so" to ""
[2.746s] -- Installing: /home/lucasjko/sdfr_ws/install/ros2_introduction_message/lib/libros2_introduction_message__rosidl_typesupport_c.so
[2.746s] -- Set runtime path of "/home/lucasjko/sdfr_ws/install/ros2_introduction_message/lib/libros2_introduction_message__rosidl_typesupport_c.so" to ""
[2.746s] -- Up-to-date: /home/lucasjko/sdfr_ws/install/ros2_introduction_message/include/ros2_introduction_message/ros2_introduction_message
[2.746s] -- Up-to-date: /home/lucasjko/sdfr_ws/install/ros2_introduction_message/include/ros2_introduction_message/ros2_introduction_message/msg
[2.746s] -- Installing: /home/lucasjko/sdfr_ws/install/ros2_introduction_message/include/ros2_introduction_message/ros2_introduction_message/msg/brightness.hpp
[2.746s] -- Up-to-date: /home/lucasjko/sdfr_ws/install/ros2_introduction_message/include/ros2_introduction_message/ros2_introduction_message/msg/detail
[2.746s] -- Installing: /home/lucasjko/sdfr_ws/install/ros2_introduction_message/include/ros2_introduction_message/ros2_introduction_message/msg/detail/brightness__builder.hpp
[2.746s] -- Installing: /home/lucasjko/sdfr_ws/install/ros2_introduction_message/include/ros2_introduction_message/ros2_introduction_message/msg/detail/brightness__struct.hpp
[2.747s] -- Installing: /home/lucasjko/sdfr_ws/install/ros2_introduction_message/include/ros2_introduction_message/ros2_introduction_message/msg/detail/brightness__traits.hpp
[2.747s] -- Up-to-date: /home/lucasjko/sdfr_ws/install/ros2_introduction_message/include/ros2_introduction_message/ros2_introduction_message
[2.747s] -- Up-to-date: /home/lucasjko/sdfr_ws/install/ros2_introduction_message/include/ros2_introduction_message/ros2_introduction_message/msg
[2.747s] -- Installing: /home/lucasjko/sdfr_ws/install/ros2_introduction_message/include/ros2_introduction_message/ros2_introduction_message/msg/rosidl_typesupport_fastrtps_cpp__visibility_control.h
[2.747s] -- Up-to-date: /home/lucasjko/sdfr_ws/install/ros2_introduction_message/include/ros2_introduction_message/ros2_introduction_message/msg/detail
[2.747s] -- Installing: /home/lucasjko/sdfr_ws/install/ros2_introduction_message/include/ros2_introduction_message/ros2_introduction_message/msg/detail/brightness__rosidl_typesupport_fastrtps_cpp.hpp
[2.747s] -- Installing: /home/lucasjko/sdfr_ws/install/ros2_introduction_message/include/ros2_introduction_message/ros2_introduction_message/msg/detail/dds_fastrtps
[2.747s] -- Installing: /home/lucasjko/sdfr_ws/install/ros2_introduction_message/lib/libros2_introduction_message__rosidl_typesupport_fastrtps_cpp.so
[2.748s] -- Set runtime path of "/home/lucasjko/sdfr_ws/install/ros2_introduction_message/lib/libros2_introduction_message__rosidl_typesupport_fastrtps_cpp.so" to ""
[2.748s] -- Up-to-date: /home/lucasjko/sdfr_ws/install/ros2_introduction_message/include/ros2_introduction_message/ros2_introduction_message
[2.748s] -- Up-to-date: /home/lucasjko/sdfr_ws/install/ros2_introduction_message/include/ros2_introduction_message/ros2_introduction_message/msg
[2.748s] -- Up-to-date: /home/lucasjko/sdfr_ws/install/ros2_introduction_message/include/ros2_introduction_message/ros2_introduction_message/msg/detail
[2.748s] -- Installing: /home/lucasjko/sdfr_ws/install/ros2_introduction_message/include/ros2_introduction_message/ros2_introduction_message/msg/detail/brightness__type_support.cpp
[2.748s] -- Installing: /home/lucasjko/sdfr_ws/install/ros2_introduction_message/include/ros2_introduction_message/ros2_introduction_message/msg/detail/brightness__rosidl_typesupport_introspection_cpp.hpp
[2.748s] -- Installing: /home/lucasjko/sdfr_ws/install/ros2_introduction_message/lib/libros2_introduction_message__rosidl_typesupport_introspection_cpp.so
[2.748s] -- Set runtime path of "/home/lucasjko/sdfr_ws/install/ros2_introduction_message/lib/libros2_introduction_message__rosidl_typesupport_introspection_cpp.so" to ""
[2.749s] -- Installing: /home/lucasjko/sdfr_ws/install/ros2_introduction_message/lib/libros2_introduction_message__rosidl_typesupport_cpp.so
[2.749s] -- Set runtime path of "/home/lucasjko/sdfr_ws/install/ros2_introduction_message/lib/libros2_introduction_message__rosidl_typesupport_cpp.so" to ""
[2.749s] -- Installing: /home/lucasjko/sdfr_ws/install/ros2_introduction_message/share/ros2_introduction_message/environment/pythonpath.sh
[2.749s] -- Installing: /home/lucasjko/sdfr_ws/install/ros2_introduction_message/share/ros2_introduction_message/environment/pythonpath.dsv
[2.749s] -- Installing: /home/lucasjko/sdfr_ws/install/ros2_introduction_message/local/lib/python3.10/dist-packages/ros2_introduction_message-0.0.0-py3.12.egg-info
[2.749s] -- Installing: /home/lucasjko/sdfr_ws/install/ros2_introduction_message/local/lib/python3.10/dist-packages/ros2_introduction_message-0.0.0-py3.12.egg-info/PKG-INFO
[2.749s] -- Installing: /home/lucasjko/sdfr_ws/install/ros2_introduction_message/local/lib/python3.10/dist-packages/ros2_introduction_message-0.0.0-py3.12.egg-info/dependency_links.txt
[2.750s] -- Installing: /home/lucasjko/sdfr_ws/install/ros2_introduction_message/local/lib/python3.10/dist-packages/ros2_introduction_message-0.0.0-py3.12.egg-info/SOURCES.txt
[2.750s] -- Installing: /home/lucasjko/sdfr_ws/install/ros2_introduction_message/local/lib/python3.10/dist-packages/ros2_introduction_message-0.0.0-py3.12.egg-info/top_level.txt
[2.750s] -- Installing: /home/lucasjko/sdfr_ws/install/ros2_introduction_message/local/lib/python3.10/dist-packages/ros2_introduction_message
[2.750s] -- Installing: /home/lucasjko/sdfr_ws/install/ros2_introduction_message/local/lib/python3.10/dist-packages/ros2_introduction_message/libros2_introduction_message__rosidl_generator_py.so
[2.750s] -- Installing: /home/lucasjko/sdfr_ws/install/ros2_introduction_message/local/lib/python3.10/dist-packages/ros2_introduction_message/ros2_introduction_message_s__rosidl_typesupport_fastrtps_c.cpython-310-x86_64-linux-gnu.so
[2.750s] -- Installing: /home/lucasjko/sdfr_ws/install/ros2_introduction_message/local/lib/python3.10/dist-packages/ros2_introduction_message/__init__.py
[2.750s] -- Installing: /home/lucasjko/sdfr_ws/install/ros2_introduction_message/local/lib/python3.10/dist-packages/ros2_introduction_message/_ros2_introduction_message_s.ep.rosidl_typesupport_introspection_c.c
[2.750s] -- Installing: /home/lucasjko/sdfr_ws/install/ros2_introduction_message/local/lib/python3.10/dist-packages/ros2_introduction_message/_ros2_introduction_message_s.ep.rosidl_typesupport_fastrtps_c.c
[2.750s] -- Installing: /home/lucasjko/sdfr_ws/install/ros2_introduction_message/local/lib/python3.10/dist-packages/ros2_introduction_message/msg
[2.751s] -- Installing: /home/lucasjko/sdfr_ws/install/ros2_introduction_message/local/lib/python3.10/dist-packages/ros2_introduction_message/msg/__init__.py
[2.751s] -- Installing: /home/lucasjko/sdfr_ws/install/ros2_introduction_message/local/lib/python3.10/dist-packages/ros2_introduction_message/msg/_brightness_s.c
[2.751s] -- Installing: /home/lucasjko/sdfr_ws/install/ros2_introduction_message/local/lib/python3.10/dist-packages/ros2_introduction_message/msg/_brightness.py
[2.751s] -- Installing: /home/lucasjko/sdfr_ws/install/ros2_introduction_message/local/lib/python3.10/dist-packages/ros2_introduction_message/ros2_introduction_message_s__rosidl_typesupport_c.cpython-310-x86_64-linux-gnu.so
[2.751s] -- Installing: /home/lucasjko/sdfr_ws/install/ros2_introduction_message/local/lib/python3.10/dist-packages/ros2_introduction_message/_ros2_introduction_message_s.ep.rosidl_typesupport_c.c
[2.751s] -- Installing: /home/lucasjko/sdfr_ws/install/ros2_introduction_message/local/lib/python3.10/dist-packages/ros2_introduction_message/ros2_introduction_message_s__rosidl_typesupport_introspection_c.cpython-310-x86_64-linux-gnu.so
[2.784s] Listing '/home/lucasjko/sdfr_ws/install/ros2_introduction_message/local/lib/python3.10/dist-packages/ros2_introduction_message'...
[2.784s] Compiling '/home/lucasjko/sdfr_ws/install/ros2_introduction_message/local/lib/python3.10/dist-packages/ros2_introduction_message/__init__.py'...
[2.784s] Listing '/home/lucasjko/sdfr_ws/install/ros2_introduction_message/local/lib/python3.10/dist-packages/ros2_introduction_message/msg'...
[2.784s] Compiling '/home/lucasjko/sdfr_ws/install/ros2_introduction_message/local/lib/python3.10/dist-packages/ros2_introduction_message/msg/__init__.py'...
[2.784s] Compiling '/home/lucasjko/sdfr_ws/install/ros2_introduction_message/local/lib/python3.10/dist-packages/ros2_introduction_message/msg/_brightness.py'...
[2.788s] -- Installing: /home/lucasjko/sdfr_ws/install/ros2_introduction_message/local/lib/python3.10/dist-packages/ros2_introduction_message/ros2_introduction_message_s__rosidl_typesupport_fastrtps_c.cpython-310-x86_64-linux-gnu.so
[2.788s] -- Set runtime path of "/home/lucasjko/sdfr_ws/install/ros2_introduction_message/local/lib/python3.10/dist-packages/ros2_introduction_message/ros2_introduction_message_s__rosidl_typesupport_fastrtps_c.cpython-310-x86_64-linux-gnu.so" to ""
[2.788s] -- Installing: /home/lucasjko/sdfr_ws/install/ros2_introduction_message/local/lib/python3.10/dist-packages/ros2_introduction_message/ros2_introduction_message_s__rosidl_typesupport_introspection_c.cpython-310-x86_64-linux-gnu.so
[2.789s] -- Set runtime path of "/home/lucasjko/sdfr_ws/install/ros2_introduction_message/local/lib/python3.10/dist-packages/ros2_introduction_message/ros2_introduction_message_s__rosidl_typesupport_introspection_c.cpython-310-x86_64-linux-gnu.so" to ""
[2.789s] -- Installing: /home/lucasjko/sdfr_ws/install/ros2_introduction_message/local/lib/python3.10/dist-packages/ros2_introduction_message/ros2_introduction_message_s__rosidl_typesupport_c.cpython-310-x86_64-linux-gnu.so
[2.789s] -- Set runtime path of "/home/lucasjko/sdfr_ws/install/ros2_introduction_message/local/lib/python3.10/dist-packages/ros2_introduction_message/ros2_introduction_message_s__rosidl_typesupport_c.cpython-310-x86_64-linux-gnu.so" to ""
[2.790s] -- Installing: /home/lucasjko/sdfr_ws/install/ros2_introduction_message/lib/libros2_introduction_message__rosidl_generator_py.so
[2.790s] -- Set runtime path of "/home/lucasjko/sdfr_ws/install/ros2_introduction_message/lib/libros2_introduction_message__rosidl_generator_py.so" to ""
[2.790s] -- Installing: /home/lucasjko/sdfr_ws/install/ros2_introduction_message/share/ros2_introduction_message/msg/Brightness.idl
[2.790s] -- Installing: /home/lucasjko/sdfr_ws/install/ros2_introduction_message/share/ros2_introduction_message/msg/Brightness.msg
[2.791s] -- Installing: /home/lucasjko/sdfr_ws/install/ros2_introduction_message/share/ament_index/resource_index/package_run_dependencies/ros2_introduction_message
[2.791s] -- Installing: /home/lucasjko/sdfr_ws/install/ros2_introduction_message/share/ament_index/resource_index/parent_prefix_path/ros2_introduction_message
[2.791s] -- Installing: /home/lucasjko/sdfr_ws/install/ros2_introduction_message/share/ros2_introduction_message/environment/ament_prefix_path.sh
[2.791s] -- Installing: /home/lucasjko/sdfr_ws/install/ros2_introduction_message/share/ros2_introduction_message/environment/ament_prefix_path.dsv
[2.791s] -- Installing: /home/lucasjko/sdfr_ws/install/ros2_introduction_message/share/ros2_introduction_message/environment/path.sh
[2.791s] -- Installing: /home/lucasjko/sdfr_ws/install/ros2_introduction_message/share/ros2_introduction_message/environment/path.dsv
[2.792s] -- Installing: /home/lucasjko/sdfr_ws/install/ros2_introduction_message/share/ros2_introduction_message/local_setup.bash
[2.792s] -- Installing: /home/lucasjko/sdfr_ws/install/ros2_introduction_message/share/ros2_introduction_message/local_setup.sh
[2.792s] -- Installing: /home/lucasjko/sdfr_ws/install/ros2_introduction_message/share/ros2_introduction_message/local_setup.zsh
[2.792s] -- Installing: /home/lucasjko/sdfr_ws/install/ros2_introduction_message/share/ros2_introduction_message/local_setup.dsv
[2.792s] -- Installing: /home/lucasjko/sdfr_ws/install/ros2_introduction_message/share/ros2_introduction_message/package.dsv
[2.793s] -- Installing: /home/lucasjko/sdfr_ws/install/ros2_introduction_message/share/ament_index/resource_index/packages/ros2_introduction_message
[2.793s] -- Installing: /home/lucasjko/sdfr_ws/install/ros2_introduction_message/share/ros2_introduction_message/cmake/export_ros2_introduction_message__rosidl_generator_cExport.cmake
[2.793s] -- Installing: /home/lucasjko/sdfr_ws/install/ros2_introduction_message/share/ros2_introduction_message/cmake/export_ros2_introduction_message__rosidl_generator_cExport-noconfig.cmake
[2.793s] -- Installing: /home/lucasjko/sdfr_ws/install/ros2_introduction_message/share/ros2_introduction_message/cmake/export_ros2_introduction_message__rosidl_typesupport_fastrtps_cExport.cmake
[2.793s] -- Installing: /home/lucasjko/sdfr_ws/install/ros2_introduction_message/share/ros2_introduction_message/cmake/export_ros2_introduction_message__rosidl_typesupport_fastrtps_cExport-noconfig.cmake
[2.794s] -- Installing: /home/lucasjko/sdfr_ws/install/ros2_introduction_message/share/ros2_introduction_message/cmake/ros2_introduction_message__rosidl_typesupport_introspection_cExport.cmake
[2.794s] -- Installing: /home/lucasjko/sdfr_ws/install/ros2_introduction_message/share/ros2_introduction_message/cmake/ros2_introduction_message__rosidl_typesupport_introspection_cExport-noconfig.cmake
[2.794s] -- Installing: /home/lucasjko/sdfr_ws/install/ros2_introduction_message/share/ros2_introduction_message/cmake/ros2_introduction_message__rosidl_typesupport_cExport.cmake
[2.794s] -- Installing: /home/lucasjko/sdfr_ws/install/ros2_introduction_message/share/ros2_introduction_message/cmake/ros2_introduction_message__rosidl_typesupport_cExport-noconfig.cmake
[2.794s] -- Installing: /home/lucasjko/sdfr_ws/install/ros2_introduction_message/share/ros2_introduction_message/cmake/export_ros2_introduction_message__rosidl_generator_cppExport.cmake
[2.795s] -- Installing: /home/lucasjko/sdfr_ws/install/ros2_introduction_message/share/ros2_introduction_message/cmake/export_ros2_introduction_message__rosidl_typesupport_fastrtps_cppExport.cmake
[2.795s] -- Installing: /home/lucasjko/sdfr_ws/install/ros2_introduction_message/share/ros2_introduction_message/cmake/export_ros2_introduction_message__rosidl_typesupport_fastrtps_cppExport-noconfig.cmake
[2.795s] -- Installing: /home/lucasjko/sdfr_ws/install/ros2_introduction_message/share/ros2_introduction_message/cmake/ros2_introduction_message__rosidl_typesupport_introspection_cppExport.cmake
[2.795s] -- Installing: /home/lucasjko/sdfr_ws/install/ros2_introduction_message/share/ros2_introduction_message/cmake/ros2_introduction_message__rosidl_typesupport_introspection_cppExport-noconfig.cmake
[2.795s] -- Installing: /home/lucasjko/sdfr_ws/install/ros2_introduction_message/share/ros2_introduction_message/cmake/ros2_introduction_message__rosidl_typesupport_cppExport.cmake
[2.795s] -- Installing: /home/lucasjko/sdfr_ws/install/ros2_introduction_message/share/ros2_introduction_message/cmake/ros2_introduction_message__rosidl_typesupport_cppExport-noconfig.cmake
[2.796s] -- Installing: /home/lucasjko/sdfr_ws/install/ros2_introduction_message/share/ros2_introduction_message/cmake/export_ros2_introduction_message__rosidl_generator_pyExport.cmake
[2.796s] -- Installing: /home/lucasjko/sdfr_ws/install/ros2_introduction_message/share/ros2_introduction_message/cmake/export_ros2_introduction_message__rosidl_generator_pyExport-noconfig.cmake
[2.796s] -- Installing: /home/lucasjko/sdfr_ws/install/ros2_introduction_message/share/ros2_introduction_message/cmake/rosidl_cmake-extras.cmake
[2.796s] -- Installing: /home/lucasjko/sdfr_ws/install/ros2_introduction_message/share/ros2_introduction_message/cmake/ament_cmake_export_include_directories-extras.cmake
[2.796s] -- Installing: /home/lucasjko/sdfr_ws/install/ros2_introduction_message/share/ros2_introduction_message/cmake/ament_cmake_export_libraries-extras.cmake
[2.797s] -- Installing: /home/lucasjko/sdfr_ws/install/ros2_introduction_message/share/ros2_introduction_message/cmake/ament_cmake_export_targets-extras.cmake
[2.797s] -- Installing: /home/lucasjko/sdfr_ws/install/ros2_introduction_message/share/ros2_introduction_message/cmake/rosidl_cmake_export_typesupport_targets-extras.cmake
[2.797s] -- Installing: /home/lucasjko/sdfr_ws/install/ros2_introduction_message/share/ros2_introduction_message/cmake/ament_cmake_export_dependencies-extras.cmake
[2.797s] -- Installing: /home/lucasjko/sdfr_ws/install/ros2_introduction_message/share/ros2_introduction_message/cmake/rosidl_cmake_export_typesupport_libraries-extras.cmake
[2.797s] -- Installing: /home/lucasjko/sdfr_ws/install/ros2_introduction_message/share/ros2_introduction_message/cmake/ros2_introduction_messageConfig.cmake
[2.797s] -- Installing: /home/lucasjko/sdfr_ws/install/ros2_introduction_message/share/ros2_introduction_message/cmake/ros2_introduction_messageConfig-version.cmake
[2.798s] -- Installing: /home/lucasjko/sdfr_ws/install/ros2_introduction_message/share/ros2_introduction_message/package.xml
[2.800s] Invoked command in '/home/lucasjko/sdfr_ws/build/ros2_introduction_message' returned '0': CMAKE_PREFIX_PATH=${CMAKE_PREFIX_PATH}:/opt/ros/humble /usr/bin/cmake --install /home/lucasjko/sdfr_ws/build/ros2_introduction_message
