[0.032s] Invoking command in '/home/lucasjko/sdfr_ws/build/ball_detection': AMENT_PREFIX_PATH=/home/lucasjko/sdfr_ws/install/robot_image_messages:/home/lucasjko/sdfr_ws/install/image_functions_sdfr:${AMENT_PREFIX_PATH} CMAKE_PREFIX_PATH=/home/lucasjko/sdfr_ws/install/robot_image_messages:/home/lucasjko/sdfr_ws/install/image_functions_sdfr:/opt/ros/humble LD_LIBRARY_PATH=/home/lucasjko/sdfr_ws/install/robot_image_messages/lib:/home/lucasjko/sdfr_ws/install/image_functions_sdfr/lib:${LD_LIBRARY_PATH} PYTHONPATH=/home/lucasjko/sdfr_ws/install/robot_image_messages/local/lib/python3.10/dist-packages:${PYTHONPATH} /usr/bin/cmake --build /home/lucasjko/sdfr_ws/build/ball_detection -- -j8 -l8
[0.079s] [35m[1mConsolidate compiler generated dependencies of target find_ball[0m
[0.109s] [100%] Built target find_ball
[0.120s] Invoked command in '/home/lucasjko/sdfr_ws/build/ball_detection' returned '0': AMENT_PREFIX_PATH=/home/lucasjko/sdfr_ws/install/robot_image_messages:/home/lucasjko/sdfr_ws/install/image_functions_sdfr:${AMENT_PREFIX_PATH} CMAKE_PREFIX_PATH=/home/lucasjko/sdfr_ws/install/robot_image_messages:/home/lucasjko/sdfr_ws/install/image_functions_sdfr:/opt/ros/humble LD_LIBRARY_PATH=/home/lucasjko/sdfr_ws/install/robot_image_messages/lib:/home/lucasjko/sdfr_ws/install/image_functions_sdfr/lib:${LD_LIBRARY_PATH} PYTHONPATH=/home/lucasjko/sdfr_ws/install/robot_image_messages/local/lib/python3.10/dist-packages:${PYTHONPATH} /usr/bin/cmake --build /home/lucasjko/sdfr_ws/build/ball_detection -- -j8 -l8
[0.152s] Invoking command in '/home/lucasjko/sdfr_ws/build/ball_detection': AMENT_PREFIX_PATH=/home/lucasjko/sdfr_ws/install/robot_image_messages:/home/lucasjko/sdfr_ws/install/image_functions_sdfr:${AMENT_PREFIX_PATH} CMAKE_PREFIX_PATH=/home/lucasjko/sdfr_ws/install/robot_image_messages:/home/lucasjko/sdfr_ws/install/image_functions_sdfr:/opt/ros/humble LD_LIBRARY_PATH=/home/lucasjko/sdfr_ws/install/robot_image_messages/lib:/home/lucasjko/sdfr_ws/install/image_functions_sdfr/lib:${LD_LIBRARY_PATH} PYTHONPATH=/home/lucasjko/sdfr_ws/install/robot_image_messages/local/lib/python3.10/dist-packages:${PYTHONPATH} /usr/bin/cmake --install /home/lucasjko/sdfr_ws/build/ball_detection
[0.159s] -- Install configuration: ""
[0.160s] -- Up-to-date: /home/lucasjko/sdfr_ws/install/ball_detection/lib/ball_detection/find_ball
[0.160s] -- Up-to-date: /home/lucasjko/sdfr_ws/install/ball_detection/share/ament_index/resource_index/package_run_dependencies/ball_detection
[0.161s] -- Up-to-date: /home/lucasjko/sdfr_ws/install/ball_detection/share/ament_index/resource_index/parent_prefix_path/ball_detection
[0.161s] -- Up-to-date: /home/lucasjko/sdfr_ws/install/ball_detection/share/ball_detection/environment/ament_prefix_path.sh
[0.161s] -- Up-to-date: /home/lucasjko/sdfr_ws/install/ball_detection/share/ball_detection/environment/ament_prefix_path.dsv
[0.161s] -- Up-to-date: /home/lucasjko/sdfr_ws/install/ball_detection/share/ball_detection/environment/path.sh
[0.161s] -- Up-to-date: /home/lucasjko/sdfr_ws/install/ball_detection/share/ball_detection/environment/path.dsv
[0.161s] -- Up-to-date: /home/lucasjko/sdfr_ws/install/ball_detection/share/ball_detection/local_setup.bash
[0.161s] -- Up-to-date: /home/lucasjko/sdfr_ws/install/ball_detection/share/ball_detection/local_setup.sh
[0.162s] -- Up-to-date: /home/lucasjko/sdfr_ws/install/ball_detection/share/ball_detection/local_setup.zsh
[0.162s] -- Up-to-date: /home/lucasjko/sdfr_ws/install/ball_detection/share/ball_detection/local_setup.dsv
[0.162s] -- Installing: /home/lucasjko/sdfr_ws/install/ball_detection/share/ball_detection/package.dsv
[0.162s] -- Up-to-date: /home/lucasjko/sdfr_ws/install/ball_detection/share/ament_index/resource_index/packages/ball_detection
[0.162s] -- Up-to-date: /home/lucasjko/sdfr_ws/install/ball_detection/share/ball_detection/cmake/ball_detectionConfig.cmake
[0.162s] -- Up-to-date: /home/lucasjko/sdfr_ws/install/ball_detection/share/ball_detection/cmake/ball_detectionConfig-version.cmake
[0.162s] -- Up-to-date: /home/lucasjko/sdfr_ws/install/ball_detection/share/ball_detection/package.xml
[0.164s] Invoked command in '/home/lucasjko/sdfr_ws/build/ball_detection' returned '0': AMENT_PREFIX_PATH=/home/lucasjko/sdfr_ws/install/robot_image_messages:/home/lucasjko/sdfr_ws/install/image_functions_sdfr:${AMENT_PREFIX_PATH} CMAKE_PREFIX_PATH=/home/lucasjko/sdfr_ws/install/robot_image_messages:/home/lucasjko/sdfr_ws/install/image_functions_sdfr:/opt/ros/humble LD_LIBRARY_PATH=/home/lucasjko/sdfr_ws/install/robot_image_messages/lib:/home/lucasjko/sdfr_ws/install/image_functions_sdfr/lib:${LD_LIBRARY_PATH} PYTHONPATH=/home/lucasjko/sdfr_ws/install/robot_image_messages/local/lib/python3.10/dist-packages:${PYTHONPATH} /usr/bin/cmake --install /home/lucasjko/sdfr_ws/build/ball_detection
