[0.016s] Invoking command in '/home/lucasjko/sdfr_ws/build/relbot_simulator': CMAKE_PREFIX_PATH=/opt/ros/humble /usr/bin/cmake /home/lucasjko/sdfr_ws/src/relbot_simulator -DCMAKE_INSTALL_PREFIX=/home/lucasjko/sdfr_ws/install/relbot_simulator
[0.075s] -- The C compiler identification is GNU 11.4.0
[0.149s] -- The CXX compiler identification is GNU 11.4.0
[0.156s] -- Detecting C compiler ABI info
[0.224s] -- Detecting C compiler ABI info - done
[0.231s] -- Check for working C compiler: /usr/bin/cc - skipped
[0.231s] -- Detecting C compile features
[0.232s] -- Detecting C compile features - done
[0.234s] -- Detecting CXX compiler ABI info
[0.304s] -- Detecting CXX compiler ABI info - done
[0.311s] -- Check for working CXX compiler: /usr/bin/c++ - skipped
[0.311s] -- Detecting CXX compile features
[0.311s] -- Detecting CXX compile features - done
[0.313s] -- Found ament_cmake: 1.3.8 (/opt/ros/humble/share/ament_cmake/cmake)
[0.448s] -- Found Python3: /usr/local/bin/python3 (found version "3.10.12") found components: Interpreter 
[0.524s] -- Found rclcpp: 16.0.8 (/opt/ros/humble/share/rclcpp/cmake)
[0.564s] -- Found rosidl_generator_c: 3.1.5 (/opt/ros/humble/share/rosidl_generator_c/cmake)
[0.568s] -- Found rosidl_adapter: 3.1.5 (/opt/ros/humble/share/rosidl_adapter/cmake)
[0.576s] -- Found rosidl_generator_cpp: 3.1.5 (/opt/ros/humble/share/rosidl_generator_cpp/cmake)
[0.597s] -- Using all available rosidl_typesupport_c: rosidl_typesupport_fastrtps_c;rosidl_typesupport_introspection_c
[0.629s] -- Using all available rosidl_typesupport_cpp: rosidl_typesupport_fastrtps_cpp;rosidl_typesupport_introspection_cpp
[0.727s] -- Found rmw_implementation_cmake: 6.1.1 (/opt/ros/humble/share/rmw_implementation_cmake/cmake)
[0.730s] -- Found rmw_fastrtps_cpp: 6.2.6 (/opt/ros/humble/share/rmw_fastrtps_cpp/cmake)
[0.835s] -- Found OpenSSL: /usr/lib/x86_64-linux-gnu/libcrypto.so (found version "3.0.2")  
[0.858s] -- Found FastRTPS: /opt/ros/humble/include  
[0.900s] -- Using RMW implementation 'rmw_fastrtps_cpp' as default
[0.908s] -- Looking for pthread.h
[0.972s] -- Looking for pthread.h - found
[0.972s] -- Performing Test CMAKE_HAVE_LIBC_PTHREAD
[1.036s] -- Performing Test CMAKE_HAVE_LIBC_PTHREAD - Success
[1.037s] -- Found Threads: TRUE  
[1.192s] -- Found example_interfaces: 0.9.3 (/opt/ros/humble/share/example_interfaces/cmake)
[1.333s] -- Found geometry_msgs: 4.2.3 (/opt/ros/humble/share/geometry_msgs/cmake)
[1.374s] -- Found sensor_msgs: 4.2.3 (/opt/ros/humble/share/sensor_msgs/cmake)
[1.460s] -- Found OpenCV: /usr (found version "4.5.4") found components: core highgui imgcodecs imgproc videoio 
[1.461s] -- Found cv_bridge: 3.2.1 (/opt/ros/humble/share/cv_bridge/cmake)
[1.469s] -- Found ament_lint_auto: 0.12.10 (/opt/ros/humble/share/ament_lint_auto/cmake)
[1.544s] -- Added test 'copyright' to check source files copyright and LICENSE
[1.546s] -- Added test 'cppcheck' to perform static code analysis on C / C++ code
[1.546s] -- Configured cppcheck include dirs: /home/lucasjko/sdfr_ws/src/relbot_simulator/include;$<BUILD_INTERFACE:/home/lucasjko/sdfr_ws/src/relbot_simulator/include>
[1.547s] -- Configured cppcheck exclude dirs and/or files: 
[1.548s] -- Added test 'cpplint' to check C / C++ code against the Google style
[1.548s] -- Configured cpplint exclude dirs and/or files: 
[1.549s] -- Added test 'flake8' to check Python code syntax and style conventions
[1.550s] -- Added test 'lint_cmake' to check CMake code style
[1.550s] -- Added test 'pep257' to check Python code against some of the docstring style conventions in PEP 257
[1.552s] -- Added test 'uncrustify' to check C / C++ code style
[1.552s] -- Configured uncrustify additional arguments: 
[1.553s] -- Added test 'xmllint' to check XML markup files
[1.554s] -- Configuring done
[1.569s] -- Generating done
[1.570s] -- Build files have been written to: /home/lucasjko/sdfr_ws/build/relbot_simulator
[1.579s] Invoked command in '/home/lucasjko/sdfr_ws/build/relbot_simulator' returned '0': CMAKE_PREFIX_PATH=/opt/ros/humble /usr/bin/cmake /home/lucasjko/sdfr_ws/src/relbot_simulator -DCMAKE_INSTALL_PREFIX=/home/lucasjko/sdfr_ws/install/relbot_simulator
[1.581s] Invoking command in '/home/lucasjko/sdfr_ws/build/relbot_simulator': CMAKE_PREFIX_PATH=/opt/ros/humble /usr/bin/cmake --build /home/lucasjko/sdfr_ws/build/relbot_simulator -- -j8 -l8
[1.626s] [ 66%] [32mBuilding CXX object CMakeFiles/relbot_simulator.dir/src/relbot_simulator.cpp.o[0m
[1.626s] [ 66%] [32mBuilding CXX object CMakeFiles/relbot_simulator.dir/src/dynamics_simulation.cpp.o[0m
[14.859s] [100%] [32m[1mLinking CXX executable relbot_simulator[0m
[15.902s] [100%] Built target relbot_simulator
[15.913s] Invoked command in '/home/lucasjko/sdfr_ws/build/relbot_simulator' returned '0': CMAKE_PREFIX_PATH=/opt/ros/humble /usr/bin/cmake --build /home/lucasjko/sdfr_ws/build/relbot_simulator -- -j8 -l8
[15.935s] Invoking command in '/home/lucasjko/sdfr_ws/build/relbot_simulator': CMAKE_PREFIX_PATH=/opt/ros/humble /usr/bin/cmake --install /home/lucasjko/sdfr_ws/build/relbot_simulator
[15.943s] -- Install configuration: ""
[15.943s] -- Installing: /home/lucasjko/sdfr_ws/install/relbot_simulator/lib/relbot_simulator/relbot_simulator
[15.950s] -- Set runtime path of "/home/lucasjko/sdfr_ws/install/relbot_simulator/lib/relbot_simulator/relbot_simulator" to ""
[15.950s] -- Installing: /home/lucasjko/sdfr_ws/install/relbot_simulator/share/ament_index/resource_index/package_run_dependencies/relbot_simulator
[15.950s] -- Installing: /home/lucasjko/sdfr_ws/install/relbot_simulator/share/ament_index/resource_index/parent_prefix_path/relbot_simulator
[15.951s] -- Installing: /home/lucasjko/sdfr_ws/install/relbot_simulator/share/relbot_simulator/environment/ament_prefix_path.sh
[15.951s] -- Installing: /home/lucasjko/sdfr_ws/install/relbot_simulator/share/relbot_simulator/environment/ament_prefix_path.dsv
[15.951s] -- Installing: /home/lucasjko/sdfr_ws/install/relbot_simulator/share/relbot_simulator/environment/path.sh
[15.951s] -- Installing: /home/lucasjko/sdfr_ws/install/relbot_simulator/share/relbot_simulator/environment/path.dsv
[15.952s] -- Installing: /home/lucasjko/sdfr_ws/install/relbot_simulator/share/relbot_simulator/local_setup.bash
[15.952s] -- Installing: /home/lucasjko/sdfr_ws/install/relbot_simulator/share/relbot_simulator/local_setup.sh
[15.952s] -- Installing: /home/lucasjko/sdfr_ws/install/relbot_simulator/share/relbot_simulator/local_setup.zsh
[15.952s] -- Installing: /home/lucasjko/sdfr_ws/install/relbot_simulator/share/relbot_simulator/local_setup.dsv
[15.953s] -- Installing: /home/lucasjko/sdfr_ws/install/relbot_simulator/share/relbot_simulator/package.dsv
[15.953s] -- Installing: /home/lucasjko/sdfr_ws/install/relbot_simulator/share/ament_index/resource_index/packages/relbot_simulator
[15.953s] -- Installing: /home/lucasjko/sdfr_ws/install/relbot_simulator/share/relbot_simulator/cmake/relbot_simulatorConfig.cmake
[15.953s] -- Installing: /home/lucasjko/sdfr_ws/install/relbot_simulator/share/relbot_simulator/cmake/relbot_simulatorConfig-version.cmake
[15.954s] -- Installing: /home/lucasjko/sdfr_ws/install/relbot_simulator/share/relbot_simulator/package.xml
[15.954s] -- Installing: /home/lucasjko/sdfr_ws/install/relbot_simulator/share/relbot_simulator//launch
[15.954s] -- Installing: /home/lucasjko/sdfr_ws/install/relbot_simulator/share/relbot_simulator//launch/relbot_simulator.launch.py
[15.956s] Invoked command in '/home/lucasjko/sdfr_ws/build/relbot_simulator' returned '0': CMAKE_PREFIX_PATH=/opt/ros/humble /usr/bin/cmake --install /home/lucasjko/sdfr_ws/build/relbot_simulator
