[0.020s] Invoking command in '/home/lucasjko/sdfr_ws/build/ball_detection': CMAKE_PREFIX_PATH=/home/lucasjko/sdfr_ws/install/robot_image_messages:/home/lucasjko/sdfr_ws/install/image_functions_sdfr:/home/lucasjko/sdfr_ws/install/ros2_introduction:/home/lucasjko/sdfr_ws/install/motion_controller:/home/lucasjko/sdfr_ws/install/ball_detection:/opt/ros/humble /usr/bin/cmake --build /home/lucasjko/sdfr_ws/build/ball_detection -- -j8 -l8
[0.075s] [35m[1mConsolidate compiler generated dependencies of target find_ball[0m
[0.113s] [100%] Built target find_ball
[0.126s] Invoked command in '/home/lucasjko/sdfr_ws/build/ball_detection' returned '0': CMAKE_PREFIX_PATH=/home/lucasjko/sdfr_ws/install/robot_image_messages:/home/lucasjko/sdfr_ws/install/image_functions_sdfr:/home/lucasjko/sdfr_ws/install/ros2_introduction:/home/lucasjko/sdfr_ws/install/motion_controller:/home/lucasjko/sdfr_ws/install/ball_detection:/opt/ros/humble /usr/bin/cmake --build /home/lucasjko/sdfr_ws/build/ball_detection -- -j8 -l8
[0.158s] Invoking command in '/home/lucasjko/sdfr_ws/build/ball_detection': CMAKE_PREFIX_PATH=/home/lucasjko/sdfr_ws/install/robot_image_messages:/home/lucasjko/sdfr_ws/install/image_functions_sdfr:/home/lucasjko/sdfr_ws/install/ros2_introduction:/home/lucasjko/sdfr_ws/install/motion_controller:/home/lucasjko/sdfr_ws/install/ball_detection:/opt/ros/humble /usr/bin/cmake --install /home/lucasjko/sdfr_ws/build/ball_detection
[0.167s] -- Install configuration: ""
[0.168s] -- Up-to-date: /home/lucasjko/sdfr_ws/install/ball_detection/lib/ball_detection/find_ball
[0.168s] -- Up-to-date: /home/lucasjko/sdfr_ws/install/ball_detection/share/ament_index/resource_index/package_run_dependencies/ball_detection
[0.168s] -- Up-to-date: /home/lucasjko/sdfr_ws/install/ball_detection/share/ament_index/resource_index/parent_prefix_path/ball_detection
[0.168s] -- Up-to-date: /home/lucasjko/sdfr_ws/install/ball_detection/share/ball_detection/environment/ament_prefix_path.sh
[0.169s] -- Up-to-date: /home/lucasjko/sdfr_ws/install/ball_detection/share/ball_detection/environment/ament_prefix_path.dsv
[0.169s] -- Up-to-date: /home/lucasjko/sdfr_ws/install/ball_detection/share/ball_detection/environment/path.sh
[0.169s] -- Up-to-date: /home/lucasjko/sdfr_ws/install/ball_detection/share/ball_detection/environment/path.dsv
[0.169s] -- Up-to-date: /home/lucasjko/sdfr_ws/install/ball_detection/share/ball_detection/local_setup.bash
[0.169s] -- Up-to-date: /home/lucasjko/sdfr_ws/install/ball_detection/share/ball_detection/local_setup.sh
[0.169s] -- Up-to-date: /home/lucasjko/sdfr_ws/install/ball_detection/share/ball_detection/local_setup.zsh
[0.170s] -- Up-to-date: /home/lucasjko/sdfr_ws/install/ball_detection/share/ball_detection/local_setup.dsv
[0.170s] -- Installing: /home/lucasjko/sdfr_ws/install/ball_detection/share/ball_detection/package.dsv
[0.170s] -- Up-to-date: /home/lucasjko/sdfr_ws/install/ball_detection/share/ament_index/resource_index/packages/ball_detection
[0.170s] -- Up-to-date: /home/lucasjko/sdfr_ws/install/ball_detection/share/ball_detection/cmake/ball_detectionConfig.cmake
[0.171s] -- Up-to-date: /home/lucasjko/sdfr_ws/install/ball_detection/share/ball_detection/cmake/ball_detectionConfig-version.cmake
[0.171s] -- Up-to-date: /home/lucasjko/sdfr_ws/install/ball_detection/share/ball_detection/package.xml
[0.172s] Invoked command in '/home/lucasjko/sdfr_ws/build/ball_detection' returned '0': CMAKE_PREFIX_PATH=/home/lucasjko/sdfr_ws/install/robot_image_messages:/home/lucasjko/sdfr_ws/install/image_functions_sdfr:/home/lucasjko/sdfr_ws/install/ros2_introduction:/home/lucasjko/sdfr_ws/install/motion_controller:/home/lucasjko/sdfr_ws/install/ball_detection:/opt/ros/humble /usr/bin/cmake --install /home/lucasjko/sdfr_ws/build/ball_detection
