[0.021s] Invoking command in '/home/lucasjko/sdfr_ws/build/relbot_simulator': CMAKE_PREFIX_PATH=${CMAKE_PREFIX_PATH}:/opt/ros/humble /usr/bin/cmake --build /home/lucasjko/sdfr_ws/build/relbot_simulator -- -j8 -l8
[0.097s] [ 33%] [32mBuilding CXX object CMakeFiles/relbot_simulator.dir/src/relbot_simulator.cpp.o[0m
[13.159s] [ 66%] [32m[1mLinking CXX executable relbot_simulator[0m
[14.298s] [100%] Built target relbot_simulator
[14.309s] Invoked command in '/home/lucasjko/sdfr_ws/build/relbot_simulator' returned '0': CMAKE_PREFIX_PATH=${CMAKE_PREFIX_PATH}:/opt/ros/humble /usr/bin/cmake --build /home/lucasjko/sdfr_ws/build/relbot_simulator -- -j8 -l8
[14.334s] Invoking command in '/home/lucasjko/sdfr_ws/build/relbot_simulator': CMAKE_PREFIX_PATH=${CMAKE_PREFIX_PATH}:/opt/ros/humble /usr/bin/cmake --install /home/lucasjko/sdfr_ws/build/relbot_simulator
[14.341s] -- Install configuration: ""
[14.341s] -- Installing: /home/lucasjko/sdfr_ws/install/relbot_simulator/lib/relbot_simulator/relbot_simulator
[14.351s] -- Set runtime path of "/home/lucasjko/sdfr_ws/install/relbot_simulator/lib/relbot_simulator/relbot_simulator" to ""
[14.352s] -- Up-to-date: /home/lucasjko/sdfr_ws/install/relbot_simulator/share/ament_index/resource_index/package_run_dependencies/relbot_simulator
[14.352s] -- Up-to-date: /home/lucasjko/sdfr_ws/install/relbot_simulator/share/ament_index/resource_index/parent_prefix_path/relbot_simulator
[14.352s] -- Up-to-date: /home/lucasjko/sdfr_ws/install/relbot_simulator/share/relbot_simulator/environment/ament_prefix_path.sh
[14.352s] -- Up-to-date: /home/lucasjko/sdfr_ws/install/relbot_simulator/share/relbot_simulator/environment/ament_prefix_path.dsv
[14.352s] -- Up-to-date: /home/lucasjko/sdfr_ws/install/relbot_simulator/share/relbot_simulator/environment/path.sh
[14.352s] -- Up-to-date: /home/lucasjko/sdfr_ws/install/relbot_simulator/share/relbot_simulator/environment/path.dsv
[14.352s] -- Up-to-date: /home/lucasjko/sdfr_ws/install/relbot_simulator/share/relbot_simulator/local_setup.bash
[14.352s] -- Up-to-date: /home/lucasjko/sdfr_ws/install/relbot_simulator/share/relbot_simulator/local_setup.sh
[14.352s] -- Up-to-date: /home/lucasjko/sdfr_ws/install/relbot_simulator/share/relbot_simulator/local_setup.zsh
[14.353s] -- Up-to-date: /home/lucasjko/sdfr_ws/install/relbot_simulator/share/relbot_simulator/local_setup.dsv
[14.353s] -- Installing: /home/lucasjko/sdfr_ws/install/relbot_simulator/share/relbot_simulator/package.dsv
[14.353s] -- Up-to-date: /home/lucasjko/sdfr_ws/install/relbot_simulator/share/ament_index/resource_index/packages/relbot_simulator
[14.353s] -- Up-to-date: /home/lucasjko/sdfr_ws/install/relbot_simulator/share/relbot_simulator/cmake/relbot_simulatorConfig.cmake
[14.353s] -- Up-to-date: /home/lucasjko/sdfr_ws/install/relbot_simulator/share/relbot_simulator/cmake/relbot_simulatorConfig-version.cmake
[14.353s] -- Up-to-date: /home/lucasjko/sdfr_ws/install/relbot_simulator/share/relbot_simulator/package.xml
[14.353s] -- Up-to-date: /home/lucasjko/sdfr_ws/install/relbot_simulator/share/relbot_simulator//launch
[14.353s] -- Up-to-date: /home/lucasjko/sdfr_ws/install/relbot_simulator/share/relbot_simulator//launch/relbot_simulator.launch.py
[14.355s] Invoked command in '/home/lucasjko/sdfr_ws/build/relbot_simulator' returned '0': CMAKE_PREFIX_PATH=${CMAKE_PREFIX_PATH}:/opt/ros/humble /usr/bin/cmake --install /home/lucasjko/sdfr_ws/build/relbot_simulator
