[0.013s] Invoking command in '/home/lucasjko/sdfr_ws/build/ball_detection': CMAKE_PREFIX_PATH=/home/lucasjko/sdfr_ws/install/image_functions_sdfr:/home/lucasjko/sdfr_ws/install/ball_detection_message:/home/lucasjko/sdfr_ws/install/ros2_introduction:/home/lucasjko/sdfr_ws/install/ros2_introduction_message:/home/lucasjko/sdfr_ws/install/ball_detection:/opt/ros/humble LD_LIBRARY_PATH=/home/lucasjko/sdfr_ws/install/image_functions_sdfr/lib:/home/lucasjko/sdfr_ws/install/ball_detection_message/lib:/home/lucasjko/sdfr_ws/install/ros2_introduction_message/lib:/opt/ros/humble/opt/rviz_ogre_vendor/lib:/opt/ros/humble/lib/x86_64-linux-gnu:/opt/ros/humble/lib /usr/bin/cmake --build /home/lucasjko/sdfr_ws/build/ball_detection -- -j8 -l8
[0.056s] [35m[1mConsolidate compiler generated dependencies of target find_ball_exe[0m
[0.074s] [ 50%] [32mBuilding CXX object CMakeFiles/find_ball_exe.dir/src/find_ball.cpp.o[0m
[2.124s] In file included from [01m[K/home/lucasjko/sdfr_ws/src/ball_detection/src/find_ball.cpp:2[m[K:
[2.124s] [01m[K/home/lucasjko/sdfr_ws/src/ball_detection/include/ball_detection/image_processing.hpp:38:29:[m[K [01;35m[Kwarning: [m[Kuse of ‘[01m[Kauto[m[K’ in parameter declaration only available with ‘[01m[K-std=c++20[m[K’ or ‘[01m[K-fconcepts[m[K’
[2.125s]    38 |         void getBinaryImage([01;35m[Kauto[m[K &img, int &width, int &height); // check pointer
[2.125s]       |                             [01;35m[K^~~~[m[K
[2.137s] [01m[K/home/lucasjko/sdfr_ws/src/ball_detection/src/find_ball.cpp:[m[K In member function ‘[01m[Kvoid FindBall::image_callback(sensor_msgs::msg::Image_<std::allocator<void> >::ConstSharedPtr)[m[K’:
[2.137s] [01m[K/home/lucasjko/sdfr_ws/src/ball_detection/src/find_ball.cpp:23:27:[m[K [01;31m[Kerror: [m[K‘[01m[Kvoid ImageProcessing::getBinaryImage(auto:40&, int&, int&) [with auto:40 = std::shared_ptr<const sensor_msgs::msg::Image_<std::allocator<void> > >][m[K’ is private within this context
[2.138s]    23 |     [01;31m[KobjPtr->getBinaryImage(img, imageWidth, imageHeight)[m[K;
[2.138s]       |     [01;31m[K~~~~~~~~~~~~~~~~~~~~~~^~~~~~~~~~~~~~~~~~~~~~~~~~~~~~[m[K
[2.138s] In file included from [01m[K/home/lucasjko/sdfr_ws/src/ball_detection/src/find_ball.cpp:2[m[K:
[2.138s] [01m[K/home/lucasjko/sdfr_ws/src/ball_detection/include/ball_detection/image_processing.hpp:38:14:[m[K [01;36m[Knote: [m[Kdeclared private here
[2.138s]    38 |         void [01;36m[KgetBinaryImage[m[K(auto &img, int &width, int &height); // check pointer
[2.138s]       |              [01;36m[K^~~~~~~~~~~~~~[m[K
[2.141s] [01m[K/home/lucasjko/sdfr_ws/src/ball_detection/src/find_ball.cpp:[m[K At global scope:
[2.141s] [01m[K/home/lucasjko/sdfr_ws/src/ball_detection/src/find_ball.cpp:29:5:[m[K [01;31m[Kerror: [m[K‘[01m[KdebuggingToolMsg[m[K’ does not name a type
[2.141s]    29 |     [01;31m[KdebuggingToolMsg[m[K.data = ImageProcessing::getBinaryImage (img, imageWidth, imageHeight);
[2.141s]       |     [01;31m[K^~~~~~~~~~~~~~~~[m[K
[2.145s] [01m[K/home/lucasjko/sdfr_ws/src/ball_detection/src/find_ball.cpp:30:5:[m[K [01;31m[Kerror: [m[K‘[01m[KpublisherDebbugingTool_[m[K’ does not name a type
[2.145s]    30 |     [01;31m[KpublisherDebbugingTool_[m[K->publish(debuggingToolMsg);
[2.145s]       |     [01;31m[K^~~~~~~~~~~~~~~~~~~~~~~[m[K
[2.145s] [01m[K/home/lucasjko/sdfr_ws/src/ball_detection/src/find_ball.cpp:31:1:[m[K [01;31m[Kerror: [m[Kexpected declaration before ‘[01m[K}[m[K’ token
[2.145s]    31 | [01;31m[K}[m[K
[2.145s]       | [01;31m[K^[m[K
[4.221s] gmake[2]: *** [CMakeFiles/find_ball_exe.dir/build.make:76: CMakeFiles/find_ball_exe.dir/src/find_ball.cpp.o] Error 1
[4.221s] gmake[1]: *** [CMakeFiles/Makefile2:137: CMakeFiles/find_ball_exe.dir/all] Error 2
[4.221s] gmake: *** [Makefile:146: all] Error 2
[4.223s] Invoked command in '/home/lucasjko/sdfr_ws/build/ball_detection' returned '2': CMAKE_PREFIX_PATH=/home/lucasjko/sdfr_ws/install/image_functions_sdfr:/home/lucasjko/sdfr_ws/install/ball_detection_message:/home/lucasjko/sdfr_ws/install/ros2_introduction:/home/lucasjko/sdfr_ws/install/ros2_introduction_message:/home/lucasjko/sdfr_ws/install/ball_detection:/opt/ros/humble LD_LIBRARY_PATH=/home/lucasjko/sdfr_ws/install/image_functions_sdfr/lib:/home/lucasjko/sdfr_ws/install/ball_detection_message/lib:/home/lucasjko/sdfr_ws/install/ros2_introduction_message/lib:/opt/ros/humble/opt/rviz_ogre_vendor/lib:/opt/ros/humble/lib/x86_64-linux-gnu:/opt/ros/humble/lib /usr/bin/cmake --build /home/lucasjko/sdfr_ws/build/ball_detection -- -j8 -l8
