[0.194s] DEBUG:colcon:Command line arguments: ['/usr/bin/colcon', 'list', '-p', '--base-paths', '/home/lucasjko/sdfr_ws']
[0.195s] DEBUG:colcon:Parsed command line arguments: Namespace(log_base=None, log_level=None, verb_name='list', build_base='build', ignore_user_meta=False, metas=['./colcon.meta'], base_paths=['/home/lucasjko/sdfr_ws'], packages_ignore=None, packages_ignore_regex=None, paths=None, packages_up_to=None, packages_up_to_regex=None, packages_above=None, packages_above_and_dependencies=None, packages_above_depth=None, packages_select_by_dep=None, packages_skip_by_dep=None, packages_skip_up_to=None, packages_select_build_failed=False, packages_skip_build_finished=False, packages_select_test_failures=False, packages_skip_test_passed=False, packages_select=None, packages_skip=None, packages_select_regex=None, packages_skip_regex=None, packages_start=None, packages_end=None, allow_overriding=[], topological_order=False, names_only=False, paths_only=True, topological_graph=False, topological_graph_dot=False, topological_graph_density=False, topological_graph_legend=False, topological_graph_dot_cluster=False, topological_graph_dot_include_skipped=False, verb_parser=<colcon_defaults.argument_parser.defaults.DefaultArgumentsDecorator object at 0x73dd9c57d8d0>, verb_extension=<colcon_package_information.verb.list.ListVerb object at 0x73dd9c57c7f0>, main=<bound method ListVerb.main of <colcon_package_information.verb.list.ListVerb object at 0x73dd9c57c7f0>>)
[0.496s] Level 1:colcon.colcon_core.package_discovery:discover_packages(colcon_meta) check parameters
[0.497s] Level 1:colcon.colcon_core.package_discovery:discover_packages(recursive) check parameters
[0.497s] Level 1:colcon.colcon_core.package_discovery:discover_packages(ignore) check parameters
[0.497s] Level 1:colcon.colcon_core.package_discovery:discover_packages(path) check parameters
[0.498s] Level 1:colcon.colcon_core.package_discovery:discover_packages(recursive) discover
[0.498s] INFO:colcon.colcon_core.package_discovery:Crawling recursively for packages in '/home/lucasjko/sdfr_ws'
[0.498s] Level 1:colcon.colcon_core.package_identification:_identify(/home/lucasjko/sdfr_ws) by extensions ['ignore', 'ignore_ament_install']
[0.499s] Level 1:colcon.colcon_core.package_identification:_identify(/home/lucasjko/sdfr_ws) by extension 'ignore'
[0.500s] Level 1:colcon.colcon_core.package_identification:_identify(/home/lucasjko/sdfr_ws) by extension 'ignore_ament_install'
[0.500s] Level 1:colcon.colcon_core.package_identification:_identify(/home/lucasjko/sdfr_ws) by extensions ['colcon_pkg']
[0.500s] Level 1:colcon.colcon_core.package_identification:_identify(/home/lucasjko/sdfr_ws) by extension 'colcon_pkg'
[0.501s] Level 1:colcon.colcon_core.package_identification:_identify(/home/lucasjko/sdfr_ws) by extensions ['colcon_meta']
[0.501s] Level 1:colcon.colcon_core.package_identification:_identify(/home/lucasjko/sdfr_ws) by extension 'colcon_meta'
[0.501s] Level 1:colcon.colcon_core.package_identification:_identify(/home/lucasjko/sdfr_ws) by extensions ['ros']
[0.502s] Level 1:colcon.colcon_core.package_identification:_identify(/home/lucasjko/sdfr_ws) by extension 'ros'
[0.522s] Level 1:colcon.colcon_core.package_identification:_identify(/home/lucasjko/sdfr_ws) by extensions ['cmake', 'python']
[0.522s] Level 1:colcon.colcon_core.package_identification:_identify(/home/lucasjko/sdfr_ws) by extension 'cmake'
[0.522s] Level 1:colcon.colcon_core.package_identification:_identify(/home/lucasjko/sdfr_ws) by extension 'python'
[0.523s] Level 1:colcon.colcon_core.package_identification:_identify(/home/lucasjko/sdfr_ws) by extensions ['python_setup_py']
[0.523s] Level 1:colcon.colcon_core.package_identification:_identify(/home/lucasjko/sdfr_ws) by extension 'python_setup_py'
[0.523s] Level 1:colcon.colcon_core.package_identification:_identify(/home/lucasjko/sdfr_ws/build) by extensions ['ignore', 'ignore_ament_install']
[0.524s] Level 1:colcon.colcon_core.package_identification:_identify(/home/lucasjko/sdfr_ws/build) by extension 'ignore'
[0.524s] Level 1:colcon.colcon_core.package_identification:_identify(/home/lucasjko/sdfr_ws/build) ignored
[0.524s] Level 1:colcon.colcon_core.package_identification:_identify(/home/lucasjko/sdfr_ws/install) by extensions ['ignore', 'ignore_ament_install']
[0.524s] Level 1:colcon.colcon_core.package_identification:_identify(/home/lucasjko/sdfr_ws/install) by extension 'ignore'
[0.525s] Level 1:colcon.colcon_core.package_identification:_identify(/home/lucasjko/sdfr_ws/install) ignored
[0.525s] Level 1:colcon.colcon_core.package_identification:_identify(/home/lucasjko/sdfr_ws/log) by extensions ['ignore', 'ignore_ament_install']
[0.526s] Level 1:colcon.colcon_core.package_identification:_identify(/home/lucasjko/sdfr_ws/log) by extension 'ignore'
[0.526s] Level 1:colcon.colcon_core.package_identification:_identify(/home/lucasjko/sdfr_ws/log) ignored
[0.526s] Level 1:colcon.colcon_core.package_identification:_identify(/home/lucasjko/sdfr_ws/src) by extensions ['ignore', 'ignore_ament_install']
[0.526s] Level 1:colcon.colcon_core.package_identification:_identify(/home/lucasjko/sdfr_ws/src) by extension 'ignore'
[0.526s] Level 1:colcon.colcon_core.package_identification:_identify(/home/lucasjko/sdfr_ws/src) by extension 'ignore_ament_install'
[0.526s] Level 1:colcon.colcon_core.package_identification:_identify(/home/lucasjko/sdfr_ws/src) by extensions ['colcon_pkg']
[0.526s] Level 1:colcon.colcon_core.package_identification:_identify(/home/lucasjko/sdfr_ws/src) by extension 'colcon_pkg'
[0.526s] Level 1:colcon.colcon_core.package_identification:_identify(/home/lucasjko/sdfr_ws/src) by extensions ['colcon_meta']
[0.527s] Level 1:colcon.colcon_core.package_identification:_identify(/home/lucasjko/sdfr_ws/src) by extension 'colcon_meta'
[0.527s] Level 1:colcon.colcon_core.package_identification:_identify(/home/lucasjko/sdfr_ws/src) by extensions ['ros']
[0.527s] Level 1:colcon.colcon_core.package_identification:_identify(/home/lucasjko/sdfr_ws/src) by extension 'ros'
[0.527s] Level 1:colcon.colcon_core.package_identification:_identify(/home/lucasjko/sdfr_ws/src) by extensions ['cmake', 'python']
[0.527s] Level 1:colcon.colcon_core.package_identification:_identify(/home/lucasjko/sdfr_ws/src) by extension 'cmake'
[0.527s] Level 1:colcon.colcon_core.package_identification:_identify(/home/lucasjko/sdfr_ws/src) by extension 'python'
[0.527s] Level 1:colcon.colcon_core.package_identification:_identify(/home/lucasjko/sdfr_ws/src) by extensions ['python_setup_py']
[0.527s] Level 1:colcon.colcon_core.package_identification:_identify(/home/lucasjko/sdfr_ws/src) by extension 'python_setup_py'
[0.527s] Level 1:colcon.colcon_core.package_identification:_identify(/home/lucasjko/sdfr_ws/src/ball_detection) by extensions ['ignore', 'ignore_ament_install']
[0.527s] Level 1:colcon.colcon_core.package_identification:_identify(/home/lucasjko/sdfr_ws/src/ball_detection) by extension 'ignore'
[0.527s] Level 1:colcon.colcon_core.package_identification:_identify(/home/lucasjko/sdfr_ws/src/ball_detection) by extension 'ignore_ament_install'
[0.528s] Level 1:colcon.colcon_core.package_identification:_identify(/home/lucasjko/sdfr_ws/src/ball_detection) by extensions ['colcon_pkg']
[0.528s] Level 1:colcon.colcon_core.package_identification:_identify(/home/lucasjko/sdfr_ws/src/ball_detection) by extension 'colcon_pkg'
[0.528s] Level 1:colcon.colcon_core.package_identification:_identify(/home/lucasjko/sdfr_ws/src/ball_detection) by extensions ['colcon_meta']
[0.528s] Level 1:colcon.colcon_core.package_identification:_identify(/home/lucasjko/sdfr_ws/src/ball_detection) by extension 'colcon_meta'
[0.528s] Level 1:colcon.colcon_core.package_identification:_identify(/home/lucasjko/sdfr_ws/src/ball_detection) by extensions ['ros']
[0.528s] Level 1:colcon.colcon_core.package_identification:_identify(/home/lucasjko/sdfr_ws/src/ball_detection) by extension 'ros'
[0.552s] DEBUG:colcon.colcon_core.package_identification:Package '/home/lucasjko/sdfr_ws/src/ball_detection' with type 'ros.ament_cmake' and name 'ball_detection'
[0.552s] Level 1:colcon.colcon_core.package_identification:_identify(/home/lucasjko/sdfr_ws/src/image_functions_sdfr) by extensions ['ignore', 'ignore_ament_install']
[0.553s] Level 1:colcon.colcon_core.package_identification:_identify(/home/lucasjko/sdfr_ws/src/image_functions_sdfr) by extension 'ignore'
[0.553s] Level 1:colcon.colcon_core.package_identification:_identify(/home/lucasjko/sdfr_ws/src/image_functions_sdfr) by extension 'ignore_ament_install'
[0.553s] Level 1:colcon.colcon_core.package_identification:_identify(/home/lucasjko/sdfr_ws/src/image_functions_sdfr) by extensions ['colcon_pkg']
[0.553s] Level 1:colcon.colcon_core.package_identification:_identify(/home/lucasjko/sdfr_ws/src/image_functions_sdfr) by extension 'colcon_pkg'
[0.553s] Level 1:colcon.colcon_core.package_identification:_identify(/home/lucasjko/sdfr_ws/src/image_functions_sdfr) by extensions ['colcon_meta']
[0.553s] Level 1:colcon.colcon_core.package_identification:_identify(/home/lucasjko/sdfr_ws/src/image_functions_sdfr) by extension 'colcon_meta'
[0.553s] Level 1:colcon.colcon_core.package_identification:_identify(/home/lucasjko/sdfr_ws/src/image_functions_sdfr) by extensions ['ros']
[0.553s] Level 1:colcon.colcon_core.package_identification:_identify(/home/lucasjko/sdfr_ws/src/image_functions_sdfr) by extension 'ros'
[0.554s] DEBUG:colcon.colcon_core.package_identification:Package '/home/lucasjko/sdfr_ws/src/image_functions_sdfr' with type 'ros.ament_cmake' and name 'image_functions_sdfr'
[0.554s] Level 1:colcon.colcon_core.package_identification:_identify(/home/lucasjko/sdfr_ws/src/motion_controller) by extensions ['ignore', 'ignore_ament_install']
[0.555s] Level 1:colcon.colcon_core.package_identification:_identify(/home/lucasjko/sdfr_ws/src/motion_controller) by extension 'ignore'
[0.555s] Level 1:colcon.colcon_core.package_identification:_identify(/home/lucasjko/sdfr_ws/src/motion_controller) by extension 'ignore_ament_install'
[0.555s] Level 1:colcon.colcon_core.package_identification:_identify(/home/lucasjko/sdfr_ws/src/motion_controller) by extensions ['colcon_pkg']
[0.555s] Level 1:colcon.colcon_core.package_identification:_identify(/home/lucasjko/sdfr_ws/src/motion_controller) by extension 'colcon_pkg'
[0.555s] Level 1:colcon.colcon_core.package_identification:_identify(/home/lucasjko/sdfr_ws/src/motion_controller) by extensions ['colcon_meta']
[0.555s] Level 1:colcon.colcon_core.package_identification:_identify(/home/lucasjko/sdfr_ws/src/motion_controller) by extension 'colcon_meta'
[0.555s] Level 1:colcon.colcon_core.package_identification:_identify(/home/lucasjko/sdfr_ws/src/motion_controller) by extensions ['ros']
[0.555s] Level 1:colcon.colcon_core.package_identification:_identify(/home/lucasjko/sdfr_ws/src/motion_controller) by extension 'ros'
[0.557s] DEBUG:colcon.colcon_core.package_identification:Package '/home/lucasjko/sdfr_ws/src/motion_controller' with type 'ros.ament_cmake' and name 'motion_controller'
[0.557s] Level 1:colcon.colcon_core.package_identification:_identify(/home/lucasjko/sdfr_ws/src/robot_image_messages) by extensions ['ignore', 'ignore_ament_install']
[0.557s] Level 1:colcon.colcon_core.package_identification:_identify(/home/lucasjko/sdfr_ws/src/robot_image_messages) by extension 'ignore'
[0.557s] Level 1:colcon.colcon_core.package_identification:_identify(/home/lucasjko/sdfr_ws/src/robot_image_messages) by extension 'ignore_ament_install'
[0.557s] Level 1:colcon.colcon_core.package_identification:_identify(/home/lucasjko/sdfr_ws/src/robot_image_messages) by extensions ['colcon_pkg']
[0.557s] Level 1:colcon.colcon_core.package_identification:_identify(/home/lucasjko/sdfr_ws/src/robot_image_messages) by extension 'colcon_pkg'
[0.557s] Level 1:colcon.colcon_core.package_identification:_identify(/home/lucasjko/sdfr_ws/src/robot_image_messages) by extensions ['colcon_meta']
[0.557s] Level 1:colcon.colcon_core.package_identification:_identify(/home/lucasjko/sdfr_ws/src/robot_image_messages) by extension 'colcon_meta'
[0.557s] Level 1:colcon.colcon_core.package_identification:_identify(/home/lucasjko/sdfr_ws/src/robot_image_messages) by extensions ['ros']
[0.557s] Level 1:colcon.colcon_core.package_identification:_identify(/home/lucasjko/sdfr_ws/src/robot_image_messages) by extension 'ros'
[0.559s] DEBUG:colcon.colcon_core.package_identification:Package '/home/lucasjko/sdfr_ws/src/robot_image_messages' with type 'ros.ament_cmake' and name 'robot_image_messages'
[0.559s] Level 1:colcon.colcon_core.package_identification:_identify(/home/lucasjko/sdfr_ws/src/ros2_introduction) by extensions ['ignore', 'ignore_ament_install']
[0.559s] Level 1:colcon.colcon_core.package_identification:_identify(/home/lucasjko/sdfr_ws/src/ros2_introduction) by extension 'ignore'
[0.559s] Level 1:colcon.colcon_core.package_identification:_identify(/home/lucasjko/sdfr_ws/src/ros2_introduction) by extension 'ignore_ament_install'
[0.559s] Level 1:colcon.colcon_core.package_identification:_identify(/home/lucasjko/sdfr_ws/src/ros2_introduction) by extensions ['colcon_pkg']
[0.559s] Level 1:colcon.colcon_core.package_identification:_identify(/home/lucasjko/sdfr_ws/src/ros2_introduction) by extension 'colcon_pkg'
[0.559s] Level 1:colcon.colcon_core.package_identification:_identify(/home/lucasjko/sdfr_ws/src/ros2_introduction) by extensions ['colcon_meta']
[0.560s] Level 1:colcon.colcon_core.package_identification:_identify(/home/lucasjko/sdfr_ws/src/ros2_introduction) by extension 'colcon_meta'
[0.560s] Level 1:colcon.colcon_core.package_identification:_identify(/home/lucasjko/sdfr_ws/src/ros2_introduction) by extensions ['ros']
[0.560s] Level 1:colcon.colcon_core.package_identification:_identify(/home/lucasjko/sdfr_ws/src/ros2_introduction) by extension 'ros'
[0.562s] DEBUG:colcon.colcon_core.package_identification:Package '/home/lucasjko/sdfr_ws/src/ros2_introduction' with type 'ros.ament_cmake' and name 'ros2_introduction'
[0.562s] Level 1:colcon.colcon_core.package_discovery:discover_packages(recursive) using defaults
