[0.019s] Invoking command in '/home/lucasjko/sdfr_ws/build/motion_controller': CMAKE_PREFIX_PATH=/home/lucasjko/sdfr_ws/install/robot_image_messages:/home/lucasjko/sdfr_ws/install/image_functions_sdfr:/home/lucasjko/sdfr_ws/install/ros2_introduction:/home/lucasjko/sdfr_ws/install/motion_controller:/home/lucasjko/sdfr_ws/install/ball_detection:/opt/ros/humble /usr/bin/cmake --build /home/lucasjko/sdfr_ws/build/motion_controller -- -j8 -l8
[0.053s] -- Found ament_cmake: 1.3.8 (/opt/ros/humble/share/ament_cmake/cmake)
[0.201s] -- Found rclcpp: 16.0.8 (/opt/ros/humble/share/rclcpp/cmake)
[0.239s] -- Found rosidl_generator_c: 3.1.5 (/opt/ros/humble/share/rosidl_generator_c/cmake)
[0.243s] -- Found rosidl_adapter: 3.1.5 (/opt/ros/humble/share/rosidl_adapter/cmake)
[0.253s] -- Found rosidl_generator_cpp: 3.1.5 (/opt/ros/humble/share/rosidl_generator_cpp/cmake)
[0.272s] -- Using all available rosidl_typesupport_c: rosidl_typesupport_fastrtps_c;rosidl_typesupport_introspection_c
[0.298s] -- Using all available rosidl_typesupport_cpp: rosidl_typesupport_fastrtps_cpp;rosidl_typesupport_introspection_cpp
[0.396s] -- Found rmw_implementation_cmake: 6.1.1 (/opt/ros/humble/share/rmw_implementation_cmake/cmake)
[0.398s] -- Found rmw_fastrtps_cpp: 6.2.6 (/opt/ros/humble/share/rmw_fastrtps_cpp/cmake)
[0.540s] -- Using RMW implementation 'rmw_fastrtps_cpp' as default
[0.718s] -- Found sensor_msgs: 4.2.3 (/opt/ros/humble/share/sensor_msgs/cmake)
[0.885s] -- Found image_functions_sdfr: 2.1.0 (/home/lucasjko/sdfr_ws/install/image_functions_sdfr/share/image_functions_sdfr/cmake)
[0.891s] -- Found robot_image_messages: 1.0.0 (/home/lucasjko/sdfr_ws/install/robot_image_messages/share/robot_image_messages/cmake)
[0.913s] [31mCMake Error at CMakeLists.txt:49 (install):
[0.913s]   install TARGETS given target "DIRECTORY" which does not exist.
[0.913s] 
[0.913s] [0m
[0.976s] -- Configuring incomplete, errors occurred!
[0.976s] See also "/home/lucasjko/sdfr_ws/build/motion_controller/CMakeFiles/CMakeOutput.log".
[0.988s] gmake: *** [Makefile:308: cmake_check_build_system] Error 1
[0.990s] Invoked command in '/home/lucasjko/sdfr_ws/build/motion_controller' returned '2': CMAKE_PREFIX_PATH=/home/lucasjko/sdfr_ws/install/robot_image_messages:/home/lucasjko/sdfr_ws/install/image_functions_sdfr:/home/lucasjko/sdfr_ws/install/ros2_introduction:/home/lucasjko/sdfr_ws/install/motion_controller:/home/lucasjko/sdfr_ws/install/ball_detection:/opt/ros/humble /usr/bin/cmake --build /home/lucasjko/sdfr_ws/build/motion_controller -- -j8 -l8
