[0.018s] Invoking command in '/home/lucasjko/sdfr_ws/build/relbot_simulator': CMAKE_PREFIX_PATH=${CMAKE_PREFIX_PATH}:/opt/ros/humble /usr/bin/cmake --build /home/lucasjko/sdfr_ws/build/relbot_simulator -- -j8 -l8
[0.075s] [100%] Built target relbot_simulator
[0.096s] Invoked command in '/home/lucasjko/sdfr_ws/build/relbot_simulator' returned '0': CMAKE_PREFIX_PATH=${CMAKE_PREFIX_PATH}:/opt/ros/humble /usr/bin/cmake --build /home/lucasjko/sdfr_ws/build/relbot_simulator -- -j8 -l8
[0.130s] Invoking command in '/home/lucasjko/sdfr_ws/build/relbot_simulator': CMAKE_PREFIX_PATH=${CMAKE_PREFIX_PATH}:/opt/ros/humble /usr/bin/cmake --install /home/lucasjko/sdfr_ws/build/relbot_simulator
[0.141s] -- Install configuration: ""
[0.141s] -- Up-to-date: /home/lucasjko/sdfr_ws/install/relbot_simulator/lib/relbot_simulator/relbot_simulator
[0.141s] -- Up-to-date: /home/lucasjko/sdfr_ws/install/relbot_simulator/share/ament_index/resource_index/package_run_dependencies/relbot_simulator
[0.142s] -- Up-to-date: /home/lucasjko/sdfr_ws/install/relbot_simulator/share/ament_index/resource_index/parent_prefix_path/relbot_simulator
[0.142s] -- Up-to-date: /home/lucasjko/sdfr_ws/install/relbot_simulator/share/relbot_simulator/environment/ament_prefix_path.sh
[0.142s] -- Up-to-date: /home/lucasjko/sdfr_ws/install/relbot_simulator/share/relbot_simulator/environment/ament_prefix_path.dsv
[0.142s] -- Up-to-date: /home/lucasjko/sdfr_ws/install/relbot_simulator/share/relbot_simulator/environment/path.sh
[0.143s] -- Up-to-date: /home/lucasjko/sdfr_ws/install/relbot_simulator/share/relbot_simulator/environment/path.dsv
[0.143s] -- Up-to-date: /home/lucasjko/sdfr_ws/install/relbot_simulator/share/relbot_simulator/local_setup.bash
[0.143s] -- Up-to-date: /home/lucasjko/sdfr_ws/install/relbot_simulator/share/relbot_simulator/local_setup.sh
[0.144s] -- Up-to-date: /home/lucasjko/sdfr_ws/install/relbot_simulator/share/relbot_simulator/local_setup.zsh
[0.144s] -- Up-to-date: /home/lucasjko/sdfr_ws/install/relbot_simulator/share/relbot_simulator/local_setup.dsv
[0.144s] -- Installing: /home/lucasjko/sdfr_ws/install/relbot_simulator/share/relbot_simulator/package.dsv
[0.144s] -- Up-to-date: /home/lucasjko/sdfr_ws/install/relbot_simulator/share/ament_index/resource_index/packages/relbot_simulator
[0.144s] -- Up-to-date: /home/lucasjko/sdfr_ws/install/relbot_simulator/share/relbot_simulator/cmake/relbot_simulatorConfig.cmake
[0.145s] -- Up-to-date: /home/lucasjko/sdfr_ws/install/relbot_simulator/share/relbot_simulator/cmake/relbot_simulatorConfig-version.cmake
[0.145s] -- Up-to-date: /home/lucasjko/sdfr_ws/install/relbot_simulator/share/relbot_simulator/package.xml
[0.146s] -- Up-to-date: /home/lucasjko/sdfr_ws/install/relbot_simulator/share/relbot_simulator//launch
[0.146s] -- Installing: /home/lucasjko/sdfr_ws/install/relbot_simulator/share/relbot_simulator//launch/relbot_simulator.launch.py
[0.160s] Invoked command in '/home/lucasjko/sdfr_ws/build/relbot_simulator' returned '0': CMAKE_PREFIX_PATH=${CMAKE_PREFIX_PATH}:/opt/ros/humble /usr/bin/cmake --install /home/lucasjko/sdfr_ws/build/relbot_simulator
