[0.014s] Invoking command in '/home/lucasjko/sdfr_ws/build/robot_image_messages': CMAKE_PREFIX_PATH=${CMAKE_PREFIX_PATH}:/opt/ros/humble /usr/bin/cmake --build /home/lucasjko/sdfr_ws/build/robot_image_messages -- -j8 -l8
[0.060s] [  2%] Built target robot_image_messages__cpp
[0.066s] [ 12%] Built target robot_image_messages__rosidl_generator_c
[0.072s] [ 12%] Built target ament_cmake_python_copy_robot_image_messages
[0.093s] [ 23%] Built target robot_image_messages__rosidl_typesupport_cpp
[0.096s] [ 33%] Built target robot_image_messages__rosidl_typesupport_introspection_cpp
[0.100s] [ 43%] Built target robot_image_messages__rosidl_typesupport_fastrtps_cpp
[0.102s] [ 53%] Built target robot_image_messages__rosidl_typesupport_fastrtps_c
[0.108s] [ 64%] Built target robot_image_messages__rosidl_typesupport_c
[0.108s] [ 74%] Built target robot_image_messages__rosidl_typesupport_introspection_c
[0.131s] [ 74%] Built target robot_image_messages
[0.155s] [ 76%] Built target robot_image_messages__py
[0.183s] [ 84%] Built target robot_image_messages__rosidl_generator_py
[0.210s] [ 89%] Built target robot_image_messages__rosidl_typesupport_fastrtps_c__pyext
[0.212s] [ 94%] Built target robot_image_messages__rosidl_typesupport_introspection_c__pyext
[0.212s] [100%] Built target robot_image_messages__rosidl_typesupport_c__pyext
[0.339s] running egg_info
[0.340s] writing robot_image_messages.egg-info/PKG-INFO
[0.340s] writing dependency_links to robot_image_messages.egg-info/dependency_links.txt
[0.340s] writing top-level names to robot_image_messages.egg-info/top_level.txt
[0.342s] reading manifest file 'robot_image_messages.egg-info/SOURCES.txt'
[0.342s] writing manifest file 'robot_image_messages.egg-info/SOURCES.txt'
[0.366s] [100%] Built target ament_cmake_python_build_robot_image_messages_egg
[0.376s] Invoked command in '/home/lucasjko/sdfr_ws/build/robot_image_messages' returned '0': CMAKE_PREFIX_PATH=${CMAKE_PREFIX_PATH}:/opt/ros/humble /usr/bin/cmake --build /home/lucasjko/sdfr_ws/build/robot_image_messages -- -j8 -l8
[0.452s] Invoking command in '/home/lucasjko/sdfr_ws/build/robot_image_messages': CMAKE_PREFIX_PATH=${CMAKE_PREFIX_PATH}:/opt/ros/humble /usr/bin/cmake --install /home/lucasjko/sdfr_ws/build/robot_image_messages
[0.459s] -- Install configuration: ""
[0.459s] -- Up-to-date: /home/lucasjko/sdfr_ws/install/robot_image_messages/share/ament_index/resource_index/rosidl_interfaces/robot_image_messages
[0.459s] -- Up-to-date: /home/lucasjko/sdfr_ws/install/robot_image_messages/include/robot_image_messages/robot_image_messages
[0.459s] -- Up-to-date: /home/lucasjko/sdfr_ws/install/robot_image_messages/include/robot_image_messages/robot_image_messages/msg
[0.459s] -- Up-to-date: /home/lucasjko/sdfr_ws/install/robot_image_messages/include/robot_image_messages/robot_image_messages/msg/brightness.h
[0.460s] -- Up-to-date: /home/lucasjko/sdfr_ws/install/robot_image_messages/include/robot_image_messages/robot_image_messages/msg/rosidl_generator_c__visibility_control.h
[0.460s] -- Up-to-date: /home/lucasjko/sdfr_ws/install/robot_image_messages/include/robot_image_messages/robot_image_messages/msg/detail
[0.460s] -- Up-to-date: /home/lucasjko/sdfr_ws/install/robot_image_messages/include/robot_image_messages/robot_image_messages/msg/detail/brightness__struct.h
[0.460s] -- Up-to-date: /home/lucasjko/sdfr_ws/install/robot_image_messages/include/robot_image_messages/robot_image_messages/msg/detail/brightness__type_support.h
[0.460s] -- Up-to-date: /home/lucasjko/sdfr_ws/install/robot_image_messages/include/robot_image_messages/robot_image_messages/msg/detail/ball_output__functions.h
[0.460s] -- Up-to-date: /home/lucasjko/sdfr_ws/install/robot_image_messages/include/robot_image_messages/robot_image_messages/msg/detail/brightness__functions.c
[0.460s] -- Up-to-date: /home/lucasjko/sdfr_ws/install/robot_image_messages/include/robot_image_messages/robot_image_messages/msg/detail/ball_output__functions.c
[0.460s] -- Up-to-date: /home/lucasjko/sdfr_ws/install/robot_image_messages/include/robot_image_messages/robot_image_messages/msg/detail/ball_output__type_support.h
[0.460s] -- Up-to-date: /home/lucasjko/sdfr_ws/install/robot_image_messages/include/robot_image_messages/robot_image_messages/msg/detail/brightness__functions.h
[0.460s] -- Up-to-date: /home/lucasjko/sdfr_ws/install/robot_image_messages/include/robot_image_messages/robot_image_messages/msg/detail/ball_output__struct.h
[0.460s] -- Up-to-date: /home/lucasjko/sdfr_ws/install/robot_image_messages/include/robot_image_messages/robot_image_messages/msg/ball_output.h
[0.460s] -- Up-to-date: /home/lucasjko/sdfr_ws/install/robot_image_messages/share/robot_image_messages/environment/library_path.sh
[0.460s] -- Up-to-date: /home/lucasjko/sdfr_ws/install/robot_image_messages/share/robot_image_messages/environment/library_path.dsv
[0.460s] -- Up-to-date: /home/lucasjko/sdfr_ws/install/robot_image_messages/lib/librobot_image_messages__rosidl_generator_c.so
[0.460s] -- Up-to-date: /home/lucasjko/sdfr_ws/install/robot_image_messages/include/robot_image_messages/robot_image_messages
[0.461s] -- Up-to-date: /home/lucasjko/sdfr_ws/install/robot_image_messages/include/robot_image_messages/robot_image_messages/msg
[0.461s] -- Up-to-date: /home/lucasjko/sdfr_ws/install/robot_image_messages/include/robot_image_messages/robot_image_messages/msg/rosidl_typesupport_fastrtps_c__visibility_control.h
[0.461s] -- Up-to-date: /home/lucasjko/sdfr_ws/install/robot_image_messages/include/robot_image_messages/robot_image_messages/msg/detail
[0.461s] -- Up-to-date: /home/lucasjko/sdfr_ws/install/robot_image_messages/include/robot_image_messages/robot_image_messages/msg/detail/brightness__rosidl_typesupport_fastrtps_c.h
[0.461s] -- Up-to-date: /home/lucasjko/sdfr_ws/install/robot_image_messages/include/robot_image_messages/robot_image_messages/msg/detail/ball_output__rosidl_typesupport_fastrtps_c.h
[0.461s] -- Up-to-date: /home/lucasjko/sdfr_ws/install/robot_image_messages/lib/librobot_image_messages__rosidl_typesupport_fastrtps_c.so
[0.461s] -- Up-to-date: /home/lucasjko/sdfr_ws/install/robot_image_messages/include/robot_image_messages/robot_image_messages
[0.461s] -- Up-to-date: /home/lucasjko/sdfr_ws/install/robot_image_messages/include/robot_image_messages/robot_image_messages/msg
[0.461s] -- Up-to-date: /home/lucasjko/sdfr_ws/install/robot_image_messages/include/robot_image_messages/robot_image_messages/msg/detail
[0.461s] -- Up-to-date: /home/lucasjko/sdfr_ws/install/robot_image_messages/include/robot_image_messages/robot_image_messages/msg/detail/brightness__rosidl_typesupport_introspection_c.h
[0.461s] -- Up-to-date: /home/lucasjko/sdfr_ws/install/robot_image_messages/include/robot_image_messages/robot_image_messages/msg/detail/brightness__type_support.c
[0.461s] -- Up-to-date: /home/lucasjko/sdfr_ws/install/robot_image_messages/include/robot_image_messages/robot_image_messages/msg/detail/ball_output__rosidl_typesupport_introspection_c.h
[0.461s] -- Up-to-date: /home/lucasjko/sdfr_ws/install/robot_image_messages/include/robot_image_messages/robot_image_messages/msg/detail/ball_output__type_support.c
[0.461s] -- Up-to-date: /home/lucasjko/sdfr_ws/install/robot_image_messages/include/robot_image_messages/robot_image_messages/msg/rosidl_typesupport_introspection_c__visibility_control.h
[0.462s] -- Up-to-date: /home/lucasjko/sdfr_ws/install/robot_image_messages/lib/librobot_image_messages__rosidl_typesupport_introspection_c.so
[0.462s] -- Up-to-date: /home/lucasjko/sdfr_ws/install/robot_image_messages/lib/librobot_image_messages__rosidl_typesupport_c.so
[0.462s] -- Up-to-date: /home/lucasjko/sdfr_ws/install/robot_image_messages/include/robot_image_messages/robot_image_messages
[0.462s] -- Up-to-date: /home/lucasjko/sdfr_ws/install/robot_image_messages/include/robot_image_messages/robot_image_messages/msg
[0.463s] -- Up-to-date: /home/lucasjko/sdfr_ws/install/robot_image_messages/include/robot_image_messages/robot_image_messages/msg/brightness.hpp
[0.463s] -- Up-to-date: /home/lucasjko/sdfr_ws/install/robot_image_messages/include/robot_image_messages/robot_image_messages/msg/ball_output.hpp
[0.463s] -- Up-to-date: /home/lucasjko/sdfr_ws/install/robot_image_messages/include/robot_image_messages/robot_image_messages/msg/detail
[0.463s] -- Up-to-date: /home/lucasjko/sdfr_ws/install/robot_image_messages/include/robot_image_messages/robot_image_messages/msg/detail/ball_output__struct.hpp
[0.463s] -- Up-to-date: /home/lucasjko/sdfr_ws/install/robot_image_messages/include/robot_image_messages/robot_image_messages/msg/detail/ball_output__traits.hpp
[0.463s] -- Up-to-date: /home/lucasjko/sdfr_ws/install/robot_image_messages/include/robot_image_messages/robot_image_messages/msg/detail/brightness__builder.hpp
[0.463s] -- Up-to-date: /home/lucasjko/sdfr_ws/install/robot_image_messages/include/robot_image_messages/robot_image_messages/msg/detail/brightness__struct.hpp
[0.463s] -- Up-to-date: /home/lucasjko/sdfr_ws/install/robot_image_messages/include/robot_image_messages/robot_image_messages/msg/detail/ball_output__builder.hpp
[0.463s] -- Up-to-date: /home/lucasjko/sdfr_ws/install/robot_image_messages/include/robot_image_messages/robot_image_messages/msg/detail/brightness__traits.hpp
[0.464s] -- Up-to-date: /home/lucasjko/sdfr_ws/install/robot_image_messages/include/robot_image_messages/robot_image_messages
[0.464s] -- Up-to-date: /home/lucasjko/sdfr_ws/install/robot_image_messages/include/robot_image_messages/robot_image_messages/msg
[0.464s] -- Up-to-date: /home/lucasjko/sdfr_ws/install/robot_image_messages/include/robot_image_messages/robot_image_messages/msg/rosidl_typesupport_fastrtps_cpp__visibility_control.h
[0.464s] -- Up-to-date: /home/lucasjko/sdfr_ws/install/robot_image_messages/include/robot_image_messages/robot_image_messages/msg/detail
[0.464s] -- Up-to-date: /home/lucasjko/sdfr_ws/install/robot_image_messages/include/robot_image_messages/robot_image_messages/msg/detail/brightness__rosidl_typesupport_fastrtps_cpp.hpp
[0.464s] -- Up-to-date: /home/lucasjko/sdfr_ws/install/robot_image_messages/include/robot_image_messages/robot_image_messages/msg/detail/dds_fastrtps
[0.464s] -- Up-to-date: /home/lucasjko/sdfr_ws/install/robot_image_messages/include/robot_image_messages/robot_image_messages/msg/detail/ball_output__rosidl_typesupport_fastrtps_cpp.hpp
[0.464s] -- Up-to-date: /home/lucasjko/sdfr_ws/install/robot_image_messages/lib/librobot_image_messages__rosidl_typesupport_fastrtps_cpp.so
[0.464s] -- Up-to-date: /home/lucasjko/sdfr_ws/install/robot_image_messages/include/robot_image_messages/robot_image_messages
[0.464s] -- Up-to-date: /home/lucasjko/sdfr_ws/install/robot_image_messages/include/robot_image_messages/robot_image_messages/msg
[0.465s] -- Up-to-date: /home/lucasjko/sdfr_ws/install/robot_image_messages/include/robot_image_messages/robot_image_messages/msg/detail
[0.465s] -- Up-to-date: /home/lucasjko/sdfr_ws/install/robot_image_messages/include/robot_image_messages/robot_image_messages/msg/detail/brightness__type_support.cpp
[0.465s] -- Up-to-date: /home/lucasjko/sdfr_ws/install/robot_image_messages/include/robot_image_messages/robot_image_messages/msg/detail/ball_output__type_support.cpp
[0.465s] -- Up-to-date: /home/lucasjko/sdfr_ws/install/robot_image_messages/include/robot_image_messages/robot_image_messages/msg/detail/brightness__rosidl_typesupport_introspection_cpp.hpp
[0.465s] -- Up-to-date: /home/lucasjko/sdfr_ws/install/robot_image_messages/include/robot_image_messages/robot_image_messages/msg/detail/ball_output__rosidl_typesupport_introspection_cpp.hpp
[0.465s] -- Up-to-date: /home/lucasjko/sdfr_ws/install/robot_image_messages/lib/librobot_image_messages__rosidl_typesupport_introspection_cpp.so
[0.465s] -- Up-to-date: /home/lucasjko/sdfr_ws/install/robot_image_messages/lib/librobot_image_messages__rosidl_typesupport_cpp.so
[0.465s] -- Up-to-date: /home/lucasjko/sdfr_ws/install/robot_image_messages/share/robot_image_messages/environment/pythonpath.sh
[0.466s] -- Up-to-date: /home/lucasjko/sdfr_ws/install/robot_image_messages/share/robot_image_messages/environment/pythonpath.dsv
[0.466s] -- Up-to-date: /home/lucasjko/sdfr_ws/install/robot_image_messages/local/lib/python3.10/dist-packages/robot_image_messages-1.0.0-py3.10.egg-info
[0.466s] -- Installing: /home/lucasjko/sdfr_ws/install/robot_image_messages/local/lib/python3.10/dist-packages/robot_image_messages-1.0.0-py3.10.egg-info/PKG-INFO
[0.466s] -- Installing: /home/lucasjko/sdfr_ws/install/robot_image_messages/local/lib/python3.10/dist-packages/robot_image_messages-1.0.0-py3.10.egg-info/dependency_links.txt
[0.466s] -- Installing: /home/lucasjko/sdfr_ws/install/robot_image_messages/local/lib/python3.10/dist-packages/robot_image_messages-1.0.0-py3.10.egg-info/SOURCES.txt
[0.466s] -- Installing: /home/lucasjko/sdfr_ws/install/robot_image_messages/local/lib/python3.10/dist-packages/robot_image_messages-1.0.0-py3.10.egg-info/top_level.txt
[0.466s] -- Up-to-date: /home/lucasjko/sdfr_ws/install/robot_image_messages/local/lib/python3.10/dist-packages/robot_image_messages
[0.466s] -- Up-to-date: /home/lucasjko/sdfr_ws/install/robot_image_messages/local/lib/python3.10/dist-packages/robot_image_messages/__init__.py
[0.466s] -- Up-to-date: /home/lucasjko/sdfr_ws/install/robot_image_messages/local/lib/python3.10/dist-packages/robot_image_messages/librobot_image_messages__rosidl_generator_py.so
[0.466s] -- Up-to-date: /home/lucasjko/sdfr_ws/install/robot_image_messages/local/lib/python3.10/dist-packages/robot_image_messages/_robot_image_messages_s.ep.rosidl_typesupport_c.c
[0.466s] -- Up-to-date: /home/lucasjko/sdfr_ws/install/robot_image_messages/local/lib/python3.10/dist-packages/robot_image_messages/_robot_image_messages_s.ep.rosidl_typesupport_introspection_c.c
[0.467s] -- Up-to-date: /home/lucasjko/sdfr_ws/install/robot_image_messages/local/lib/python3.10/dist-packages/robot_image_messages/msg
[0.467s] -- Up-to-date: /home/lucasjko/sdfr_ws/install/robot_image_messages/local/lib/python3.10/dist-packages/robot_image_messages/msg/__init__.py
[0.467s] -- Up-to-date: /home/lucasjko/sdfr_ws/install/robot_image_messages/local/lib/python3.10/dist-packages/robot_image_messages/msg/_brightness_s.c
[0.467s] -- Up-to-date: /home/lucasjko/sdfr_ws/install/robot_image_messages/local/lib/python3.10/dist-packages/robot_image_messages/msg/_ball_output.py
[0.467s] -- Up-to-date: /home/lucasjko/sdfr_ws/install/robot_image_messages/local/lib/python3.10/dist-packages/robot_image_messages/msg/_ball_output_s.c
[0.467s] -- Up-to-date: /home/lucasjko/sdfr_ws/install/robot_image_messages/local/lib/python3.10/dist-packages/robot_image_messages/msg/_brightness.py
[0.467s] -- Up-to-date: /home/lucasjko/sdfr_ws/install/robot_image_messages/local/lib/python3.10/dist-packages/robot_image_messages/robot_image_messages_s__rosidl_typesupport_introspection_c.cpython-310-x86_64-linux-gnu.so
[0.467s] -- Up-to-date: /home/lucasjko/sdfr_ws/install/robot_image_messages/local/lib/python3.10/dist-packages/robot_image_messages/_robot_image_messages_s.ep.rosidl_typesupport_fastrtps_c.c
[0.467s] -- Up-to-date: /home/lucasjko/sdfr_ws/install/robot_image_messages/local/lib/python3.10/dist-packages/robot_image_messages/robot_image_messages_s__rosidl_typesupport_c.cpython-310-x86_64-linux-gnu.so
[0.467s] -- Up-to-date: /home/lucasjko/sdfr_ws/install/robot_image_messages/local/lib/python3.10/dist-packages/robot_image_messages/robot_image_messages_s__rosidl_typesupport_fastrtps_c.cpython-310-x86_64-linux-gnu.so
[0.492s] Listing '/home/lucasjko/sdfr_ws/install/robot_image_messages/local/lib/python3.10/dist-packages/robot_image_messages'...
[0.492s] Listing '/home/lucasjko/sdfr_ws/install/robot_image_messages/local/lib/python3.10/dist-packages/robot_image_messages/msg'...
[0.496s] -- Up-to-date: /home/lucasjko/sdfr_ws/install/robot_image_messages/local/lib/python3.10/dist-packages/robot_image_messages/robot_image_messages_s__rosidl_typesupport_fastrtps_c.cpython-310-x86_64-linux-gnu.so
[0.496s] -- Up-to-date: /home/lucasjko/sdfr_ws/install/robot_image_messages/local/lib/python3.10/dist-packages/robot_image_messages/robot_image_messages_s__rosidl_typesupport_introspection_c.cpython-310-x86_64-linux-gnu.so
[0.496s] -- Up-to-date: /home/lucasjko/sdfr_ws/install/robot_image_messages/local/lib/python3.10/dist-packages/robot_image_messages/robot_image_messages_s__rosidl_typesupport_c.cpython-310-x86_64-linux-gnu.so
[0.497s] -- Up-to-date: /home/lucasjko/sdfr_ws/install/robot_image_messages/lib/librobot_image_messages__rosidl_generator_py.so
[0.497s] -- Up-to-date: /home/lucasjko/sdfr_ws/install/robot_image_messages/share/robot_image_messages/msg/Brightness.idl
[0.497s] -- Up-to-date: /home/lucasjko/sdfr_ws/install/robot_image_messages/share/robot_image_messages/msg/BallOutput.idl
[0.497s] -- Up-to-date: /home/lucasjko/sdfr_ws/install/robot_image_messages/share/robot_image_messages/msg/Brightness.msg
[0.497s] -- Up-to-date: /home/lucasjko/sdfr_ws/install/robot_image_messages/share/robot_image_messages/msg/BallOutput.msg
[0.497s] -- Up-to-date: /home/lucasjko/sdfr_ws/install/robot_image_messages/share/ament_index/resource_index/package_run_dependencies/robot_image_messages
[0.497s] -- Up-to-date: /home/lucasjko/sdfr_ws/install/robot_image_messages/share/ament_index/resource_index/parent_prefix_path/robot_image_messages
[0.498s] -- Up-to-date: /home/lucasjko/sdfr_ws/install/robot_image_messages/share/robot_image_messages/environment/ament_prefix_path.sh
[0.498s] -- Up-to-date: /home/lucasjko/sdfr_ws/install/robot_image_messages/share/robot_image_messages/environment/ament_prefix_path.dsv
[0.498s] -- Up-to-date: /home/lucasjko/sdfr_ws/install/robot_image_messages/share/robot_image_messages/environment/path.sh
[0.498s] -- Up-to-date: /home/lucasjko/sdfr_ws/install/robot_image_messages/share/robot_image_messages/environment/path.dsv
[0.498s] -- Up-to-date: /home/lucasjko/sdfr_ws/install/robot_image_messages/share/robot_image_messages/local_setup.bash
[0.498s] -- Up-to-date: /home/lucasjko/sdfr_ws/install/robot_image_messages/share/robot_image_messages/local_setup.sh
[0.498s] -- Up-to-date: /home/lucasjko/sdfr_ws/install/robot_image_messages/share/robot_image_messages/local_setup.zsh
[0.498s] -- Up-to-date: /home/lucasjko/sdfr_ws/install/robot_image_messages/share/robot_image_messages/local_setup.dsv
[0.498s] -- Installing: /home/lucasjko/sdfr_ws/install/robot_image_messages/share/robot_image_messages/package.dsv
[0.499s] -- Up-to-date: /home/lucasjko/sdfr_ws/install/robot_image_messages/share/ament_index/resource_index/packages/robot_image_messages
[0.499s] -- Up-to-date: /home/lucasjko/sdfr_ws/install/robot_image_messages/share/robot_image_messages/cmake/export_robot_image_messages__rosidl_generator_cExport.cmake
[0.499s] -- Up-to-date: /home/lucasjko/sdfr_ws/install/robot_image_messages/share/robot_image_messages/cmake/export_robot_image_messages__rosidl_generator_cExport-noconfig.cmake
[0.499s] -- Up-to-date: /home/lucasjko/sdfr_ws/install/robot_image_messages/share/robot_image_messages/cmake/export_robot_image_messages__rosidl_typesupport_fastrtps_cExport.cmake
[0.499s] -- Up-to-date: /home/lucasjko/sdfr_ws/install/robot_image_messages/share/robot_image_messages/cmake/export_robot_image_messages__rosidl_typesupport_fastrtps_cExport-noconfig.cmake
[0.499s] -- Up-to-date: /home/lucasjko/sdfr_ws/install/robot_image_messages/share/robot_image_messages/cmake/robot_image_messages__rosidl_typesupport_introspection_cExport.cmake
[0.499s] -- Up-to-date: /home/lucasjko/sdfr_ws/install/robot_image_messages/share/robot_image_messages/cmake/robot_image_messages__rosidl_typesupport_introspection_cExport-noconfig.cmake
[0.499s] -- Up-to-date: /home/lucasjko/sdfr_ws/install/robot_image_messages/share/robot_image_messages/cmake/robot_image_messages__rosidl_typesupport_cExport.cmake
[0.499s] -- Up-to-date: /home/lucasjko/sdfr_ws/install/robot_image_messages/share/robot_image_messages/cmake/robot_image_messages__rosidl_typesupport_cExport-noconfig.cmake
[0.500s] -- Up-to-date: /home/lucasjko/sdfr_ws/install/robot_image_messages/share/robot_image_messages/cmake/export_robot_image_messages__rosidl_generator_cppExport.cmake
[0.500s] -- Up-to-date: /home/lucasjko/sdfr_ws/install/robot_image_messages/share/robot_image_messages/cmake/export_robot_image_messages__rosidl_typesupport_fastrtps_cppExport.cmake
[0.500s] -- Up-to-date: /home/lucasjko/sdfr_ws/install/robot_image_messages/share/robot_image_messages/cmake/export_robot_image_messages__rosidl_typesupport_fastrtps_cppExport-noconfig.cmake
[0.500s] -- Up-to-date: /home/lucasjko/sdfr_ws/install/robot_image_messages/share/robot_image_messages/cmake/robot_image_messages__rosidl_typesupport_introspection_cppExport.cmake
[0.500s] -- Up-to-date: /home/lucasjko/sdfr_ws/install/robot_image_messages/share/robot_image_messages/cmake/robot_image_messages__rosidl_typesupport_introspection_cppExport-noconfig.cmake
[0.500s] -- Up-to-date: /home/lucasjko/sdfr_ws/install/robot_image_messages/share/robot_image_messages/cmake/robot_image_messages__rosidl_typesupport_cppExport.cmake
[0.500s] -- Up-to-date: /home/lucasjko/sdfr_ws/install/robot_image_messages/share/robot_image_messages/cmake/robot_image_messages__rosidl_typesupport_cppExport-noconfig.cmake
[0.500s] -- Up-to-date: /home/lucasjko/sdfr_ws/install/robot_image_messages/share/robot_image_messages/cmake/export_robot_image_messages__rosidl_generator_pyExport.cmake
[0.500s] -- Up-to-date: /home/lucasjko/sdfr_ws/install/robot_image_messages/share/robot_image_messages/cmake/export_robot_image_messages__rosidl_generator_pyExport-noconfig.cmake
[0.500s] -- Up-to-date: /home/lucasjko/sdfr_ws/install/robot_image_messages/share/robot_image_messages/cmake/rosidl_cmake-extras.cmake
[0.500s] -- Up-to-date: /home/lucasjko/sdfr_ws/install/robot_image_messages/share/robot_image_messages/cmake/ament_cmake_export_include_directories-extras.cmake
[0.501s] -- Up-to-date: /home/lucasjko/sdfr_ws/install/robot_image_messages/share/robot_image_messages/cmake/ament_cmake_export_libraries-extras.cmake
[0.501s] -- Up-to-date: /home/lucasjko/sdfr_ws/install/robot_image_messages/share/robot_image_messages/cmake/ament_cmake_export_targets-extras.cmake
[0.501s] -- Up-to-date: /home/lucasjko/sdfr_ws/install/robot_image_messages/share/robot_image_messages/cmake/rosidl_cmake_export_typesupport_targets-extras.cmake
[0.501s] -- Up-to-date: /home/lucasjko/sdfr_ws/install/robot_image_messages/share/robot_image_messages/cmake/ament_cmake_export_dependencies-extras.cmake
[0.501s] -- Up-to-date: /home/lucasjko/sdfr_ws/install/robot_image_messages/share/robot_image_messages/cmake/rosidl_cmake_export_typesupport_libraries-extras.cmake
[0.501s] -- Up-to-date: /home/lucasjko/sdfr_ws/install/robot_image_messages/share/robot_image_messages/cmake/robot_image_messagesConfig.cmake
[0.502s] -- Up-to-date: /home/lucasjko/sdfr_ws/install/robot_image_messages/share/robot_image_messages/cmake/robot_image_messagesConfig-version.cmake
[0.503s] -- Up-to-date: /home/lucasjko/sdfr_ws/install/robot_image_messages/share/robot_image_messages/package.xml
[0.503s] Invoked command in '/home/lucasjko/sdfr_ws/build/robot_image_messages' returned '0': CMAKE_PREFIX_PATH=${CMAKE_PREFIX_PATH}:/opt/ros/humble /usr/bin/cmake --install /home/lucasjko/sdfr_ws/build/robot_image_messages
