[0.013s] Invoking command in '/home/lucasjko/sdfr_ws/build/ball_detection_message': CMAKE_PREFIX_PATH=${CMAKE_PREFIX_PATH}:/opt/ros/humble /usr/bin/cmake --build /home/lucasjko/sdfr_ws/build/ball_detection_message -- -j8 -l8
[0.042s] -- Found ament_cmake: 1.3.8 (/opt/ros/humble/share/ament_cmake/cmake)
[0.186s] -- Found rosidl_default_generators: 1.2.0 (/opt/ros/humble/share/rosidl_default_generators/cmake)
[0.190s] -- Using all available rosidl_typesupport_c: rosidl_typesupport_fastrtps_c;rosidl_typesupport_introspection_c
[0.195s] -- Found rosidl_adapter: 3.1.5 (/opt/ros/humble/share/rosidl_adapter/cmake)
[0.230s] -- Using all available rosidl_typesupport_cpp: rosidl_typesupport_fastrtps_cpp;rosidl_typesupport_introspection_cpp
[0.531s] -- Found ament_cmake_ros: 0.10.0 (/opt/ros/humble/share/ament_cmake_ros/cmake)
[0.696s] -- Using all available rosidl_typesupport_c: rosidl_typesupport_fastrtps_c;rosidl_typesupport_introspection_c
[0.908s] -- Using all available rosidl_typesupport_cpp: rosidl_typesupport_fastrtps_cpp;rosidl_typesupport_introspection_cpp
[0.929s] -- Found python_cmake_module: 0.10.0 (/opt/ros/humble/share/python_cmake_module/cmake)
[0.950s] -- Using PYTHON_EXECUTABLE: /usr/local/bin/python3
[0.950s] -- Using PYTHON_INCLUDE_DIRS: /usr/include/python3.10
[0.950s] -- Using PYTHON_LIBRARIES: /usr/lib/x86_64-linux-gnu/libpython3.10.so
[0.962s] -- Found ament_lint_auto: 0.12.10 (/opt/ros/humble/share/ament_lint_auto/cmake)
[0.976s] -- Added test 'lint_cmake' to check CMake code style
[0.977s] -- Added test 'xmllint' to check XML markup files
[0.980s] -- Configuring done
[1.020s] -- Generating done
[1.023s] -- Build files have been written to: /home/lucasjko/sdfr_ws/build/ball_detection_message
[1.045s] [35m[1mConsolidate compiler generated dependencies of target ball_detection_message__rosidl_generator_c[0m
[1.055s] [  3%] Built target ball_detection_message__cpp
[1.058s] [ 12%] Built target ball_detection_message__rosidl_generator_c
[1.069s] [35m[1mConsolidate compiler generated dependencies of target ball_detection_message__rosidl_typesupport_introspection_cpp[0m
[1.069s] [35m[1mConsolidate compiler generated dependencies of target ball_detection_message__rosidl_typesupport_cpp[0m
[1.070s] [ 12%] Built target ament_cmake_python_copy_ball_detection_message
[1.072s] [35m[1mConsolidate compiler generated dependencies of target ball_detection_message__rosidl_typesupport_c[0m
[1.073s] [35m[1mConsolidate compiler generated dependencies of target ball_detection_message__rosidl_typesupport_fastrtps_c[0m
[1.074s] [35m[1mConsolidate compiler generated dependencies of target ball_detection_message__rosidl_typesupport_introspection_c[0m
[1.074s] [35m[1mConsolidate compiler generated dependencies of target ball_detection_message__rosidl_typesupport_fastrtps_cpp[0m
[1.090s] [ 22%] Built target ball_detection_message__rosidl_typesupport_cpp
[1.092s] [ 32%] Built target ball_detection_message__rosidl_typesupport_introspection_c
[1.093s] [ 41%] Built target ball_detection_message__rosidl_typesupport_introspection_cpp
[1.095s] [ 51%] Built target ball_detection_message__rosidl_typesupport_fastrtps_c
[1.095s] [ 61%] Built target ball_detection_message__rosidl_typesupport_c
[1.098s] [ 70%] Built target ball_detection_message__rosidl_typesupport_fastrtps_cpp
[1.122s] [ 70%] Built target ball_detection_message
[1.144s] [ 74%] Built target ball_detection_message__py
[1.158s] [35m[1mConsolidate compiler generated dependencies of target ball_detection_message__rosidl_generator_py[0m
[1.173s] [ 80%] Built target ball_detection_message__rosidl_generator_py
[1.183s] [35m[1mConsolidate compiler generated dependencies of target ball_detection_message__rosidl_typesupport_fastrtps_c__pyext[0m
[1.187s] [35m[1mConsolidate compiler generated dependencies of target ball_detection_message__rosidl_typesupport_introspection_c__pyext[0m
[1.187s] [35m[1mConsolidate compiler generated dependencies of target ball_detection_message__rosidl_typesupport_c__pyext[0m
[1.202s] [ 87%] Built target ball_detection_message__rosidl_typesupport_fastrtps_c__pyext
[1.207s] [ 93%] Built target ball_detection_message__rosidl_typesupport_c__pyext
[1.212s] [100%] Built target ball_detection_message__rosidl_typesupport_introspection_c__pyext
[1.383s] running egg_info
[1.384s] writing ball_detection_message.egg-info/PKG-INFO
[1.384s] writing dependency_links to ball_detection_message.egg-info/dependency_links.txt
[1.384s] writing top-level names to ball_detection_message.egg-info/top_level.txt
[1.387s] reading manifest file 'ball_detection_message.egg-info/SOURCES.txt'
[1.389s] writing manifest file 'ball_detection_message.egg-info/SOURCES.txt'
[1.419s] [100%] Built target ament_cmake_python_build_ball_detection_message_egg
[1.431s] Invoked command in '/home/lucasjko/sdfr_ws/build/ball_detection_message' returned '0': CMAKE_PREFIX_PATH=${CMAKE_PREFIX_PATH}:/opt/ros/humble /usr/bin/cmake --build /home/lucasjko/sdfr_ws/build/ball_detection_message -- -j8 -l8
[1.517s] Invoking command in '/home/lucasjko/sdfr_ws/build/ball_detection_message': CMAKE_PREFIX_PATH=${CMAKE_PREFIX_PATH}:/opt/ros/humble /usr/bin/cmake --install /home/lucasjko/sdfr_ws/build/ball_detection_message
[1.526s] -- Install configuration: ""
[1.526s] -- Up-to-date: /home/lucasjko/sdfr_ws/install/ball_detection_message/share/ament_index/resource_index/rosidl_interfaces/ball_detection_message
[1.526s] -- Up-to-date: /home/lucasjko/sdfr_ws/install/ball_detection_message/include/ball_detection_message/ball_detection_message
[1.526s] -- Up-to-date: /home/lucasjko/sdfr_ws/install/ball_detection_message/include/ball_detection_message/ball_detection_message/msg
[1.526s] -- Up-to-date: /home/lucasjko/sdfr_ws/install/ball_detection_message/include/ball_detection_message/ball_detection_message/msg/rosidl_generator_c__visibility_control.h
[1.526s] -- Up-to-date: /home/lucasjko/sdfr_ws/install/ball_detection_message/include/ball_detection_message/ball_detection_message/msg/detail
[1.526s] -- Up-to-date: /home/lucasjko/sdfr_ws/install/ball_detection_message/include/ball_detection_message/ball_detection_message/msg/detail/ball_output__functions.h
[1.526s] -- Up-to-date: /home/lucasjko/sdfr_ws/install/ball_detection_message/include/ball_detection_message/ball_detection_message/msg/detail/ball_output__functions.c
[1.527s] -- Up-to-date: /home/lucasjko/sdfr_ws/install/ball_detection_message/include/ball_detection_message/ball_detection_message/msg/detail/ball_output__type_support.h
[1.527s] -- Up-to-date: /home/lucasjko/sdfr_ws/install/ball_detection_message/include/ball_detection_message/ball_detection_message/msg/detail/ball_output__struct.h
[1.527s] -- Up-to-date: /home/lucasjko/sdfr_ws/install/ball_detection_message/include/ball_detection_message/ball_detection_message/msg/ball_output.h
[1.527s] -- Up-to-date: /home/lucasjko/sdfr_ws/install/ball_detection_message/share/ball_detection_message/environment/library_path.sh
[1.527s] -- Installing: /home/lucasjko/sdfr_ws/install/ball_detection_message/share/ball_detection_message/environment/library_path.dsv
[1.531s] -- Up-to-date: /home/lucasjko/sdfr_ws/install/ball_detection_message/lib/libball_detection_message__rosidl_generator_c.so
[1.531s] -- Up-to-date: /home/lucasjko/sdfr_ws/install/ball_detection_message/include/ball_detection_message/ball_detection_message
[1.531s] -- Up-to-date: /home/lucasjko/sdfr_ws/install/ball_detection_message/include/ball_detection_message/ball_detection_message/msg
[1.531s] -- Up-to-date: /home/lucasjko/sdfr_ws/install/ball_detection_message/include/ball_detection_message/ball_detection_message/msg/rosidl_typesupport_fastrtps_c__visibility_control.h
[1.531s] -- Up-to-date: /home/lucasjko/sdfr_ws/install/ball_detection_message/include/ball_detection_message/ball_detection_message/msg/detail
[1.531s] -- Up-to-date: /home/lucasjko/sdfr_ws/install/ball_detection_message/include/ball_detection_message/ball_detection_message/msg/detail/ball_output__rosidl_typesupport_fastrtps_c.h
[1.532s] -- Up-to-date: /home/lucasjko/sdfr_ws/install/ball_detection_message/lib/libball_detection_message__rosidl_typesupport_fastrtps_c.so
[1.532s] -- Up-to-date: /home/lucasjko/sdfr_ws/install/ball_detection_message/include/ball_detection_message/ball_detection_message
[1.532s] -- Up-to-date: /home/lucasjko/sdfr_ws/install/ball_detection_message/include/ball_detection_message/ball_detection_message/msg
[1.532s] -- Up-to-date: /home/lucasjko/sdfr_ws/install/ball_detection_message/include/ball_detection_message/ball_detection_message/msg/detail
[1.532s] -- Up-to-date: /home/lucasjko/sdfr_ws/install/ball_detection_message/include/ball_detection_message/ball_detection_message/msg/detail/ball_output__rosidl_typesupport_introspection_c.h
[1.532s] -- Up-to-date: /home/lucasjko/sdfr_ws/install/ball_detection_message/include/ball_detection_message/ball_detection_message/msg/detail/ball_output__type_support.c
[1.532s] -- Up-to-date: /home/lucasjko/sdfr_ws/install/ball_detection_message/include/ball_detection_message/ball_detection_message/msg/rosidl_typesupport_introspection_c__visibility_control.h
[1.532s] -- Up-to-date: /home/lucasjko/sdfr_ws/install/ball_detection_message/lib/libball_detection_message__rosidl_typesupport_introspection_c.so
[1.533s] -- Up-to-date: /home/lucasjko/sdfr_ws/install/ball_detection_message/lib/libball_detection_message__rosidl_typesupport_c.so
[1.533s] -- Up-to-date: /home/lucasjko/sdfr_ws/install/ball_detection_message/include/ball_detection_message/ball_detection_message
[1.533s] -- Up-to-date: /home/lucasjko/sdfr_ws/install/ball_detection_message/include/ball_detection_message/ball_detection_message/msg
[1.533s] -- Up-to-date: /home/lucasjko/sdfr_ws/install/ball_detection_message/include/ball_detection_message/ball_detection_message/msg/ball_output.hpp
[1.534s] -- Up-to-date: /home/lucasjko/sdfr_ws/install/ball_detection_message/include/ball_detection_message/ball_detection_message/msg/detail
[1.534s] -- Up-to-date: /home/lucasjko/sdfr_ws/install/ball_detection_message/include/ball_detection_message/ball_detection_message/msg/detail/ball_output__struct.hpp
[1.534s] -- Up-to-date: /home/lucasjko/sdfr_ws/install/ball_detection_message/include/ball_detection_message/ball_detection_message/msg/detail/ball_output__traits.hpp
[1.534s] -- Up-to-date: /home/lucasjko/sdfr_ws/install/ball_detection_message/include/ball_detection_message/ball_detection_message/msg/detail/ball_output__builder.hpp
[1.534s] -- Up-to-date: /home/lucasjko/sdfr_ws/install/ball_detection_message/include/ball_detection_message/ball_detection_message
[1.534s] -- Up-to-date: /home/lucasjko/sdfr_ws/install/ball_detection_message/include/ball_detection_message/ball_detection_message/msg
[1.534s] -- Up-to-date: /home/lucasjko/sdfr_ws/install/ball_detection_message/include/ball_detection_message/ball_detection_message/msg/rosidl_typesupport_fastrtps_cpp__visibility_control.h
[1.534s] -- Up-to-date: /home/lucasjko/sdfr_ws/install/ball_detection_message/include/ball_detection_message/ball_detection_message/msg/detail
[1.535s] -- Up-to-date: /home/lucasjko/sdfr_ws/install/ball_detection_message/include/ball_detection_message/ball_detection_message/msg/detail/dds_fastrtps
[1.535s] -- Up-to-date: /home/lucasjko/sdfr_ws/install/ball_detection_message/include/ball_detection_message/ball_detection_message/msg/detail/ball_output__rosidl_typesupport_fastrtps_cpp.hpp
[1.535s] -- Up-to-date: /home/lucasjko/sdfr_ws/install/ball_detection_message/lib/libball_detection_message__rosidl_typesupport_fastrtps_cpp.so
[1.535s] -- Up-to-date: /home/lucasjko/sdfr_ws/install/ball_detection_message/include/ball_detection_message/ball_detection_message
[1.535s] -- Up-to-date: /home/lucasjko/sdfr_ws/install/ball_detection_message/include/ball_detection_message/ball_detection_message/msg
[1.535s] -- Up-to-date: /home/lucasjko/sdfr_ws/install/ball_detection_message/include/ball_detection_message/ball_detection_message/msg/detail
[1.535s] -- Up-to-date: /home/lucasjko/sdfr_ws/install/ball_detection_message/include/ball_detection_message/ball_detection_message/msg/detail/ball_output__type_support.cpp
[1.535s] -- Up-to-date: /home/lucasjko/sdfr_ws/install/ball_detection_message/include/ball_detection_message/ball_detection_message/msg/detail/ball_output__rosidl_typesupport_introspection_cpp.hpp
[1.536s] -- Up-to-date: /home/lucasjko/sdfr_ws/install/ball_detection_message/lib/libball_detection_message__rosidl_typesupport_introspection_cpp.so
[1.536s] -- Up-to-date: /home/lucasjko/sdfr_ws/install/ball_detection_message/lib/libball_detection_message__rosidl_typesupport_cpp.so
[1.536s] -- Up-to-date: /home/lucasjko/sdfr_ws/install/ball_detection_message/share/ball_detection_message/environment/pythonpath.sh
[1.536s] -- Installing: /home/lucasjko/sdfr_ws/install/ball_detection_message/share/ball_detection_message/environment/pythonpath.dsv
[1.536s] -- Up-to-date: /home/lucasjko/sdfr_ws/install/ball_detection_message/local/lib/python3.10/dist-packages/ball_detection_message-1.0.0-py3.10.egg-info
[1.537s] -- Installing: /home/lucasjko/sdfr_ws/install/ball_detection_message/local/lib/python3.10/dist-packages/ball_detection_message-1.0.0-py3.10.egg-info/PKG-INFO
[1.537s] -- Installing: /home/lucasjko/sdfr_ws/install/ball_detection_message/local/lib/python3.10/dist-packages/ball_detection_message-1.0.0-py3.10.egg-info/dependency_links.txt
[1.537s] -- Installing: /home/lucasjko/sdfr_ws/install/ball_detection_message/local/lib/python3.10/dist-packages/ball_detection_message-1.0.0-py3.10.egg-info/SOURCES.txt
[1.537s] -- Installing: /home/lucasjko/sdfr_ws/install/ball_detection_message/local/lib/python3.10/dist-packages/ball_detection_message-1.0.0-py3.10.egg-info/top_level.txt
[1.537s] -- Up-to-date: /home/lucasjko/sdfr_ws/install/ball_detection_message/local/lib/python3.10/dist-packages/ball_detection_message
[1.537s] -- Up-to-date: /home/lucasjko/sdfr_ws/install/ball_detection_message/local/lib/python3.10/dist-packages/ball_detection_message/ball_detection_message_s__rosidl_typesupport_fastrtps_c.cpython-310-x86_64-linux-gnu.so
[1.538s] -- Installing: /home/lucasjko/sdfr_ws/install/ball_detection_message/local/lib/python3.10/dist-packages/ball_detection_message/__init__.py
[1.538s] -- Up-to-date: /home/lucasjko/sdfr_ws/install/ball_detection_message/local/lib/python3.10/dist-packages/ball_detection_message/ball_detection_message_s__rosidl_typesupport_introspection_c.cpython-310-x86_64-linux-gnu.so
[1.538s] -- Up-to-date: /home/lucasjko/sdfr_ws/install/ball_detection_message/local/lib/python3.10/dist-packages/ball_detection_message/_ball_detection_message_s.ep.rosidl_typesupport_introspection_c.c
[1.538s] -- Up-to-date: /home/lucasjko/sdfr_ws/install/ball_detection_message/local/lib/python3.10/dist-packages/ball_detection_message/_ball_detection_message_s.ep.rosidl_typesupport_c.c
[1.538s] -- Up-to-date: /home/lucasjko/sdfr_ws/install/ball_detection_message/local/lib/python3.10/dist-packages/ball_detection_message/ball_detection_message_s__rosidl_typesupport_c.cpython-310-x86_64-linux-gnu.so
[1.538s] -- Up-to-date: /home/lucasjko/sdfr_ws/install/ball_detection_message/local/lib/python3.10/dist-packages/ball_detection_message/libball_detection_message__rosidl_generator_py.so
[1.538s] -- Up-to-date: /home/lucasjko/sdfr_ws/install/ball_detection_message/local/lib/python3.10/dist-packages/ball_detection_message/msg
[1.538s] -- Up-to-date: /home/lucasjko/sdfr_ws/install/ball_detection_message/local/lib/python3.10/dist-packages/ball_detection_message/msg/__init__.py
[1.538s] -- Up-to-date: /home/lucasjko/sdfr_ws/install/ball_detection_message/local/lib/python3.10/dist-packages/ball_detection_message/msg/_ball_output.py
[1.539s] -- Up-to-date: /home/lucasjko/sdfr_ws/install/ball_detection_message/local/lib/python3.10/dist-packages/ball_detection_message/msg/_ball_output_s.c
[1.539s] -- Up-to-date: /home/lucasjko/sdfr_ws/install/ball_detection_message/local/lib/python3.10/dist-packages/ball_detection_message/_ball_detection_message_s.ep.rosidl_typesupport_fastrtps_c.c
[1.569s] Listing '/home/lucasjko/sdfr_ws/install/ball_detection_message/local/lib/python3.10/dist-packages/ball_detection_message'...
[1.569s] Compiling '/home/lucasjko/sdfr_ws/install/ball_detection_message/local/lib/python3.10/dist-packages/ball_detection_message/__init__.py'...
[1.569s] Listing '/home/lucasjko/sdfr_ws/install/ball_detection_message/local/lib/python3.10/dist-packages/ball_detection_message/msg'...
[1.574s] -- Up-to-date: /home/lucasjko/sdfr_ws/install/ball_detection_message/local/lib/python3.10/dist-packages/ball_detection_message/ball_detection_message_s__rosidl_typesupport_fastrtps_c.cpython-310-x86_64-linux-gnu.so
[1.574s] -- Up-to-date: /home/lucasjko/sdfr_ws/install/ball_detection_message/local/lib/python3.10/dist-packages/ball_detection_message/ball_detection_message_s__rosidl_typesupport_introspection_c.cpython-310-x86_64-linux-gnu.so
[1.575s] -- Up-to-date: /home/lucasjko/sdfr_ws/install/ball_detection_message/local/lib/python3.10/dist-packages/ball_detection_message/ball_detection_message_s__rosidl_typesupport_c.cpython-310-x86_64-linux-gnu.so
[1.575s] -- Up-to-date: /home/lucasjko/sdfr_ws/install/ball_detection_message/lib/libball_detection_message__rosidl_generator_py.so
[1.575s] -- Up-to-date: /home/lucasjko/sdfr_ws/install/ball_detection_message/share/ball_detection_message/msg/BallOutput.idl
[1.575s] -- Up-to-date: /home/lucasjko/sdfr_ws/install/ball_detection_message/share/ball_detection_message/msg/BallOutput.msg
[1.576s] -- Up-to-date: /home/lucasjko/sdfr_ws/install/ball_detection_message/share/ament_index/resource_index/package_run_dependencies/ball_detection_message
[1.576s] -- Installing: /home/lucasjko/sdfr_ws/install/ball_detection_message/share/ament_index/resource_index/parent_prefix_path/ball_detection_message
[1.576s] -- Up-to-date: /home/lucasjko/sdfr_ws/install/ball_detection_message/share/ball_detection_message/environment/ament_prefix_path.sh
[1.576s] -- Installing: /home/lucasjko/sdfr_ws/install/ball_detection_message/share/ball_detection_message/environment/ament_prefix_path.dsv
[1.576s] -- Up-to-date: /home/lucasjko/sdfr_ws/install/ball_detection_message/share/ball_detection_message/environment/path.sh
[1.576s] -- Installing: /home/lucasjko/sdfr_ws/install/ball_detection_message/share/ball_detection_message/environment/path.dsv
[1.576s] -- Up-to-date: /home/lucasjko/sdfr_ws/install/ball_detection_message/share/ball_detection_message/local_setup.bash
[1.576s] -- Up-to-date: /home/lucasjko/sdfr_ws/install/ball_detection_message/share/ball_detection_message/local_setup.sh
[1.577s] -- Up-to-date: /home/lucasjko/sdfr_ws/install/ball_detection_message/share/ball_detection_message/local_setup.zsh
[1.577s] -- Installing: /home/lucasjko/sdfr_ws/install/ball_detection_message/share/ball_detection_message/local_setup.dsv
[1.577s] -- Installing: /home/lucasjko/sdfr_ws/install/ball_detection_message/share/ball_detection_message/package.dsv
[1.577s] -- Up-to-date: /home/lucasjko/sdfr_ws/install/ball_detection_message/share/ament_index/resource_index/packages/ball_detection_message
[1.577s] -- Up-to-date: /home/lucasjko/sdfr_ws/install/ball_detection_message/share/ball_detection_message/cmake/export_ball_detection_message__rosidl_generator_cExport.cmake
[1.577s] -- Up-to-date: /home/lucasjko/sdfr_ws/install/ball_detection_message/share/ball_detection_message/cmake/export_ball_detection_message__rosidl_generator_cExport-noconfig.cmake
[1.577s] -- Up-to-date: /home/lucasjko/sdfr_ws/install/ball_detection_message/share/ball_detection_message/cmake/export_ball_detection_message__rosidl_typesupport_fastrtps_cExport.cmake
[1.577s] -- Up-to-date: /home/lucasjko/sdfr_ws/install/ball_detection_message/share/ball_detection_message/cmake/export_ball_detection_message__rosidl_typesupport_fastrtps_cExport-noconfig.cmake
[1.578s] -- Up-to-date: /home/lucasjko/sdfr_ws/install/ball_detection_message/share/ball_detection_message/cmake/ball_detection_message__rosidl_typesupport_introspection_cExport.cmake
[1.578s] -- Up-to-date: /home/lucasjko/sdfr_ws/install/ball_detection_message/share/ball_detection_message/cmake/ball_detection_message__rosidl_typesupport_introspection_cExport-noconfig.cmake
[1.578s] -- Up-to-date: /home/lucasjko/sdfr_ws/install/ball_detection_message/share/ball_detection_message/cmake/ball_detection_message__rosidl_typesupport_cExport.cmake
[1.578s] -- Up-to-date: /home/lucasjko/sdfr_ws/install/ball_detection_message/share/ball_detection_message/cmake/ball_detection_message__rosidl_typesupport_cExport-noconfig.cmake
[1.578s] -- Up-to-date: /home/lucasjko/sdfr_ws/install/ball_detection_message/share/ball_detection_message/cmake/export_ball_detection_message__rosidl_generator_cppExport.cmake
[1.578s] -- Up-to-date: /home/lucasjko/sdfr_ws/install/ball_detection_message/share/ball_detection_message/cmake/export_ball_detection_message__rosidl_typesupport_fastrtps_cppExport.cmake
[1.578s] -- Up-to-date: /home/lucasjko/sdfr_ws/install/ball_detection_message/share/ball_detection_message/cmake/export_ball_detection_message__rosidl_typesupport_fastrtps_cppExport-noconfig.cmake
[1.578s] -- Up-to-date: /home/lucasjko/sdfr_ws/install/ball_detection_message/share/ball_detection_message/cmake/ball_detection_message__rosidl_typesupport_introspection_cppExport.cmake
[1.579s] -- Up-to-date: /home/lucasjko/sdfr_ws/install/ball_detection_message/share/ball_detection_message/cmake/ball_detection_message__rosidl_typesupport_introspection_cppExport-noconfig.cmake
[1.579s] -- Up-to-date: /home/lucasjko/sdfr_ws/install/ball_detection_message/share/ball_detection_message/cmake/ball_detection_message__rosidl_typesupport_cppExport.cmake
[1.579s] -- Up-to-date: /home/lucasjko/sdfr_ws/install/ball_detection_message/share/ball_detection_message/cmake/ball_detection_message__rosidl_typesupport_cppExport-noconfig.cmake
[1.579s] -- Up-to-date: /home/lucasjko/sdfr_ws/install/ball_detection_message/share/ball_detection_message/cmake/export_ball_detection_message__rosidl_generator_pyExport.cmake
[1.579s] -- Up-to-date: /home/lucasjko/sdfr_ws/install/ball_detection_message/share/ball_detection_message/cmake/export_ball_detection_message__rosidl_generator_pyExport-noconfig.cmake
[1.579s] -- Up-to-date: /home/lucasjko/sdfr_ws/install/ball_detection_message/share/ball_detection_message/cmake/rosidl_cmake-extras.cmake
[1.579s] -- Up-to-date: /home/lucasjko/sdfr_ws/install/ball_detection_message/share/ball_detection_message/cmake/ament_cmake_export_include_directories-extras.cmake
[1.579s] -- Up-to-date: /home/lucasjko/sdfr_ws/install/ball_detection_message/share/ball_detection_message/cmake/ament_cmake_export_libraries-extras.cmake
[1.579s] -- Up-to-date: /home/lucasjko/sdfr_ws/install/ball_detection_message/share/ball_detection_message/cmake/ament_cmake_export_targets-extras.cmake
[1.579s] -- Up-to-date: /home/lucasjko/sdfr_ws/install/ball_detection_message/share/ball_detection_message/cmake/rosidl_cmake_export_typesupport_targets-extras.cmake
[1.580s] -- Up-to-date: /home/lucasjko/sdfr_ws/install/ball_detection_message/share/ball_detection_message/cmake/ament_cmake_export_dependencies-extras.cmake
[1.580s] -- Up-to-date: /home/lucasjko/sdfr_ws/install/ball_detection_message/share/ball_detection_message/cmake/rosidl_cmake_export_typesupport_libraries-extras.cmake
[1.581s] -- Up-to-date: /home/lucasjko/sdfr_ws/install/ball_detection_message/share/ball_detection_message/cmake/ball_detection_messageConfig.cmake
[1.581s] -- Up-to-date: /home/lucasjko/sdfr_ws/install/ball_detection_message/share/ball_detection_message/cmake/ball_detection_messageConfig-version.cmake
[1.581s] -- Installing: /home/lucasjko/sdfr_ws/install/ball_detection_message/share/ball_detection_message/package.xml
[1.581s] Invoked command in '/home/lucasjko/sdfr_ws/build/ball_detection_message' returned '0': CMAKE_PREFIX_PATH=${CMAKE_PREFIX_PATH}:/opt/ros/humble /usr/bin/cmake --install /home/lucasjko/sdfr_ws/build/ball_detection_message
