[0.018s] Invoking command in '/home/lucasjko/sdfr_ws/build/ball_detection': CMAKE_PREFIX_PATH=/home/lucasjko/sdfr_ws/install/robot_image_messages:/home/lucasjko/sdfr_ws/install/image_functions_sdfr:/home/lucasjko/sdfr_ws/install/ros2_introduction:/home/lucasjko/sdfr_ws/install/motion_controller:/home/lucasjko/sdfr_ws/install/ball_detection:/opt/ros/humble /usr/bin/cmake --build /home/lucasjko/sdfr_ws/build/ball_detection -- -j8 -l8
[0.093s] [ 33%] [32mBuilding CXX object CMakeFiles/find_ball.dir/src/find_ball.cpp.o[0m
[9.623s] [ 66%] [32m[1mLinking CXX executable find_ball[0m
[10.254s] [100%] Built target find_ball
[10.269s] Invoked command in '/home/lucasjko/sdfr_ws/build/ball_detection' returned '0': CMAKE_PREFIX_PATH=/home/lucasjko/sdfr_ws/install/robot_image_messages:/home/lucasjko/sdfr_ws/install/image_functions_sdfr:/home/lucasjko/sdfr_ws/install/ros2_introduction:/home/lucasjko/sdfr_ws/install/motion_controller:/home/lucasjko/sdfr_ws/install/ball_detection:/opt/ros/humble /usr/bin/cmake --build /home/lucasjko/sdfr_ws/build/ball_detection -- -j8 -l8
[10.300s] Invoking command in '/home/lucasjko/sdfr_ws/build/ball_detection': CMAKE_PREFIX_PATH=/home/lucasjko/sdfr_ws/install/robot_image_messages:/home/lucasjko/sdfr_ws/install/image_functions_sdfr:/home/lucasjko/sdfr_ws/install/ros2_introduction:/home/lucasjko/sdfr_ws/install/motion_controller:/home/lucasjko/sdfr_ws/install/ball_detection:/opt/ros/humble /usr/bin/cmake --install /home/lucasjko/sdfr_ws/build/ball_detection
[10.308s] -- Install configuration: ""
[10.309s] -- Installing: /home/lucasjko/sdfr_ws/install/ball_detection/lib/ball_detection/find_ball
[10.317s] -- Set runtime path of "/home/lucasjko/sdfr_ws/install/ball_detection/lib/ball_detection/find_ball" to ""
[10.318s] -- Up-to-date: /home/lucasjko/sdfr_ws/install/ball_detection/share/ament_index/resource_index/package_run_dependencies/ball_detection
[10.318s] -- Up-to-date: /home/lucasjko/sdfr_ws/install/ball_detection/share/ament_index/resource_index/parent_prefix_path/ball_detection
[10.320s] -- Up-to-date: /home/lucasjko/sdfr_ws/install/ball_detection/share/ball_detection/environment/ament_prefix_path.sh
[10.320s] -- Up-to-date: /home/lucasjko/sdfr_ws/install/ball_detection/share/ball_detection/environment/ament_prefix_path.dsv
[10.320s] -- Up-to-date: /home/lucasjko/sdfr_ws/install/ball_detection/share/ball_detection/environment/path.sh
[10.321s] -- Up-to-date: /home/lucasjko/sdfr_ws/install/ball_detection/share/ball_detection/environment/path.dsv
[10.321s] -- Up-to-date: /home/lucasjko/sdfr_ws/install/ball_detection/share/ball_detection/local_setup.bash
[10.321s] -- Up-to-date: /home/lucasjko/sdfr_ws/install/ball_detection/share/ball_detection/local_setup.sh
[10.321s] -- Up-to-date: /home/lucasjko/sdfr_ws/install/ball_detection/share/ball_detection/local_setup.zsh
[10.321s] -- Up-to-date: /home/lucasjko/sdfr_ws/install/ball_detection/share/ball_detection/local_setup.dsv
[10.321s] -- Installing: /home/lucasjko/sdfr_ws/install/ball_detection/share/ball_detection/package.dsv
[10.321s] -- Up-to-date: /home/lucasjko/sdfr_ws/install/ball_detection/share/ament_index/resource_index/packages/ball_detection
[10.321s] -- Up-to-date: /home/lucasjko/sdfr_ws/install/ball_detection/share/ball_detection/cmake/ball_detectionConfig.cmake
[10.322s] -- Up-to-date: /home/lucasjko/sdfr_ws/install/ball_detection/share/ball_detection/cmake/ball_detectionConfig-version.cmake
[10.322s] -- Up-to-date: /home/lucasjko/sdfr_ws/install/ball_detection/share/ball_detection/package.xml
[10.326s] Invoked command in '/home/lucasjko/sdfr_ws/build/ball_detection' returned '0': CMAKE_PREFIX_PATH=/home/lucasjko/sdfr_ws/install/robot_image_messages:/home/lucasjko/sdfr_ws/install/image_functions_sdfr:/home/lucasjko/sdfr_ws/install/ros2_introduction:/home/lucasjko/sdfr_ws/install/motion_controller:/home/lucasjko/sdfr_ws/install/ball_detection:/opt/ros/humble /usr/bin/cmake --install /home/lucasjko/sdfr_ws/build/ball_detection
