[0.015s] Invoking command in '/home/lucasjko/sdfr_ws/build/ball_detection': CMAKE_PREFIX_PATH=/home/lucasjko/sdfr_ws/install/image_functions_sdfr:/home/lucasjko/sdfr_ws/install/ball_detection_message:/home/lucasjko/sdfr_ws/install/ros2_introduction:/home/lucasjko/sdfr_ws/install/ros2_introduction_message:/home/lucasjko/sdfr_ws/install/ball_detection:/opt/ros/humble LD_LIBRARY_PATH=/home/lucasjko/sdfr_ws/install/image_functions_sdfr/lib:/home/lucasjko/sdfr_ws/install/ball_detection_message/lib:/home/lucasjko/sdfr_ws/install/ros2_introduction_message/lib:/opt/ros/humble/opt/rviz_ogre_vendor/lib:/opt/ros/humble/lib/x86_64-linux-gnu:/opt/ros/humble/lib /usr/bin/cmake --build /home/lucasjko/sdfr_ws/build/ball_detection -- -j8 -l8
[0.057s] [35m[1mConsolidate compiler generated dependencies of target find_ball_exe[0m
[0.075s] [ 50%] [32mBuilding CXX object CMakeFiles/find_ball_exe.dir/src/find_ball.cpp.o[0m
[2.122s] In file included from [01m[K/home/lucasjko/sdfr_ws/src/ball_detection/src/find_ball.cpp:2[m[K:
[2.122s] [01m[K/home/lucasjko/sdfr_ws/src/ball_detection/include/ball_detection/image_processing.hpp:13:48:[m[K [01;35m[Kwarning: [m[Kuse of ‘[01m[Kauto[m[K’ in parameter declaration only available with ‘[01m[K-std=c++20[m[K’ or ‘[01m[K-fconcepts[m[K’
[2.122s]    13 |         sensor_msgs::msg::Image getBinaryImage([01;35m[Kauto[m[K &img, int &width, int &height); // check pointer
[2.122s]       |                                                [01;35m[K^~~~[m[K
[2.136s] [01m[K/home/lucasjko/sdfr_ws/src/ball_detection/src/find_ball.cpp:[m[K In member function ‘[01m[Kvoid FindBall::image_callback(sensor_msgs::msg::Image_<std::allocator<void> >::ConstSharedPtr)[m[K’:
[2.136s] [01m[K/home/lucasjko/sdfr_ws/src/ball_detection/src/find_ball.cpp:24:93:[m[K [01;31m[Kerror: [m[Kno match for ‘[01m[Koperator=[m[K’ (operand types are ‘[01m[Ksensor_msgs::msg::Image_<std::allocator<void> >::_data_type[m[K’ {aka ‘[01m[Kstd::vector<unsigned char, std::allocator<unsigned char> >[m[K’} and ‘[01m[Ksensor_msgs::msg::Image[m[K’ {aka ‘[01m[Ksensor_msgs::msg::Image_<std::allocator<void> >[m[K’})
[2.136s]    24 |     debuggingToolMsg.data = obj.ImageProcessing::getBinaryImage(img, imageWidth, imageHeight[01;31m[K)[m[K;
[2.136s]       |                                                                                             [01;31m[K^[m[K
[2.137s] In file included from [01m[K/usr/include/c++/11/vector:72[m[K,
[2.137s]                  from [01m[K/usr/include/c++/11/functional:62[m[K,
[2.137s]                  from [01m[K/home/lucasjko/sdfr_ws/src/ball_detection/include/ball_detection/find_ball.hpp:4[m[K,
[2.137s]                  from [01m[K/home/lucasjko/sdfr_ws/src/ball_detection/src/find_ball.cpp:1[m[K:
[2.137s] [01m[K/usr/include/c++/11/bits/vector.tcc:198:5:[m[K [01;36m[Knote: [m[Kcandidate: ‘[01m[Kstd::vector<_Tp, _Alloc>& std::vector<_Tp, _Alloc>::operator=(const std::vector<_Tp, _Alloc>&) [with _Tp = unsigned char; _Alloc = std::allocator<unsigned char>][m[K’
[2.137s]   198 |     [01;36m[Kvector<_Tp, _Alloc>[m[K::
[2.137s]       |     [01;36m[K^~~~~~~~~~~~~~~~~~~[m[K
[2.137s] [01m[K/usr/include/c++/11/bits/vector.tcc:199:42:[m[K [01;36m[Knote: [m[K  no known conversion for argument 1 from ‘[01m[Ksensor_msgs::msg::Image[m[K’ {aka ‘[01m[Ksensor_msgs::msg::Image_<std::allocator<void> >[m[K’} to ‘[01m[Kconst std::vector<unsigned char, std::allocator<unsigned char> >&[m[K’
[2.137s]   199 |     operator=([01;36m[Kconst vector<_Tp, _Alloc>& __x[m[K)
[2.137s]       |               [01;36m[K~~~~~~~~~~~~~~~~~~~~~~~~~~~^~~[m[K
[2.137s] In file included from [01m[K/usr/include/c++/11/vector:67[m[K,
[2.137s]                  from [01m[K/usr/include/c++/11/functional:62[m[K,
[2.137s]                  from [01m[K/home/lucasjko/sdfr_ws/src/ball_detection/include/ball_detection/find_ball.hpp:4[m[K,
[2.137s]                  from [01m[K/home/lucasjko/sdfr_ws/src/ball_detection/src/find_ball.cpp:1[m[K:
[2.138s] [01m[K/usr/include/c++/11/bits/stl_vector.h:709:7:[m[K [01;36m[Knote: [m[Kcandidate: ‘[01m[Kstd::vector<_Tp, _Alloc>& std::vector<_Tp, _Alloc>::operator=(std::vector<_Tp, _Alloc>&&) [with _Tp = unsigned char; _Alloc = std::allocator<unsigned char>][m[K’
[2.138s]   709 |       [01;36m[Koperator[m[K=(vector&& __x) noexcept(_Alloc_traits::_S_nothrow_move())
[2.138s]       |       [01;36m[K^~~~~~~~[m[K
[2.138s] [01m[K/usr/include/c++/11/bits/stl_vector.h:709:26:[m[K [01;36m[Knote: [m[K  no known conversion for argument 1 from ‘[01m[Ksensor_msgs::msg::Image[m[K’ {aka ‘[01m[Ksensor_msgs::msg::Image_<std::allocator<void> >[m[K’} to ‘[01m[Kstd::vector<unsigned char, std::allocator<unsigned char> >&&[m[K’
[2.138s]   709 |       operator=([01;36m[Kvector&& __x[m[K) noexcept(_Alloc_traits::_S_nothrow_move())
[2.138s]       |                 [01;36m[K~~~~~~~~~^~~[m[K
[2.138s] [01m[K/usr/include/c++/11/bits/stl_vector.h:730:7:[m[K [01;36m[Knote: [m[Kcandidate: ‘[01m[Kstd::vector<_Tp, _Alloc>& std::vector<_Tp, _Alloc>::operator=(std::initializer_list<_Tp>) [with _Tp = unsigned char; _Alloc = std::allocator<unsigned char>][m[K’
[2.138s]   730 |       [01;36m[Koperator[m[K=(initializer_list<value_type> __l)
[2.138s]       |       [01;36m[K^~~~~~~~[m[K
[2.138s] [01m[K/usr/include/c++/11/bits/stl_vector.h:730:46:[m[K [01;36m[Knote: [m[K  no known conversion for argument 1 from ‘[01m[Ksensor_msgs::msg::Image[m[K’ {aka ‘[01m[Ksensor_msgs::msg::Image_<std::allocator<void> >[m[K’} to ‘[01m[Kstd::initializer_list<unsigned char>[m[K’
[2.138s]   730 |       operator=([01;36m[Kinitializer_list<value_type> __l[m[K)
[2.138s]       |                 [01;36m[K~~~~~~~~~~~~~~~~~~~~~~~~~~~~~^~~[m[K
[4.211s] gmake[2]: *** [CMakeFiles/find_ball_exe.dir/build.make:76: CMakeFiles/find_ball_exe.dir/src/find_ball.cpp.o] Error 1
[4.211s] gmake[1]: *** [CMakeFiles/Makefile2:137: CMakeFiles/find_ball_exe.dir/all] Error 2
[4.211s] gmake: *** [Makefile:146: all] Error 2
[4.213s] Invoked command in '/home/lucasjko/sdfr_ws/build/ball_detection' returned '2': CMAKE_PREFIX_PATH=/home/lucasjko/sdfr_ws/install/image_functions_sdfr:/home/lucasjko/sdfr_ws/install/ball_detection_message:/home/lucasjko/sdfr_ws/install/ros2_introduction:/home/lucasjko/sdfr_ws/install/ros2_introduction_message:/home/lucasjko/sdfr_ws/install/ball_detection:/opt/ros/humble LD_LIBRARY_PATH=/home/lucasjko/sdfr_ws/install/image_functions_sdfr/lib:/home/lucasjko/sdfr_ws/install/ball_detection_message/lib:/home/lucasjko/sdfr_ws/install/ros2_introduction_message/lib:/opt/ros/humble/opt/rviz_ogre_vendor/lib:/opt/ros/humble/lib/x86_64-linux-gnu:/opt/ros/humble/lib /usr/bin/cmake --build /home/lucasjko/sdfr_ws/build/ball_detection -- -j8 -l8
