-- The C compiler identification is GNU 11.4.0
-- The CXX compiler identification is GNU 11.4.0
-- Detecting C compiler ABI info
-- Detecting C compiler ABI info - done
-- Check for working C compiler: /usr/bin/cc - skipped
-- Detecting C compile features
-- Detecting C compile features - done
-- Detecting CXX compiler ABI info
-- Detecting CXX compiler ABI info - done
-- Check for working CXX compiler: /usr/bin/c++ - skipped
-- Detecting CXX compile features
-- Detecting CXX compile features - done
-- Found ament_cmake: 1.3.8 (/opt/ros/humble/share/ament_cmake/cmake)
-- Found Python3: /usr/local/bin/python3 (found version "3.10.12") found components: Interpreter 
-- Found rosidl_default_generators: 1.2.0 (/opt/ros/humble/share/rosidl_default_generators/cmake)
-- Using all available rosidl_typesupport_c: rosidl_typesupport_fastrtps_c;rosidl_typesupport_introspection_c
-- Found rosidl_adapter: 3.1.5 (/opt/ros/humble/share/rosidl_adapter/cmake)
-- Using all available rosidl_typesupport_cpp: rosidl_typesupport_fastrtps_cpp;rosidl_typesupport_introspection_cpp
-- Found ament_cmake_ros: 0.10.0 (/opt/ros/humble/share/ament_cmake_ros/cmake)
-- Using all available rosidl_typesupport_c: rosidl_typesupport_fastrtps_c;rosidl_typesupport_introspection_c
-- Using all available rosidl_typesupport_cpp: rosidl_typesupport_fastrtps_cpp;rosidl_typesupport_introspection_cpp
-- Found PythonInterp: /usr/local/bin/python3 (found suitable version "3.10.12", minimum required is "3.6") 
-- Found python_cmake_module: 0.10.0 (/opt/ros/humble/share/python_cmake_module/cmake)
-- Found PythonLibs: /usr/lib/x86_64-linux-gnu/libpython3.10.so (found suitable version "3.10.12", minimum required is "3.5") 
-- Using PYTHON_EXECUTABLE: /usr/local/bin/python3
-- Using PYTHON_INCLUDE_DIRS: /usr/include/python3.10
-- Using PYTHON_LIBRARIES: /usr/lib/x86_64-linux-gnu/libpython3.10.so
-- Found PythonExtra: .so  
-- Found ament_lint_auto: 0.12.10 (/opt/ros/humble/share/ament_lint_auto/cmake)
-- Added test 'lint_cmake' to check CMake code style
-- Added test 'xmllint' to check XML markup files
-- Configuring done
-- Generating done
-- Build files have been written to: /home/lucasjko/sdfr_ws/build/robot_image_messages
[  2%] [34m[1mGenerating C code for ROS interfaces[0m
[  5%] [34m[1mGenerating C++ code for ROS interfaces[0m
[  5%] Built target ament_cmake_python_copy_robot_image_messages
running egg_info
creating robot_image_messages.egg-info
writing robot_image_messages.egg-info/PKG-INFO
writing dependency_links to robot_image_messages.egg-info/dependency_links.txt
writing top-level names to robot_image_messages.egg-info/top_level.txt
writing manifest file 'robot_image_messages.egg-info/SOURCES.txt'
reading manifest file 'robot_image_messages.egg-info/SOURCES.txt'
writing manifest file 'robot_image_messages.egg-info/SOURCES.txt'
[  5%] Built target ament_cmake_python_build_robot_image_messages_egg
[  5%] Built target robot_image_messages__cpp
[ 12%] [34m[1mGenerating C++ type support dispatch for ROS interfaces[0m
[ 12%] [34m[1mGenerating C++ type support for eProsima Fast-RTPS[0m
[ 12%] [34m[1mGenerating C++ introspection for ROS interfaces[0m
[ 15%] [32mBuilding C object CMakeFiles/robot_image_messages__rosidl_generator_c.dir/rosidl_generator_c/robot_image_messages/msg/detail/ball_output__functions.c.o[0m
[ 17%] [32mBuilding C object CMakeFiles/robot_image_messages__rosidl_generator_c.dir/rosidl_generator_c/robot_image_messages/msg/detail/brightness__functions.c.o[0m
[ 20%] [32m[1mLinking C shared library librobot_image_messages__rosidl_generator_c.so[0m
[ 20%] Built target robot_image_messages__rosidl_generator_c
[ 23%] [34m[1mGenerating C type support dispatch for ROS interfaces[0m
[ 25%] [34m[1mGenerating C introspection for ROS interfaces[0m
[ 28%] [34m[1mGenerating C type support for eProsima Fast-RTPS[0m
[ 30%] [32mBuilding CXX object CMakeFiles/robot_image_messages__rosidl_typesupport_cpp.dir/rosidl_typesupport_cpp/robot_image_messages/msg/brightness__type_support.cpp.o[0m
[ 33%] [32mBuilding CXX object CMakeFiles/robot_image_messages__rosidl_typesupport_cpp.dir/rosidl_typesupport_cpp/robot_image_messages/msg/ball_output__type_support.cpp.o[0m
[ 35%] [32mBuilding CXX object CMakeFiles/robot_image_messages__rosidl_typesupport_fastrtps_cpp.dir/rosidl_typesupport_fastrtps_cpp/robot_image_messages/msg/detail/dds_fastrtps/brightness__type_support.cpp.o[0m
[ 38%] [32mBuilding CXX object CMakeFiles/robot_image_messages__rosidl_typesupport_fastrtps_cpp.dir/rosidl_typesupport_fastrtps_cpp/robot_image_messages/msg/detail/dds_fastrtps/ball_output__type_support.cpp.o[0m
[ 41%] [32mBuilding CXX object CMakeFiles/robot_image_messages__rosidl_typesupport_introspection_cpp.dir/rosidl_typesupport_introspection_cpp/robot_image_messages/msg/detail/brightness__type_support.cpp.o[0m
[ 43%] [32mBuilding CXX object CMakeFiles/robot_image_messages__rosidl_typesupport_c.dir/rosidl_typesupport_c/robot_image_messages/msg/brightness__type_support.cpp.o[0m
[ 46%] [32mBuilding CXX object CMakeFiles/robot_image_messages__rosidl_typesupport_c.dir/rosidl_typesupport_c/robot_image_messages/msg/ball_output__type_support.cpp.o[0m
[ 48%] [32mBuilding CXX object CMakeFiles/robot_image_messages__rosidl_typesupport_introspection_cpp.dir/rosidl_typesupport_introspection_cpp/robot_image_messages/msg/detail/ball_output__type_support.cpp.o[0m
[ 51%] [32m[1mLinking CXX shared library librobot_image_messages__rosidl_typesupport_c.so[0m
[ 53%] [32mBuilding CXX object CMakeFiles/robot_image_messages__rosidl_typesupport_fastrtps_c.dir/rosidl_typesupport_fastrtps_c/robot_image_messages/msg/detail/brightness__type_support_c.cpp.o[0m
[ 56%] [32mBuilding C object CMakeFiles/robot_image_messages__rosidl_typesupport_introspection_c.dir/rosidl_typesupport_introspection_c/robot_image_messages/msg/detail/brightness__type_support.c.o[0m
[ 58%] [32m[1mLinking CXX shared library librobot_image_messages__rosidl_typesupport_cpp.so[0m
[ 58%] Built target robot_image_messages__rosidl_typesupport_cpp
[ 58%] Built target robot_image_messages__rosidl_typesupport_c
[ 61%] [32mBuilding C object CMakeFiles/robot_image_messages__rosidl_typesupport_introspection_c.dir/rosidl_typesupport_introspection_c/robot_image_messages/msg/detail/ball_output__type_support.c.o[0m
[ 64%] [32mBuilding CXX object CMakeFiles/robot_image_messages__rosidl_typesupport_fastrtps_c.dir/rosidl_typesupport_fastrtps_c/robot_image_messages/msg/detail/ball_output__type_support_c.cpp.o[0m
[ 66%] [32m[1mLinking C shared library librobot_image_messages__rosidl_typesupport_introspection_c.so[0m
[ 66%] Built target robot_image_messages__rosidl_typesupport_introspection_c
[ 69%] [32m[1mLinking CXX shared library librobot_image_messages__rosidl_typesupport_fastrtps_cpp.so[0m
[ 69%] Built target robot_image_messages__rosidl_typesupport_fastrtps_cpp
[ 71%] [32m[1mLinking CXX shared library librobot_image_messages__rosidl_typesupport_introspection_cpp.so[0m
[ 71%] Built target robot_image_messages__rosidl_typesupport_introspection_cpp
[ 74%] [32m[1mLinking CXX shared library librobot_image_messages__rosidl_typesupport_fastrtps_c.so[0m
[ 74%] Built target robot_image_messages__rosidl_typesupport_fastrtps_c
[ 74%] Built target robot_image_messages
[ 76%] [34m[1mGenerating Python code for ROS interfaces[0m
[ 76%] Built target robot_image_messages__py
[ 79%] [32mBuilding C object CMakeFiles/robot_image_messages__rosidl_generator_py.dir/rosidl_generator_py/robot_image_messages/msg/_brightness_s.c.o[0m
[ 82%] [32mBuilding C object CMakeFiles/robot_image_messages__rosidl_generator_py.dir/rosidl_generator_py/robot_image_messages/msg/_ball_output_s.c.o[0m
[ 84%] [32m[1mLinking C shared library rosidl_generator_py/robot_image_messages/librobot_image_messages__rosidl_generator_py.so[0m
[ 84%] Built target robot_image_messages__rosidl_generator_py
[ 92%] [32mBuilding C object CMakeFiles/robot_image_messages__rosidl_typesupport_fastrtps_c__pyext.dir/rosidl_generator_py/robot_image_messages/_robot_image_messages_s.ep.rosidl_typesupport_fastrtps_c.c.o[0m
[ 92%] [32mBuilding C object CMakeFiles/robot_image_messages__rosidl_typesupport_c__pyext.dir/rosidl_generator_py/robot_image_messages/_robot_image_messages_s.ep.rosidl_typesupport_c.c.o[0m
[ 92%] [32mBuilding C object CMakeFiles/robot_image_messages__rosidl_typesupport_introspection_c__pyext.dir/rosidl_generator_py/robot_image_messages/_robot_image_messages_s.ep.rosidl_typesupport_introspection_c.c.o[0m
[ 94%] [32m[1mLinking C shared library rosidl_generator_py/robot_image_messages/robot_image_messages_s__rosidl_typesupport_c.cpython-310-x86_64-linux-gnu.so[0m
[ 97%] [32m[1mLinking C shared library rosidl_generator_py/robot_image_messages/robot_image_messages_s__rosidl_typesupport_fastrtps_c.cpython-310-x86_64-linux-gnu.so[0m
[100%] [32m[1mLinking C shared library rosidl_generator_py/robot_image_messages/robot_image_messages_s__rosidl_typesupport_introspection_c.cpython-310-x86_64-linux-gnu.so[0m
[100%] Built target robot_image_messages__rosidl_typesupport_c__pyext
[100%] Built target robot_image_messages__rosidl_typesupport_fastrtps_c__pyext
[100%] Built target robot_image_messages__rosidl_typesupport_introspection_c__pyext
-- Install configuration: ""
-- Installing: /home/lucasjko/sdfr_ws/install/robot_image_messages/share/ament_index/resource_index/rosidl_interfaces/robot_image_messages
-- Installing: /home/lucasjko/sdfr_ws/install/robot_image_messages/include/robot_image_messages/robot_image_messages
-- Installing: /home/lucasjko/sdfr_ws/install/robot_image_messages/include/robot_image_messages/robot_image_messages/msg
-- Installing: /home/lucasjko/sdfr_ws/install/robot_image_messages/include/robot_image_messages/robot_image_messages/msg/brightness.h
-- Installing: /home/lucasjko/sdfr_ws/install/robot_image_messages/include/robot_image_messages/robot_image_messages/msg/rosidl_generator_c__visibility_control.h
-- Installing: /home/lucasjko/sdfr_ws/install/robot_image_messages/include/robot_image_messages/robot_image_messages/msg/detail
-- Installing: /home/lucasjko/sdfr_ws/install/robot_image_messages/include/robot_image_messages/robot_image_messages/msg/detail/brightness__struct.h
-- Installing: /home/lucasjko/sdfr_ws/install/robot_image_messages/include/robot_image_messages/robot_image_messages/msg/detail/brightness__type_support.h
-- Installing: /home/lucasjko/sdfr_ws/install/robot_image_messages/include/robot_image_messages/robot_image_messages/msg/detail/ball_output__functions.h
-- Installing: /home/lucasjko/sdfr_ws/install/robot_image_messages/include/robot_image_messages/robot_image_messages/msg/detail/brightness__functions.c
-- Installing: /home/lucasjko/sdfr_ws/install/robot_image_messages/include/robot_image_messages/robot_image_messages/msg/detail/ball_output__functions.c
-- Installing: /home/lucasjko/sdfr_ws/install/robot_image_messages/include/robot_image_messages/robot_image_messages/msg/detail/ball_output__type_support.h
-- Installing: /home/lucasjko/sdfr_ws/install/robot_image_messages/include/robot_image_messages/robot_image_messages/msg/detail/brightness__functions.h
-- Installing: /home/lucasjko/sdfr_ws/install/robot_image_messages/include/robot_image_messages/robot_image_messages/msg/detail/ball_output__struct.h
-- Installing: /home/lucasjko/sdfr_ws/install/robot_image_messages/include/robot_image_messages/robot_image_messages/msg/ball_output.h
-- Installing: /home/lucasjko/sdfr_ws/install/robot_image_messages/share/robot_image_messages/environment/library_path.sh
-- Installing: /home/lucasjko/sdfr_ws/install/robot_image_messages/share/robot_image_messages/environment/library_path.dsv
-- Installing: /home/lucasjko/sdfr_ws/install/robot_image_messages/lib/librobot_image_messages__rosidl_generator_c.so
-- Set runtime path of "/home/lucasjko/sdfr_ws/install/robot_image_messages/lib/librobot_image_messages__rosidl_generator_c.so" to ""
-- Up-to-date: /home/lucasjko/sdfr_ws/install/robot_image_messages/include/robot_image_messages/robot_image_messages
-- Up-to-date: /home/lucasjko/sdfr_ws/install/robot_image_messages/include/robot_image_messages/robot_image_messages/msg
-- Installing: /home/lucasjko/sdfr_ws/install/robot_image_messages/include/robot_image_messages/robot_image_messages/msg/rosidl_typesupport_fastrtps_c__visibility_control.h
-- Up-to-date: /home/lucasjko/sdfr_ws/install/robot_image_messages/include/robot_image_messages/robot_image_messages/msg/detail
-- Installing: /home/lucasjko/sdfr_ws/install/robot_image_messages/include/robot_image_messages/robot_image_messages/msg/detail/brightness__rosidl_typesupport_fastrtps_c.h
-- Installing: /home/lucasjko/sdfr_ws/install/robot_image_messages/include/robot_image_messages/robot_image_messages/msg/detail/ball_output__rosidl_typesupport_fastrtps_c.h
-- Installing: /home/lucasjko/sdfr_ws/install/robot_image_messages/lib/librobot_image_messages__rosidl_typesupport_fastrtps_c.so
-- Set runtime path of "/home/lucasjko/sdfr_ws/install/robot_image_messages/lib/librobot_image_messages__rosidl_typesupport_fastrtps_c.so" to ""
-- Up-to-date: /home/lucasjko/sdfr_ws/install/robot_image_messages/include/robot_image_messages/robot_image_messages
-- Up-to-date: /home/lucasjko/sdfr_ws/install/robot_image_messages/include/robot_image_messages/robot_image_messages/msg
-- Up-to-date: /home/lucasjko/sdfr_ws/install/robot_image_messages/include/robot_image_messages/robot_image_messages/msg/detail
-- Installing: /home/lucasjko/sdfr_ws/install/robot_image_messages/include/robot_image_messages/robot_image_messages/msg/detail/brightness__rosidl_typesupport_introspection_c.h
-- Installing: /home/lucasjko/sdfr_ws/install/robot_image_messages/include/robot_image_messages/robot_image_messages/msg/detail/brightness__type_support.c
-- Installing: /home/lucasjko/sdfr_ws/install/robot_image_messages/include/robot_image_messages/robot_image_messages/msg/detail/ball_output__rosidl_typesupport_introspection_c.h
-- Installing: /home/lucasjko/sdfr_ws/install/robot_image_messages/include/robot_image_messages/robot_image_messages/msg/detail/ball_output__type_support.c
-- Installing: /home/lucasjko/sdfr_ws/install/robot_image_messages/include/robot_image_messages/robot_image_messages/msg/rosidl_typesupport_introspection_c__visibility_control.h
-- Installing: /home/lucasjko/sdfr_ws/install/robot_image_messages/lib/librobot_image_messages__rosidl_typesupport_introspection_c.so
-- Set runtime path of "/home/lucasjko/sdfr_ws/install/robot_image_messages/lib/librobot_image_messages__rosidl_typesupport_introspection_c.so" to ""
-- Installing: /home/lucasjko/sdfr_ws/install/robot_image_messages/lib/librobot_image_messages__rosidl_typesupport_c.so
-- Set runtime path of "/home/lucasjko/sdfr_ws/install/robot_image_messages/lib/librobot_image_messages__rosidl_typesupport_c.so" to ""
-- Up-to-date: /home/lucasjko/sdfr_ws/install/robot_image_messages/include/robot_image_messages/robot_image_messages
-- Up-to-date: /home/lucasjko/sdfr_ws/install/robot_image_messages/include/robot_image_messages/robot_image_messages/msg
-- Installing: /home/lucasjko/sdfr_ws/install/robot_image_messages/include/robot_image_messages/robot_image_messages/msg/brightness.hpp
-- Installing: /home/lucasjko/sdfr_ws/install/robot_image_messages/include/robot_image_messages/robot_image_messages/msg/ball_output.hpp
-- Up-to-date: /home/lucasjko/sdfr_ws/install/robot_image_messages/include/robot_image_messages/robot_image_messages/msg/detail
-- Installing: /home/lucasjko/sdfr_ws/install/robot_image_messages/include/robot_image_messages/robot_image_messages/msg/detail/ball_output__struct.hpp
-- Installing: /home/lucasjko/sdfr_ws/install/robot_image_messages/include/robot_image_messages/robot_image_messages/msg/detail/ball_output__traits.hpp
-- Installing: /home/lucasjko/sdfr_ws/install/robot_image_messages/include/robot_image_messages/robot_image_messages/msg/detail/brightness__builder.hpp
-- Installing: /home/lucasjko/sdfr_ws/install/robot_image_messages/include/robot_image_messages/robot_image_messages/msg/detail/brightness__struct.hpp
-- Installing: /home/lucasjko/sdfr_ws/install/robot_image_messages/include/robot_image_messages/robot_image_messages/msg/detail/ball_output__builder.hpp
-- Installing: /home/lucasjko/sdfr_ws/install/robot_image_messages/include/robot_image_messages/robot_image_messages/msg/detail/brightness__traits.hpp
-- Up-to-date: /home/lucasjko/sdfr_ws/install/robot_image_messages/include/robot_image_messages/robot_image_messages
-- Up-to-date: /home/lucasjko/sdfr_ws/install/robot_image_messages/include/robot_image_messages/robot_image_messages/msg
-- Installing: /home/lucasjko/sdfr_ws/install/robot_image_messages/include/robot_image_messages/robot_image_messages/msg/rosidl_typesupport_fastrtps_cpp__visibility_control.h
-- Up-to-date: /home/lucasjko/sdfr_ws/install/robot_image_messages/include/robot_image_messages/robot_image_messages/msg/detail
-- Installing: /home/lucasjko/sdfr_ws/install/robot_image_messages/include/robot_image_messages/robot_image_messages/msg/detail/brightness__rosidl_typesupport_fastrtps_cpp.hpp
-- Installing: /home/lucasjko/sdfr_ws/install/robot_image_messages/include/robot_image_messages/robot_image_messages/msg/detail/dds_fastrtps
-- Installing: /home/lucasjko/sdfr_ws/install/robot_image_messages/include/robot_image_messages/robot_image_messages/msg/detail/ball_output__rosidl_typesupport_fastrtps_cpp.hpp
-- Installing: /home/lucasjko/sdfr_ws/install/robot_image_messages/lib/librobot_image_messages__rosidl_typesupport_fastrtps_cpp.so
-- Set runtime path of "/home/lucasjko/sdfr_ws/install/robot_image_messages/lib/librobot_image_messages__rosidl_typesupport_fastrtps_cpp.so" to ""
-- Up-to-date: /home/lucasjko/sdfr_ws/install/robot_image_messages/include/robot_image_messages/robot_image_messages
-- Up-to-date: /home/lucasjko/sdfr_ws/install/robot_image_messages/include/robot_image_messages/robot_image_messages/msg
-- Up-to-date: /home/lucasjko/sdfr_ws/install/robot_image_messages/include/robot_image_messages/robot_image_messages/msg/detail
-- Installing: /home/lucasjko/sdfr_ws/install/robot_image_messages/include/robot_image_messages/robot_image_messages/msg/detail/brightness__type_support.cpp
-- Installing: /home/lucasjko/sdfr_ws/install/robot_image_messages/include/robot_image_messages/robot_image_messages/msg/detail/ball_output__type_support.cpp
-- Installing: /home/lucasjko/sdfr_ws/install/robot_image_messages/include/robot_image_messages/robot_image_messages/msg/detail/brightness__rosidl_typesupport_introspection_cpp.hpp
-- Installing: /home/lucasjko/sdfr_ws/install/robot_image_messages/include/robot_image_messages/robot_image_messages/msg/detail/ball_output__rosidl_typesupport_introspection_cpp.hpp
-- Installing: /home/lucasjko/sdfr_ws/install/robot_image_messages/lib/librobot_image_messages__rosidl_typesupport_introspection_cpp.so
-- Set runtime path of "/home/lucasjko/sdfr_ws/install/robot_image_messages/lib/librobot_image_messages__rosidl_typesupport_introspection_cpp.so" to ""
-- Installing: /home/lucasjko/sdfr_ws/install/robot_image_messages/lib/librobot_image_messages__rosidl_typesupport_cpp.so
-- Set runtime path of "/home/lucasjko/sdfr_ws/install/robot_image_messages/lib/librobot_image_messages__rosidl_typesupport_cpp.so" to ""
-- Installing: /home/lucasjko/sdfr_ws/install/robot_image_messages/share/robot_image_messages/environment/pythonpath.sh
-- Installing: /home/lucasjko/sdfr_ws/install/robot_image_messages/share/robot_image_messages/environment/pythonpath.dsv
-- Installing: /home/lucasjko/sdfr_ws/install/robot_image_messages/local/lib/python3.10/dist-packages/robot_image_messages-1.0.0-py3.10.egg-info
-- Installing: /home/lucasjko/sdfr_ws/install/robot_image_messages/local/lib/python3.10/dist-packages/robot_image_messages-1.0.0-py3.10.egg-info/PKG-INFO
-- Installing: /home/lucasjko/sdfr_ws/install/robot_image_messages/local/lib/python3.10/dist-packages/robot_image_messages-1.0.0-py3.10.egg-info/dependency_links.txt
-- Installing: /home/lucasjko/sdfr_ws/install/robot_image_messages/local/lib/python3.10/dist-packages/robot_image_messages-1.0.0-py3.10.egg-info/SOURCES.txt
-- Installing: /home/lucasjko/sdfr_ws/install/robot_image_messages/local/lib/python3.10/dist-packages/robot_image_messages-1.0.0-py3.10.egg-info/top_level.txt
-- Installing: /home/lucasjko/sdfr_ws/install/robot_image_messages/local/lib/python3.10/dist-packages/robot_image_messages
-- Installing: /home/lucasjko/sdfr_ws/install/robot_image_messages/local/lib/python3.10/dist-packages/robot_image_messages/__init__.py
-- Installing: /home/lucasjko/sdfr_ws/install/robot_image_messages/local/lib/python3.10/dist-packages/robot_image_messages/librobot_image_messages__rosidl_generator_py.so
-- Installing: /home/lucasjko/sdfr_ws/install/robot_image_messages/local/lib/python3.10/dist-packages/robot_image_messages/_robot_image_messages_s.ep.rosidl_typesupport_c.c
-- Installing: /home/lucasjko/sdfr_ws/install/robot_image_messages/local/lib/python3.10/dist-packages/robot_image_messages/_robot_image_messages_s.ep.rosidl_typesupport_introspection_c.c
-- Installing: /home/lucasjko/sdfr_ws/install/robot_image_messages/local/lib/python3.10/dist-packages/robot_image_messages/msg
-- Installing: /home/lucasjko/sdfr_ws/install/robot_image_messages/local/lib/python3.10/dist-packages/robot_image_messages/msg/__init__.py
-- Installing: /home/lucasjko/sdfr_ws/install/robot_image_messages/local/lib/python3.10/dist-packages/robot_image_messages/msg/_brightness_s.c
-- Installing: /home/lucasjko/sdfr_ws/install/robot_image_messages/local/lib/python3.10/dist-packages/robot_image_messages/msg/_ball_output.py
-- Installing: /home/lucasjko/sdfr_ws/install/robot_image_messages/local/lib/python3.10/dist-packages/robot_image_messages/msg/_ball_output_s.c
-- Installing: /home/lucasjko/sdfr_ws/install/robot_image_messages/local/lib/python3.10/dist-packages/robot_image_messages/msg/_brightness.py
-- Installing: /home/lucasjko/sdfr_ws/install/robot_image_messages/local/lib/python3.10/dist-packages/robot_image_messages/robot_image_messages_s__rosidl_typesupport_introspection_c.cpython-310-x86_64-linux-gnu.so
-- Installing: /home/lucasjko/sdfr_ws/install/robot_image_messages/local/lib/python3.10/dist-packages/robot_image_messages/_robot_image_messages_s.ep.rosidl_typesupport_fastrtps_c.c
-- Installing: /home/lucasjko/sdfr_ws/install/robot_image_messages/local/lib/python3.10/dist-packages/robot_image_messages/robot_image_messages_s__rosidl_typesupport_c.cpython-310-x86_64-linux-gnu.so
-- Installing: /home/lucasjko/sdfr_ws/install/robot_image_messages/local/lib/python3.10/dist-packages/robot_image_messages/robot_image_messages_s__rosidl_typesupport_fastrtps_c.cpython-310-x86_64-linux-gnu.so
Listing '/home/lucasjko/sdfr_ws/install/robot_image_messages/local/lib/python3.10/dist-packages/robot_image_messages'...
Compiling '/home/lucasjko/sdfr_ws/install/robot_image_messages/local/lib/python3.10/dist-packages/robot_image_messages/__init__.py'...
Listing '/home/lucasjko/sdfr_ws/install/robot_image_messages/local/lib/python3.10/dist-packages/robot_image_messages/msg'...
Compiling '/home/lucasjko/sdfr_ws/install/robot_image_messages/local/lib/python3.10/dist-packages/robot_image_messages/msg/__init__.py'...
Compiling '/home/lucasjko/sdfr_ws/install/robot_image_messages/local/lib/python3.10/dist-packages/robot_image_messages/msg/_ball_output.py'...
Compiling '/home/lucasjko/sdfr_ws/install/robot_image_messages/local/lib/python3.10/dist-packages/robot_image_messages/msg/_brightness.py'...
-- Installing: /home/lucasjko/sdfr_ws/install/robot_image_messages/local/lib/python3.10/dist-packages/robot_image_messages/robot_image_messages_s__rosidl_typesupport_fastrtps_c.cpython-310-x86_64-linux-gnu.so
-- Set runtime path of "/home/lucasjko/sdfr_ws/install/robot_image_messages/local/lib/python3.10/dist-packages/robot_image_messages/robot_image_messages_s__rosidl_typesupport_fastrtps_c.cpython-310-x86_64-linux-gnu.so" to ""
-- Installing: /home/lucasjko/sdfr_ws/install/robot_image_messages/local/lib/python3.10/dist-packages/robot_image_messages/robot_image_messages_s__rosidl_typesupport_introspection_c.cpython-310-x86_64-linux-gnu.so
-- Set runtime path of "/home/lucasjko/sdfr_ws/install/robot_image_messages/local/lib/python3.10/dist-packages/robot_image_messages/robot_image_messages_s__rosidl_typesupport_introspection_c.cpython-310-x86_64-linux-gnu.so" to ""
-- Installing: /home/lucasjko/sdfr_ws/install/robot_image_messages/local/lib/python3.10/dist-packages/robot_image_messages/robot_image_messages_s__rosidl_typesupport_c.cpython-310-x86_64-linux-gnu.so
-- Set runtime path of "/home/lucasjko/sdfr_ws/install/robot_image_messages/local/lib/python3.10/dist-packages/robot_image_messages/robot_image_messages_s__rosidl_typesupport_c.cpython-310-x86_64-linux-gnu.so" to ""
-- Installing: /home/lucasjko/sdfr_ws/install/robot_image_messages/lib/librobot_image_messages__rosidl_generator_py.so
-- Set runtime path of "/home/lucasjko/sdfr_ws/install/robot_image_messages/lib/librobot_image_messages__rosidl_generator_py.so" to ""
-- Installing: /home/lucasjko/sdfr_ws/install/robot_image_messages/share/robot_image_messages/msg/Brightness.idl
-- Installing: /home/lucasjko/sdfr_ws/install/robot_image_messages/share/robot_image_messages/msg/BallOutput.idl
-- Installing: /home/lucasjko/sdfr_ws/install/robot_image_messages/share/robot_image_messages/msg/Brightness.msg
-- Installing: /home/lucasjko/sdfr_ws/install/robot_image_messages/share/robot_image_messages/msg/BallOutput.msg
-- Installing: /home/lucasjko/sdfr_ws/install/robot_image_messages/share/ament_index/resource_index/package_run_dependencies/robot_image_messages
-- Installing: /home/lucasjko/sdfr_ws/install/robot_image_messages/share/ament_index/resource_index/parent_prefix_path/robot_image_messages
-- Installing: /home/lucasjko/sdfr_ws/install/robot_image_messages/share/robot_image_messages/environment/ament_prefix_path.sh
-- Installing: /home/lucasjko/sdfr_ws/install/robot_image_messages/share/robot_image_messages/environment/ament_prefix_path.dsv
-- Installing: /home/lucasjko/sdfr_ws/install/robot_image_messages/share/robot_image_messages/environment/path.sh
-- Installing: /home/lucasjko/sdfr_ws/install/robot_image_messages/share/robot_image_messages/environment/path.dsv
-- Installing: /home/lucasjko/sdfr_ws/install/robot_image_messages/share/robot_image_messages/local_setup.bash
-- Installing: /home/lucasjko/sdfr_ws/install/robot_image_messages/share/robot_image_messages/local_setup.sh
-- Installing: /home/lucasjko/sdfr_ws/install/robot_image_messages/share/robot_image_messages/local_setup.zsh
-- Installing: /home/lucasjko/sdfr_ws/install/robot_image_messages/share/robot_image_messages/local_setup.dsv
-- Installing: /home/lucasjko/sdfr_ws/install/robot_image_messages/share/robot_image_messages/package.dsv
-- Installing: /home/lucasjko/sdfr_ws/install/robot_image_messages/share/ament_index/resource_index/packages/robot_image_messages
-- Installing: /home/lucasjko/sdfr_ws/install/robot_image_messages/share/robot_image_messages/cmake/export_robot_image_messages__rosidl_generator_cExport.cmake
-- Installing: /home/lucasjko/sdfr_ws/install/robot_image_messages/share/robot_image_messages/cmake/export_robot_image_messages__rosidl_generator_cExport-noconfig.cmake
-- Installing: /home/lucasjko/sdfr_ws/install/robot_image_messages/share/robot_image_messages/cmake/export_robot_image_messages__rosidl_typesupport_fastrtps_cExport.cmake
-- Installing: /home/lucasjko/sdfr_ws/install/robot_image_messages/share/robot_image_messages/cmake/export_robot_image_messages__rosidl_typesupport_fastrtps_cExport-noconfig.cmake
-- Installing: /home/lucasjko/sdfr_ws/install/robot_image_messages/share/robot_image_messages/cmake/robot_image_messages__rosidl_typesupport_introspection_cExport.cmake
-- Installing: /home/lucasjko/sdfr_ws/install/robot_image_messages/share/robot_image_messages/cmake/robot_image_messages__rosidl_typesupport_introspection_cExport-noconfig.cmake
-- Installing: /home/lucasjko/sdfr_ws/install/robot_image_messages/share/robot_image_messages/cmake/robot_image_messages__rosidl_typesupport_cExport.cmake
-- Installing: /home/lucasjko/sdfr_ws/install/robot_image_messages/share/robot_image_messages/cmake/robot_image_messages__rosidl_typesupport_cExport-noconfig.cmake
-- Installing: /home/lucasjko/sdfr_ws/install/robot_image_messages/share/robot_image_messages/cmake/export_robot_image_messages__rosidl_generator_cppExport.cmake
-- Installing: /home/lucasjko/sdfr_ws/install/robot_image_messages/share/robot_image_messages/cmake/export_robot_image_messages__rosidl_typesupport_fastrtps_cppExport.cmake
-- Installing: /home/lucasjko/sdfr_ws/install/robot_image_messages/share/robot_image_messages/cmake/export_robot_image_messages__rosidl_typesupport_fastrtps_cppExport-noconfig.cmake
-- Installing: /home/lucasjko/sdfr_ws/install/robot_image_messages/share/robot_image_messages/cmake/robot_image_messages__rosidl_typesupport_introspection_cppExport.cmake
-- Installing: /home/lucasjko/sdfr_ws/install/robot_image_messages/share/robot_image_messages/cmake/robot_image_messages__rosidl_typesupport_introspection_cppExport-noconfig.cmake
-- Installing: /home/lucasjko/sdfr_ws/install/robot_image_messages/share/robot_image_messages/cmake/robot_image_messages__rosidl_typesupport_cppExport.cmake
-- Installing: /home/lucasjko/sdfr_ws/install/robot_image_messages/share/robot_image_messages/cmake/robot_image_messages__rosidl_typesupport_cppExport-noconfig.cmake
-- Installing: /home/lucasjko/sdfr_ws/install/robot_image_messages/share/robot_image_messages/cmake/export_robot_image_messages__rosidl_generator_pyExport.cmake
-- Installing: /home/lucasjko/sdfr_ws/install/robot_image_messages/share/robot_image_messages/cmake/export_robot_image_messages__rosidl_generator_pyExport-noconfig.cmake
-- Installing: /home/lucasjko/sdfr_ws/install/robot_image_messages/share/robot_image_messages/cmake/rosidl_cmake-extras.cmake
-- Installing: /home/lucasjko/sdfr_ws/install/robot_image_messages/share/robot_image_messages/cmake/ament_cmake_export_include_directories-extras.cmake
-- Installing: /home/lucasjko/sdfr_ws/install/robot_image_messages/share/robot_image_messages/cmake/ament_cmake_export_libraries-extras.cmake
-- Installing: /home/lucasjko/sdfr_ws/install/robot_image_messages/share/robot_image_messages/cmake/ament_cmake_export_targets-extras.cmake
-- Installing: /home/lucasjko/sdfr_ws/install/robot_image_messages/share/robot_image_messages/cmake/rosidl_cmake_export_typesupport_targets-extras.cmake
-- Installing: /home/lucasjko/sdfr_ws/install/robot_image_messages/share/robot_image_messages/cmake/ament_cmake_export_dependencies-extras.cmake
-- Installing: /home/lucasjko/sdfr_ws/install/robot_image_messages/share/robot_image_messages/cmake/rosidl_cmake_export_typesupport_libraries-extras.cmake
-- Installing: /home/lucasjko/sdfr_ws/install/robot_image_messages/share/robot_image_messages/cmake/robot_image_messagesConfig.cmake
-- Installing: /home/lucasjko/sdfr_ws/install/robot_image_messages/share/robot_image_messages/cmake/robot_image_messagesConfig-version.cmake
-- Installing: /home/lucasjko/sdfr_ws/install/robot_image_messages/share/robot_image_messages/package.xml
