-- Found ament_cmake: 1.3.8 (/opt/ros/humble/share/ament_cmake/cmake)
-- Found rclcpp: 16.0.8 (/opt/ros/humble/share/rclcpp/cmake)
-- Found rosidl_generator_c: 3.1.5 (/opt/ros/humble/share/rosidl_generator_c/cmake)
-- Found rosidl_adapter: 3.1.5 (/opt/ros/humble/share/rosidl_adapter/cmake)
-- Found rosidl_generator_cpp: 3.1.5 (/opt/ros/humble/share/rosidl_generator_cpp/cmake)
-- Using all available rosidl_typesupport_c: rosidl_typesupport_fastrtps_c;rosidl_typesupport_introspection_c
-- Using all available rosidl_typesupport_cpp: rosidl_typesupport_fastrtps_cpp;rosidl_typesupport_introspection_cpp
-- Found rmw_implementation_cmake: 6.1.1 (/opt/ros/humble/share/rmw_implementation_cmake/cmake)
-- Found rmw_fastrtps_cpp: 6.2.6 (/opt/ros/humble/share/rmw_fastrtps_cpp/cmake)
-- Using RMW implementation 'rmw_fastrtps_cpp' as default
-- Found sensor_msgs: 4.2.3 (/opt/ros/humble/share/sensor_msgs/cmake)
-- Found image_functions_sdfr: 2.1.0 (/home/lucasjko/sdfr_ws/install/image_functions_sdfr/share/image_functions_sdfr/cmake)
-- Found ball_detection_message: 1.0.0 (/home/lucasjko/sdfr_ws/install/ball_detection_message/share/ball_detection_message/cmake)
-- Configuring done
-- Generating done
-- Build files have been written to: /home/lucasjko/sdfr_ws/build/ball_detection
[ 25%] [32mBuilding CXX object CMakeFiles/image_processing_lib.dir/src/image_processing.cpp.o[0m
[ 50%] [32m[1mLinking CXX static library libimage_processing_lib.a[0m
[ 50%] Built target image_processing_lib
[35m[1mConsolidate compiler generated dependencies of target find_ball_exe[0m
[ 75%] [32mBuilding CXX object CMakeFiles/find_ball_exe.dir/src/find_ball.cpp.o[0m
[100%] [32m[1mLinking CXX executable find_ball_exe[0m
