[0.013s] Invoking command in '/home/lucasjko/sdfr_ws/build/ball_detection': CMAKE_PREFIX_PATH=/home/lucasjko/sdfr_ws/install/image_functions_sdfr:/home/lucasjko/sdfr_ws/install/ball_detection_message:/home/lucasjko/sdfr_ws/install/ros2_introduction:/home/lucasjko/sdfr_ws/install/ros2_introduction_message:/home/lucasjko/sdfr_ws/install/ball_detection:/opt/ros/humble LD_LIBRARY_PATH=/home/lucasjko/sdfr_ws/install/image_functions_sdfr/lib:/home/lucasjko/sdfr_ws/install/ball_detection_message/lib:/home/lucasjko/sdfr_ws/install/ros2_introduction_message/lib:/opt/ros/humble/opt/rviz_ogre_vendor/lib:/opt/ros/humble/lib/x86_64-linux-gnu:/opt/ros/humble/lib /usr/bin/cmake --build /home/lucasjko/sdfr_ws/build/ball_detection -- -j8 -l8
[0.037s] -- Found ament_cmake: 1.3.8 (/opt/ros/humble/share/ament_cmake/cmake)
[0.149s] -- Found rclcpp: 16.0.8 (/opt/ros/humble/share/rclcpp/cmake)
[0.175s] -- Found rosidl_generator_c: 3.1.5 (/opt/ros/humble/share/rosidl_generator_c/cmake)
[0.177s] -- Found rosidl_adapter: 3.1.5 (/opt/ros/humble/share/rosidl_adapter/cmake)
[0.183s] -- Found rosidl_generator_cpp: 3.1.5 (/opt/ros/humble/share/rosidl_generator_cpp/cmake)
[0.193s] -- Using all available rosidl_typesupport_c: rosidl_typesupport_fastrtps_c;rosidl_typesupport_introspection_c
[0.207s] -- Using all available rosidl_typesupport_cpp: rosidl_typesupport_fastrtps_cpp;rosidl_typesupport_introspection_cpp
[0.261s] -- Found rmw_implementation_cmake: 6.1.1 (/opt/ros/humble/share/rmw_implementation_cmake/cmake)
[0.262s] -- Found rmw_fastrtps_cpp: 6.2.6 (/opt/ros/humble/share/rmw_fastrtps_cpp/cmake)
[0.370s] -- Using RMW implementation 'rmw_fastrtps_cpp' as default
[0.519s] -- Found sensor_msgs: 4.2.3 (/opt/ros/humble/share/sensor_msgs/cmake)
[0.635s] -- Found image_functions_sdfr: 2.1.0 (/home/lucasjko/sdfr_ws/install/image_functions_sdfr/share/image_functions_sdfr/cmake)
[0.640s] -- Found ball_detection_message: 1.0.0 (/home/lucasjko/sdfr_ws/install/ball_detection_message/share/ball_detection_message/cmake)
[0.711s] -- Configuring done
[0.721s] -- Generating done
[0.722s] -- Build files have been written to: /home/lucasjko/sdfr_ws/build/ball_detection
[0.755s] [ 25%] [32mBuilding CXX object CMakeFiles/image_processing_lib.dir/src/image_processing.cpp.o[0m
[1.036s] In file included from [01m[K/home/lucasjko/sdfr_ws/src/ball_detection/src/image_processing.cpp:1[m[K:
[1.036s] [01m[K/home/lucasjko/sdfr_ws/src/ball_detection/src/../include/ball_detection/image_processing.hpp:12:29:[m[K [01;35m[Kwarning: [m[Kuse of ‘[01m[Kauto[m[K’ in parameter declaration only available with ‘[01m[K-std=c++20[m[K’ or ‘[01m[K-fconcepts[m[K’
[1.036s]    12 |         void getBinaryImage([01;35m[Kauto[m[K &img, int &width, int &height); // check pointer
[1.036s]       |                             [01;35m[K^~~~[m[K
[1.042s] [01m[K/home/lucasjko/sdfr_ws/src/ball_detection/src/image_processing.cpp:77:38:[m[K [01;35m[Kwarning: [m[Kuse of ‘[01m[Kauto[m[K’ in parameter declaration only available with ‘[01m[K-std=c++20[m[K’ or ‘[01m[K-fconcepts[m[K’
[1.042s]    77 | void ImageProcessing::getBinaryImage([01;35m[Kauto[m[K &img, int &width, int &height){
[1.042s]       |                                      [01;35m[K^~~~[m[K
[1.099s] [ 50%] [32m[1mLinking CXX static library libimage_processing_lib.a[0m
[1.130s] [ 50%] Built target image_processing_lib
[1.141s] [35m[1mConsolidate compiler generated dependencies of target find_ball_exe[0m
[1.159s] [ 75%] [32mBuilding CXX object CMakeFiles/find_ball_exe.dir/src/find_ball.cpp.o[0m
[3.208s] In file included from [01m[K/home/lucasjko/sdfr_ws/src/ball_detection/src/find_ball.cpp:2[m[K:
[3.208s] [01m[K/home/lucasjko/sdfr_ws/src/ball_detection/include/ball_detection/image_processing.hpp:12:29:[m[K [01;35m[Kwarning: [m[Kuse of ‘[01m[Kauto[m[K’ in parameter declaration only available with ‘[01m[K-std=c++20[m[K’ or ‘[01m[K-fconcepts[m[K’
[3.208s]    12 |         void getBinaryImage([01;35m[Kauto[m[K &img, int &width, int &height); // check pointer
[3.208s]       |                             [01;35m[K^~~~[m[K
[8.352s] [100%] [32m[1mLinking CXX executable find_ball_exe[0m
[8.651s] /usr/bin/ld: CMakeFiles/find_ball_exe.dir/src/find_ball.cpp.o: in function `FindBall::image_callback(std::shared_ptr<sensor_msgs::msg::Image_<std::allocator<void> > const>)':
[8.651s] find_ball.cpp:(.text+0x618): undefined reference to `void ImageProcessing::getBinaryImage<std::shared_ptr<sensor_msgs::msg::Image_<std::allocator<void> > const> >(std::shared_ptr<sensor_msgs::msg::Image_<std::allocator<void> > const>&, int&, int&)'
[8.696s] collect2: error: ld returned 1 exit status
[8.697s] gmake[2]: *** [CMakeFiles/find_ball_exe.dir/build.make:185: find_ball_exe] Error 1
[8.697s] gmake[1]: *** [CMakeFiles/Makefile2:165: CMakeFiles/find_ball_exe.dir/all] Error 2
[8.697s] gmake: *** [Makefile:146: all] Error 2
[8.699s] Invoked command in '/home/lucasjko/sdfr_ws/build/ball_detection' returned '2': CMAKE_PREFIX_PATH=/home/lucasjko/sdfr_ws/install/image_functions_sdfr:/home/lucasjko/sdfr_ws/install/ball_detection_message:/home/lucasjko/sdfr_ws/install/ros2_introduction:/home/lucasjko/sdfr_ws/install/ros2_introduction_message:/home/lucasjko/sdfr_ws/install/ball_detection:/opt/ros/humble LD_LIBRARY_PATH=/home/lucasjko/sdfr_ws/install/image_functions_sdfr/lib:/home/lucasjko/sdfr_ws/install/ball_detection_message/lib:/home/lucasjko/sdfr_ws/install/ros2_introduction_message/lib:/opt/ros/humble/opt/rviz_ogre_vendor/lib:/opt/ros/humble/lib/x86_64-linux-gnu:/opt/ros/humble/lib /usr/bin/cmake --build /home/lucasjko/sdfr_ws/build/ball_detection -- -j8 -l8
