[0.017s] Invoking command in '/home/lucasjko/sdfr_ws/build/ball_detection': CMAKE_PREFIX_PATH=/home/lucasjko/sdfr_ws/install/robot_image_messages:/home/lucasjko/sdfr_ws/install/image_functions_sdfr:/home/lucasjko/sdfr_ws/install/ros2_introduction:/home/lucasjko/sdfr_ws/install/motion_controller:/home/lucasjko/sdfr_ws/install/ball_detection:/opt/ros/humble /usr/bin/cmake --build /home/lucasjko/sdfr_ws/build/ball_detection -- -j8 -l8
[0.089s] [ 66%] [32mBuilding CXX object CMakeFiles/find_ball.dir/src/find_ball.cpp.o[0m
[0.091s] [ 66%] [32mBuilding CXX object CMakeFiles/find_ball.dir/src/image_processing.cpp.o[0m
[9.342s] [100%] [32m[1mLinking CXX executable find_ball[0m
[9.893s] [100%] Built target find_ball
[9.903s] Invoked command in '/home/lucasjko/sdfr_ws/build/ball_detection' returned '0': CMAKE_PREFIX_PATH=/home/lucasjko/sdfr_ws/install/robot_image_messages:/home/lucasjko/sdfr_ws/install/image_functions_sdfr:/home/lucasjko/sdfr_ws/install/ros2_introduction:/home/lucasjko/sdfr_ws/install/motion_controller:/home/lucasjko/sdfr_ws/install/ball_detection:/opt/ros/humble /usr/bin/cmake --build /home/lucasjko/sdfr_ws/build/ball_detection -- -j8 -l8
[9.930s] Invoking command in '/home/lucasjko/sdfr_ws/build/ball_detection': CMAKE_PREFIX_PATH=/home/lucasjko/sdfr_ws/install/robot_image_messages:/home/lucasjko/sdfr_ws/install/image_functions_sdfr:/home/lucasjko/sdfr_ws/install/ros2_introduction:/home/lucasjko/sdfr_ws/install/motion_controller:/home/lucasjko/sdfr_ws/install/ball_detection:/opt/ros/humble /usr/bin/cmake --install /home/lucasjko/sdfr_ws/build/ball_detection
[9.937s] -- Install configuration: ""
[9.938s] -- Installing: /home/lucasjko/sdfr_ws/install/ball_detection/lib/ball_detection/find_ball
[9.945s] -- Set runtime path of "/home/lucasjko/sdfr_ws/install/ball_detection/lib/ball_detection/find_ball" to ""
[9.945s] -- Up-to-date: /home/lucasjko/sdfr_ws/install/ball_detection/share/ament_index/resource_index/package_run_dependencies/ball_detection
[9.945s] -- Up-to-date: /home/lucasjko/sdfr_ws/install/ball_detection/share/ament_index/resource_index/parent_prefix_path/ball_detection
[9.946s] -- Up-to-date: /home/lucasjko/sdfr_ws/install/ball_detection/share/ball_detection/environment/ament_prefix_path.sh
[9.946s] -- Up-to-date: /home/lucasjko/sdfr_ws/install/ball_detection/share/ball_detection/environment/ament_prefix_path.dsv
[9.946s] -- Up-to-date: /home/lucasjko/sdfr_ws/install/ball_detection/share/ball_detection/environment/path.sh
[9.946s] -- Up-to-date: /home/lucasjko/sdfr_ws/install/ball_detection/share/ball_detection/environment/path.dsv
[9.946s] -- Up-to-date: /home/lucasjko/sdfr_ws/install/ball_detection/share/ball_detection/local_setup.bash
[9.946s] -- Up-to-date: /home/lucasjko/sdfr_ws/install/ball_detection/share/ball_detection/local_setup.sh
[9.946s] -- Up-to-date: /home/lucasjko/sdfr_ws/install/ball_detection/share/ball_detection/local_setup.zsh
[9.946s] -- Up-to-date: /home/lucasjko/sdfr_ws/install/ball_detection/share/ball_detection/local_setup.dsv
[9.946s] -- Installing: /home/lucasjko/sdfr_ws/install/ball_detection/share/ball_detection/package.dsv
[9.946s] -- Up-to-date: /home/lucasjko/sdfr_ws/install/ball_detection/share/ament_index/resource_index/packages/ball_detection
[9.946s] -- Up-to-date: /home/lucasjko/sdfr_ws/install/ball_detection/share/ball_detection/cmake/ball_detectionConfig.cmake
[9.947s] -- Up-to-date: /home/lucasjko/sdfr_ws/install/ball_detection/share/ball_detection/cmake/ball_detectionConfig-version.cmake
[9.947s] -- Up-to-date: /home/lucasjko/sdfr_ws/install/ball_detection/share/ball_detection/package.xml
[9.949s] Invoked command in '/home/lucasjko/sdfr_ws/build/ball_detection' returned '0': CMAKE_PREFIX_PATH=/home/lucasjko/sdfr_ws/install/robot_image_messages:/home/lucasjko/sdfr_ws/install/image_functions_sdfr:/home/lucasjko/sdfr_ws/install/ros2_introduction:/home/lucasjko/sdfr_ws/install/motion_controller:/home/lucasjko/sdfr_ws/install/ball_detection:/opt/ros/humble /usr/bin/cmake --install /home/lucasjko/sdfr_ws/build/ball_detection
