[35m[1mConsolidate compiler generated dependencies of target find_ball_exe[0m
[ 50%] [32mBuilding CXX object CMakeFiles/find_ball_exe.dir/src/find_ball.cpp.o[0m
In file included from [01m[K/home/lucasjko/sdfr_ws/src/ball_detection/src/find_ball.cpp:2[m[K:
[01m[K/home/lucasjko/sdfr_ws/src/ball_detection/include/ball_detection/image_processing.hpp:38:29:[m[K [01;35m[Kwarning: [m[Kuse of ‘[01m[Kauto[m[K’ in parameter declaration only available with ‘[01m[K-std=c++20[m[K’ or ‘[01m[K-fconcepts[m[K’
   38 |         void getBinaryImage([01;35m[Kauto[m[K &img, int &width, int &height); // check pointer
      |                             [01;35m[K^~~~[m[K
[01m[K/home/lucasjko/sdfr_ws/src/ball_detection/src/find_ball.cpp:[m[K In member function ‘[01m[Kvoid FindBall::image_callback(sensor_msgs::msg::Image_<std::allocator<void> >::ConstSharedPtr)[m[K’:
[01m[K/home/lucasjko/sdfr_ws/src/ball_detection/src/find_ball.cpp:23:27:[m[K [01;31m[Kerror: [m[K‘[01m[Kvoid ImageProcessing::getBinaryImage(auto:40&, int&, int&) [with auto:40 = std::shared_ptr<const sensor_msgs::msg::Image_<std::allocator<void> > >][m[K’ is private within this context
   23 |     [01;31m[KobjPtr->getBinaryImage(img, imageWidth, imageHeight)[m[K;
      |     [01;31m[K~~~~~~~~~~~~~~~~~~~~~~^~~~~~~~~~~~~~~~~~~~~~~~~~~~~~[m[K
In file included from [01m[K/home/lucasjko/sdfr_ws/src/ball_detection/src/find_ball.cpp:2[m[K:
[01m[K/home/lucasjko/sdfr_ws/src/ball_detection/include/ball_detection/image_processing.hpp:38:14:[m[K [01;36m[Knote: [m[Kdeclared private here
   38 |         void [01;36m[KgetBinaryImage[m[K(auto &img, int &width, int &height); // check pointer
      |              [01;36m[K^~~~~~~~~~~~~~[m[K
[01m[K/home/lucasjko/sdfr_ws/src/ball_detection/src/find_ball.cpp:27:61:[m[K [01;31m[Kerror: [m[Kcannot call member function ‘[01m[Kvoid ImageProcessing::getBinaryImage(auto:40&, int&, int&) [with auto:40 = std::shared_ptr<const sensor_msgs::msg::Image_<std::allocator<void> > >][m[K’ without object
   27 |     debuggingToolMsg.data = [01;31m[KImageProcessing::getBinaryImage (img, imageWidth, imageHeight)[m[K;
      |                             [01;31m[K~~~~~~~~~~~~~~~~~~~~~~~~~~~~~~~~^~~~~~~~~~~~~~~~~~~~~~~~~~~~~~[m[K
gmake[2]: *** [CMakeFiles/find_ball_exe.dir/build.make:76: CMakeFiles/find_ball_exe.dir/src/find_ball.cpp.o] Error 1
gmake[1]: *** [CMakeFiles/Makefile2:137: CMakeFiles/find_ball_exe.dir/all] Error 2
gmake: *** [Makefile:146: all] Error 2
