[0.020s] Invoking command in '/home/lucasjko/sdfr_ws/build/ros2_introduction_message': CMAKE_PREFIX_PATH=${CMAKE_PREFIX_PATH}:/opt/ros/humble /usr/bin/cmake --build /home/lucasjko/sdfr_ws/build/ros2_introduction_message -- -j8 -l8
[0.088s] [35m[1mConsolidate compiler generated dependencies of target ros2_introduction_message__rosidl_generator_c[0m
[0.111s] [  3%] Built target ros2_introduction_message__cpp
[0.113s] [ 12%] Built target ros2_introduction_message__rosidl_generator_c
[0.135s] [ 12%] Built target ament_cmake_python_copy_ros2_introduction_message
[0.144s] [35m[1mConsolidate compiler generated dependencies of target ros2_introduction_message__rosidl_typesupport_fastrtps_cpp[0m
[0.150s] [35m[1mConsolidate compiler generated dependencies of target ros2_introduction_message__rosidl_typesupport_introspection_cpp[0m
[0.151s] [35m[1mConsolidate compiler generated dependencies of target ros2_introduction_message__rosidl_typesupport_introspection_c[0m
[0.151s] [35m[1mConsolidate compiler generated dependencies of target ros2_introduction_message__rosidl_typesupport_fastrtps_c[0m
[0.151s] [35m[1mConsolidate compiler generated dependencies of target ros2_introduction_message__rosidl_typesupport_c[0m
[0.153s] [35m[1mConsolidate compiler generated dependencies of target ros2_introduction_message__rosidl_typesupport_cpp[0m
[0.187s] [ 22%] Built target ros2_introduction_message__rosidl_typesupport_introspection_c
[0.187s] [ 32%] Built target ros2_introduction_message__rosidl_typesupport_fastrtps_cpp
[0.190s] [ 41%] Built target ros2_introduction_message__rosidl_typesupport_c
[0.192s] [ 51%] Built target ros2_introduction_message__rosidl_typesupport_introspection_cpp
[0.195s] [ 61%] Built target ros2_introduction_message__rosidl_typesupport_fastrtps_c
[0.204s] [ 70%] Built target ros2_introduction_message__rosidl_typesupport_cpp
[0.247s] [ 70%] Built target ros2_introduction_message
[0.295s] [ 74%] Built target ros2_introduction_message__py
[0.318s] [35m[1mConsolidate compiler generated dependencies of target ros2_introduction_message__rosidl_generator_py[0m
[0.348s] [ 80%] Built target ros2_introduction_message__rosidl_generator_py
[0.374s] [35m[1mConsolidate compiler generated dependencies of target ros2_introduction_message__rosidl_typesupport_fastrtps_c__pyext[0m
[0.376s] [35m[1mConsolidate compiler generated dependencies of target ros2_introduction_message__rosidl_typesupport_introspection_c__pyext[0m
[0.379s] [35m[1mConsolidate compiler generated dependencies of target ros2_introduction_message__rosidl_typesupport_c__pyext[0m
[0.404s] [ 87%] Built target ros2_introduction_message__rosidl_typesupport_fastrtps_c__pyext
[0.413s] [ 93%] Built target ros2_introduction_message__rosidl_typesupport_c__pyext
[0.414s] [100%] Built target ros2_introduction_message__rosidl_typesupport_introspection_c__pyext
[0.708s] running egg_info
[0.709s] writing ros2_introduction_message.egg-info/PKG-INFO
[0.709s] writing dependency_links to ros2_introduction_message.egg-info/dependency_links.txt
[0.710s] writing top-level names to ros2_introduction_message.egg-info/top_level.txt
[0.713s] reading manifest file 'ros2_introduction_message.egg-info/SOURCES.txt'
[0.715s] writing manifest file 'ros2_introduction_message.egg-info/SOURCES.txt'
[0.761s] [100%] Built target ament_cmake_python_build_ros2_introduction_message_egg
[0.784s] Invoked command in '/home/lucasjko/sdfr_ws/build/ros2_introduction_message' returned '0': CMAKE_PREFIX_PATH=${CMAKE_PREFIX_PATH}:/opt/ros/humble /usr/bin/cmake --build /home/lucasjko/sdfr_ws/build/ros2_introduction_message -- -j8 -l8
[0.927s] Invoking command in '/home/lucasjko/sdfr_ws/build/ros2_introduction_message': CMAKE_PREFIX_PATH=${CMAKE_PREFIX_PATH}:/opt/ros/humble /usr/bin/cmake --install /home/lucasjko/sdfr_ws/build/ros2_introduction_message
[0.942s] -- Install configuration: ""
[0.943s] -- Up-to-date: /home/lucasjko/sdfr_ws/install/ros2_introduction_message/share/ament_index/resource_index/rosidl_interfaces/ros2_introduction_message
[0.943s] -- Up-to-date: /home/lucasjko/sdfr_ws/install/ros2_introduction_message/include/ros2_introduction_message/ros2_introduction_message
[0.943s] -- Up-to-date: /home/lucasjko/sdfr_ws/install/ros2_introduction_message/include/ros2_introduction_message/ros2_introduction_message/msg
[0.944s] -- Up-to-date: /home/lucasjko/sdfr_ws/install/ros2_introduction_message/include/ros2_introduction_message/ros2_introduction_message/msg/brightness.h
[0.944s] -- Up-to-date: /home/lucasjko/sdfr_ws/install/ros2_introduction_message/include/ros2_introduction_message/ros2_introduction_message/msg/rosidl_generator_c__visibility_control.h
[0.944s] -- Up-to-date: /home/lucasjko/sdfr_ws/install/ros2_introduction_message/include/ros2_introduction_message/ros2_introduction_message/msg/detail
[0.944s] -- Up-to-date: /home/lucasjko/sdfr_ws/install/ros2_introduction_message/include/ros2_introduction_message/ros2_introduction_message/msg/detail/brightness__struct.h
[0.945s] -- Up-to-date: /home/lucasjko/sdfr_ws/install/ros2_introduction_message/include/ros2_introduction_message/ros2_introduction_message/msg/detail/brightness__type_support.h
[0.945s] -- Up-to-date: /home/lucasjko/sdfr_ws/install/ros2_introduction_message/include/ros2_introduction_message/ros2_introduction_message/msg/detail/brightness__functions.c
[0.945s] -- Up-to-date: /home/lucasjko/sdfr_ws/install/ros2_introduction_message/include/ros2_introduction_message/ros2_introduction_message/msg/detail/brightness__functions.h
[0.945s] -- Up-to-date: /home/lucasjko/sdfr_ws/install/ros2_introduction_message/share/ros2_introduction_message/environment/library_path.sh
[0.946s] -- Up-to-date: /home/lucasjko/sdfr_ws/install/ros2_introduction_message/share/ros2_introduction_message/environment/library_path.dsv
[0.946s] -- Up-to-date: /home/lucasjko/sdfr_ws/install/ros2_introduction_message/lib/libros2_introduction_message__rosidl_generator_c.so
[0.946s] -- Up-to-date: /home/lucasjko/sdfr_ws/install/ros2_introduction_message/include/ros2_introduction_message/ros2_introduction_message
[0.946s] -- Up-to-date: /home/lucasjko/sdfr_ws/install/ros2_introduction_message/include/ros2_introduction_message/ros2_introduction_message/msg
[0.947s] -- Up-to-date: /home/lucasjko/sdfr_ws/install/ros2_introduction_message/include/ros2_introduction_message/ros2_introduction_message/msg/rosidl_typesupport_fastrtps_c__visibility_control.h
[0.947s] -- Up-to-date: /home/lucasjko/sdfr_ws/install/ros2_introduction_message/include/ros2_introduction_message/ros2_introduction_message/msg/detail
[0.947s] -- Up-to-date: /home/lucasjko/sdfr_ws/install/ros2_introduction_message/include/ros2_introduction_message/ros2_introduction_message/msg/detail/brightness__rosidl_typesupport_fastrtps_c.h
[0.947s] -- Up-to-date: /home/lucasjko/sdfr_ws/install/ros2_introduction_message/lib/libros2_introduction_message__rosidl_typesupport_fastrtps_c.so
[0.948s] -- Up-to-date: /home/lucasjko/sdfr_ws/install/ros2_introduction_message/include/ros2_introduction_message/ros2_introduction_message
[0.948s] -- Up-to-date: /home/lucasjko/sdfr_ws/install/ros2_introduction_message/include/ros2_introduction_message/ros2_introduction_message/msg
[0.949s] -- Up-to-date: /home/lucasjko/sdfr_ws/install/ros2_introduction_message/include/ros2_introduction_message/ros2_introduction_message/msg/detail
[0.949s] -- Up-to-date: /home/lucasjko/sdfr_ws/install/ros2_introduction_message/include/ros2_introduction_message/ros2_introduction_message/msg/detail/brightness__rosidl_typesupport_introspection_c.h
[0.949s] -- Up-to-date: /home/lucasjko/sdfr_ws/install/ros2_introduction_message/include/ros2_introduction_message/ros2_introduction_message/msg/detail/brightness__type_support.c
[0.949s] -- Up-to-date: /home/lucasjko/sdfr_ws/install/ros2_introduction_message/include/ros2_introduction_message/ros2_introduction_message/msg/rosidl_typesupport_introspection_c__visibility_control.h
[0.950s] -- Up-to-date: /home/lucasjko/sdfr_ws/install/ros2_introduction_message/lib/libros2_introduction_message__rosidl_typesupport_introspection_c.so
[0.950s] -- Up-to-date: /home/lucasjko/sdfr_ws/install/ros2_introduction_message/lib/libros2_introduction_message__rosidl_typesupport_c.so
[0.950s] -- Up-to-date: /home/lucasjko/sdfr_ws/install/ros2_introduction_message/include/ros2_introduction_message/ros2_introduction_message
[0.950s] -- Up-to-date: /home/lucasjko/sdfr_ws/install/ros2_introduction_message/include/ros2_introduction_message/ros2_introduction_message/msg
[0.951s] -- Up-to-date: /home/lucasjko/sdfr_ws/install/ros2_introduction_message/include/ros2_introduction_message/ros2_introduction_message/msg/brightness.hpp
[0.951s] -- Up-to-date: /home/lucasjko/sdfr_ws/install/ros2_introduction_message/include/ros2_introduction_message/ros2_introduction_message/msg/detail
[0.951s] -- Up-to-date: /home/lucasjko/sdfr_ws/install/ros2_introduction_message/include/ros2_introduction_message/ros2_introduction_message/msg/detail/brightness__builder.hpp
[0.951s] -- Up-to-date: /home/lucasjko/sdfr_ws/install/ros2_introduction_message/include/ros2_introduction_message/ros2_introduction_message/msg/detail/brightness__struct.hpp
[0.952s] -- Up-to-date: /home/lucasjko/sdfr_ws/install/ros2_introduction_message/include/ros2_introduction_message/ros2_introduction_message/msg/detail/brightness__traits.hpp
[0.952s] -- Up-to-date: /home/lucasjko/sdfr_ws/install/ros2_introduction_message/include/ros2_introduction_message/ros2_introduction_message
[0.952s] -- Up-to-date: /home/lucasjko/sdfr_ws/install/ros2_introduction_message/include/ros2_introduction_message/ros2_introduction_message/msg
[0.952s] -- Up-to-date: /home/lucasjko/sdfr_ws/install/ros2_introduction_message/include/ros2_introduction_message/ros2_introduction_message/msg/rosidl_typesupport_fastrtps_cpp__visibility_control.h
[0.953s] -- Up-to-date: /home/lucasjko/sdfr_ws/install/ros2_introduction_message/include/ros2_introduction_message/ros2_introduction_message/msg/detail
[0.953s] -- Up-to-date: /home/lucasjko/sdfr_ws/install/ros2_introduction_message/include/ros2_introduction_message/ros2_introduction_message/msg/detail/brightness__rosidl_typesupport_fastrtps_cpp.hpp
[0.953s] -- Up-to-date: /home/lucasjko/sdfr_ws/install/ros2_introduction_message/include/ros2_introduction_message/ros2_introduction_message/msg/detail/dds_fastrtps
[0.953s] -- Up-to-date: /home/lucasjko/sdfr_ws/install/ros2_introduction_message/lib/libros2_introduction_message__rosidl_typesupport_fastrtps_cpp.so
[0.953s] -- Up-to-date: /home/lucasjko/sdfr_ws/install/ros2_introduction_message/include/ros2_introduction_message/ros2_introduction_message
[0.954s] -- Up-to-date: /home/lucasjko/sdfr_ws/install/ros2_introduction_message/include/ros2_introduction_message/ros2_introduction_message/msg
[0.954s] -- Up-to-date: /home/lucasjko/sdfr_ws/install/ros2_introduction_message/include/ros2_introduction_message/ros2_introduction_message/msg/detail
[0.954s] -- Up-to-date: /home/lucasjko/sdfr_ws/install/ros2_introduction_message/include/ros2_introduction_message/ros2_introduction_message/msg/detail/brightness__type_support.cpp
[0.955s] -- Up-to-date: /home/lucasjko/sdfr_ws/install/ros2_introduction_message/include/ros2_introduction_message/ros2_introduction_message/msg/detail/brightness__rosidl_typesupport_introspection_cpp.hpp
[0.955s] -- Up-to-date: /home/lucasjko/sdfr_ws/install/ros2_introduction_message/lib/libros2_introduction_message__rosidl_typesupport_introspection_cpp.so
[0.955s] -- Up-to-date: /home/lucasjko/sdfr_ws/install/ros2_introduction_message/lib/libros2_introduction_message__rosidl_typesupport_cpp.so
[0.955s] -- Up-to-date: /home/lucasjko/sdfr_ws/install/ros2_introduction_message/share/ros2_introduction_message/environment/pythonpath.sh
[0.956s] -- Up-to-date: /home/lucasjko/sdfr_ws/install/ros2_introduction_message/share/ros2_introduction_message/environment/pythonpath.dsv
[0.956s] -- Up-to-date: /home/lucasjko/sdfr_ws/install/ros2_introduction_message/local/lib/python3.10/dist-packages/ros2_introduction_message-0.0.0-py3.12.egg-info
[0.956s] -- Installing: /home/lucasjko/sdfr_ws/install/ros2_introduction_message/local/lib/python3.10/dist-packages/ros2_introduction_message-0.0.0-py3.12.egg-info/PKG-INFO
[0.956s] -- Installing: /home/lucasjko/sdfr_ws/install/ros2_introduction_message/local/lib/python3.10/dist-packages/ros2_introduction_message-0.0.0-py3.12.egg-info/dependency_links.txt
[0.956s] -- Installing: /home/lucasjko/sdfr_ws/install/ros2_introduction_message/local/lib/python3.10/dist-packages/ros2_introduction_message-0.0.0-py3.12.egg-info/SOURCES.txt
[0.957s] -- Installing: /home/lucasjko/sdfr_ws/install/ros2_introduction_message/local/lib/python3.10/dist-packages/ros2_introduction_message-0.0.0-py3.12.egg-info/top_level.txt
[0.957s] -- Up-to-date: /home/lucasjko/sdfr_ws/install/ros2_introduction_message/local/lib/python3.10/dist-packages/ros2_introduction_message
[0.957s] -- Up-to-date: /home/lucasjko/sdfr_ws/install/ros2_introduction_message/local/lib/python3.10/dist-packages/ros2_introduction_message/libros2_introduction_message__rosidl_generator_py.so
[0.957s] -- Up-to-date: /home/lucasjko/sdfr_ws/install/ros2_introduction_message/local/lib/python3.10/dist-packages/ros2_introduction_message/ros2_introduction_message_s__rosidl_typesupport_fastrtps_c.cpython-310-x86_64-linux-gnu.so
[0.958s] -- Up-to-date: /home/lucasjko/sdfr_ws/install/ros2_introduction_message/local/lib/python3.10/dist-packages/ros2_introduction_message/__init__.py
[0.958s] -- Up-to-date: /home/lucasjko/sdfr_ws/install/ros2_introduction_message/local/lib/python3.10/dist-packages/ros2_introduction_message/_ros2_introduction_message_s.ep.rosidl_typesupport_introspection_c.c
[0.958s] -- Up-to-date: /home/lucasjko/sdfr_ws/install/ros2_introduction_message/local/lib/python3.10/dist-packages/ros2_introduction_message/_ros2_introduction_message_s.ep.rosidl_typesupport_fastrtps_c.c
[0.958s] -- Up-to-date: /home/lucasjko/sdfr_ws/install/ros2_introduction_message/local/lib/python3.10/dist-packages/ros2_introduction_message/msg
[0.958s] -- Up-to-date: /home/lucasjko/sdfr_ws/install/ros2_introduction_message/local/lib/python3.10/dist-packages/ros2_introduction_message/msg/__init__.py
[0.959s] -- Up-to-date: /home/lucasjko/sdfr_ws/install/ros2_introduction_message/local/lib/python3.10/dist-packages/ros2_introduction_message/msg/_brightness_s.c
[0.959s] -- Up-to-date: /home/lucasjko/sdfr_ws/install/ros2_introduction_message/local/lib/python3.10/dist-packages/ros2_introduction_message/msg/_brightness.py
[0.959s] -- Up-to-date: /home/lucasjko/sdfr_ws/install/ros2_introduction_message/local/lib/python3.10/dist-packages/ros2_introduction_message/ros2_introduction_message_s__rosidl_typesupport_c.cpython-310-x86_64-linux-gnu.so
[0.959s] -- Up-to-date: /home/lucasjko/sdfr_ws/install/ros2_introduction_message/local/lib/python3.10/dist-packages/ros2_introduction_message/_ros2_introduction_message_s.ep.rosidl_typesupport_c.c
[0.959s] -- Up-to-date: /home/lucasjko/sdfr_ws/install/ros2_introduction_message/local/lib/python3.10/dist-packages/ros2_introduction_message/ros2_introduction_message_s__rosidl_typesupport_introspection_c.cpython-310-x86_64-linux-gnu.so
[1.013s] Listing '/home/lucasjko/sdfr_ws/install/ros2_introduction_message/local/lib/python3.10/dist-packages/ros2_introduction_message'...
[1.013s] Listing '/home/lucasjko/sdfr_ws/install/ros2_introduction_message/local/lib/python3.10/dist-packages/ros2_introduction_message/msg'...
[1.020s] -- Up-to-date: /home/lucasjko/sdfr_ws/install/ros2_introduction_message/local/lib/python3.10/dist-packages/ros2_introduction_message/ros2_introduction_message_s__rosidl_typesupport_fastrtps_c.cpython-310-x86_64-linux-gnu.so
[1.021s] -- Up-to-date: /home/lucasjko/sdfr_ws/install/ros2_introduction_message/local/lib/python3.10/dist-packages/ros2_introduction_message/ros2_introduction_message_s__rosidl_typesupport_introspection_c.cpython-310-x86_64-linux-gnu.so
[1.022s] -- Up-to-date: /home/lucasjko/sdfr_ws/install/ros2_introduction_message/local/lib/python3.10/dist-packages/ros2_introduction_message/ros2_introduction_message_s__rosidl_typesupport_c.cpython-310-x86_64-linux-gnu.so
[1.023s] -- Up-to-date: /home/lucasjko/sdfr_ws/install/ros2_introduction_message/lib/libros2_introduction_message__rosidl_generator_py.so
[1.023s] -- Up-to-date: /home/lucasjko/sdfr_ws/install/ros2_introduction_message/share/ros2_introduction_message/msg/Brightness.idl
[1.024s] -- Up-to-date: /home/lucasjko/sdfr_ws/install/ros2_introduction_message/share/ros2_introduction_message/msg/Brightness.msg
[1.024s] -- Up-to-date: /home/lucasjko/sdfr_ws/install/ros2_introduction_message/share/ament_index/resource_index/package_run_dependencies/ros2_introduction_message
[1.024s] -- Up-to-date: /home/lucasjko/sdfr_ws/install/ros2_introduction_message/share/ament_index/resource_index/parent_prefix_path/ros2_introduction_message
[1.025s] -- Up-to-date: /home/lucasjko/sdfr_ws/install/ros2_introduction_message/share/ros2_introduction_message/environment/ament_prefix_path.sh
[1.025s] -- Up-to-date: /home/lucasjko/sdfr_ws/install/ros2_introduction_message/share/ros2_introduction_message/environment/ament_prefix_path.dsv
[1.026s] -- Up-to-date: /home/lucasjko/sdfr_ws/install/ros2_introduction_message/share/ros2_introduction_message/environment/path.sh
[1.026s] -- Up-to-date: /home/lucasjko/sdfr_ws/install/ros2_introduction_message/share/ros2_introduction_message/environment/path.dsv
[1.026s] -- Up-to-date: /home/lucasjko/sdfr_ws/install/ros2_introduction_message/share/ros2_introduction_message/local_setup.bash
[1.027s] -- Up-to-date: /home/lucasjko/sdfr_ws/install/ros2_introduction_message/share/ros2_introduction_message/local_setup.sh
[1.027s] -- Up-to-date: /home/lucasjko/sdfr_ws/install/ros2_introduction_message/share/ros2_introduction_message/local_setup.zsh
[1.027s] -- Up-to-date: /home/lucasjko/sdfr_ws/install/ros2_introduction_message/share/ros2_introduction_message/local_setup.dsv
[1.027s] -- Installing: /home/lucasjko/sdfr_ws/install/ros2_introduction_message/share/ros2_introduction_message/package.dsv
[1.028s] -- Up-to-date: /home/lucasjko/sdfr_ws/install/ros2_introduction_message/share/ament_index/resource_index/packages/ros2_introduction_message
[1.028s] -- Up-to-date: /home/lucasjko/sdfr_ws/install/ros2_introduction_message/share/ros2_introduction_message/cmake/export_ros2_introduction_message__rosidl_generator_cExport.cmake
[1.028s] -- Up-to-date: /home/lucasjko/sdfr_ws/install/ros2_introduction_message/share/ros2_introduction_message/cmake/export_ros2_introduction_message__rosidl_generator_cExport-noconfig.cmake
[1.028s] -- Up-to-date: /home/lucasjko/sdfr_ws/install/ros2_introduction_message/share/ros2_introduction_message/cmake/export_ros2_introduction_message__rosidl_typesupport_fastrtps_cExport.cmake
[1.028s] -- Up-to-date: /home/lucasjko/sdfr_ws/install/ros2_introduction_message/share/ros2_introduction_message/cmake/export_ros2_introduction_message__rosidl_typesupport_fastrtps_cExport-noconfig.cmake
[1.028s] -- Up-to-date: /home/lucasjko/sdfr_ws/install/ros2_introduction_message/share/ros2_introduction_message/cmake/ros2_introduction_message__rosidl_typesupport_introspection_cExport.cmake
[1.029s] -- Up-to-date: /home/lucasjko/sdfr_ws/install/ros2_introduction_message/share/ros2_introduction_message/cmake/ros2_introduction_message__rosidl_typesupport_introspection_cExport-noconfig.cmake
[1.029s] -- Up-to-date: /home/lucasjko/sdfr_ws/install/ros2_introduction_message/share/ros2_introduction_message/cmake/ros2_introduction_message__rosidl_typesupport_cExport.cmake
[1.029s] -- Up-to-date: /home/lucasjko/sdfr_ws/install/ros2_introduction_message/share/ros2_introduction_message/cmake/ros2_introduction_message__rosidl_typesupport_cExport-noconfig.cmake
[1.029s] -- Up-to-date: /home/lucasjko/sdfr_ws/install/ros2_introduction_message/share/ros2_introduction_message/cmake/export_ros2_introduction_message__rosidl_generator_cppExport.cmake
[1.029s] -- Up-to-date: /home/lucasjko/sdfr_ws/install/ros2_introduction_message/share/ros2_introduction_message/cmake/export_ros2_introduction_message__rosidl_typesupport_fastrtps_cppExport.cmake
[1.029s] -- Up-to-date: /home/lucasjko/sdfr_ws/install/ros2_introduction_message/share/ros2_introduction_message/cmake/export_ros2_introduction_message__rosidl_typesupport_fastrtps_cppExport-noconfig.cmake
[1.029s] -- Up-to-date: /home/lucasjko/sdfr_ws/install/ros2_introduction_message/share/ros2_introduction_message/cmake/ros2_introduction_message__rosidl_typesupport_introspection_cppExport.cmake
[1.030s] -- Up-to-date: /home/lucasjko/sdfr_ws/install/ros2_introduction_message/share/ros2_introduction_message/cmake/ros2_introduction_message__rosidl_typesupport_introspection_cppExport-noconfig.cmake
[1.030s] -- Up-to-date: /home/lucasjko/sdfr_ws/install/ros2_introduction_message/share/ros2_introduction_message/cmake/ros2_introduction_message__rosidl_typesupport_cppExport.cmake
[1.030s] -- Up-to-date: /home/lucasjko/sdfr_ws/install/ros2_introduction_message/share/ros2_introduction_message/cmake/ros2_introduction_message__rosidl_typesupport_cppExport-noconfig.cmake
[1.030s] -- Up-to-date: /home/lucasjko/sdfr_ws/install/ros2_introduction_message/share/ros2_introduction_message/cmake/export_ros2_introduction_message__rosidl_generator_pyExport.cmake
[1.030s] -- Up-to-date: /home/lucasjko/sdfr_ws/install/ros2_introduction_message/share/ros2_introduction_message/cmake/export_ros2_introduction_message__rosidl_generator_pyExport-noconfig.cmake
[1.030s] -- Up-to-date: /home/lucasjko/sdfr_ws/install/ros2_introduction_message/share/ros2_introduction_message/cmake/rosidl_cmake-extras.cmake
[1.030s] -- Up-to-date: /home/lucasjko/sdfr_ws/install/ros2_introduction_message/share/ros2_introduction_message/cmake/ament_cmake_export_include_directories-extras.cmake
[1.030s] -- Up-to-date: /home/lucasjko/sdfr_ws/install/ros2_introduction_message/share/ros2_introduction_message/cmake/ament_cmake_export_libraries-extras.cmake
[1.031s] -- Up-to-date: /home/lucasjko/sdfr_ws/install/ros2_introduction_message/share/ros2_introduction_message/cmake/ament_cmake_export_targets-extras.cmake
[1.031s] -- Up-to-date: /home/lucasjko/sdfr_ws/install/ros2_introduction_message/share/ros2_introduction_message/cmake/rosidl_cmake_export_typesupport_targets-extras.cmake
[1.031s] -- Up-to-date: /home/lucasjko/sdfr_ws/install/ros2_introduction_message/share/ros2_introduction_message/cmake/ament_cmake_export_dependencies-extras.cmake
[1.031s] -- Up-to-date: /home/lucasjko/sdfr_ws/install/ros2_introduction_message/share/ros2_introduction_message/cmake/rosidl_cmake_export_typesupport_libraries-extras.cmake
[1.031s] -- Up-to-date: /home/lucasjko/sdfr_ws/install/ros2_introduction_message/share/ros2_introduction_message/cmake/ros2_introduction_messageConfig.cmake
[1.032s] -- Up-to-date: /home/lucasjko/sdfr_ws/install/ros2_introduction_message/share/ros2_introduction_message/cmake/ros2_introduction_messageConfig-version.cmake
[1.032s] -- Up-to-date: /home/lucasjko/sdfr_ws/install/ros2_introduction_message/share/ros2_introduction_message/package.xml
[1.034s] Invoked command in '/home/lucasjko/sdfr_ws/build/ros2_introduction_message' returned '0': CMAKE_PREFIX_PATH=${CMAKE_PREFIX_PATH}:/opt/ros/humble /usr/bin/cmake --install /home/lucasjko/sdfr_ws/build/ros2_introduction_message
